#
# A fatal error has been detected by the Java Runtime Environment:
#
#  SIGSEGV (0xb) at pc=0x00007fceed0d4c27, pid=10124, tid=0x00007fcf25515700
#
# JRE version: Java(TM) SE Runtime Environment (8.0_231-b11) (build 1.8.0_231-b11)
# Java VM: Java HotSpot(TM) 64-Bit Server VM (25.231-b11 mixed mode linux-amd64 compressed oops)
# Problematic frame:
# C  [libtesseract.so+0xa1c27]  tesseract::Tesseract::recog_all_words(PAGE_RES*, ETEXT_DESC*, TBOX const*, char const*, int)+0x437
#
# Failed to write core dump. Core dumps have been disabled. To enable core dumping, try "ulimit -c unlimited" before starting Java again
#
# If you would like to submit a bug report, please visit:
#   http://bugreport.java.com/bugreport/crash.jsp
# The crash happened outside the Java Virtual Machine in native code.
# See problematic frame for where to report the bug.
#

---------------  T H R E A D  ---------------

Current thread (0x00007fcf1c010000):  JavaThread "main" [_thread_in_native, id=10132, stack(0x00007fcf25416000,0x00007fcf25516000)]

siginfo: si_signo: 11 (SIGSEGV), si_code: 1 (SEGV_MAPERR), si_addr: 0x000000000000000c

Registers:
RAX=0x0000000000000000, RBX=0x00007fcf1c941300, RCX=0x0000000000000000, RDX=0x00007fcf1c962ef8
RSP=0x00007fcf25513670, RBP=0x00007fcf255136c0, RSI=0x0000000000000000, RDI=0x00007fcf25513780
R8 =0x0000000000000000, R9 =0x0000000000000000, R10=0x00007fcf24a49430, R11=0x0000000000000000
R12=0x00007fcf1cb36610, R13=0x0000000000000000, R14=0x0000000000000000, R15=0x00007fcf1cb36610
RIP=0x00007fceed0d4c27, EFLAGS=0x0000000000010246, CSGSFS=0x002b000000000033, ERR=0x0000000000000004
  TRAPNO=0x000000000000000e

Top of Stack: (sp=0x00007fcf25513670)
0x00007fcf25513670:   0000000000000000 0000000000000000
0x00007fcf25513680:   0000000000000000 00007fcf1cb48c50
0x00007fcf25513690:   00007fcf1cb84f20 00007fcf1cb39170
0x00007fcf255136a0:   0000000000000001 00007fcf255136d0
0x00007fcf255136b0:   00007fcf1cb48c50 00007fceed26599e
0x00007fcf255136c0:   00007fcf1cb36610 0000000000000000
0x00007fcf255136d0:   0000000000000000 0000000000000000
0x00007fcf255136e0:   00007fcf1cb6d200 00007fcf1c976790
0x00007fcf255136f0:   00007fcf1cb39170 00007fcf1c9767c0
0x00007fcf25513700:   00007fcf1c976790 00007fcf1cb39170
0x00007fcf25513710:   00007fcf1cb36618 00007fcf1cb39170
0x00007fcf25513720:   00007fcf1cb39170 00007fcf1cb39170
0x00007fcf25513730:   0000000000000000 00007fcf1cb39170
0x00007fcf25513740:   00007fcf1cb39100 00007fcf1cb39198
0x00007fcf25513750:   00007fcf1cb48c50 00007fcf1c976790
0x00007fcf25513760:   00007fcf1cb6e0d0 00007fcf1c960000
0x00007fcf25513770:   00007fcf1c976790 00007fcf1cb36600
0x00007fcf25513780:   00007fcf1c9767b0 00007fcf1c9767c0
0x00007fcf25513790:   00007fcf1cb41e10 00007fcf1c93e8d0
0x00007fcf255137a0:   0000000000000000 00007fcf1cb6d200
0x00007fcf255137b0:   00007fcf1c963001 d1ba227b29c69c00
0x00007fcf255137c0:   00007fcf255137f0 00007fcf1c93f800
0x00007fcf255137d0:   00007fcf25513860 0000000000000000
0x00007fcf255137e0:   0000000000000000 0000000000000001
0x00007fcf255137f0:   00007fcf1cb36610 00007fceed0be160
0x00007fcf25513800:   00007fcf1c93f800 00007fcf0d23316c
0x00007fcf25513810:   0000000000000000 0000000000000000
0x00007fcf25513820:   0000000000000001 d1ba227b29c69c00
0x00007fcf25513830:   0000005b0000006e 00007fcf1c93f800
0x00007fcf25513840:   00007fcf255139f0 0000000000000008
0x00007fcf25513850:   0000000000000001 00007fcf255139d0
0x00007fcf25513860:   00007fcf255138b0 00007fceed0bf3ff 

Instructions: (pc=0x00007fceed0d4c27)
0x00007fceed0d4c07:   00 31 f6 48 89 ef e8 ce f9 18 00 8b 83 a0 15 00
0x00007fceed0d4c17:   00 85 c0 0f 8f c0 00 00 00 48 8b 83 40 0a 00 00
0x00007fceed0d4c27:   80 78 0c 00 0f 85 a7 02 00 00 8b 83 58 47 02 00
0x00007fceed0d4c37:   85 c0 0f 8e b1 00 00 00 31 d2 45 31 ff eb 2c 66 

Register to memory mapping:

RAX=0x0000000000000000 is an unknown value
RBX=0x00007fcf1c941300 is an unknown value
RCX=0x0000000000000000 is an unknown value
RDX=0x00007fcf1c962ef8 is an unknown value
RSP=0x00007fcf25513670 is pointing into the stack for thread: 0x00007fcf1c010000
RBP=0x00007fcf255136c0 is pointing into the stack for thread: 0x00007fcf1c010000
RSI=0x0000000000000000 is an unknown value
RDI=0x00007fcf25513780 is pointing into the stack for thread: 0x00007fcf1c010000
R8 =0x0000000000000000 is an unknown value
R9 =0x0000000000000000 is an unknown value
R10=0x00007fcf24a49430: <offset 0x16a430> in /lib/x86_64-linux-gnu/libc.so.6 at 0x00007fcf248df000
R11=0x0000000000000000 is an unknown value
R12=0x00007fcf1cb36610 is an unknown value
R13=0x0000000000000000 is an unknown value
R14=0x0000000000000000 is an unknown value
R15=0x00007fcf1cb36610 is an unknown value


Stack: [0x00007fcf25416000,0x00007fcf25516000],  sp=0x00007fcf25513670,  free space=1013k
Native frames: (J=compiled Java code, j=interpreted, Vv=VM code, C=native code)
C  [libtesseract.so+0xa1c27]  tesseract::Tesseract::recog_all_words(PAGE_RES*, ETEXT_DESC*, TBOX const*, char const*, int)+0x437
C  0x0000000000000000

Java frames: (J=compiled Java code, j=interpreted, Vv=VM code)
j  com.sun.jna.Native.invokePointer(Lcom/sun/jna/Function;JI[Ljava/lang/Object;)J+0
j  com.sun.jna.Function.invokePointer(I[Ljava/lang/Object;)Lcom/sun/jna/Pointer;+7
j  com.sun.jna.Function.invoke([Ljava/lang/Object;Ljava/lang/Class;ZI)Ljava/lang/Object;+385
j  com.sun.jna.Function.invoke(Ljava/lang/reflect/Method;[Ljava/lang/Class;Ljava/lang/Class;[Ljava/lang/Object;Ljava/util/Map;)Ljava/lang/Object;+271
j  com.sun.jna.Library$Handler.invoke(Ljava/lang/Object;Ljava/lang/reflect/Method;[Ljava/lang/Object;)Ljava/lang/Object;+390
j  com.sun.proxy.$Proxy0.TessBaseAPIGetUTF8Text(Lnet/sourceforge/tess4j/ITessAPI$TessBaseAPI;)Lcom/sun/jna/Pointer;+16
j  net.sourceforge.tess4j.Tesseract.getOCRText(Ljava/lang/String;I)Ljava/lang/String;+269
j  net.sourceforge.tess4j.Tesseract.doOCR(Ljavax/imageio/IIOImage;Ljava/lang/String;Ljava/awt/Rectangle;I)Ljava/lang/String;+18
j  net.sourceforge.tess4j.Tesseract.doOCR(Ljava/io/File;Ljava/awt/Rectangle;)Ljava/lang/String;+126
j  net.sourceforge.tess4j.Tesseract.doOCR(Ljava/io/File;)Ljava/lang/String;+3
j  encaps.utils.OCR.main([Ljava/lang/String;)V+24
v  ~StubRoutines::call_stub

---------------  P R O C E S S  ---------------

Java Threads: ( => current thread )
  0x00007fcf1c714000 JavaThread "process reaper" daemon [_thread_blocked, id=10151, stack(0x00007fceed801000,0x00007fceed83a000)]
  0x00007fcf1c6d4800 JavaThread "Java2D Disposer" daemon [_thread_blocked, id=10149, stack(0x00007fceeda53000,0x00007fceedb54000)]
  0x00007fcf1c0cf000 JavaThread "Service Thread" daemon [_thread_blocked, id=10147, stack(0x00007fcf0417f000,0x00007fcf04280000)]
  0x00007fcf1c0c3800 JavaThread "C1 CompilerThread2" daemon [_thread_blocked, id=10146, stack(0x00007fcf0c0f2000,0x00007fcf0c1f2000)]
  0x00007fcf1c0c2000 JavaThread "C2 CompilerThread1" daemon [_thread_blocked, id=10145, stack(0x00007fcf0c1f3000,0x00007fcf0c2f3000)]
  0x00007fcf1c0bf000 JavaThread "C2 CompilerThread0" daemon [_thread_blocked, id=10144, stack(0x00007fcf0c2f4000,0x00007fcf0c3f4000)]
  0x00007fcf1c0bd800 JavaThread "Signal Dispatcher" daemon [_thread_blocked, id=10143, stack(0x00007fcf0c3f4000,0x00007fcf0c4f5000)]
  0x00007fcf1c08c800 JavaThread "Finalizer" daemon [_thread_blocked, id=10142, stack(0x00007fcf0c4f5000,0x00007fcf0c5f6000)]
  0x00007fcf1c088000 JavaThread "Reference Handler" daemon [_thread_blocked, id=10141, stack(0x00007fcf0c5f6000,0x00007fcf0c6f7000)]
=>0x00007fcf1c010000 JavaThread "main" [_thread_in_native, id=10132, stack(0x00007fcf25416000,0x00007fcf25516000)]

Other Threads:
  0x00007fcf1c07e000 VMThread [stack: 0x00007fcf0c6f8000,0x00007fcf0c7f8000] [id=10140]
  0x00007fcf1c0d1800 WatcherThread [stack: 0x00007fcf0407f000,0x00007fcf0417f000] [id=10148]

VM state:not at safepoint (normal execution)

VM Mutex/Monitor currently owned by a thread: None

heap address: 0x0000000085000000, size: 1968 MB, Compressed Oops mode: 32-bit
Narrow klass base: 0x0000000000000000, Narrow klass shift: 3
Compressed class space size: 1073741824 Address: 0x0000000100000000

Heap:
 PSYoungGen      total 36864K, used 9843K [0x00000000d7000000, 0x00000000d9900000, 0x0000000100000000)
  eden space 31744K, 14% used [0x00000000d7000000,0x00000000d74a2be8,0x00000000d8f00000)
  from space 5120K, 99% used [0x00000000d8f00000,0x00000000d93fa098,0x00000000d9400000)
  to   space 5120K, 0% used [0x00000000d9400000,0x00000000d9400000,0x00000000d9900000)
 ParOldGen       total 84992K, used 17080K [0x0000000085000000, 0x000000008a300000, 0x00000000d7000000)
  object space 84992K, 20% used [0x0000000085000000,0x00000000860ae118,0x000000008a300000)
 Metaspace       used 8360K, capacity 8530K, committed 8704K, reserved 1056768K
  class space    used 918K, capacity 997K, committed 1024K, reserved 1048576K

Card table byte_map: [0x00007fcf21d1a000,0x00007fcf220f3000] byte_map_base: 0x00007fcf218f2000

Marking Bits: (ParMarkBitMap*) 0x00007fcf248c1de0
 Begin Bits: [0x00007fcf04280000, 0x00007fcf06140000)
 End Bits:   [0x00007fcf06140000, 0x00007fcf08000000)

Polling page: 0x00007fcf25531000

CodeCache: size=245760Kb used=2854Kb max_used=2854Kb free=242905Kb
 bounds [0x00007fcf0d000000, 0x00007fcf0d2d0000, 0x00007fcf1c000000]
 total_blobs=1024 nmethods=669 adapters=269
 compilation: enabled

Compilation events (10 events):
Event: 1.014 Thread 0x00007fcf1c0c3800  667   !   3       java.lang.ref.ReferenceQueue::remove (125 bytes)
Event: 1.014 Thread 0x00007fcf1c0c3800 nmethod 667 0x00007fcf0d2c7550 code [0x00007fcf0d2c7740, 0x00007fcf0d2c7ff8]
Event: 1.014 Thread 0x00007fcf1c0c3800  668       3       java.lang.ref.Finalizer::access$000 (4 bytes)
Event: 1.014 Thread 0x00007fcf1c0c3800 nmethod 668 0x00007fcf0d2c7250 code [0x00007fcf0d2c73a0, 0x00007fcf0d2c74d0]
Event: 1.014 Thread 0x00007fcf1c0c3800  661   !   3       java.lang.ref.Reference::tryHandlePending (115 bytes)
Event: 1.015 Thread 0x00007fcf1c0c3800 nmethod 661 0x00007fcf0d2c5e50 code [0x00007fcf0d2c6080, 0x00007fcf0d2c6d28]
Event: 1.015 Thread 0x00007fcf1c0c3800  662   !   3       java.lang.ref.ReferenceQueue::enqueue (119 bytes)
Event: 1.015 Thread 0x00007fcf1c0c3800 nmethod 662 0x00007fcf0d2ca110 code [0x00007fcf0d2ca2c0, 0x00007fcf0d2caa28]
Event: 1.029 Thread 0x00007fcf1c0c3800  669       3       java.util.Properties::getProperty (46 bytes)
Event: 1.029 Thread 0x00007fcf1c0c3800 nmethod 669 0x00007fcf0d2cac10 code [0x00007fcf0d2cada0, 0x00007fcf0d2cb2b8]

GC Heap History (2 events):
Event: 1.001 GC heap before
{Heap before GC invocations=1 (full 0):
 PSYoungGen      total 36864K, used 28677K [0x00000000d7000000, 0x00000000d9900000, 0x0000000100000000)
  eden space 31744K, 90% used [0x00000000d7000000,0x00000000d8c01508,0x00000000d8f00000)
  from space 5120K, 0% used [0x00000000d9400000,0x00000000d9400000,0x00000000d9900000)
  to   space 5120K, 0% used [0x00000000d8f00000,0x00000000d8f00000,0x00000000d9400000)
 ParOldGen       total 84992K, used 0K [0x0000000085000000, 0x000000008a300000, 0x00000000d7000000)
  object space 84992K, 0% used [0x0000000085000000,0x0000000085000000,0x000000008a300000)
 Metaspace       used 8331K, capacity 8530K, committed 8704K, reserved 1056768K
  class space    used 917K, capacity 997K, committed 1024K, reserved 1048576K
Event: 1.010 GC heap after
Heap after GC invocations=1 (full 0):
 PSYoungGen      total 36864K, used 5096K [0x00000000d7000000, 0x00000000d9900000, 0x0000000100000000)
  eden space 31744K, 0% used [0x00000000d7000000,0x00000000d7000000,0x00000000d8f00000)
  from space 5120K, 99% used [0x00000000d8f00000,0x00000000d93fa098,0x00000000d9400000)
  to   space 5120K, 0% used [0x00000000d9400000,0x00000000d9400000,0x00000000d9900000)
 ParOldGen       total 84992K, used 17080K [0x0000000085000000, 0x000000008a300000, 0x00000000d7000000)
  object space 84992K, 20% used [0x0000000085000000,0x00000000860ae118,0x000000008a300000)
 Metaspace       used 8331K, capacity 8530K, committed 8704K, reserved 1056768K
  class space    used 917K, capacity 997K, committed 1024K, reserved 1048576K
}

Deoptimization events (6 events):
Event: 0.369 Thread 0x00007fcf1c010000 Uncommon trap: reason=unstable_if action=reinterpret pc=0x00007fcf0d1219b4 method=java.lang.String.indexOf(II)I @ 49
Event: 0.491 Thread 0x00007fcf1c010000 Uncommon trap: reason=unstable_if action=reinterpret pc=0x00007fcf0d19fc88 method=sun.misc.MetaIndex.mayContain(Ljava/lang/String;)Z @ 38
Event: 0.850 Thread 0x00007fcf1c010000 Uncommon trap: reason=class_check action=maybe_recompile pc=0x00007fcf0d28d6a8 method=java.io.DataOutputStream.writeByte(I)V @ 5
Event: 0.850 Thread 0x00007fcf1c010000 Uncommon trap: reason=class_check action=maybe_recompile pc=0x00007fcf0d28d6a8 method=java.io.DataOutputStream.writeByte(I)V @ 5
Event: 0.850 Thread 0x00007fcf1c010000 Uncommon trap: reason=class_check action=maybe_recompile pc=0x00007fcf0d28d6a8 method=java.io.DataOutputStream.writeByte(I)V @ 5
Event: 0.850 Thread 0x00007fcf1c010000 Uncommon trap: reason=class_check action=maybe_recompile pc=0x00007fcf0d28d6a8 method=java.io.DataOutputStream.writeByte(I)V @ 5

Classes redefined (0 events):
No events

Internal exceptions (10 events):
Event: 0.106 Thread 0x00007fcf1c010000 Exception <a 'java/lang/NoSuchMethodError': Method sun.misc.Unsafe.prefetchRead(Ljava/lang/Object;J)V name or signature does not match> (0x00000000d7007fa0) thrown at [/HUDSON/workspace/8-2-build-linux-amd64/jdk8u231/13620/hotspot/src/share/vm/prims/jni.c
Event: 0.323 Thread 0x00007fcf1c010000 Exception <a 'java/security/PrivilegedActionException'> (0x00000000d73b39f8) thrown at [/HUDSON/workspace/8-2-build-linux-amd64/jdk8u231/13620/hotspot/src/share/vm/prims/jvm.cpp, line 1502]
Event: 0.323 Thread 0x00007fcf1c010000 Exception <a 'java/security/PrivilegedActionException'> (0x00000000d73b3c08) thrown at [/HUDSON/workspace/8-2-build-linux-amd64/jdk8u231/13620/hotspot/src/share/vm/prims/jvm.cpp, line 1502]
Event: 0.323 Thread 0x00007fcf1c010000 Exception <a 'java/security/PrivilegedActionException'> (0x00000000d73b63e8) thrown at [/HUDSON/workspace/8-2-build-linux-amd64/jdk8u231/13620/hotspot/src/share/vm/prims/jvm.cpp, line 1502]
Event: 0.323 Thread 0x00007fcf1c010000 Exception <a 'java/security/PrivilegedActionException'> (0x00000000d73b65f8) thrown at [/HUDSON/workspace/8-2-build-linux-amd64/jdk8u231/13620/hotspot/src/share/vm/prims/jvm.cpp, line 1502]
Event: 0.380 Thread 0x00007fcf1c010000 Exception <a 'java/io/FileNotFoundException'> (0x00000000d75d48e8) thrown at [/HUDSON/workspace/8-2-build-linux-amd64/jdk8u231/13620/hotspot/src/share/vm/prims/jni.cpp, line 710]
Event: 0.554 Thread 0x00007fcf1c010000 Exception <a 'java/lang/NoSuchFieldError': method resolution failed> (0x00000000d791abf8) thrown at [/HUDSON/workspace/8-2-build-linux-amd64/jdk8u231/13620/hotspot/src/share/vm/prims/methodHandles.cpp, line 1167]
Event: 0.556 Thread 0x00007fcf1c010000 Exception <a 'java/lang/NoSuchFieldError': method resolution failed> (0x00000000d79282e8) thrown at [/HUDSON/workspace/8-2-build-linux-amd64/jdk8u231/13620/hotspot/src/share/vm/prims/methodHandles.cpp, line 1167]
Event: 0.580 Thread 0x00007fcf1c010000 Exception <a 'java/io/FileNotFoundException'> (0x00000000d79a0c80) thrown at [/HUDSON/workspace/8-2-build-linux-amd64/jdk8u231/13620/hotspot/src/share/vm/prims/jni.cpp, line 710]
Event: 0.580 Thread 0x00007fcf1c010000 Exception <a 'java/io/FileNotFoundException'> (0x00000000d79a1650) thrown at [/HUDSON/workspace/8-2-build-linux-amd64/jdk8u231/13620/hotspot/src/share/vm/prims/jni.cpp, line 710]

Events (10 events):
Event: 1.000 Thread 0x00007fcf1c010000 DEOPT PACKING pc=0x00007fcf0d2beb1a sp=0x00007fcf25514510
Event: 1.001 Thread 0x00007fcf1c010000 DEOPT UNPACKING pc=0x00007fcf0d047784 sp=0x00007fcf25514270 mode 0
Event: 1.001 Executing VM operation: ParallelGCFailedAllocation
Event: 1.010 Executing VM operation: ParallelGCFailedAllocation done
Event: 1.020 loading class java/nio/DirectByteBuffer$Deallocator
Event: 1.021 loading class java/nio/DirectByteBuffer$Deallocator done
Event: 1.022 loading class java/lang/StrictMath
Event: 1.023 loading class java/lang/StrictMath done
Event: 1.024 loading class com/sun/jna/Native$Buffers
Event: 1.024 loading class com/sun/jna/Native$Buffers done


Dynamic libraries:
00400000-00401000 r-xp 00000000 08:05 526140                             /home/encaps/Downloads/jdk1.8.0_231/bin/java
00600000-00601000 r--p 00000000 08:05 526140                             /home/encaps/Downloads/jdk1.8.0_231/bin/java
00601000-00602000 rw-p 00001000 08:05 526140                             /home/encaps/Downloads/jdk1.8.0_231/bin/java
01f87000-01fa8000 rw-p 00000000 00:00 0                                  [heap]
85000000-8a300000 rw-p 00000000 00:00 0 
8a300000-d7000000 ---p 00000000 00:00 0 
d7000000-d9900000 rw-p 00000000 00:00 0 
d9900000-100000000 ---p 00000000 00:00 0 
100000000-100100000 rw-p 00000000 00:00 0 
100100000-140000000 ---p 00000000 00:00 0 
7fcec4000000-7fcec4021000 rw-p 00000000 00:00 0 
7fcec4021000-7fcec8000000 ---p 00000000 00:00 0 
7fceca49f000-7fceca7bb000 rw-p 00000000 00:00 0 
7fcecaad7000-7fcecadf3000 rw-p 00000000 00:00 0 
7fcecadf3000-7fcecadfe000 r-xp 00000000 08:05 1319363                    /usr/lib/x86_64-linux-gnu/libjbig.so.0
7fcecadfe000-7fcecaffd000 ---p 0000b000 08:05 1319363                    /usr/lib/x86_64-linux-gnu/libjbig.so.0
7fcecaffd000-7fcecaffe000 r--p 0000a000 08:05 1319363                    /usr/lib/x86_64-linux-gnu/libjbig.so.0
7fcecaffe000-7fcecb001000 rw-p 0000b000 08:05 1319363                    /usr/lib/x86_64-linux-gnu/libjbig.so.0
7fcecb001000-7fcecb025000 r-xp 00000000 08:05 6689884                    /lib/x86_64-linux-gnu/liblzma.so.5.2.2
7fcecb025000-7fcecb225000 ---p 00024000 08:05 6689884                    /lib/x86_64-linux-gnu/liblzma.so.5.2.2
7fcecb225000-7fcecb226000 r--p 00024000 08:05 6689884                    /lib/x86_64-linux-gnu/liblzma.so.5.2.2
7fcecb226000-7fcecb227000 rw-p 00025000 08:05 6689884                    /lib/x86_64-linux-gnu/liblzma.so.5.2.2
7fcecb227000-7fcecb27b000 r-xp 00000000 08:05 1323028                    /usr/lib/x86_64-linux-gnu/libopenjp2.so.2.3.0
7fcecb27b000-7fcecb47b000 ---p 00054000 08:05 1323028                    /usr/lib/x86_64-linux-gnu/libopenjp2.so.2.3.0
7fcecb47b000-7fcecb47c000 r--p 00054000 08:05 1323028                    /usr/lib/x86_64-linux-gnu/libopenjp2.so.2.3.0
7fcecb47c000-7fcecb47d000 rw-p 00055000 08:05 1323028                    /usr/lib/x86_64-linux-gnu/libopenjp2.so.2.3.0
7fcecb47d000-7fcecb4e3000 r-xp 00000000 08:05 1319838                    /usr/lib/x86_64-linux-gnu/libwebp.so.6.0.2
7fcecb4e3000-7fcecb6e2000 ---p 00066000 08:05 1319838                    /usr/lib/x86_64-linux-gnu/libwebp.so.6.0.2
7fcecb6e2000-7fcecb6e3000 r--p 00065000 08:05 1319838                    /usr/lib/x86_64-linux-gnu/libwebp.so.6.0.2
7fcecb6e3000-7fcecb6e4000 rw-p 00066000 08:05 1319838                    /usr/lib/x86_64-linux-gnu/libwebp.so.6.0.2
7fcecb6e4000-7fcecb6e6000 rw-p 00000000 00:00 0 
7fcecb6e6000-7fcecb759000 r-xp 00000000 08:05 1317585                    /usr/lib/x86_64-linux-gnu/libtiff.so.5.3.0
7fcecb759000-7fcecb958000 ---p 00073000 08:05 1317585                    /usr/lib/x86_64-linux-gnu/libtiff.so.5.3.0
7fcecb958000-7fcecb95c000 r--p 00072000 08:05 1317585                    /usr/lib/x86_64-linux-gnu/libtiff.so.5.3.0
7fcecb95c000-7fcecb95d000 rw-p 00076000 08:05 1317585                    /usr/lib/x86_64-linux-gnu/libtiff.so.5.3.0
7fcecb95d000-7fcecb965000 r-xp 00000000 08:05 1314230                    /usr/lib/x86_64-linux-gnu/libgif.so.7.0.0
7fcecb965000-7fcecbb64000 ---p 00008000 08:05 1314230                    /usr/lib/x86_64-linux-gnu/libgif.so.7.0.0
7fcecbb64000-7fcecbb65000 r--p 00007000 08:05 1314230                    /usr/lib/x86_64-linux-gnu/libgif.so.7.0.0
7fcecbb65000-7fcecbb66000 rw-p 00008000 08:05 1314230                    /usr/lib/x86_64-linux-gnu/libgif.so.7.0.0
7fcecbb66000-7fcecbbcd000 r-xp 00000000 08:05 1310759                    /usr/lib/x86_64-linux-gnu/libjpeg.so.8.1.2
7fcecbbcd000-7fcecbdcc000 ---p 00067000 08:05 1310759                    /usr/lib/x86_64-linux-gnu/libjpeg.so.8.1.2
7fcecbdcc000-7fcecbdcd000 r--p 00066000 08:05 1310759                    /usr/lib/x86_64-linux-gnu/libjpeg.so.8.1.2
7fcecbdcd000-7fcecbdce000 rw-p 00067000 08:05 1310759                    /usr/lib/x86_64-linux-gnu/libjpeg.so.8.1.2
7fcecbdce000-7fcecbdff000 r-xp 00000000 08:05 1319566                    /usr/lib/x86_64-linux-gnu/libpng16.so.16.34.0
7fcecbdff000-7fcecbffe000 ---p 00031000 08:05 1319566                    /usr/lib/x86_64-linux-gnu/libpng16.so.16.34.0
7fcecbffe000-7fcecbfff000 r--p 00030000 08:05 1319566                    /usr/lib/x86_64-linux-gnu/libpng16.so.16.34.0
7fcecbfff000-7fcecc000000 rw-p 00031000 08:05 1319566                    /usr/lib/x86_64-linux-gnu/libpng16.so.16.34.0
7fcecc000000-7fcecc021000 rw-p 00000000 00:00 0 
7fcecc021000-7fced0000000 ---p 00000000 00:00 0 
7fced0000000-7fced0021000 rw-p 00000000 00:00 0 
7fced0021000-7fced4000000 ---p 00000000 00:00 0 
7fced4000000-7fced4164000 rw-p 00000000 00:00 0 
7fced4164000-7fced8000000 ---p 00000000 00:00 0 
7fced8000000-7fced8021000 rw-p 00000000 00:00 0 
7fced8021000-7fcedc000000 ---p 00000000 00:00 0 
7fcedc000000-7fcedc1dd000 rw-p 00000000 00:00 0 
7fcedc1dd000-7fcee0000000 ---p 00000000 00:00 0 
7fcee0000000-7fcee024d000 rw-p 00000000 00:00 0 
7fcee024d000-7fcee4000000 ---p 00000000 00:00 0 
7fcee4000000-7fcee4021000 rw-p 00000000 00:00 0 
7fcee4021000-7fcee8000000 ---p 00000000 00:00 0 
7fcee8000000-7fcee8021000 rw-p 00000000 00:00 0 
7fcee8021000-7fceec000000 ---p 00000000 00:00 0 
7fceec1e4000-7fceec200000 r-xp 00000000 08:05 6689996                    /lib/x86_64-linux-gnu/libz.so.1.2.11
7fceec200000-7fceec3ff000 ---p 0001c000 08:05 6689996                    /lib/x86_64-linux-gnu/libz.so.1.2.11
7fceec3ff000-7fceec400000 r--p 0001b000 08:05 6689996                    /lib/x86_64-linux-gnu/libz.so.1.2.11
7fceec400000-7fceec401000 rw-p 0001c000 08:05 6689996                    /lib/x86_64-linux-gnu/libz.so.1.2.11
7fceec401000-7fceec42f000 r-xp 00000000 08:05 1315488                    /usr/lib/x86_64-linux-gnu/libgomp.so.1.0.0
7fceec42f000-7fceec62e000 ---p 0002e000 08:05 1315488                    /usr/lib/x86_64-linux-gnu/libgomp.so.1.0.0
7fceec62e000-7fceec62f000 r--p 0002d000 08:05 1315488                    /usr/lib/x86_64-linux-gnu/libgomp.so.1.0.0
7fceec62f000-7fceec630000 rw-p 0002e000 08:05 1315488                    /usr/lib/x86_64-linux-gnu/libgomp.so.1.0.0
7fceec630000-7fceec647000 r-xp 00000000 08:05 6692361                    /lib/x86_64-linux-gnu/libgcc_s.so.1
7fceec647000-7fceec846000 ---p 00017000 08:05 6692361                    /lib/x86_64-linux-gnu/libgcc_s.so.1
7fceec846000-7fceec847000 r--p 00016000 08:05 6692361                    /lib/x86_64-linux-gnu/libgcc_s.so.1
7fceec847000-7fceec848000 rw-p 00017000 08:05 6692361                    /lib/x86_64-linux-gnu/libgcc_s.so.1
7fceec848000-7fceec9c1000 r-xp 00000000 08:05 1313412                    /usr/lib/x86_64-linux-gnu/libstdc++.so.6.0.25
7fceec9c1000-7fceecbc1000 ---p 00179000 08:05 1313412                    /usr/lib/x86_64-linux-gnu/libstdc++.so.6.0.25
7fceecbc1000-7fceecbcb000 r--p 00179000 08:05 1313412                    /usr/lib/x86_64-linux-gnu/libstdc++.so.6.0.25
7fceecbcb000-7fceecbcd000 rw-p 00183000 08:05 1313412                    /usr/lib/x86_64-linux-gnu/libstdc++.so.6.0.25
7fceecbcd000-7fceecbd1000 rw-p 00000000 00:00 0 
7fceecbd1000-7fceece2d000 r-xp 00000000 08:05 1315373                    /usr/lib/x86_64-linux-gnu/liblept.so.5.0.2
7fceece2d000-7fceed02c000 ---p 0025c000 08:05 1315373                    /usr/lib/x86_64-linux-gnu/liblept.so.5.0.2
7fceed02c000-7fceed02d000 r--p 0025b000 08:05 1315373                    /usr/lib/x86_64-linux-gnu/liblept.so.5.0.2
7fceed02d000-7fceed033000 rw-p 0025c000 08:05 1315373                    /usr/lib/x86_64-linux-gnu/liblept.so.5.0.2
7fceed033000-7fceed340000 r-xp 00000000 08:05 1315545                    /usr/lib/x86_64-linux-gnu/libtesseract.so.4.0.0
7fceed340000-7fceed53f000 ---p 0030d000 08:05 1315545                    /usr/lib/x86_64-linux-gnu/libtesseract.so.4.0.0
7fceed53f000-7fceed544000 r--p 0030c000 08:05 1315545                    /usr/lib/x86_64-linux-gnu/libtesseract.so.4.0.0
7fceed544000-7fceed545000 rw-p 00311000 08:05 1315545                    /usr/lib/x86_64-linux-gnu/libtesseract.so.4.0.0
7fceed545000-7fceed7e9000 rw-p 00000000 00:00 0 
7fceed801000-7fceed804000 ---p 00000000 00:00 0 
7fceed804000-7fceed83a000 rw-p 00000000 00:00 0 
7fceed83a000-7fceed852000 r-xp 00000000 08:05 3543678                    /home/encaps/.cache/JNA/temp/jna6399663418858480911.tmp (deleted)
7fceed852000-7fceeda52000 ---p 00018000 08:05 3543678                    /home/encaps/.cache/JNA/temp/jna6399663418858480911.tmp (deleted)
7fceeda52000-7fceeda53000 rw-p 00018000 08:05 3543678                    /home/encaps/.cache/JNA/temp/jna6399663418858480911.tmp (deleted)
7fceeda53000-7fceeda56000 ---p 00000000 00:00 0 
7fceeda56000-7fceedb54000 rw-p 00000000 00:00 0 
7fceedb54000-7fceedb67000 r-xp 00000000 08:05 6684930                    /lib/x86_64-linux-gnu/libbsd.so.0.8.7
7fceedb67000-7fceedd66000 ---p 00013000 08:05 6684930                    /lib/x86_64-linux-gnu/libbsd.so.0.8.7
7fceedd66000-7fceedd67000 r--p 00012000 08:05 6684930                    /lib/x86_64-linux-gnu/libbsd.so.0.8.7
7fceedd67000-7fceedd68000 rw-p 00013000 08:05 6684930                    /lib/x86_64-linux-gnu/libbsd.so.0.8.7
7fceedd68000-7fceedd69000 rw-p 00000000 00:00 0 
7fceedd69000-7fceedd6e000 r-xp 00000000 08:05 1318707                    /usr/lib/x86_64-linux-gnu/libXdmcp.so.6.0.0
7fceedd6e000-7fceedf6d000 ---p 00005000 08:05 1318707                    /usr/lib/x86_64-linux-gnu/libXdmcp.so.6.0.0
7fceedf6d000-7fceedf6e000 r--p 00004000 08:05 1318707                    /usr/lib/x86_64-linux-gnu/libXdmcp.so.6.0.0
7fceedf6e000-7fceedf6f000 rw-p 00005000 08:05 1318707                    /usr/lib/x86_64-linux-gnu/libXdmcp.so.6.0.0
7fceedf6f000-7fceedf71000 r-xp 00000000 08:05 1318696                    /usr/lib/x86_64-linux-gnu/libXau.so.6.0.0
7fceedf71000-7fceee171000 ---p 00002000 08:05 1318696                    /usr/lib/x86_64-linux-gnu/libXau.so.6.0.0
7fceee171000-7fceee172000 r--p 00002000 08:05 1318696                    /usr/lib/x86_64-linux-gnu/libXau.so.6.0.0
7fceee172000-7fceee173000 rw-p 00003000 08:05 1318696                    /usr/lib/x86_64-linux-gnu/libXau.so.6.0.0
7fceee173000-7fceee199000 r-xp 00000000 08:05 1319909                    /usr/lib/x86_64-linux-gnu/libxcb.so.1.1.0
7fceee199000-7fceee399000 ---p 00026000 08:05 1319909                    /usr/lib/x86_64-linux-gnu/libxcb.so.1.1.0
7fceee399000-7fceee39a000 r--p 00026000 08:05 1319909                    /usr/lib/x86_64-linux-gnu/libxcb.so.1.1.0
7fceee39a000-7fceee39b000 rw-p 00027000 08:05 1319909                    /usr/lib/x86_64-linux-gnu/libxcb.so.1.1.0
7fceee39b000-7fceee3aa000 r-xp 00000000 08:05 1318717                    /usr/lib/x86_64-linux-gnu/libXi.so.6.1.0
7fceee3aa000-7fceee5a9000 ---p 0000f000 08:05 1318717                    /usr/lib/x86_64-linux-gnu/libXi.so.6.1.0
7fceee5a9000-7fceee5aa000 r--p 0000e000 08:05 1318717                    /usr/lib/x86_64-linux-gnu/libXi.so.6.1.0
7fceee5aa000-7fceee5ab000 rw-p 0000f000 08:05 1318717                    /usr/lib/x86_64-linux-gnu/libXi.so.6.1.0
7fceee5ab000-7fceee5b0000 r-xp 00000000 08:05 1318735                    /usr/lib/x86_64-linux-gnu/libXtst.so.6.1.0
7fceee5b0000-7fceee7af000 ---p 00005000 08:05 1318735                    /usr/lib/x86_64-linux-gnu/libXtst.so.6.1.0
7fceee7af000-7fceee7b0000 r--p 00004000 08:05 1318735                    /usr/lib/x86_64-linux-gnu/libXtst.so.6.1.0
7fceee7b0000-7fceee7b1000 rw-p 00005000 08:05 1318735                    /usr/lib/x86_64-linux-gnu/libXtst.so.6.1.0
7fceee7b1000-7fceee7ba000 r-xp 00000000 08:05 1318729                    /usr/lib/x86_64-linux-gnu/libXrender.so.1.3.0
7fceee7ba000-7fceee9b9000 ---p 00009000 08:05 1318729                    /usr/lib/x86_64-linux-gnu/libXrender.so.1.3.0
7fceee9b9000-7fceee9ba000 r--p 00008000 08:05 1318729                    /usr/lib/x86_64-linux-gnu/libXrender.so.1.3.0
7fceee9ba000-7fceee9bb000 rw-p 00009000 08:05 1318729                    /usr/lib/x86_64-linux-gnu/libXrender.so.1.3.0
7fceee9bb000-7fceeeaee000 r-xp 00000000 08:05 1318692                    /usr/lib/x86_64-linux-gnu/libX11.so.6.3.0
7fceeeaee000-7fceeecee000 ---p 00133000 08:05 1318692                    /usr/lib/x86_64-linux-gnu/libX11.so.6.3.0
7fceeecee000-7fceeecef000 r--p 00133000 08:05 1318692                    /usr/lib/x86_64-linux-gnu/libX11.so.6.3.0
7fceeecef000-7fceeecf3000 rw-p 00134000 08:05 1318692                    /usr/lib/x86_64-linux-gnu/libX11.so.6.3.0
7fceeecf3000-7fceeed04000 r-xp 00000000 08:05 1318709                    /usr/lib/x86_64-linux-gnu/libXext.so.6.4.0
7fceeed04000-7fceeef03000 ---p 00011000 08:05 1318709                    /usr/lib/x86_64-linux-gnu/libXext.so.6.4.0
7fceeef03000-7fceeef04000 r--p 00010000 08:05 1318709                    /usr/lib/x86_64-linux-gnu/libXext.so.6.4.0
7fceeef04000-7fceeef05000 rw-p 00011000 08:05 1318709                    /usr/lib/x86_64-linux-gnu/libXext.so.6.4.0
7fceeef19000-7fceeef1d000 r--s 000a4000 08:05 526408                     /home/encaps/Downloads/jdk1.8.0_231/jre/lib/jsse.jar
7fceeef1d000-7fceeef78000 r-xp 00000000 08:05 526474                     /home/encaps/Downloads/jdk1.8.0_231/jre/lib/amd64/libawt_xawt.so
7fceeef78000-7fceef177000 ---p 0005b000 08:05 526474                     /home/encaps/Downloads/jdk1.8.0_231/jre/lib/amd64/libawt_xawt.so
7fceef177000-7fceef178000 r--p 0005a000 08:05 526474                     /home/encaps/Downloads/jdk1.8.0_231/jre/lib/amd64/libawt_xawt.so
7fceef178000-7fceef17b000 rw-p 0005b000 08:05 526474                     /home/encaps/Downloads/jdk1.8.0_231/jre/lib/amd64/libawt_xawt.so
7fceef17b000-7fceef17d000 rw-p 00000000 00:00 0 
7fceef17d000-7fceef21d000 r-xp 00000000 08:05 526456                     /home/encaps/Downloads/jdk1.8.0_231/jre/lib/amd64/libawt.so
7fceef21d000-7fceef41c000 ---p 000a0000 08:05 526456                     /home/encaps/Downloads/jdk1.8.0_231/jre/lib/amd64/libawt.so
7fceef41c000-7fceef41d000 r--p 0009f000 08:05 526456                     /home/encaps/Downloads/jdk1.8.0_231/jre/lib/amd64/libawt.so
7fceef41d000-7fceef428000 rw-p 000a0000 08:05 526456                     /home/encaps/Downloads/jdk1.8.0_231/jre/lib/amd64/libawt.so
7fceef428000-7fceef44d000 rw-p 00000000 00:00 0 
7fceef44d000-7fceef469000 r--s 00393000 08:05 526402                     /home/encaps/Downloads/jdk1.8.0_231/jre/lib/ext/cldrdata.jar
7fceef469000-7fceef473000 r--s 00116000 08:05 526394                     /home/encaps/Downloads/jdk1.8.0_231/jre/lib/ext/localedata.jar
7fceef473000-7fceef475000 r--s 00004000 08:05 4332193                    /home/encaps/.m2/repository/org/slf4j/log4j-over-slf4j/1.7.30/log4j-over-slf4j-1.7.30.jar
7fceef475000-7fceef477000 r--s 00003000 08:05 4332191                    /home/encaps/.m2/repository/org/slf4j/jcl-over-slf4j/1.7.30/jcl-over-slf4j-1.7.30.jar
7fceef477000-7fceef479000 r--s 00000000 08:05 3541690                    /home/encaps/.m2/repository/org/slf4j/jul-to-slf4j/1.7.30/jul-to-slf4j-1.7.30.jar
7fceef479000-7fceef484000 r--s 00069000 08:05 657606                     /home/encaps/.m2/repository/ch/qos/logback/logback-core/1.2.3/logback-core-1.2.3.jar
7fceef484000-7fceef48a000 r--s 00041000 08:05 657604                     /home/encaps/.m2/repository/ch/qos/logback/logback-classic/1.2.3/logback-classic-1.2.3.jar
7fceef48a000-7fceef48e000 r--s 00020000 08:05 4332189                    /home/encaps/.m2/repository/org/jboss/jboss-vfs/3.2.15.Final/jboss-vfs-3.2.15.Final.jar
7fceef48e000-7fceef494000 r--s 0036c000 08:05 4332187                    /home/encaps/.m2/repository/net/sourceforge/lept4j/lept4j/1.13.0/lept4j-1.13.0.jar
7fceef494000-7fceef498000 r--s 00022000 08:05 4332185                    /home/encaps/.m2/repository/org/apache/pdfbox/jbig2-imageio/3.0.3/jbig2-imageio-3.0.3.jar
7fceef498000-7fceef49d000 r--s 0003a000 08:05 4332183                    /home/encaps/.m2/repository/org/apache/pdfbox/pdfbox-debugger/2.0.18/pdfbox-debugger-2.0.18.jar
7fceef49d000-7fceef49f000 r--s 00012000 08:05 4332181                    /home/encaps/.m2/repository/org/apache/pdfbox/pdfbox-tools/2.0.18/pdfbox-tools-2.0.18.jar
7fceef49f000-7fceef4a1000 r--s 0000e000 08:05 2634094                    /home/encaps/.m2/repository/commons-logging/commons-logging/1.2/commons-logging-1.2.jar
7fceef4a1000-7fceef4a8000 r--s 00177000 08:05 4332211                    /home/encaps/.m2/repository/org/apache/pdfbox/fontbox/2.0.18/fontbox-2.0.18.jar
7fceef4a8000-7fceef4c0000 r--s 0027e000 08:05 4332177                    /home/encaps/.m2/repository/org/apache/pdfbox/pdfbox/2.0.18/pdfbox-2.0.18.jar
7fceef4c0000-7fceef4cc000 r--s 00108000 08:05 4332175                    /home/encaps/.m2/repository/com/lowagie/itext/2.1.7/itext-2.1.7.jar
7fceef4cc000-7fceef4d6000 r--s 00081000 08:05 4332173                    /home/encaps/.m2/repository/org/apache/xmlgraphics/xmlgraphics-commons/1.4/xmlgraphics-commons-1.4.jar
7fceef4d6000-7fceef4e4000 r--s 0007f000 08:05 4332171                    /home/encaps/.m2/repository/commons-collections/commons-collections/3.2.1/commons-collections-3.2.1.jar
7fceef4e4000-7fceef4e9000 r--s 00035000 08:05 4332169                    /home/encaps/.m2/repository/commons-beanutils/commons-beanutils/1.9.2/commons-beanutils-1.9.2.jar
7fceef4e9000-7fceef4f2000 r--s 0006f000 08:05 1840062                    /home/encaps/.m2/repository/log4j/log4j/1.2.17/log4j-1.2.17.jar
7fceef4f2000-7fceef4f7000 r--s 00028000 08:05 4332167                    /home/encaps/.m2/repository/org/ghost4j/ghost4j/1.0.1/ghost4j-1.0.1.jar
7fceef4f7000-7fceef502000 r--s 0008f000 08:05 4332165                    /home/encaps/.m2/repository/com/github/jai-imageio/jai-imageio-core/1.4.0/jai-imageio-core-1.4.0.jar
7fceef502000-7fceef506000 r--s 0016c000 08:05 4332150                    /home/encaps/.m2/repository/net/java/dev/jna/jna/5.5.0/jna-5.5.0.jar
7fceef506000-7fceef509000 r--s 0085e000 08:05 4332151                    /home/encaps/.m2/repository/net/sourceforge/tess4j/tess4j/4.5.1/tess4j-4.5.1.jar
7fceef509000-7fceef50f000 r--s 0003e000 08:05 1838152                    /home/encaps/.m2/repository/commons-io/commons-io/2.7/commons-io-2.7.jar
7fceef50f000-7fceef516000 r--s 0005a000 08:05 2240455                    /home/encaps/.m2/repository/org/jsoup/jsoup/1.13.1/jsoup-1.13.1.jar
7fceef516000-7fceef517000 r--s 00014000 08:05 2233392                    /home/encaps/.m2/repository/com/squareup/okio/okio/1.14.0/okio-1.14.0.jar
7fceef517000-7fceef51d000 r--s 00064000 08:05 3015817                    /home/encaps/.m2/repository/com/squareup/okhttp3/okhttp/3.14.9/okhttp-3.14.9.jar
7fceef51d000-7fceef51f000 r--s 00001000 08:05 4069010                    /home/encaps/.m2/repository/com/google/j2objc/j2objc-annotations/1.1/j2objc-annotations-1.1.jar
7fceef51f000-7fceef521000 r--s 00002000 08:05 4069008                    /home/encaps/.m2/repository/com/google/errorprone/error_prone_annotations/2.1.3/error_prone_annotations-2.1.3.jar
7fceef521000-7fceef523000 r--s 00006000 08:05 3808734                    /home/encaps/.m2/repository/org/checkerframework/checker-compat-qual/2.0.0/checker-compat-qual-2.0.0.jar
7fceef523000-7fceef526000 r--s 00006000 08:05 3539015                    /home/encaps/.m2/repository/com/google/code/findbugs/jsr305/1.3.9/jsr305-1.3.9.jar
7fceef526000-7fceef558000 r--s 0026b000 08:05 3408825                    /home/encaps/.m2/repository/com/google/guava/guava/25.0-jre/guava-25.0-jre.jar
7fceef558000-7fceef55a000 r--s 0000c000 08:05 1709398                    /home/encaps/.m2/repository/org/apache/commons/commons-exec/1.3/commons-exec-1.3.jar
7fceef55a000-7fceef5a5000 r--s 00307000 08:05 3015522                    /home/encaps/.m2/repository/net/bytebuddy/byte-buddy/1.10.11/byte-buddy-1.10.11.jar
7fceef5a5000-7fceef5ab000 r--s 0004c000 08:05 2635149                    /home/encaps/.m2/repository/org/seleniumhq/selenium/selenium-remote-driver/3.141.59/selenium-remote-driver-3.141.59.jar
7fceef5ab000-7fceef5b1000 r--s 00027000 08:05 2492973                    /home/encaps/.m2/repository/org/seleniumhq/selenium/selenium-api/3.141.59/selenium-api-3.141.59.jar
7fceef5b1000-7fceef5b3000 r--s 00002000 08:05 3278206                    /home/encaps/.m2/repository/org/seleniumhq/selenium/selenium-chrome-driver/3.141.59/selenium-chrome-driver-3.141.59.jar
7fceef5b3000-7fceef5cf000 r--s 00145000 08:05 3015574                    /home/encaps/.m2/repository/org/springframework/spring-core/5.2.7.RELEASE/spring-core-5.2.7.RELEASE.jar
7fceef5cf000-7fceef5d1000 r--s 0000a000 08:05 2764053                    /home/encaps/.m2/repository/jakarta/activation/jakarta.activation-api/1.2.2/jakarta.activation-api-1.2.2.jar
7fceef5d1000-7fceef5d5000 r--s 00019000 08:05 2764051                    /home/encaps/.m2/repository/jakarta/xml/bind/jakarta.xml.bind-api/2.3.3/jakarta.xml.bind-api-2.3.3.jar
7fceef5d5000-7fceef5ed000 r--s 0019f000 08:05 1971716                    /home/encaps/.m2/repository/org/projectlombok/lombok/1.18.12/lombok-1.18.12.jar
7fceef5ed000-7fceef607000 r--s 0022d000 08:05 3545990                    /home/encaps/.m2/repository/mysql/mysql-connector-java/8.0.20/mysql-connector-java-8.0.20.jar
7fceef607000-7fceef631000 r--s 0013d000 08:05 3015564                    /home/encaps/.m2/repository/org/springframework/boot/spring-boot-autoconfigure/2.3.1.RELEASE/spring-boot-autoconfigure-2.3.1.RELEASE.jar
7fceef631000-7fcef0000000 r--p 00000000 08:05 1317555                    /usr/lib/locale/locale-archive
7fcef0000000-7fcef0021000 rw-p 00000000 00:00 0 
7fcef0021000-7fcef4000000 ---p 00000000 00:00 0 
7fcef4000000-7fcef4021000 rw-p 00000000 00:00 0 
7fcef4021000-7fcef8000000 ---p 00000000 00:00 0 
7fcef8000000-7fcef8021000 rw-p 00000000 00:00 0 
7fcef8021000-7fcefc000000 ---p 00000000 00:00 0 
7fcefc000000-7fcefc021000 rw-p 00000000 00:00 0 
7fcefc021000-7fcf00000000 ---p 00000000 00:00 0 
7fcf00000000-7fcf00021000 rw-p 00000000 00:00 0 
7fcf00021000-7fcf04000000 ---p 00000000 00:00 0 
7fcf04000000-7fcf04001000 r--s 00000000 08:05 4069012                    /home/encaps/.m2/repository/org/codehaus/mojo/animal-sniffer-annotations/1.14/animal-sniffer-annotations-1.14.jar
7fcf04001000-7fcf0401a000 r--s 000f9000 08:05 3015562                    /home/encaps/.m2/repository/org/springframework/boot/spring-boot/2.3.1.RELEASE/spring-boot-2.3.1.RELEASE.jar
7fcf0401a000-7fcf04020000 r--s 00031000 08:05 3015560                    /home/encaps/.m2/repository/org/springframework/boot/spring-boot-devtools/2.3.1.RELEASE/spring-boot-devtools-2.3.1.RELEASE.jar
7fcf04020000-7fcf04025000 r--s 00040000 08:05 3015558                    /home/encaps/.m2/repository/org/springframework/spring-expression/5.2.7.RELEASE/spring-expression-5.2.7.RELEASE.jar
7fcf04025000-7fcf04037000 r--s 000d8000 08:05 3015556                    /home/encaps/.m2/repository/org/springframework/spring-webmvc/5.2.7.RELEASE/spring-webmvc-5.2.7.RELEASE.jar
7fcf04037000-7fcf04053000 r--s 00144000 08:05 3015554                    /home/encaps/.m2/repository/org/springframework/spring-web/5.2.7.RELEASE/spring-web-5.2.7.RELEASE.jar
7fcf04053000-7fcf0407e000 r--s 0030d000 08:05 3015550                    /home/encaps/.m2/repository/org/apache/tomcat/embed/tomcat-embed-core/9.0.36/tomcat-embed-core-9.0.36.jar
7fcf0407e000-7fcf0407f000 ---p 00000000 00:00 0 
7fcf0407f000-7fcf0417f000 rw-p 00000000 00:00 0 
7fcf0417f000-7fcf04182000 ---p 00000000 00:00 0 
7fcf04182000-7fcf08000000 rw-p 00000000 00:00 0 
7fcf08000000-7fcf08021000 rw-p 00000000 00:00 0 
7fcf08021000-7fcf0c000000 ---p 00000000 00:00 0 
7fcf0c000000-7fcf0c001000 r--s 00005000 08:05 3015576                    /home/encaps/.m2/repository/org/springframework/spring-jcl/5.2.7.RELEASE/spring-jcl-5.2.7.RELEASE.jar
7fcf0c001000-7fcf0c007000 r--s 0003c000 08:05 3015552                    /home/encaps/.m2/repository/org/apache/tomcat/embed/tomcat-embed-websocket/9.0.36/tomcat-embed-websocket-9.0.36.jar
7fcf0c007000-7fcf0c00c000 r--s 00036000 08:05 2764037                    /home/encaps/.m2/repository/org/glassfish/jakarta.el/3.0.3/jakarta.el-3.0.3.jar
7fcf0c00c000-7fcf0c00d000 r--s 00001000 08:05 3015548                    /home/encaps/.m2/repository/org/springframework/boot/spring-boot-starter-tomcat/2.3.1.RELEASE/spring-boot-starter-tomcat-2.3.1.RELEASE.jar
7fcf0c00d000-7fcf0c00f000 r--s 00001000 08:05 2764031                    /home/encaps/.m2/repository/com/fasterxml/jackson/module/jackson-module-parameter-names/2.11.0/jackson-module-parameter-names-2.11.0.jar
7fcf0c00f000-7fcf0c013000 r--s 00018000 08:05 2764029                    /home/encaps/.m2/repository/com/fasterxml/jackson/datatype/jackson-datatype-jsr310/2.11.0/jackson-datatype-jsr310-2.11.0.jar
7fcf0c013000-7fcf0c015000 r--s 00007000 08:05 2764027                    /home/encaps/.m2/repository/com/fasterxml/jackson/datatype/jackson-datatype-jdk8/2.11.0/jackson-datatype-jdk8-2.11.0.jar
7fcf0c015000-7fcf0c019000 r--s 00052000 08:05 2764025                    /home/encaps/.m2/repository/com/fasterxml/jackson/core/jackson-core/2.11.0/jackson-core-2.11.0.jar
7fcf0c019000-7fcf0c01c000 r--s 0000e000 08:05 2764023                    /home/encaps/.m2/repository/com/fasterxml/jackson/core/jackson-annotations/2.11.0/jackson-annotations-2.11.0.jar
7fcf0c01c000-7fcf0c032000 r--s 00145000 08:05 2634924                    /home/encaps/.m2/repository/com/fasterxml/jackson/core/jackson-databind/2.11.0/jackson-databind-2.11.0.jar
7fcf0c032000-7fcf0c039000 r--s 00045000 08:05 2372594                    /home/encaps/.m2/repository/org/yaml/snakeyaml/1.26/snakeyaml-1.26.jar
7fcf0c039000-7fcf0c03b000 r--s 00005000 08:05 657614                     /home/encaps/.m2/repository/jakarta/annotation/jakarta.annotation-api/1.3.5/jakarta.annotation-api-1.3.5.jar
7fcf0c03b000-7fcf0c041000 r--s 00042000 08:05 3015544                    /home/encaps/.m2/repository/org/apache/logging/log4j/log4j-api/2.13.3/log4j-api-2.13.3.jar
7fcf0c041000-7fcf0c043000 r--s 00003000 08:05 3015542                    /home/encaps/.m2/repository/org/apache/logging/log4j/log4j-to-slf4j/2.13.3/log4j-to-slf4j-2.13.3.jar
7fcf0c043000-7fcf0c050000 r--s 0009c000 08:05 3015532                    /home/encaps/.m2/repository/org/springframework/spring-beans/5.2.7.RELEASE/spring-beans-5.2.7.RELEASE.jar
7fcf0c050000-7fcf0c06b000 r--s 00111000 08:05 1971698                    /home/encaps/.m2/repository/org/springframework/spring-context/5.2.7.RELEASE/spring-context-5.2.7.RELEASE.jar
7fcf0c06b000-7fcf0c0f1000 r--s 00670000 08:05 3015520                    /home/encaps/.m2/repository/org/hibernate/hibernate-core/5.4.17.Final/hibernate-core-5.4.17.Final.jar
7fcf0c0f1000-7fcf0c0f2000 ---p 00000000 00:00 0 
7fcf0c0f2000-7fcf0c0f5000 ---p 00000000 00:00 0 
7fcf0c0f5000-7fcf0c1f2000 rw-p 00000000 00:00 0 
7fcf0c1f2000-7fcf0c1f3000 ---p 00000000 00:00 0 
7fcf0c1f3000-7fcf0c1f6000 ---p 00000000 00:00 0 
7fcf0c1f6000-7fcf0c2f3000 rw-p 00000000 00:00 0 
7fcf0c2f3000-7fcf0c2f4000 ---p 00000000 00:00 0 
7fcf0c2f4000-7fcf0c2f7000 ---p 00000000 00:00 0 
7fcf0c2f7000-7fcf0c3f4000 rw-p 00000000 00:00 0 
7fcf0c3f4000-7fcf0c3f7000 ---p 00000000 00:00 0 
7fcf0c3f7000-7fcf0c4f5000 rw-p 00000000 00:00 0 
7fcf0c4f5000-7fcf0c4f8000 ---p 00000000 00:00 0 
7fcf0c4f8000-7fcf0c5f6000 rw-p 00000000 00:00 0 
7fcf0c5f6000-7fcf0c5f9000 ---p 00000000 00:00 0 
7fcf0c5f9000-7fcf0c6f7000 rw-p 00000000 00:00 0 
7fcf0c6f7000-7fcf0c6f8000 ---p 00000000 00:00 0 
7fcf0c6f8000-7fcf0d000000 rw-p 00000000 00:00 0 
7fcf0d000000-7fcf0d2d0000 rwxp 00000000 00:00 0 
7fcf0d2d0000-7fcf1c000000 ---p 00000000 00:00 0 
7fcf1c000000-7fcf1cb91000 rw-p 00000000 00:00 0 
7fcf1cb91000-7fcf20000000 ---p 00000000 00:00 0 
7fcf20000000-7fcf20001000 r--s 00001000 08:05 3015546                    /home/encaps/.m2/repository/org/springframework/boot/spring-boot-starter-json/2.3.1.RELEASE/spring-boot-starter-json-2.3.1.RELEASE.jar
7fcf20001000-7fcf20002000 r--s 00001000 08:05 3015540                    /home/encaps/.m2/repository/org/springframework/boot/spring-boot-starter-logging/2.3.1.RELEASE/spring-boot-starter-logging-2.3.1.RELEASE.jar
7fcf20002000-7fcf20003000 r--s 00001000 08:05 3015538                    /home/encaps/.m2/repository/org/springframework/boot/spring-boot-starter/2.3.1.RELEASE/spring-boot-starter-2.3.1.RELEASE.jar
7fcf20003000-7fcf20005000 r--s 0000a000 08:05 3015534                    /home/encaps/.m2/repository/org/springframework/spring-aspects/5.2.7.RELEASE/spring-aspects-5.2.7.RELEASE.jar
7fcf20005000-7fcf20007000 r--s 00009000 08:05 3541732                    /home/encaps/.m2/repository/org/slf4j/slf4j-api/1.7.30/slf4j-api-1.7.30.jar
7fcf20007000-7fcf20010000 r--s 00044000 08:05 3015530                    /home/encaps/.m2/repository/org/springframework/spring-tx/5.2.7.RELEASE/spring-tx-5.2.7.RELEASE.jar
7fcf20010000-7fcf20015000 r--s 0002d000 08:05 3015528                    /home/encaps/.m2/repository/org/springframework/spring-orm/5.2.7.RELEASE/spring-orm-5.2.7.RELEASE.jar
7fcf20015000-7fcf2002d000 r--s 00111000 08:05 3015526                    /home/encaps/.m2/repository/org/springframework/data/spring-data-commons/2.3.1.RELEASE/spring-data-commons-2.3.1.RELEASE.jar
7fcf2002d000-7fcf20035000 r--s 00052000 08:05 3015524                    /home/encaps/.m2/repository/org/springframework/data/spring-data-jpa/2.3.1.RELEASE/spring-data-jpa-2.3.1.RELEASE.jar
7fcf20035000-7fcf20037000 r--s 0000f000 08:05 4723736                    /home/encaps/.m2/repository/com/sun/activation/jakarta.activation/1.2.2/jakarta.activation-1.2.2.jar
7fcf20037000-7fcf20039000 r--s 00006000 08:05 4461405                    /home/encaps/.m2/repository/com/sun/istack/istack-commons-runtime/3.0.11/istack-commons-runtime-3.0.11.jar
7fcf20039000-7fcf2003b000 r--s 00010000 08:05 4333430                    /home/encaps/.m2/repository/org/glassfish/jaxb/txw2/2.3.3/txw2-2.3.3.jar
7fcf2003b000-7fcf20050000 r--s 000e8000 08:05 4067418                    /home/encaps/.m2/repository/org/glassfish/jaxb/jaxb-runtime/2.3.3/jaxb-runtime-2.3.3.jar
7fcf20050000-7fcf20053000 r--s 00010000 08:05 788090                     /home/encaps/.m2/repository/org/hibernate/common/hibernate-commons-annotations/5.1.0.Final/hibernate-commons-annotations-5.1.0.Final.jar
7fcf20053000-7fcf20058000 r--s 0004b000 08:05 3939151                    /home/encaps/.m2/repository/org/dom4j/dom4j/2.1.3/dom4j-2.1.3.jar
7fcf20058000-7fcf2005b000 r--s 0002d000 08:05 3939155                    /home/encaps/.m2/repository/org/jboss/jandex/2.1.3.Final/jandex-2.1.3.Final.jar
7fcf2005b000-7fcf20060000 r--s 00068000 08:05 788084                     /home/encaps/.m2/repository/antlr/antlr/2.7.7/antlr-2.7.7.jar
7fcf20060000-7fcf2006a000 r--s 000b4000 08:05 788082                     /home/encaps/.m2/repository/org/javassist/javassist/3.24.0-GA/javassist-3.24.0-GA.jar
7fcf2006a000-7fcf20083000 r--s 001da000 08:05 3541710                    /home/encaps/.m2/repository/org/aspectj/aspectjweaver/1.9.5/aspectjweaver-1.9.5.jar
7fcf20083000-7fcf2085e000 rw-p 00000000 00:00 0 
7fcf2085e000-7fcf20a38000 r--s 03d89000 08:05 526199                     /home/encaps/Downloads/jdk1.8.0_231/jre/lib/rt.jar
7fcf20a38000-7fcf2122e000 rw-p 00000000 00:00 0 
7fcf2122e000-7fcf212ae000 ---p 00000000 00:00 0 
7fcf212ae000-7fcf21686000 rw-p 00000000 00:00 0 
7fcf21686000-7fcf21687000 ---p 00000000 00:00 0 
7fcf21687000-7fcf21787000 rw-p 00000000 00:00 0 
7fcf21787000-7fcf21788000 ---p 00000000 00:00 0 
7fcf21788000-7fcf21888000 rw-p 00000000 00:00 0 
7fcf21888000-7fcf21889000 ---p 00000000 00:00 0 
7fcf21889000-7fcf21989000 rw-p 00000000 00:00 0 
7fcf21989000-7fcf2198a000 ---p 00000000 00:00 0 
7fcf2198a000-7fcf21ab4000 rw-p 00000000 00:00 0 
7fcf21ab4000-7fcf21d1a000 ---p 00000000 00:00 0 
7fcf21d1a000-7fcf21d44000 rw-p 00000000 00:00 0 
7fcf21d44000-7fcf21faa000 ---p 00000000 00:00 0 
7fcf21faa000-7fcf21fbf000 rw-p 00000000 00:00 0 
7fcf21fbf000-7fcf220f2000 ---p 00000000 00:00 0 
7fcf220f2000-7fcf220ff000 rw-p 00000000 00:00 0 
7fcf220ff000-7fcf224b3000 ---p 00000000 00:00 0 
7fcf224b3000-7fcf224ce000 r-xp 00000000 08:05 526473                     /home/encaps/Downloads/jdk1.8.0_231/jre/lib/amd64/libzip.so
7fcf224ce000-7fcf226cd000 ---p 0001b000 08:05 526473                     /home/encaps/Downloads/jdk1.8.0_231/jre/lib/amd64/libzip.so
7fcf226cd000-7fcf226ce000 r--p 0001a000 08:05 526473                     /home/encaps/Downloads/jdk1.8.0_231/jre/lib/amd64/libzip.so
7fcf226ce000-7fcf226cf000 rw-p 0001b000 08:05 526473                     /home/encaps/Downloads/jdk1.8.0_231/jre/lib/amd64/libzip.so
7fcf226cf000-7fcf226da000 r-xp 00000000 08:05 6689914                    /lib/x86_64-linux-gnu/libnss_files-2.27.so
7fcf226da000-7fcf228d9000 ---p 0000b000 08:05 6689914                    /lib/x86_64-linux-gnu/libnss_files-2.27.so
7fcf228d9000-7fcf228da000 r--p 0000a000 08:05 6689914                    /lib/x86_64-linux-gnu/libnss_files-2.27.so
7fcf228da000-7fcf228db000 rw-p 0000b000 08:05 6689914                    /lib/x86_64-linux-gnu/libnss_files-2.27.so
7fcf228db000-7fcf228e1000 rw-p 00000000 00:00 0 
7fcf228e1000-7fcf228f8000 r-xp 00000000 08:05 6689908                    /lib/x86_64-linux-gnu/libnsl-2.27.so
7fcf228f8000-7fcf22af7000 ---p 00017000 08:05 6689908                    /lib/x86_64-linux-gnu/libnsl-2.27.so
7fcf22af7000-7fcf22af8000 r--p 00016000 08:05 6689908                    /lib/x86_64-linux-gnu/libnsl-2.27.so
7fcf22af8000-7fcf22af9000 rw-p 00017000 08:05 6689908                    /lib/x86_64-linux-gnu/libnsl-2.27.so
7fcf22af9000-7fcf22afb000 rw-p 00000000 00:00 0 
7fcf22afb000-7fcf22b06000 r-xp 00000000 08:05 6689925                    /lib/x86_64-linux-gnu/libnss_nis-2.27.so
7fcf22b06000-7fcf22d05000 ---p 0000b000 08:05 6689925                    /lib/x86_64-linux-gnu/libnss_nis-2.27.so
7fcf22d05000-7fcf22d06000 r--p 0000a000 08:05 6689925                    /lib/x86_64-linux-gnu/libnss_nis-2.27.so
7fcf22d06000-7fcf22d07000 rw-p 0000b000 08:05 6689925                    /lib/x86_64-linux-gnu/libnss_nis-2.27.so
7fcf22d07000-7fcf22d0f000 r-xp 00000000 08:05 6689910                    /lib/x86_64-linux-gnu/libnss_compat-2.27.so
7fcf22d0f000-7fcf22f0f000 ---p 00008000 08:05 6689910                    /lib/x86_64-linux-gnu/libnss_compat-2.27.so
7fcf22f0f000-7fcf22f10000 r--p 00008000 08:05 6689910                    /lib/x86_64-linux-gnu/libnss_compat-2.27.so
7fcf22f10000-7fcf22f11000 rw-p 00009000 08:05 6689910                    /lib/x86_64-linux-gnu/libnss_compat-2.27.so
7fcf22f11000-7fcf22f3d000 r-xp 00000000 08:05 526464                     /home/encaps/Downloads/jdk1.8.0_231/jre/lib/amd64/libjava.so
7fcf22f3d000-7fcf2313d000 ---p 0002c000 08:05 526464                     /home/encaps/Downloads/jdk1.8.0_231/jre/lib/amd64/libjava.so
7fcf2313d000-7fcf2313e000 r--p 0002c000 08:05 526464                     /home/encaps/Downloads/jdk1.8.0_231/jre/lib/amd64/libjava.so
7fcf2313e000-7fcf23140000 rw-p 0002d000 08:05 526464                     /home/encaps/Downloads/jdk1.8.0_231/jre/lib/amd64/libjava.so
7fcf23140000-7fcf2314d000 r-xp 00000000 08:05 526455                     /home/encaps/Downloads/jdk1.8.0_231/jre/lib/amd64/libverify.so
7fcf2314d000-7fcf2334c000 ---p 0000d000 08:05 526455                     /home/encaps/Downloads/jdk1.8.0_231/jre/lib/amd64/libverify.so
7fcf2334c000-7fcf2334e000 r--p 0000c000 08:05 526455                     /home/encaps/Downloads/jdk1.8.0_231/jre/lib/amd64/libverify.so
7fcf2334e000-7fcf2334f000 rw-p 0000e000 08:05 526455                     /home/encaps/Downloads/jdk1.8.0_231/jre/lib/amd64/libverify.so
7fcf2334f000-7fcf23356000 r-xp 00000000 08:05 6689965                    /lib/x86_64-linux-gnu/librt-2.27.so
7fcf23356000-7fcf23555000 ---p 00007000 08:05 6689965                    /lib/x86_64-linux-gnu/librt-2.27.so
7fcf23555000-7fcf23556000 r--p 00006000 08:05 6689965                    /lib/x86_64-linux-gnu/librt-2.27.so
7fcf23556000-7fcf23557000 rw-p 00007000 08:05 6689965                    /lib/x86_64-linux-gnu/librt-2.27.so
7fcf23557000-7fcf236f4000 r-xp 00000000 08:05 6689887                    /lib/x86_64-linux-gnu/libm-2.27.so
7fcf236f4000-7fcf238f3000 ---p 0019d000 08:05 6689887                    /lib/x86_64-linux-gnu/libm-2.27.so
7fcf238f3000-7fcf238f4000 r--p 0019c000 08:05 6689887                    /lib/x86_64-linux-gnu/libm-2.27.so
7fcf238f4000-7fcf238f5000 rw-p 0019d000 08:05 6689887                    /lib/x86_64-linux-gnu/libm-2.27.so
7fcf238f5000-7fcf245de000 r-xp 00000000 08:05 526471                     /home/encaps/Downloads/jdk1.8.0_231/jre/lib/amd64/server/libjvm.so
7fcf245de000-7fcf247dd000 ---p 00ce9000 08:05 526471                     /home/encaps/Downloads/jdk1.8.0_231/jre/lib/amd64/server/libjvm.so
7fcf247dd000-7fcf24873000 r--p 00ce8000 08:05 526471                     /home/encaps/Downloads/jdk1.8.0_231/jre/lib/amd64/server/libjvm.so
7fcf24873000-7fcf248a4000 rw-p 00d7e000 08:05 526471                     /home/encaps/Downloads/jdk1.8.0_231/jre/lib/amd64/server/libjvm.so
7fcf248a4000-7fcf248df000 rw-p 00000000 00:00 0 
7fcf248df000-7fcf24ac6000 r-xp 00000000 08:05 6689824                    /lib/x86_64-linux-gnu/libc-2.27.so
7fcf24ac6000-7fcf24cc6000 ---p 001e7000 08:05 6689824                    /lib/x86_64-linux-gnu/libc-2.27.so
7fcf24cc6000-7fcf24cca000 r--p 001e7000 08:05 6689824                    /lib/x86_64-linux-gnu/libc-2.27.so
7fcf24cca000-7fcf24ccc000 rw-p 001eb000 08:05 6689824                    /lib/x86_64-linux-gnu/libc-2.27.so
7fcf24ccc000-7fcf24cd0000 rw-p 00000000 00:00 0 
7fcf24cd0000-7fcf24cd3000 r-xp 00000000 08:05 6689847                    /lib/x86_64-linux-gnu/libdl-2.27.so
7fcf24cd3000-7fcf24ed2000 ---p 00003000 08:05 6689847                    /lib/x86_64-linux-gnu/libdl-2.27.so
7fcf24ed2000-7fcf24ed3000 r--p 00002000 08:05 6689847                    /lib/x86_64-linux-gnu/libdl-2.27.so
7fcf24ed3000-7fcf24ed4000 rw-p 00003000 08:05 6689847                    /lib/x86_64-linux-gnu/libdl-2.27.so
7fcf24ed4000-7fcf24eeb000 r-xp 00000000 08:05 525448                     /home/encaps/Downloads/jdk1.8.0_231/lib/amd64/jli/libjli.so
7fcf24eeb000-7fcf250ea000 ---p 00017000 08:05 525448                     /home/encaps/Downloads/jdk1.8.0_231/lib/amd64/jli/libjli.so
7fcf250ea000-7fcf250eb000 r--p 00016000 08:05 525448                     /home/encaps/Downloads/jdk1.8.0_231/lib/amd64/jli/libjli.so
7fcf250eb000-7fcf250ec000 rw-p 00017000 08:05 525448                     /home/encaps/Downloads/jdk1.8.0_231/lib/amd64/jli/libjli.so
7fcf250ec000-7fcf25106000 r-xp 00000000 08:05 6689957                    /lib/x86_64-linux-gnu/libpthread-2.27.so
7fcf25106000-7fcf25305000 ---p 0001a000 08:05 6689957                    /lib/x86_64-linux-gnu/libpthread-2.27.so
7fcf25305000-7fcf25306000 r--p 00019000 08:05 6689957                    /lib/x86_64-linux-gnu/libpthread-2.27.so
7fcf25306000-7fcf25307000 rw-p 0001a000 08:05 6689957                    /lib/x86_64-linux-gnu/libpthread-2.27.so
7fcf25307000-7fcf2530b000 rw-p 00000000 00:00 0 
7fcf2530b000-7fcf25332000 r-xp 00000000 08:05 6689796                    /lib/x86_64-linux-gnu/ld-2.27.so
7fcf25332000-7fcf25334000 r--s 0000f000 08:05 786747                     /home/encaps/.m2/repository/com/fasterxml/classmate/1.5.1/classmate-1.5.1.jar
7fcf25334000-7fcf25336000 r--s 0000d000 08:05 786745                     /home/encaps/.m2/repository/org/jboss/logging/jboss-logging/3.4.1.Final/jboss-logging-3.4.1.Final.jar
7fcf25336000-7fcf2533c000 r--s 00023000 08:05 788076                     /home/encaps/.m2/repository/jakarta/persistence/jakarta.persistence-api/2.2.3/jakarta.persistence-api-2.2.3.jar
7fcf2533c000-7fcf25346000 r--s 0005a000 08:05 3015518                    /home/encaps/.m2/repository/org/springframework/spring-jdbc/5.2.7.RELEASE/spring-jdbc-5.2.7.RELEASE.jar
7fcf25346000-7fcf2534a000 r--s 00023000 08:05 3810793                    /home/encaps/.m2/repository/com/zaxxer/HikariCP/3.4.5/HikariCP-3.4.5.jar
7fcf2534a000-7fcf25415000 rw-p 00000000 00:00 0 
7fcf25415000-7fcf25416000 ---p 00000000 00:00 0 
7fcf25416000-7fcf25419000 ---p 00000000 00:00 0 
7fcf25419000-7fcf2551a000 rw-p 00000000 00:00 0 
7fcf2551a000-7fcf2551b000 r--s 00001000 08:05 3015536                    /home/encaps/.m2/repository/org/springframework/boot/spring-boot-starter-web/2.3.1.RELEASE/spring-boot-starter-web-2.3.1.RELEASE.jar
7fcf2551b000-7fcf2551c000 r--s 00003000 08:05 788078                     /home/encaps/.m2/repository/jakarta/transaction/jakarta.transaction-api/1.3.3/jakarta.transaction-api-1.3.3.jar
7fcf2551c000-7fcf2551d000 r--s 00001000 08:05 3015516                    /home/encaps/.m2/repository/org/springframework/boot/spring-boot-starter-jdbc/2.3.1.RELEASE/spring-boot-starter-jdbc-2.3.1.RELEASE.jar
7fcf2551d000-7fcf25526000 r--s 00052000 08:05 2759798                    /home/encaps/.m2/repository/org/springframework/spring-aop/5.2.7.RELEASE/spring-aop-5.2.7.RELEASE.jar
7fcf25526000-7fcf25527000 r--s 00001000 08:05 3015514                    /home/encaps/.m2/repository/org/springframework/boot/spring-boot-starter-aop/2.3.1.RELEASE/spring-boot-starter-aop-2.3.1.RELEASE.jar
7fcf25527000-7fcf25528000 r--s 00001000 08:05 3015512                    /home/encaps/.m2/repository/org/springframework/boot/spring-boot-starter-data-jpa/2.3.1.RELEASE/spring-boot-starter-data-jpa-2.3.1.RELEASE.jar
7fcf25528000-7fcf25530000 rw-s 00000000 08:05 1839807                    /tmp/hsperfdata_encaps/10124
7fcf25530000-7fcf25531000 rw-p 00000000 00:00 0 
7fcf25531000-7fcf25532000 r--p 00000000 00:00 0 
7fcf25532000-7fcf25533000 r--p 00027000 08:05 6689796                    /lib/x86_64-linux-gnu/ld-2.27.so
7fcf25533000-7fcf25534000 rw-p 00028000 08:05 6689796                    /lib/x86_64-linux-gnu/ld-2.27.so
7fcf25534000-7fcf25535000 rw-p 00000000 00:00 0 
7ffc4f95b000-7ffc4f97e000 rw-p 00000000 00:00 0                          [stack]
7ffc4f9c7000-7ffc4f9ca000 r--p 00000000 00:00 0                          [vvar]
7ffc4f9ca000-7ffc4f9cb000 r-xp 00000000 00:00 0                          [vdso]
ffffffffff600000-ffffffffff601000 --xp 00000000 00:00 0                  [vsyscall]

VM Arguments:
jvm_args: -Dfile.encoding=UTF-8 
java_command: encaps.utils.OCR
java_class_path (initial): /home/encaps/git/demo/demo_yacht/target/classes:/home/encaps/.m2/repository/org/springframework/boot/spring-boot-starter-data-jpa/2.3.1.RELEASE/spring-boot-starter-data-jpa-2.3.1.RELEASE.jar:/home/encaps/.m2/repository/org/springframework/boot/spring-boot-starter-aop/2.3.1.RELEASE/spring-boot-starter-aop-2.3.1.RELEASE.jar:/home/encaps/.m2/repository/org/springframework/spring-aop/5.2.7.RELEASE/spring-aop-5.2.7.RELEASE.jar:/home/encaps/.m2/repository/org/aspectj/aspectjweaver/1.9.5/aspectjweaver-1.9.5.jar:/home/encaps/.m2/repository/org/springframework/boot/spring-boot-starter-jdbc/2.3.1.RELEASE/spring-boot-starter-jdbc-2.3.1.RELEASE.jar:/home/encaps/.m2/repository/com/zaxxer/HikariCP/3.4.5/HikariCP-3.4.5.jar:/home/encaps/.m2/repository/org/springframework/spring-jdbc/5.2.7.RELEASE/spring-jdbc-5.2.7.RELEASE.jar:/home/encaps/.m2/repository/jakarta/transaction/jakarta.transaction-api/1.3.3/jakarta.transaction-api-1.3.3.jar:/home/encaps/.m2/repository/jakarta/persistence/jakarta.persistence-api/2.2.3/jakarta.persistence-api-2.2.3.jar:/home/encaps/.m2/repository/org/hibernate/hibernate-core/5.4.17.Final/hibernate-core-5.4.17.Final.jar:/home/encaps/.m2/repository/org/jboss/logging/jboss-logging/3.4.1.Final/jboss-logging-3.4.1.Final.jar:/home/encaps/.m2/repository/org/javassist/javassist/3.24.0-GA/javassist-3.24.0-GA.jar:/home/encaps/.m2/repository/antlr/antlr/2.7.7/antlr-2.7.7.jar:/home/encaps/.m2/repository/org/jboss/jandex/2.1.3.Final/jandex-2.1.3.Final.jar:/home/encaps/.m2/repository/com/fasterxml/classmate/1.5.1/classmate-1.5.1.jar:/home/encaps/.m2/repository/org/dom4j/dom4j/2.1.3/dom4j-2.1.3.jar:/home/encaps/.m2/repository/org/hibernate/common/hibernate-commons-annotations/5.1.0.Final/hibernate-commons-annotations-5.1.0.Final.jar:/home/encaps/.m2/repository/org/glassfish/jaxb/jaxb-runtime/2.3.3/jaxb-runtime-2.3.3.jar:/home/encaps/.m2/repository/org/glassfish/jaxb/txw2/2.3.3/txw2-2.3.3.jar:/home/encaps/.m2/repository/com/sun/istack/istack-
Launcher Type: SUN_STANDARD

Environment Variables:
JAVA_HOME=/home/encaps/Downloads/jdk1.8.0_231
PATH=/usr/local/sbin:/usr/local/bin:/usr/sbin:/usr/bin:/sbin:/bin:/usr/games:/usr/local/games:/snap/bin:/home/encaps/Downloads/jdk1.8.0_231/bin
USERNAME=encaps
SHELL=/bin/bash
DISPLAY=:0

Signal Handlers:
SIGSEGV: [libjvm.so+0xad4d90], sa_mask[0]=11111111011111111101111111111110, sa_flags=SA_RESTART|SA_SIGINFO
SIGBUS: [libjvm.so+0xad4d90], sa_mask[0]=11111111011111111101111111111110, sa_flags=SA_RESTART|SA_SIGINFO
SIGFPE: [libjvm.so+0x90bc10], sa_mask[0]=11111111011111111101111111111110, sa_flags=SA_RESTART|SA_SIGINFO
SIGPIPE: [libjvm.so+0x90bc10], sa_mask[0]=11111111011111111101111111111110, sa_flags=SA_RESTART|SA_SIGINFO
SIGXFSZ: [libjvm.so+0x90bc10], sa_mask[0]=11111111011111111101111111111110, sa_flags=SA_RESTART|SA_SIGINFO
SIGILL: [libjvm.so+0x90bc10], sa_mask[0]=11111111011111111101111111111110, sa_flags=SA_RESTART|SA_SIGINFO
SIGUSR1: SIG_DFL, sa_mask[0]=00000000000000000000000000000000, sa_flags=none
SIGUSR2: [libjvm.so+0x90bae0], sa_mask[0]=00100000000000000000000000000000, sa_flags=SA_RESTART|SA_SIGINFO
SIGHUP: [libjvm.so+0x90c100], sa_mask[0]=11111111011111111101111111111110, sa_flags=SA_RESTART|SA_SIGINFO
SIGINT: [libjvm.so+0x90c100], sa_mask[0]=11111111011111111101111111111110, sa_flags=SA_RESTART|SA_SIGINFO
SIGTERM: [libjvm.so+0x90c100], sa_mask[0]=11111111011111111101111111111110, sa_flags=SA_RESTART|SA_SIGINFO
SIGQUIT: [libjvm.so+0x90c100], sa_mask[0]=11111111011111111101111111111110, sa_flags=SA_RESTART|SA_SIGINFO


---------------  S Y S T E M  ---------------

OS:DISTRIB_ID=Ubuntu
DISTRIB_RELEASE=18.04
DISTRIB_CODENAME=bionic
DISTRIB_DESCRIPTION="Ubuntu 18.04.4 LTS"

uname:Linux 5.3.0-61-generic #55~18.04.1-Ubuntu SMP Mon Jun 22 16:40:20 UTC 2020 x86_64
libc:glibc 2.27 NPTL 2.27 
rlimit: STACK 8192k, CORE 0k, NPROC 31279, NOFILE 4096, AS infinity
load average:3.98 3.40 2.55

/proc/meminfo:
MemTotal:        8056436 kB
MemFree:          168712 kB
MemAvailable:     349292 kB
Buffers:           26128 kB
Cached:          1022888 kB
SwapCached:        14716 kB
Active:          6344232 kB
Inactive:        1091172 kB
Active(anon):    6174392 kB
Inactive(anon):   892180 kB
Active(file):     169840 kB
Inactive(file):   198992 kB
Unevictable:       53152 kB
Mlocked:             208 kB
SwapTotal:       2097148 kB
SwapFree:          30864 kB
Dirty:              2064 kB
Writeback:             0 kB
AnonPages:       6425272 kB
Mapped:           671316 kB
Shmem:            680048 kB
KReclaimable:      62036 kB
Slab:             155212 kB
SReclaimable:      62036 kB
SUnreclaim:        93176 kB
KernelStack:       29568 kB
PageTables:       135992 kB
NFS_Unstable:          0 kB
Bounce:                0 kB
WritebackTmp:          0 kB
CommitLimit:     6125364 kB
Committed_AS:   24206888 kB
VmallocTotal:   34359738367 kB
VmallocUsed:       54268 kB
VmallocChunk:          0 kB
Percpu:             1440 kB
HardwareCorrupted:     0 kB
AnonHugePages:      4096 kB
ShmemHugePages:        0 kB
ShmemPmdMapped:        0 kB
CmaTotal:              0 kB
CmaFree:               0 kB
HugePages_Total:       0
HugePages_Free:        0
HugePages_Rsvd:        0
HugePages_Surp:        0
Hugepagesize:       2048 kB
Hugetlb:               0 kB
DirectMap4k:      646964 kB
DirectMap2M:     7645184 kB
DirectMap1G:     1048576 kB

container (cgroup) information:
container_type: cgroupv1
cpu_cpuset_cpus: 0-3
cpu_memory_nodes: 0
active_processor_count: 4
cpu_quota: -1
cpu_period: 100000
cpu_shares: -1
memory_limit_in_bytes: -1
memory_and_swap_limit_in_bytes: -2
memory_soft_limit_in_bytes: -1
memory_usage_in_bytes: 7667834880
memory_max_usage_in_bytes: 3122987008


CPU:total 4 (initial active 4) (2 cores per cpu, 2 threads per core) family 6 model 60 stepping 3, cmov, cx8, fxsr, mmx, sse, sse2, sse3, ssse3, sse4.1, sse4.2, popcnt, avx, avx2, aes, clmul, erms, lzcnt, ht, tsc, tscinvbit, bmi1, bmi2

/proc/cpuinfo:
processor	: 0
vendor_id	: GenuineIntel
cpu family	: 6
model		: 60
model name	: Intel(R) Core(TM) i5-4210M CPU @ 2.60GHz
stepping	: 3
microcode	: 0x28
cpu MHz		: 2637.593
cache size	: 3072 KB
physical id	: 0
siblings	: 4
core id		: 0
cpu cores	: 2
apicid		: 0
initial apicid	: 0
fpu		: yes
fpu_exception	: yes
cpuid level	: 13
wp		: yes
flags		: fpu vme de pse tsc msr pae mce cx8 apic sep mtrr pge mca cmov pat pse36 clflush dts acpi mmx fxsr sse sse2 ss ht tm pbe syscall nx pdpe1gb rdtscp lm constant_tsc arch_perfmon pebs bts rep_good nopl xtopology nonstop_tsc cpuid aperfmperf pni pclmulqdq dtes64 monitor ds_cpl vmx est tm2 ssse3 sdbg fma cx16 xtpr pdcm pcid sse4_1 sse4_2 movbe popcnt tsc_deadline_timer aes xsave avx f16c rdrand lahf_lm abm cpuid_fault epb invpcid_single pti ssbd ibrs ibpb stibp tpr_shadow vnmi flexpriority ept vpid ept_ad fsgsbase tsc_adjust bmi1 avx2 smep bmi2 erms invpcid xsaveopt dtherm ida arat pln pts md_clear flush_l1d
bugs		: cpu_meltdown spectre_v1 spectre_v2 spec_store_bypass l1tf mds swapgs itlb_multihit srbds
bogomips	: 5187.78
clflush size	: 64
cache_alignment	: 64
address sizes	: 39 bits physical, 48 bits virtual
power management:

processor	: 1
vendor_id	: GenuineIntel
cpu family	: 6
model		: 60
model name	: Intel(R) Core(TM) i5-4210M CPU @ 2.60GHz
stepping	: 3
microcode	: 0x28
cpu MHz		: 2583.180
cache size	: 3072 KB
physical id	: 0
siblings	: 4
core id		: 1
cpu cores	: 2
apicid		: 2
initial apicid	: 2
fpu		: yes
fpu_exception	: yes
cpuid level	: 13
wp		: yes
flags		: fpu vme de pse tsc msr pae mce cx8 apic sep mtrr pge mca cmov pat pse36 clflush dts acpi mmx fxsr sse sse2 ss ht tm pbe syscall nx pdpe1gb rdtscp lm constant_tsc arch_perfmon pebs bts rep_good nopl xtopology nonstop_tsc cpuid aperfmperf pni pclmulqdq dtes64 monitor ds_cpl vmx est tm2 ssse3 sdbg fma cx16 xtpr pdcm pcid sse4_1 sse4_2 movbe popcnt tsc_deadline_timer aes xsave avx f16c rdrand lahf_lm abm cpuid_fault epb invpcid_single pti ssbd ibrs ibpb stibp tpr_shadow vnmi flexpriority ept vpid ept_ad fsgsbase tsc_adjust bmi1 avx2 smep bmi2 erms invpcid xsaveopt dtherm ida arat pln pts md_clear flush_l1d
bugs		: cpu_meltdown spectre_v1 spectre_v2 spec_store_bypass l1tf mds swapgs itlb_multihit srbds
bogomips	: 5187.78
clflush size	: 64
cache_alignment	: 64
address sizes	: 39 bits physical, 48 bits virtual
power management:

processor	: 2
vendor_id	: GenuineIntel
cpu family	: 6
model		: 60
model name	: Intel(R) Core(TM) i5-4210M CPU @ 2.60GHz
stepping	: 3
microcode	: 0x28
cpu MHz		: 2043.807
cache size	: 3072 KB
physical id	: 0
siblings	: 4
core id		: 0
cpu cores	: 2
apicid		: 1
initial apicid	: 1
fpu		: yes
fpu_exception	: yes
cpuid level	: 13
wp		: yes
flags		: fpu vme de pse tsc msr pae mce cx8 apic sep mtrr pge mca cmov pat pse36 clflush dts acpi mmx fxsr sse sse2 ss ht tm pbe syscall nx pdpe1gb rdtscp lm constant_tsc arch_perfmon pebs bts rep_good nopl xtopology nonstop_tsc cpuid aperfmperf pni pclmulqdq dtes64 monitor ds_cpl vmx est tm2 ssse3 sdbg fma cx16 xtpr pdcm pcid sse4_1 sse4_2 movbe popcnt tsc_deadline_timer aes xsave avx f16c rdrand lahf_lm abm cpuid_fault epb invpcid_single pti ssbd ibrs ibpb stibp tpr_shadow vnmi flexpriority ept vpid ept_ad fsgsbase tsc_adjust bmi1 avx2 smep bmi2 erms invpcid xsaveopt dtherm ida arat pln pts md_clear flush_l1d
bugs		: cpu_meltdown spectre_v1 spectre_v2 spec_store_bypass l1tf mds swapgs itlb_multihit srbds
bogomips	: 5187.78
clflush size	: 64
cache_alignment	: 64
address sizes	: 39 bits physical, 48 bits virtual
power management:

processor	: 3
vendor_id	: GenuineIntel
cpu family	: 6
model		: 60
model name	: Intel(R) Core(TM) i5-4210M CPU @ 2.60GHz
stepping	: 3
microcode	: 0x28
cpu MHz		: 2619.524
cache size	: 3072 KB
physical id	: 0
siblings	: 4
core id		: 1
cpu cores	: 2
apicid		: 3
initial apicid	: 3
fpu		: yes
fpu_exception	: yes
cpuid level	: 13
wp		: yes
flags		: fpu vme de pse tsc msr pae mce cx8 apic sep mtrr pge mca cmov pat pse36 clflush dts acpi mmx fxsr sse sse2 ss ht tm pbe syscall nx pdpe1gb rdtscp lm constant_tsc arch_perfmon pebs bts rep_good nopl xtopology nonstop_tsc cpuid aperfmperf pni pclmulqdq dtes64 monitor ds_cpl vmx est tm2 ssse3 sdbg fma cx16 xtpr pdcm pcid sse4_1 sse4_2 movbe popcnt tsc_deadline_timer aes xsave avx f16c rdrand lahf_lm abm cpuid_fault epb invpcid_single pti ssbd ibrs ibpb stibp tpr_shadow vnmi flexpriority ept vpid ept_ad fsgsbase tsc_adjust bmi1 avx2 smep bmi2 erms invpcid xsaveopt dtherm ida arat pln pts md_clear flush_l1d
bugs		: cpu_meltdown spectre_v1 spectre_v2 spec_store_bypass l1tf mds swapgs itlb_multihit srbds
bogomips	: 5187.78
clflush size	: 64
cache_alignment	: 64
address sizes	: 39 bits physical, 48 bits virtual
power management:



Memory: 4k page, physical 8056436k(168712k free), swap 2097148k(30864k free)

vm_info: Java HotSpot(TM) 64-Bit Server VM (25.231-b11) for linux-amd64 JRE (1.8.0_231-b11), built on Oct  5 2019 03:00:41 by "java_re" with gcc 7.3.0

time: Sun Jul  5 23:05:16 2020
timezone: EEST
elapsed time: 1 seconds (0d 0h 0m 1s)

