#
# A fatal error has been detected by the Java Runtime Environment:
#
#  SIGSEGV (0xb) at pc=0x00007fcd6e4db450, pid=10291, tid=0x00007fcdbe7d9700
#
# JRE version: Java(TM) SE Runtime Environment (8.0_231-b11) (build 1.8.0_231-b11)
# Java VM: Java HotSpot(TM) 64-Bit Server VM (25.231-b11 mixed mode linux-amd64 compressed oops)
# Problematic frame:
# C  [libtesseract.so+0x25b450]  STRING::string() const+0x0
#
# Failed to write core dump. Core dumps have been disabled. To enable core dumping, try "ulimit -c unlimited" before starting Java again
#
# If you would like to submit a bug report, please visit:
#   http://bugreport.java.com/bugreport/crash.jsp
# The crash happened outside the Java Virtual Machine in native code.
# See problematic frame for where to report the bug.
#

---------------  T H R E A D  ---------------

Current thread (0x00007fcdb8010000):  JavaThread "main" [_thread_in_native, id=10295, stack(0x00007fcdbe6da000,0x00007fcdbe7da000)]

siginfo: si_signo: 11 (SIGSEGV), si_code: 1 (SEGV_MAPERR), si_addr: 0x0000000000000000

Registers:
RAX=0x0000000000000000, RBX=0x00007fcdb895fb50, RCX=0x0000000000000004, RDX=0x00007fcdbe7d7701
RSP=0x00007fcdbe7d6cd8, RBP=0x00007fcdbe7d77f0, RSI=0x00007fcdbe7d7010, RDI=0x0000000000000000
R8 =0x00007fcdb8b54147, R9 =0x00007fcdb8984e00, R10=0x00007fcd639c76b8, R11=0x0000000000000202
R12=0x0000000000000000, R13=0x0000000000000000, R14=0x0000000000000001, R15=0x00007fcdb8984e00
RIP=0x00007fcd6e4db450, EFLAGS=0x0000000000010246, CSGSFS=0x002b000000000033, ERR=0x0000000000000004
  TRAPNO=0x000000000000000e

Top of Stack: (sp=0x00007fcdbe7d6cd8)
0x00007fcdbe7d6cd8:   00007fcd6e3091d3 00007fcda6cd38e0
0x00007fcdbe7d6ce8:   00007fcdbe7d7010 00007fcdbe7d81c0
0x00007fcdbe7d6cf8:   00007fcda85e811a 00007fcda85e8050
0x00007fcdbe7d6d08:   00007fcd00000000 0000000000000000
0x00007fcdbe7d6d18:   00007fcdbe7d81c0 00007fcdbe7d8460
0x00007fcdbe7d6d28:   00007fcda88408b4 00007fcda8840690
0x00007fcdbe7d6d38:   00007fcd00000000 00007fcdbe7d8508
0x00007fcdbe7d6d48:   00007fcdbe7d8460 00007fcda6cd1d80
0x00007fcdbe7d6d58:   00007fcdb8010000 00007fcdbe7d8430
0x00007fcdbe7d6d68:   00007fcdbe7d8434 00007fcdbe7d8428
0x00007fcdbe7d6d78:   00007fcdbe7d842c 00007fcdbe7d8420
0x00007fcdbe7d6d88:   00007fcdbe7d8424 00000000d731dae8
0x00007fcdbe7d6d98:   00007fcda6cba570 00007fcdbe7d8450
0x00007fcdbe7d6da8:   00007fcdbe7d8450 00007fcdbe7d8408
0x00007fcdbe7d6db8:   00007fcdbe7d840c 00007fcdbe7d8400
0x00007fcdbe7d6dc8:   00007fcdbe7d8404 00007fcdbe7d83f8
0x00007fcdbe7d6dd8:   00007fcdbe7d83fc 00007fcdbe7d83f0
0x00007fcdbe7d6de8:   00007fcdbe7d83f4 00007fcdbe7d83e8
0x00007fcdbe7d6df8:   00007fcdbe7d83ec 00007fcdbe7d83e0
0x00007fcdbe7d6e08:   00007fcdbe7d83e4 00007fcdbe7d83d8
0x00007fcdbe7d6e18:   00007fcdbe7d83dc 00007fcdbe7d83d0
0x00007fcdbe7d6e28:   00007fcdbe7d83d4 00007fcdbe7d83c8
0x00007fcdbe7d6e38:   00007fcdbe7d83cc 00007fcdbe7d83c0
0x00007fcdbe7d6e48:   00007fcdbe7d83c4 00007fcda6cba4dc
0x00007fcdbe7d6e58:   00007fcdbe7d6e98 00007fcda6d4a870
0x00007fcdbe7d6e68:   0000000000000000 00007fcda6cba4e8
0x00007fcdbe7d6e78:   0000000000000000 00007fcdbe7d6e98
0x00007fcdbe7d6e88:   00007fcdbe7d6ee0 00007fcda85aa040
0x00007fcdbe7d6e98:   00000000d731dae8 00007fcdbe7d6ea0
0x00007fcdbe7d6ea8:   00007fcda6cb99b0 00007fcdbe7d6f00
0x00007fcdbe7d6eb8:   00007fcda6d4a870 0000000000000000
0x00007fcdbe7d6ec8:   00007fcda6cb99d8 00007fcdbe7d8260 

Instructions: (pc=0x00007fcd6e4db450)
0x00007fcd6e4db430:   48 83 c6 08 e8 27 fa ff ff 39 44 24 04 0f 94 c2
0x00007fcd6e4db440:   eb c1 e8 89 28 e2 ff 90 0f 1f 84 00 00 00 00 00
0x00007fcd6e4db450:   48 8b 07 8b 50 04 85 d2 74 16 c7 40 04 ff ff ff
0x00007fcd6e4db460:   ff 48 83 c0 08 c3 66 2e 0f 1f 84 00 00 00 00 00 

Register to memory mapping:

RAX=0x0000000000000000 is an unknown value
RBX=0x00007fcdb895fb50 is an unknown value
RCX=0x0000000000000004 is an unknown value
RDX=0x00007fcdbe7d7701 is pointing into the stack for thread: 0x00007fcdb8010000
RSP=0x00007fcdbe7d6cd8 is pointing into the stack for thread: 0x00007fcdb8010000
RBP=0x00007fcdbe7d77f0 is pointing into the stack for thread: 0x00007fcdb8010000
RSI=0x00007fcdbe7d7010 is pointing into the stack for thread: 0x00007fcdb8010000
RDI=0x0000000000000000 is an unknown value
R8 =0x00007fcdb8b54147 is an unknown value
R9 =0x00007fcdb8984e00 is an unknown value
R10=0x00007fcd639c76b8 is an unknown value
R11=0x0000000000000202 is an unknown value
R12=0x0000000000000000 is an unknown value
R13=0x0000000000000000 is an unknown value
R14=0x0000000000000001 is an unknown value
R15=0x00007fcdb8984e00 is an unknown value


Stack: [0x00007fcdbe6da000,0x00007fcdbe7da000],  sp=0x00007fcdbe7d6cd8,  free space=1011k
Native frames: (J=compiled Java code, j=interpreted, Vv=VM code, C=native code)
C  [libtesseract.so+0x25b450]  STRING::string() const+0x0
C  [libtesseract.so+0x8aee6]  tesseract::TessBaseAPI::Recognize(ETEXT_DESC*)+0x36
C  [libtesseract.so+0x8c3ff]  tesseract::TessBaseAPI::GetUTF8Text()+0x10f
C  0x00007fcdbe7d8350

Java frames: (J=compiled Java code, j=interpreted, Vv=VM code)
j  com.sun.jna.Native.invokePointer(Lcom/sun/jna/Function;JI[Ljava/lang/Object;)J+0
j  com.sun.jna.Function.invokePointer(I[Ljava/lang/Object;)Lcom/sun/jna/Pointer;+7
j  com.sun.jna.Function.invoke([Ljava/lang/Object;Ljava/lang/Class;ZI)Ljava/lang/Object;+385
j  com.sun.jna.Function.invoke(Ljava/lang/reflect/Method;[Ljava/lang/Class;Ljava/lang/Class;[Ljava/lang/Object;Ljava/util/Map;)Ljava/lang/Object;+271
j  com.sun.jna.Library$Handler.invoke(Ljava/lang/Object;Ljava/lang/reflect/Method;[Ljava/lang/Object;)Ljava/lang/Object;+390
j  com.sun.proxy.$Proxy0.TessBaseAPIGetUTF8Text(Lnet/sourceforge/tess4j/ITessAPI$TessBaseAPI;)Lcom/sun/jna/Pointer;+16
j  net.sourceforge.tess4j.Tesseract.getOCRText(Ljava/lang/String;I)Ljava/lang/String;+269
j  net.sourceforge.tess4j.Tesseract.doOCR(Ljavax/imageio/IIOImage;Ljava/lang/String;Ljava/awt/Rectangle;I)Ljava/lang/String;+18
j  net.sourceforge.tess4j.Tesseract.doOCR(Ljava/io/File;Ljava/awt/Rectangle;)Ljava/lang/String;+126
j  net.sourceforge.tess4j.Tesseract.doOCR(Ljava/io/File;)Ljava/lang/String;+3
j  encaps.utils.OCR.main([Ljava/lang/String;)V+40
v  ~StubRoutines::call_stub

---------------  P R O C E S S  ---------------

Java Threads: ( => current thread )
  0x00007fcdb8734000 JavaThread "process reaper" daemon [_thread_blocked, id=10315, stack(0x00007fcda4083000,0x00007fcda40bc000)]
  0x00007fcdb86f4800 JavaThread "Java2D Disposer" daemon [_thread_blocked, id=10313, stack(0x00007fcda40c0000,0x00007fcda41c1000)]
  0x00007fcdb80c6800 JavaThread "Service Thread" daemon [_thread_blocked, id=10309, stack(0x00007fcda495a000,0x00007fcda4a5b000)]
  0x00007fcdb80c3800 JavaThread "C1 CompilerThread2" daemon [_thread_blocked, id=10308, stack(0x00007fcda4a5c000,0x00007fcda4b5c000)]
  0x00007fcdb80c2000 JavaThread "C2 CompilerThread1" daemon [_thread_blocked, id=10307, stack(0x00007fcda4b5d000,0x00007fcda4c5d000)]
  0x00007fcdb80bf000 JavaThread "C2 CompilerThread0" daemon [_thread_blocked, id=10306, stack(0x00007fcda4c5e000,0x00007fcda4d5e000)]
  0x00007fcdb80bd800 JavaThread "Signal Dispatcher" daemon [_thread_blocked, id=10305, stack(0x00007fcda4d5e000,0x00007fcda4e5f000)]
  0x00007fcdb808c800 JavaThread "Finalizer" daemon [_thread_blocked, id=10303, stack(0x00007fcda582e000,0x00007fcda592f000)]
  0x00007fcdb8088000 JavaThread "Reference Handler" daemon [_thread_blocked, id=10302, stack(0x00007fcda592f000,0x00007fcda5a30000)]
=>0x00007fcdb8010000 JavaThread "main" [_thread_in_native, id=10295, stack(0x00007fcdbe6da000,0x00007fcdbe7da000)]

Other Threads:
  0x00007fcdb807e000 VMThread [stack: 0x00007fcda5a31000,0x00007fcda5b31000] [id=10301]
  0x00007fcdb80c9800 WatcherThread [stack: 0x00007fcda485a000,0x00007fcda495a000] [id=10310]

VM state:not at safepoint (normal execution)

VM Mutex/Monitor currently owned by a thread: None

heap address: 0x0000000085000000, size: 1968 MB, Compressed Oops mode: 32-bit
Narrow klass base: 0x0000000000000000, Narrow klass shift: 3
Compressed class space size: 1073741824 Address: 0x0000000100000000

Heap:
 PSYoungGen      total 36864K, used 9835K [0x00000000d7000000, 0x00000000db800000, 0x0000000100000000)
  eden space 31744K, 14% used [0x00000000d7000000,0x00000000d74a2d40,0x00000000d8f00000)
  from space 5120K, 99% used [0x00000000d8f00000,0x00000000d93f81c8,0x00000000d9400000)
  to   space 5120K, 0% used [0x00000000db300000,0x00000000db300000,0x00000000db800000)
 ParOldGen       total 84992K, used 10720K [0x0000000085000000, 0x000000008a300000, 0x00000000d7000000)
  object space 84992K, 12% used [0x0000000085000000,0x0000000085a78168,0x000000008a300000)
 Metaspace       used 8339K, capacity 8482K, committed 8704K, reserved 1056768K
  class space    used 918K, capacity 997K, committed 1024K, reserved 1048576K

Card table byte_map: [0x00007fcda7e09000,0x00007fcda81e2000] byte_map_base: 0x00007fcda79e1000

Marking Bits: (ParMarkBitMap*) 0x00007fcdbdb85de0
 Begin Bits: [0x00007fcd94280000, 0x00007fcd96140000)
 End Bits:   [0x00007fcd96140000, 0x00007fcd98000000)

Polling page: 0x00007fcdbe7f5000

CodeCache: size=245760Kb used=2677Kb max_used=2677Kb free=243082Kb
 bounds [0x00007fcda85a2000, 0x00007fcda8842000, 0x00007fcdb75a2000]
 total_blobs=996 nmethods=641 adapters=269
 compilation: enabled

Compilation events (10 events):
Event: 1.019 Thread 0x00007fcdb80c3800  641       3       java.lang.ref.Finalizer::hasBeenFinalized (14 bytes)
Event: 1.019 Thread 0x00007fcdb80c3800 nmethod 641 0x00007fcda883ee90 code [0x00007fcda883f000, 0x00007fcda883f1b0]
Event: 1.019 Thread 0x00007fcdb80c3800  636       3       java.lang.ref.ReferenceQueue::remove (6 bytes)
Event: 1.020 Thread 0x00007fcdb80c3800 nmethod 636 0x00007fcda883f210 code [0x00007fcda883f380, 0x00007fcda883f588]
Event: 1.020 Thread 0x00007fcdb80c3800  638       3       java.lang.ref.Finalizer::access$000 (4 bytes)
Event: 1.020 Thread 0x00007fcdb80c3800 nmethod 638 0x00007fcda883f610 code [0x00007fcda883f760, 0x00007fcda883f890]
Event: 1.020 Thread 0x00007fcdb80c3800  634   !   3       java.util.zip.ZipFile$ZipFileInflaterInputStream::close (67 bytes)
Event: 1.022 Thread 0x00007fcdb80c3800 nmethod 634 0x00007fcda883f910 code [0x00007fcda883fae0, 0x00007fcda88402d8]
Event: 1.028 Thread 0x00007fcdb80c3800  642       3       java.util.Properties::getProperty (46 bytes)
Event: 1.028 Thread 0x00007fcdb80c3800 nmethod 642 0x00007fcda8840690 code [0x00007fcda8840820, 0x00007fcda8840d38]

GC Heap History (2 events):
Event: 0.997 GC heap before
{Heap before GC invocations=1 (full 0):
 PSYoungGen      total 36864K, used 28641K [0x00000000d7000000, 0x00000000d9900000, 0x0000000100000000)
  eden space 31744K, 90% used [0x00000000d7000000,0x00000000d8bf84d0,0x00000000d8f00000)
  from space 5120K, 0% used [0x00000000d9400000,0x00000000d9400000,0x00000000d9900000)
  to   space 5120K, 0% used [0x00000000d8f00000,0x00000000d8f00000,0x00000000d9400000)
 ParOldGen       total 84992K, used 0K [0x0000000085000000, 0x000000008a300000, 0x00000000d7000000)
  object space 84992K, 0% used [0x0000000085000000,0x0000000085000000,0x000000008a300000)
 Metaspace       used 8311K, capacity 8482K, committed 8704K, reserved 1056768K
  class space    used 917K, capacity 997K, committed 1024K, reserved 1048576K
Event: 1.011 GC heap after
Heap after GC invocations=1 (full 0):
 PSYoungGen      total 36864K, used 5088K [0x00000000d7000000, 0x00000000db800000, 0x0000000100000000)
  eden space 31744K, 0% used [0x00000000d7000000,0x00000000d7000000,0x00000000d8f00000)
  from space 5120K, 99% used [0x00000000d8f00000,0x00000000d93f81c8,0x00000000d9400000)
  to   space 5120K, 0% used [0x00000000db300000,0x00000000db300000,0x00000000db800000)
 ParOldGen       total 84992K, used 10720K [0x0000000085000000, 0x000000008a300000, 0x00000000d7000000)
  object space 84992K, 12% used [0x0000000085000000,0x0000000085a78168,0x000000008a300000)
 Metaspace       used 8311K, capacity 8482K, committed 8704K, reserved 1056768K
  class space    used 917K, capacity 997K, committed 1024K, reserved 1048576K
}

Deoptimization events (1 events):
Event: 0.294 Thread 0x00007fcdb8010000 Uncommon trap: reason=unstable_if action=reinterpret pc=0x00007fcda86be9b4 method=java.lang.String.indexOf(II)I @ 49

Classes redefined (0 events):
No events

Internal exceptions (10 events):
Event: 0.031 Thread 0x00007fcdb8010000 Exception <a 'java/lang/NoSuchMethodError': Method sun.misc.Unsafe.prefetchRead(Ljava/lang/Object;J)V name or signature does not match> (0x00000000d7007fa0) thrown at [/HUDSON/workspace/8-2-build-linux-amd64/jdk8u231/13620/hotspot/src/share/vm/prims/jni.c
Event: 0.226 Thread 0x00007fcdb8010000 Exception <a 'java/security/PrivilegedActionException'> (0x00000000d73b3a98) thrown at [/HUDSON/workspace/8-2-build-linux-amd64/jdk8u231/13620/hotspot/src/share/vm/prims/jvm.cpp, line 1502]
Event: 0.226 Thread 0x00007fcdb8010000 Exception <a 'java/security/PrivilegedActionException'> (0x00000000d73b3ca8) thrown at [/HUDSON/workspace/8-2-build-linux-amd64/jdk8u231/13620/hotspot/src/share/vm/prims/jvm.cpp, line 1502]
Event: 0.228 Thread 0x00007fcdb8010000 Exception <a 'java/security/PrivilegedActionException'> (0x00000000d73b6488) thrown at [/HUDSON/workspace/8-2-build-linux-amd64/jdk8u231/13620/hotspot/src/share/vm/prims/jvm.cpp, line 1502]
Event: 0.228 Thread 0x00007fcdb8010000 Exception <a 'java/security/PrivilegedActionException'> (0x00000000d73b6698) thrown at [/HUDSON/workspace/8-2-build-linux-amd64/jdk8u231/13620/hotspot/src/share/vm/prims/jvm.cpp, line 1502]
Event: 0.300 Thread 0x00007fcdb8010000 Exception <a 'java/io/FileNotFoundException'> (0x00000000d75d4ad0) thrown at [/HUDSON/workspace/8-2-build-linux-amd64/jdk8u231/13620/hotspot/src/share/vm/prims/jni.cpp, line 710]
Event: 0.467 Thread 0x00007fcdb8010000 Exception <a 'java/lang/NoSuchFieldError': method resolution failed> (0x00000000d791a910) thrown at [/HUDSON/workspace/8-2-build-linux-amd64/jdk8u231/13620/hotspot/src/share/vm/prims/methodHandles.cpp, line 1167]
Event: 0.470 Thread 0x00007fcdb8010000 Exception <a 'java/lang/NoSuchFieldError': method resolution failed> (0x00000000d7928000) thrown at [/HUDSON/workspace/8-2-build-linux-amd64/jdk8u231/13620/hotspot/src/share/vm/prims/methodHandles.cpp, line 1167]
Event: 0.514 Thread 0x00007fcdb8010000 Exception <a 'java/io/FileNotFoundException'> (0x00000000d79a0998) thrown at [/HUDSON/workspace/8-2-build-linux-amd64/jdk8u231/13620/hotspot/src/share/vm/prims/jni.cpp, line 710]
Event: 0.515 Thread 0x00007fcdb8010000 Exception <a 'java/io/FileNotFoundException'> (0x00000000d79a1368) thrown at [/HUDSON/workspace/8-2-build-linux-amd64/jdk8u231/13620/hotspot/src/share/vm/prims/jni.cpp, line 710]

Events (10 events):
Event: 0.994 Thread 0x00007fcdb8010000 DEOPT PACKING pc=0x00007fcda88356da sp=0x00007fcdbe7d8510
Event: 0.994 Thread 0x00007fcdb8010000 DEOPT UNPACKING pc=0x00007fcda85e9784 sp=0x00007fcdbe7d8270 mode 0
Event: 0.997 Executing VM operation: ParallelGCFailedAllocation
Event: 1.011 Executing VM operation: ParallelGCFailedAllocation done
Event: 1.026 loading class java/nio/DirectByteBuffer$Deallocator
Event: 1.026 loading class java/nio/DirectByteBuffer$Deallocator done
Event: 1.027 loading class java/lang/StrictMath
Event: 1.028 loading class java/lang/StrictMath done
Event: 1.028 loading class com/sun/jna/Native$Buffers
Event: 1.028 loading class com/sun/jna/Native$Buffers done


Dynamic libraries:
00400000-00401000 r-xp 00000000 08:05 526140                             /home/encaps/Downloads/jdk1.8.0_231/bin/java
00600000-00601000 r--p 00000000 08:05 526140                             /home/encaps/Downloads/jdk1.8.0_231/bin/java
00601000-00602000 rw-p 00001000 08:05 526140                             /home/encaps/Downloads/jdk1.8.0_231/bin/java
0133f000-01360000 rw-p 00000000 00:00 0                                  [heap]
85000000-8a300000 rw-p 00000000 00:00 0 
8a300000-d7000000 ---p 00000000 00:00 0 
d7000000-db800000 rw-p 00000000 00:00 0 
db800000-100000000 ---p 00000000 00:00 0 
100000000-100100000 rw-p 00000000 00:00 0 
100100000-140000000 ---p 00000000 00:00 0 
7fcd5c000000-7fcd5c021000 rw-p 00000000 00:00 0 
7fcd5c021000-7fcd60000000 ---p 00000000 00:00 0 
7fcd636ac000-7fcd639c8000 rw-p 00000000 00:00 0 
7fcd63ce4000-7fcd64000000 rw-p 00000000 00:00 0 
7fcd64000000-7fcd64021000 rw-p 00000000 00:00 0 
7fcd64021000-7fcd68000000 ---p 00000000 00:00 0 
7fcd68000000-7fcd68021000 rw-p 00000000 00:00 0 
7fcd68021000-7fcd6c000000 ---p 00000000 00:00 0 
7fcd6c224000-7fcd6c22f000 r-xp 00000000 08:05 1319363                    /usr/lib/x86_64-linux-gnu/libjbig.so.0
7fcd6c22f000-7fcd6c42e000 ---p 0000b000 08:05 1319363                    /usr/lib/x86_64-linux-gnu/libjbig.so.0
7fcd6c42e000-7fcd6c42f000 r--p 0000a000 08:05 1319363                    /usr/lib/x86_64-linux-gnu/libjbig.so.0
7fcd6c42f000-7fcd6c432000 rw-p 0000b000 08:05 1319363                    /usr/lib/x86_64-linux-gnu/libjbig.so.0
7fcd6c432000-7fcd6c456000 r-xp 00000000 08:05 6689884                    /lib/x86_64-linux-gnu/liblzma.so.5.2.2
7fcd6c456000-7fcd6c656000 ---p 00024000 08:05 6689884                    /lib/x86_64-linux-gnu/liblzma.so.5.2.2
7fcd6c656000-7fcd6c657000 r--p 00024000 08:05 6689884                    /lib/x86_64-linux-gnu/liblzma.so.5.2.2
7fcd6c657000-7fcd6c658000 rw-p 00025000 08:05 6689884                    /lib/x86_64-linux-gnu/liblzma.so.5.2.2
7fcd6c658000-7fcd6c6ac000 r-xp 00000000 08:05 1323028                    /usr/lib/x86_64-linux-gnu/libopenjp2.so.2.3.0
7fcd6c6ac000-7fcd6c8ac000 ---p 00054000 08:05 1323028                    /usr/lib/x86_64-linux-gnu/libopenjp2.so.2.3.0
7fcd6c8ac000-7fcd6c8ad000 r--p 00054000 08:05 1323028                    /usr/lib/x86_64-linux-gnu/libopenjp2.so.2.3.0
7fcd6c8ad000-7fcd6c8ae000 rw-p 00055000 08:05 1323028                    /usr/lib/x86_64-linux-gnu/libopenjp2.so.2.3.0
7fcd6c8ae000-7fcd6c914000 r-xp 00000000 08:05 1319838                    /usr/lib/x86_64-linux-gnu/libwebp.so.6.0.2
7fcd6c914000-7fcd6cb13000 ---p 00066000 08:05 1319838                    /usr/lib/x86_64-linux-gnu/libwebp.so.6.0.2
7fcd6cb13000-7fcd6cb14000 r--p 00065000 08:05 1319838                    /usr/lib/x86_64-linux-gnu/libwebp.so.6.0.2
7fcd6cb14000-7fcd6cb15000 rw-p 00066000 08:05 1319838                    /usr/lib/x86_64-linux-gnu/libwebp.so.6.0.2
7fcd6cb15000-7fcd6cb17000 rw-p 00000000 00:00 0 
7fcd6cb17000-7fcd6cb8a000 r-xp 00000000 08:05 1317585                    /usr/lib/x86_64-linux-gnu/libtiff.so.5.3.0
7fcd6cb8a000-7fcd6cd89000 ---p 00073000 08:05 1317585                    /usr/lib/x86_64-linux-gnu/libtiff.so.5.3.0
7fcd6cd89000-7fcd6cd8d000 r--p 00072000 08:05 1317585                    /usr/lib/x86_64-linux-gnu/libtiff.so.5.3.0
7fcd6cd8d000-7fcd6cd8e000 rw-p 00076000 08:05 1317585                    /usr/lib/x86_64-linux-gnu/libtiff.so.5.3.0
7fcd6cd8e000-7fcd6cd96000 r-xp 00000000 08:05 1314230                    /usr/lib/x86_64-linux-gnu/libgif.so.7.0.0
7fcd6cd96000-7fcd6cf95000 ---p 00008000 08:05 1314230                    /usr/lib/x86_64-linux-gnu/libgif.so.7.0.0
7fcd6cf95000-7fcd6cf96000 r--p 00007000 08:05 1314230                    /usr/lib/x86_64-linux-gnu/libgif.so.7.0.0
7fcd6cf96000-7fcd6cf97000 rw-p 00008000 08:05 1314230                    /usr/lib/x86_64-linux-gnu/libgif.so.7.0.0
7fcd6cf97000-7fcd6cffe000 r-xp 00000000 08:05 1310759                    /usr/lib/x86_64-linux-gnu/libjpeg.so.8.1.2
7fcd6cffe000-7fcd6d1fd000 ---p 00067000 08:05 1310759                    /usr/lib/x86_64-linux-gnu/libjpeg.so.8.1.2
7fcd6d1fd000-7fcd6d1fe000 r--p 00066000 08:05 1310759                    /usr/lib/x86_64-linux-gnu/libjpeg.so.8.1.2
7fcd6d1fe000-7fcd6d1ff000 rw-p 00067000 08:05 1310759                    /usr/lib/x86_64-linux-gnu/libjpeg.so.8.1.2
7fcd6d1ff000-7fcd6d230000 r-xp 00000000 08:05 1319566                    /usr/lib/x86_64-linux-gnu/libpng16.so.16.34.0
7fcd6d230000-7fcd6d42f000 ---p 00031000 08:05 1319566                    /usr/lib/x86_64-linux-gnu/libpng16.so.16.34.0
7fcd6d42f000-7fcd6d430000 r--p 00030000 08:05 1319566                    /usr/lib/x86_64-linux-gnu/libpng16.so.16.34.0
7fcd6d430000-7fcd6d431000 rw-p 00031000 08:05 1319566                    /usr/lib/x86_64-linux-gnu/libpng16.so.16.34.0
7fcd6d431000-7fcd6d44d000 r-xp 00000000 08:05 6689996                    /lib/x86_64-linux-gnu/libz.so.1.2.11
7fcd6d44d000-7fcd6d64c000 ---p 0001c000 08:05 6689996                    /lib/x86_64-linux-gnu/libz.so.1.2.11
7fcd6d64c000-7fcd6d64d000 r--p 0001b000 08:05 6689996                    /lib/x86_64-linux-gnu/libz.so.1.2.11
7fcd6d64d000-7fcd6d64e000 rw-p 0001c000 08:05 6689996                    /lib/x86_64-linux-gnu/libz.so.1.2.11
7fcd6d64e000-7fcd6d67c000 r-xp 00000000 08:05 1315488                    /usr/lib/x86_64-linux-gnu/libgomp.so.1.0.0
7fcd6d67c000-7fcd6d87b000 ---p 0002e000 08:05 1315488                    /usr/lib/x86_64-linux-gnu/libgomp.so.1.0.0
7fcd6d87b000-7fcd6d87c000 r--p 0002d000 08:05 1315488                    /usr/lib/x86_64-linux-gnu/libgomp.so.1.0.0
7fcd6d87c000-7fcd6d87d000 rw-p 0002e000 08:05 1315488                    /usr/lib/x86_64-linux-gnu/libgomp.so.1.0.0
7fcd6d87d000-7fcd6d894000 r-xp 00000000 08:05 6692361                    /lib/x86_64-linux-gnu/libgcc_s.so.1
7fcd6d894000-7fcd6da93000 ---p 00017000 08:05 6692361                    /lib/x86_64-linux-gnu/libgcc_s.so.1
7fcd6da93000-7fcd6da94000 r--p 00016000 08:05 6692361                    /lib/x86_64-linux-gnu/libgcc_s.so.1
7fcd6da94000-7fcd6da95000 rw-p 00017000 08:05 6692361                    /lib/x86_64-linux-gnu/libgcc_s.so.1
7fcd6da95000-7fcd6dc0e000 r-xp 00000000 08:05 1313412                    /usr/lib/x86_64-linux-gnu/libstdc++.so.6.0.25
7fcd6dc0e000-7fcd6de0e000 ---p 00179000 08:05 1313412                    /usr/lib/x86_64-linux-gnu/libstdc++.so.6.0.25
7fcd6de0e000-7fcd6de18000 r--p 00179000 08:05 1313412                    /usr/lib/x86_64-linux-gnu/libstdc++.so.6.0.25
7fcd6de18000-7fcd6de1a000 rw-p 00183000 08:05 1313412                    /usr/lib/x86_64-linux-gnu/libstdc++.so.6.0.25
7fcd6de1a000-7fcd6de1e000 rw-p 00000000 00:00 0 
7fcd6de1e000-7fcd6e07a000 r-xp 00000000 08:05 1315373                    /usr/lib/x86_64-linux-gnu/liblept.so.5.0.2
7fcd6e07a000-7fcd6e279000 ---p 0025c000 08:05 1315373                    /usr/lib/x86_64-linux-gnu/liblept.so.5.0.2
7fcd6e279000-7fcd6e27a000 r--p 0025b000 08:05 1315373                    /usr/lib/x86_64-linux-gnu/liblept.so.5.0.2
7fcd6e27a000-7fcd6e280000 rw-p 0025c000 08:05 1315373                    /usr/lib/x86_64-linux-gnu/liblept.so.5.0.2
7fcd6e280000-7fcd6e58d000 r-xp 00000000 08:05 1315545                    /usr/lib/x86_64-linux-gnu/libtesseract.so.4.0.0
7fcd6e58d000-7fcd6e78c000 ---p 0030d000 08:05 1315545                    /usr/lib/x86_64-linux-gnu/libtesseract.so.4.0.0
7fcd6e78c000-7fcd6e791000 r--p 0030c000 08:05 1315545                    /usr/lib/x86_64-linux-gnu/libtesseract.so.4.0.0
7fcd6e791000-7fcd6e792000 rw-p 00311000 08:05 1315545                    /usr/lib/x86_64-linux-gnu/libtesseract.so.4.0.0
7fcd6e792000-7fcd6ea36000 rw-p 00000000 00:00 0 
7fcd6ea36000-7fcd6ea4e000 r-xp 00000000 08:05 3543678                    /home/encaps/.cache/JNA/temp/jna2798278450023913383.tmp (deleted)
7fcd6ea4e000-7fcd6ec4e000 ---p 00018000 08:05 3543678                    /home/encaps/.cache/JNA/temp/jna2798278450023913383.tmp (deleted)
7fcd6ec4e000-7fcd6ec4f000 rw-p 00018000 08:05 3543678                    /home/encaps/.cache/JNA/temp/jna2798278450023913383.tmp (deleted)
7fcd6ec4f000-7fcd6ec62000 r-xp 00000000 08:05 6684930                    /lib/x86_64-linux-gnu/libbsd.so.0.8.7
7fcd6ec62000-7fcd6ee61000 ---p 00013000 08:05 6684930                    /lib/x86_64-linux-gnu/libbsd.so.0.8.7
7fcd6ee61000-7fcd6ee62000 r--p 00012000 08:05 6684930                    /lib/x86_64-linux-gnu/libbsd.so.0.8.7
7fcd6ee62000-7fcd6ee63000 rw-p 00013000 08:05 6684930                    /lib/x86_64-linux-gnu/libbsd.so.0.8.7
7fcd6ee63000-7fcd6ee64000 rw-p 00000000 00:00 0 
7fcd6ee64000-7fcd6ee69000 r-xp 00000000 08:05 1318707                    /usr/lib/x86_64-linux-gnu/libXdmcp.so.6.0.0
7fcd6ee69000-7fcd6f068000 ---p 00005000 08:05 1318707                    /usr/lib/x86_64-linux-gnu/libXdmcp.so.6.0.0
7fcd6f068000-7fcd6f069000 r--p 00004000 08:05 1318707                    /usr/lib/x86_64-linux-gnu/libXdmcp.so.6.0.0
7fcd6f069000-7fcd6f06a000 rw-p 00005000 08:05 1318707                    /usr/lib/x86_64-linux-gnu/libXdmcp.so.6.0.0
7fcd6f06a000-7fcd6f06c000 r-xp 00000000 08:05 1318696                    /usr/lib/x86_64-linux-gnu/libXau.so.6.0.0
7fcd6f06c000-7fcd6f26c000 ---p 00002000 08:05 1318696                    /usr/lib/x86_64-linux-gnu/libXau.so.6.0.0
7fcd6f26c000-7fcd6f26d000 r--p 00002000 08:05 1318696                    /usr/lib/x86_64-linux-gnu/libXau.so.6.0.0
7fcd6f26d000-7fcd6f26e000 rw-p 00003000 08:05 1318696                    /usr/lib/x86_64-linux-gnu/libXau.so.6.0.0
7fcd6f26e000-7fcd6f294000 r-xp 00000000 08:05 1319909                    /usr/lib/x86_64-linux-gnu/libxcb.so.1.1.0
7fcd6f294000-7fcd6f494000 ---p 00026000 08:05 1319909                    /usr/lib/x86_64-linux-gnu/libxcb.so.1.1.0
7fcd6f494000-7fcd6f495000 r--p 00026000 08:05 1319909                    /usr/lib/x86_64-linux-gnu/libxcb.so.1.1.0
7fcd6f495000-7fcd6f496000 rw-p 00027000 08:05 1319909                    /usr/lib/x86_64-linux-gnu/libxcb.so.1.1.0
7fcd6f496000-7fcd6f4a5000 r-xp 00000000 08:05 1318717                    /usr/lib/x86_64-linux-gnu/libXi.so.6.1.0
7fcd6f4a5000-7fcd6f6a4000 ---p 0000f000 08:05 1318717                    /usr/lib/x86_64-linux-gnu/libXi.so.6.1.0
7fcd6f6a4000-7fcd6f6a5000 r--p 0000e000 08:05 1318717                    /usr/lib/x86_64-linux-gnu/libXi.so.6.1.0
7fcd6f6a5000-7fcd6f6a6000 rw-p 0000f000 08:05 1318717                    /usr/lib/x86_64-linux-gnu/libXi.so.6.1.0
7fcd6f6a6000-7fcd6f6ab000 r-xp 00000000 08:05 1318735                    /usr/lib/x86_64-linux-gnu/libXtst.so.6.1.0
7fcd6f6ab000-7fcd6f8aa000 ---p 00005000 08:05 1318735                    /usr/lib/x86_64-linux-gnu/libXtst.so.6.1.0
7fcd6f8aa000-7fcd6f8ab000 r--p 00004000 08:05 1318735                    /usr/lib/x86_64-linux-gnu/libXtst.so.6.1.0
7fcd6f8ab000-7fcd6f8ac000 rw-p 00005000 08:05 1318735                    /usr/lib/x86_64-linux-gnu/libXtst.so.6.1.0
7fcd6f8ac000-7fcd6f8b5000 r-xp 00000000 08:05 1318729                    /usr/lib/x86_64-linux-gnu/libXrender.so.1.3.0
7fcd6f8b5000-7fcd6fab4000 ---p 00009000 08:05 1318729                    /usr/lib/x86_64-linux-gnu/libXrender.so.1.3.0
7fcd6fab4000-7fcd6fab5000 r--p 00008000 08:05 1318729                    /usr/lib/x86_64-linux-gnu/libXrender.so.1.3.0
7fcd6fab5000-7fcd6fab6000 rw-p 00009000 08:05 1318729                    /usr/lib/x86_64-linux-gnu/libXrender.so.1.3.0
7fcd6fab6000-7fcd6fbe9000 r-xp 00000000 08:05 1318692                    /usr/lib/x86_64-linux-gnu/libX11.so.6.3.0
7fcd6fbe9000-7fcd6fde9000 ---p 00133000 08:05 1318692                    /usr/lib/x86_64-linux-gnu/libX11.so.6.3.0
7fcd6fde9000-7fcd6fdea000 r--p 00133000 08:05 1318692                    /usr/lib/x86_64-linux-gnu/libX11.so.6.3.0
7fcd6fdea000-7fcd6fdee000 rw-p 00134000 08:05 1318692                    /usr/lib/x86_64-linux-gnu/libX11.so.6.3.0
7fcd6fdee000-7fcd6fdff000 r-xp 00000000 08:05 1318709                    /usr/lib/x86_64-linux-gnu/libXext.so.6.4.0
7fcd6fdff000-7fcd6fffe000 ---p 00011000 08:05 1318709                    /usr/lib/x86_64-linux-gnu/libXext.so.6.4.0
7fcd6fffe000-7fcd6ffff000 r--p 00010000 08:05 1318709                    /usr/lib/x86_64-linux-gnu/libXext.so.6.4.0
7fcd6ffff000-7fcd70000000 rw-p 00011000 08:05 1318709                    /usr/lib/x86_64-linux-gnu/libXext.so.6.4.0
7fcd70000000-7fcd7027a000 rw-p 00000000 00:00 0 
7fcd7027a000-7fcd74000000 ---p 00000000 00:00 0 
7fcd74000000-7fcd74021000 rw-p 00000000 00:00 0 
7fcd74021000-7fcd78000000 ---p 00000000 00:00 0 
7fcd78000000-7fcd78343000 rw-p 00000000 00:00 0 
7fcd78343000-7fcd7c000000 ---p 00000000 00:00 0 
7fcd7c000000-7fcd7c1cb000 rw-p 00000000 00:00 0 
7fcd7c1cb000-7fcd80000000 ---p 00000000 00:00 0 
7fcd80000000-7fcd80021000 rw-p 00000000 00:00 0 
7fcd80021000-7fcd84000000 ---p 00000000 00:00 0 
7fcd84000000-7fcd84021000 rw-p 00000000 00:00 0 
7fcd84021000-7fcd88000000 ---p 00000000 00:00 0 
7fcd88000000-7fcd88021000 rw-p 00000000 00:00 0 
7fcd88021000-7fcd8c000000 ---p 00000000 00:00 0 
7fcd8c000000-7fcd8c021000 rw-p 00000000 00:00 0 
7fcd8c021000-7fcd90000000 ---p 00000000 00:00 0 
7fcd90000000-7fcd90021000 rw-p 00000000 00:00 0 
7fcd90021000-7fcd94000000 ---p 00000000 00:00 0 
7fcd94020000-7fcd9407b000 r-xp 00000000 08:05 526474                     /home/encaps/Downloads/jdk1.8.0_231/jre/lib/amd64/libawt_xawt.so
7fcd9407b000-7fcd9427a000 ---p 0005b000 08:05 526474                     /home/encaps/Downloads/jdk1.8.0_231/jre/lib/amd64/libawt_xawt.so
7fcd9427a000-7fcd9427b000 r--p 0005a000 08:05 526474                     /home/encaps/Downloads/jdk1.8.0_231/jre/lib/amd64/libawt_xawt.so
7fcd9427b000-7fcd9427e000 rw-p 0005b000 08:05 526474                     /home/encaps/Downloads/jdk1.8.0_231/jre/lib/amd64/libawt_xawt.so
7fcd9427e000-7fcd98000000 rw-p 00000000 00:00 0 
7fcd98000000-7fcd98021000 rw-p 00000000 00:00 0 
7fcd98021000-7fcd9c000000 ---p 00000000 00:00 0 
7fcd9c000000-7fcd9c021000 rw-p 00000000 00:00 0 
7fcd9c021000-7fcda0000000 ---p 00000000 00:00 0 
7fcda0000000-7fcda0021000 rw-p 00000000 00:00 0 
7fcda0021000-7fcda4000000 ---p 00000000 00:00 0 
7fcda4083000-7fcda4086000 ---p 00000000 00:00 0 
7fcda4086000-7fcda40bc000 rw-p 00000000 00:00 0 
7fcda40bc000-7fcda40c0000 r--s 000a4000 08:05 526408                     /home/encaps/Downloads/jdk1.8.0_231/jre/lib/jsse.jar
7fcda40c0000-7fcda40c3000 ---p 00000000 00:00 0 
7fcda40c3000-7fcda41c1000 rw-p 00000000 00:00 0 
7fcda41c1000-7fcda4261000 r-xp 00000000 08:05 526456                     /home/encaps/Downloads/jdk1.8.0_231/jre/lib/amd64/libawt.so
7fcda4261000-7fcda4460000 ---p 000a0000 08:05 526456                     /home/encaps/Downloads/jdk1.8.0_231/jre/lib/amd64/libawt.so
7fcda4460000-7fcda4461000 r--p 0009f000 08:05 526456                     /home/encaps/Downloads/jdk1.8.0_231/jre/lib/amd64/libawt.so
7fcda4461000-7fcda446c000 rw-p 000a0000 08:05 526456                     /home/encaps/Downloads/jdk1.8.0_231/jre/lib/amd64/libawt.so
7fcda446c000-7fcda4491000 rw-p 00000000 00:00 0 
7fcda4491000-7fcda44ad000 r--s 00393000 08:05 526402                     /home/encaps/Downloads/jdk1.8.0_231/jre/lib/ext/cldrdata.jar
7fcda44ad000-7fcda44b7000 r--s 00116000 08:05 526394                     /home/encaps/Downloads/jdk1.8.0_231/jre/lib/ext/localedata.jar
7fcda44b7000-7fcda44b9000 r--s 00004000 08:05 4332193                    /home/encaps/.m2/repository/org/slf4j/log4j-over-slf4j/1.7.30/log4j-over-slf4j-1.7.30.jar
7fcda44b9000-7fcda44bb000 r--s 00003000 08:05 4332191                    /home/encaps/.m2/repository/org/slf4j/jcl-over-slf4j/1.7.30/jcl-over-slf4j-1.7.30.jar
7fcda44bb000-7fcda44bd000 r--s 00000000 08:05 3541690                    /home/encaps/.m2/repository/org/slf4j/jul-to-slf4j/1.7.30/jul-to-slf4j-1.7.30.jar
7fcda44bd000-7fcda44c8000 r--s 00069000 08:05 657606                     /home/encaps/.m2/repository/ch/qos/logback/logback-core/1.2.3/logback-core-1.2.3.jar
7fcda44c8000-7fcda44ce000 r--s 00041000 08:05 657604                     /home/encaps/.m2/repository/ch/qos/logback/logback-classic/1.2.3/logback-classic-1.2.3.jar
7fcda44ce000-7fcda44d2000 r--s 00020000 08:05 4332189                    /home/encaps/.m2/repository/org/jboss/jboss-vfs/3.2.15.Final/jboss-vfs-3.2.15.Final.jar
7fcda44d2000-7fcda44d8000 r--s 0036c000 08:05 4332187                    /home/encaps/.m2/repository/net/sourceforge/lept4j/lept4j/1.13.0/lept4j-1.13.0.jar
7fcda44d8000-7fcda44dc000 r--s 00022000 08:05 4332185                    /home/encaps/.m2/repository/org/apache/pdfbox/jbig2-imageio/3.0.3/jbig2-imageio-3.0.3.jar
7fcda44dc000-7fcda44e1000 r--s 0003a000 08:05 4332183                    /home/encaps/.m2/repository/org/apache/pdfbox/pdfbox-debugger/2.0.18/pdfbox-debugger-2.0.18.jar
7fcda44e1000-7fcda44e3000 r--s 00012000 08:05 4332181                    /home/encaps/.m2/repository/org/apache/pdfbox/pdfbox-tools/2.0.18/pdfbox-tools-2.0.18.jar
7fcda44e3000-7fcda44e5000 r--s 0000e000 08:05 2634094                    /home/encaps/.m2/repository/commons-logging/commons-logging/1.2/commons-logging-1.2.jar
7fcda44e5000-7fcda44ec000 r--s 00177000 08:05 4332211                    /home/encaps/.m2/repository/org/apache/pdfbox/fontbox/2.0.18/fontbox-2.0.18.jar
7fcda44ec000-7fcda4504000 r--s 0027e000 08:05 4332177                    /home/encaps/.m2/repository/org/apache/pdfbox/pdfbox/2.0.18/pdfbox-2.0.18.jar
7fcda4504000-7fcda4510000 r--s 00108000 08:05 4332175                    /home/encaps/.m2/repository/com/lowagie/itext/2.1.7/itext-2.1.7.jar
7fcda4510000-7fcda451a000 r--s 00081000 08:05 4332173                    /home/encaps/.m2/repository/org/apache/xmlgraphics/xmlgraphics-commons/1.4/xmlgraphics-commons-1.4.jar
7fcda451a000-7fcda4528000 r--s 0007f000 08:05 4332171                    /home/encaps/.m2/repository/commons-collections/commons-collections/3.2.1/commons-collections-3.2.1.jar
7fcda4528000-7fcda452d000 r--s 00035000 08:05 4332169                    /home/encaps/.m2/repository/commons-beanutils/commons-beanutils/1.9.2/commons-beanutils-1.9.2.jar
7fcda452d000-7fcda4536000 r--s 0006f000 08:05 1840062                    /home/encaps/.m2/repository/log4j/log4j/1.2.17/log4j-1.2.17.jar
7fcda4536000-7fcda453b000 r--s 00028000 08:05 4332167                    /home/encaps/.m2/repository/org/ghost4j/ghost4j/1.0.1/ghost4j-1.0.1.jar
7fcda453b000-7fcda4546000 r--s 0008f000 08:05 4332165                    /home/encaps/.m2/repository/com/github/jai-imageio/jai-imageio-core/1.4.0/jai-imageio-core-1.4.0.jar
7fcda4546000-7fcda454a000 r--s 0016c000 08:05 4332150                    /home/encaps/.m2/repository/net/java/dev/jna/jna/5.5.0/jna-5.5.0.jar
7fcda454a000-7fcda454d000 r--s 0085e000 08:05 4332151                    /home/encaps/.m2/repository/net/sourceforge/tess4j/tess4j/4.5.1/tess4j-4.5.1.jar
7fcda454d000-7fcda4553000 r--s 0003e000 08:05 1838152                    /home/encaps/.m2/repository/commons-io/commons-io/2.7/commons-io-2.7.jar
7fcda4553000-7fcda455a000 r--s 0005a000 08:05 2240455                    /home/encaps/.m2/repository/org/jsoup/jsoup/1.13.1/jsoup-1.13.1.jar
7fcda455a000-7fcda455b000 r--s 00014000 08:05 2233392                    /home/encaps/.m2/repository/com/squareup/okio/okio/1.14.0/okio-1.14.0.jar
7fcda455b000-7fcda4561000 r--s 00064000 08:05 3015817                    /home/encaps/.m2/repository/com/squareup/okhttp3/okhttp/3.14.9/okhttp-3.14.9.jar
7fcda4561000-7fcda4562000 r--s 00000000 08:05 4069012                    /home/encaps/.m2/repository/org/codehaus/mojo/animal-sniffer-annotations/1.14/animal-sniffer-annotations-1.14.jar
7fcda4562000-7fcda4564000 r--s 00001000 08:05 4069010                    /home/encaps/.m2/repository/com/google/j2objc/j2objc-annotations/1.1/j2objc-annotations-1.1.jar
7fcda4564000-7fcda4566000 r--s 00002000 08:05 4069008                    /home/encaps/.m2/repository/com/google/errorprone/error_prone_annotations/2.1.3/error_prone_annotations-2.1.3.jar
7fcda4566000-7fcda4568000 r--s 00006000 08:05 3808734                    /home/encaps/.m2/repository/org/checkerframework/checker-compat-qual/2.0.0/checker-compat-qual-2.0.0.jar
7fcda4568000-7fcda456b000 r--s 00006000 08:05 3539015                    /home/encaps/.m2/repository/com/google/code/findbugs/jsr305/1.3.9/jsr305-1.3.9.jar
7fcda456b000-7fcda459d000 r--s 0026b000 08:05 3408825                    /home/encaps/.m2/repository/com/google/guava/guava/25.0-jre/guava-25.0-jre.jar
7fcda459d000-7fcda459f000 r--s 0000c000 08:05 1709398                    /home/encaps/.m2/repository/org/apache/commons/commons-exec/1.3/commons-exec-1.3.jar
7fcda459f000-7fcda45ea000 r--s 00307000 08:05 3015522                    /home/encaps/.m2/repository/net/bytebuddy/byte-buddy/1.10.11/byte-buddy-1.10.11.jar
7fcda45ea000-7fcda45f0000 r--s 0004c000 08:05 2635149                    /home/encaps/.m2/repository/org/seleniumhq/selenium/selenium-remote-driver/3.141.59/selenium-remote-driver-3.141.59.jar
7fcda45f0000-7fcda45f6000 r--s 00027000 08:05 2492973                    /home/encaps/.m2/repository/org/seleniumhq/selenium/selenium-api/3.141.59/selenium-api-3.141.59.jar
7fcda45f6000-7fcda45f8000 r--s 00002000 08:05 3278206                    /home/encaps/.m2/repository/org/seleniumhq/selenium/selenium-chrome-driver/3.141.59/selenium-chrome-driver-3.141.59.jar
7fcda45f8000-7fcda45f9000 r--s 00005000 08:05 3015576                    /home/encaps/.m2/repository/org/springframework/spring-jcl/5.2.7.RELEASE/spring-jcl-5.2.7.RELEASE.jar
7fcda45f9000-7fcda4615000 r--s 00145000 08:05 3015574                    /home/encaps/.m2/repository/org/springframework/spring-core/5.2.7.RELEASE/spring-core-5.2.7.RELEASE.jar
7fcda4615000-7fcda4617000 r--s 0000a000 08:05 2764053                    /home/encaps/.m2/repository/jakarta/activation/jakarta.activation-api/1.2.2/jakarta.activation-api-1.2.2.jar
7fcda4617000-7fcda461b000 r--s 00019000 08:05 2764051                    /home/encaps/.m2/repository/jakarta/xml/bind/jakarta.xml.bind-api/2.3.3/jakarta.xml.bind-api-2.3.3.jar
7fcda461b000-7fcda4633000 r--s 0019f000 08:05 1971716                    /home/encaps/.m2/repository/org/projectlombok/lombok/1.18.12/lombok-1.18.12.jar
7fcda4633000-7fcda464d000 r--s 0022d000 08:05 3545990                    /home/encaps/.m2/repository/mysql/mysql-connector-java/8.0.20/mysql-connector-java-8.0.20.jar
7fcda464d000-7fcda4677000 r--s 0013d000 08:05 3015564                    /home/encaps/.m2/repository/org/springframework/boot/spring-boot-autoconfigure/2.3.1.RELEASE/spring-boot-autoconfigure-2.3.1.RELEASE.jar
7fcda4677000-7fcda4690000 r--s 000f9000 08:05 3015562                    /home/encaps/.m2/repository/org/springframework/boot/spring-boot/2.3.1.RELEASE/spring-boot-2.3.1.RELEASE.jar
7fcda4690000-7fcda4696000 r--s 00031000 08:05 3015560                    /home/encaps/.m2/repository/org/springframework/boot/spring-boot-devtools/2.3.1.RELEASE/spring-boot-devtools-2.3.1.RELEASE.jar
7fcda4696000-7fcda469b000 r--s 00040000 08:05 3015558                    /home/encaps/.m2/repository/org/springframework/spring-expression/5.2.7.RELEASE/spring-expression-5.2.7.RELEASE.jar
7fcda469b000-7fcda46ad000 r--s 000d8000 08:05 3015556                    /home/encaps/.m2/repository/org/springframework/spring-webmvc/5.2.7.RELEASE/spring-webmvc-5.2.7.RELEASE.jar
7fcda46ad000-7fcda46c9000 r--s 00144000 08:05 3015554                    /home/encaps/.m2/repository/org/springframework/spring-web/5.2.7.RELEASE/spring-web-5.2.7.RELEASE.jar
7fcda46c9000-7fcda46cf000 r--s 0003c000 08:05 3015552                    /home/encaps/.m2/repository/org/apache/tomcat/embed/tomcat-embed-websocket/9.0.36/tomcat-embed-websocket-9.0.36.jar
7fcda46cf000-7fcda46d4000 r--s 00036000 08:05 2764037                    /home/encaps/.m2/repository/org/glassfish/jakarta.el/3.0.3/jakarta.el-3.0.3.jar
7fcda46d4000-7fcda46ff000 r--s 0030d000 08:05 3015550                    /home/encaps/.m2/repository/org/apache/tomcat/embed/tomcat-embed-core/9.0.36/tomcat-embed-core-9.0.36.jar
7fcda46ff000-7fcda4700000 r--s 00001000 08:05 3015548                    /home/encaps/.m2/repository/org/springframework/boot/spring-boot-starter-tomcat/2.3.1.RELEASE/spring-boot-starter-tomcat-2.3.1.RELEASE.jar
7fcda4700000-7fcda4702000 r--s 00001000 08:05 2764031                    /home/encaps/.m2/repository/com/fasterxml/jackson/module/jackson-module-parameter-names/2.11.0/jackson-module-parameter-names-2.11.0.jar
7fcda4702000-7fcda4706000 r--s 00018000 08:05 2764029                    /home/encaps/.m2/repository/com/fasterxml/jackson/datatype/jackson-datatype-jsr310/2.11.0/jackson-datatype-jsr310-2.11.0.jar
7fcda4706000-7fcda4708000 r--s 00007000 08:05 2764027                    /home/encaps/.m2/repository/com/fasterxml/jackson/datatype/jackson-datatype-jdk8/2.11.0/jackson-datatype-jdk8-2.11.0.jar
7fcda4708000-7fcda470c000 r--s 00052000 08:05 2764025                    /home/encaps/.m2/repository/com/fasterxml/jackson/core/jackson-core/2.11.0/jackson-core-2.11.0.jar
7fcda470c000-7fcda470f000 r--s 0000e000 08:05 2764023                    /home/encaps/.m2/repository/com/fasterxml/jackson/core/jackson-annotations/2.11.0/jackson-annotations-2.11.0.jar
7fcda470f000-7fcda4725000 r--s 00145000 08:05 2634924                    /home/encaps/.m2/repository/com/fasterxml/jackson/core/jackson-databind/2.11.0/jackson-databind-2.11.0.jar
7fcda4725000-7fcda4726000 r--s 00001000 08:05 3015546                    /home/encaps/.m2/repository/org/springframework/boot/spring-boot-starter-json/2.3.1.RELEASE/spring-boot-starter-json-2.3.1.RELEASE.jar
7fcda4726000-7fcda472d000 r--s 00045000 08:05 2372594                    /home/encaps/.m2/repository/org/yaml/snakeyaml/1.26/snakeyaml-1.26.jar
7fcda472d000-7fcda472f000 r--s 00005000 08:05 657614                     /home/encaps/.m2/repository/jakarta/annotation/jakarta.annotation-api/1.3.5/jakarta.annotation-api-1.3.5.jar
7fcda472f000-7fcda4735000 r--s 00042000 08:05 3015544                    /home/encaps/.m2/repository/org/apache/logging/log4j/log4j-api/2.13.3/log4j-api-2.13.3.jar
7fcda4735000-7fcda4737000 r--s 00003000 08:05 3015542                    /home/encaps/.m2/repository/org/apache/logging/log4j/log4j-to-slf4j/2.13.3/log4j-to-slf4j-2.13.3.jar
7fcda4737000-7fcda4738000 r--s 00001000 08:05 3015540                    /home/encaps/.m2/repository/org/springframework/boot/spring-boot-starter-logging/2.3.1.RELEASE/spring-boot-starter-logging-2.3.1.RELEASE.jar
7fcda4738000-7fcda473a000 r--s 0000a000 08:05 3015534                    /home/encaps/.m2/repository/org/springframework/spring-aspects/5.2.7.RELEASE/spring-aspects-5.2.7.RELEASE.jar
7fcda473a000-7fcda473c000 r--s 00009000 08:05 3541732                    /home/encaps/.m2/repository/org/slf4j/slf4j-api/1.7.30/slf4j-api-1.7.30.jar
7fcda473c000-7fcda4749000 r--s 0009c000 08:05 3015532                    /home/encaps/.m2/repository/org/springframework/spring-beans/5.2.7.RELEASE/spring-beans-5.2.7.RELEASE.jar
7fcda4749000-7fcda4752000 r--s 00044000 08:05 3015530                    /home/encaps/.m2/repository/org/springframework/spring-tx/5.2.7.RELEASE/spring-tx-5.2.7.RELEASE.jar
7fcda4752000-7fcda476d000 r--s 00111000 08:05 1971698                    /home/encaps/.m2/repository/org/springframework/spring-context/5.2.7.RELEASE/spring-context-5.2.7.RELEASE.jar
7fcda476d000-7fcda4772000 r--s 0002d000 08:05 3015528                    /home/encaps/.m2/repository/org/springframework/spring-orm/5.2.7.RELEASE/spring-orm-5.2.7.RELEASE.jar
7fcda4772000-7fcda478a000 r--s 00111000 08:05 3015526                    /home/encaps/.m2/repository/org/springframework/data/spring-data-commons/2.3.1.RELEASE/spring-data-commons-2.3.1.RELEASE.jar
7fcda478a000-7fcda4792000 r--s 00052000 08:05 3015524                    /home/encaps/.m2/repository/org/springframework/data/spring-data-jpa/2.3.1.RELEASE/spring-data-jpa-2.3.1.RELEASE.jar
7fcda4792000-7fcda4794000 r--s 0000f000 08:05 4723736                    /home/encaps/.m2/repository/com/sun/activation/jakarta.activation/1.2.2/jakarta.activation-1.2.2.jar
7fcda4794000-7fcda4796000 r--s 00006000 08:05 4461405                    /home/encaps/.m2/repository/com/sun/istack/istack-commons-runtime/3.0.11/istack-commons-runtime-3.0.11.jar
7fcda4796000-7fcda4798000 r--s 00010000 08:05 4333430                    /home/encaps/.m2/repository/org/glassfish/jaxb/txw2/2.3.3/txw2-2.3.3.jar
7fcda4798000-7fcda47ad000 r--s 000e8000 08:05 4067418                    /home/encaps/.m2/repository/org/glassfish/jaxb/jaxb-runtime/2.3.3/jaxb-runtime-2.3.3.jar
7fcda47ad000-7fcda47b0000 r--s 00010000 08:05 788090                     /home/encaps/.m2/repository/org/hibernate/common/hibernate-commons-annotations/5.1.0.Final/hibernate-commons-annotations-5.1.0.Final.jar
7fcda47b0000-7fcda47b5000 r--s 0004b000 08:05 3939151                    /home/encaps/.m2/repository/org/dom4j/dom4j/2.1.3/dom4j-2.1.3.jar
7fcda47b5000-7fcda47ba000 r--s 00068000 08:05 788084                     /home/encaps/.m2/repository/antlr/antlr/2.7.7/antlr-2.7.7.jar
7fcda47ba000-7fcda4840000 r--s 00670000 08:05 3015520                    /home/encaps/.m2/repository/org/hibernate/hibernate-core/5.4.17.Final/hibernate-core-5.4.17.Final.jar
7fcda4840000-7fcda4859000 r--s 001da000 08:05 3541710                    /home/encaps/.m2/repository/org/aspectj/aspectjweaver/1.9.5/aspectjweaver-1.9.5.jar
7fcda4859000-7fcda485a000 ---p 00000000 00:00 0 
7fcda485a000-7fcda495a000 rw-p 00000000 00:00 0 
7fcda495a000-7fcda495d000 ---p 00000000 00:00 0 
7fcda495d000-7fcda4a5b000 rw-p 00000000 00:00 0 
7fcda4a5b000-7fcda4a5c000 ---p 00000000 00:00 0 
7fcda4a5c000-7fcda4a5f000 ---p 00000000 00:00 0 
7fcda4a5f000-7fcda4b5c000 rw-p 00000000 00:00 0 
7fcda4b5c000-7fcda4b5d000 ---p 00000000 00:00 0 
7fcda4b5d000-7fcda4b60000 ---p 00000000 00:00 0 
7fcda4b60000-7fcda4c5d000 rw-p 00000000 00:00 0 
7fcda4c5d000-7fcda4c5e000 ---p 00000000 00:00 0 
7fcda4c5e000-7fcda4c61000 ---p 00000000 00:00 0 
7fcda4c61000-7fcda4d5e000 rw-p 00000000 00:00 0 
7fcda4d5e000-7fcda4d61000 ---p 00000000 00:00 0 
7fcda4d61000-7fcda4e5f000 rw-p 00000000 00:00 0 
7fcda4e5f000-7fcda582e000 r--p 00000000 08:05 1317555                    /usr/lib/locale/locale-archive
7fcda582e000-7fcda5831000 ---p 00000000 00:00 0 
7fcda5831000-7fcda592f000 rw-p 00000000 00:00 0 
7fcda592f000-7fcda5932000 ---p 00000000 00:00 0 
7fcda5932000-7fcda5a30000 rw-p 00000000 00:00 0 
7fcda5a30000-7fcda5a31000 ---p 00000000 00:00 0 
7fcda5a31000-7fcda6ac4000 rw-p 00000000 00:00 0 
7fcda6ac4000-7fcda6c9e000 r--s 03d89000 08:05 526199                     /home/encaps/Downloads/jdk1.8.0_231/jre/lib/rt.jar
7fcda6c9e000-7fcda741e000 rw-p 00000000 00:00 0 
7fcda741e000-7fcda749e000 ---p 00000000 00:00 0 
7fcda749e000-7fcda7876000 rw-p 00000000 00:00 0 
7fcda7876000-7fcda7877000 ---p 00000000 00:00 0 
7fcda7877000-7fcda7977000 rw-p 00000000 00:00 0 
7fcda7977000-7fcda7978000 ---p 00000000 00:00 0 
7fcda7978000-7fcda7a78000 rw-p 00000000 00:00 0 
7fcda7a78000-7fcda7a79000 ---p 00000000 00:00 0 
7fcda7a79000-7fcda7ba3000 rw-p 00000000 00:00 0 
7fcda7ba3000-7fcda7e09000 ---p 00000000 00:00 0 
7fcda7e09000-7fcda7e33000 rw-p 00000000 00:00 0 
7fcda7e33000-7fcda8099000 ---p 00000000 00:00 0 
7fcda8099000-7fcda80bd000 rw-p 00000000 00:00 0 
7fcda80bd000-7fcda81e1000 ---p 00000000 00:00 0 
7fcda81e1000-7fcda81ed000 rw-p 00000000 00:00 0 
7fcda81ed000-7fcda85a2000 ---p 00000000 00:00 0 
7fcda85a2000-7fcda8842000 rwxp 00000000 00:00 0 
7fcda8842000-7fcdb75a2000 ---p 00000000 00:00 0 
7fcdb75a2000-7fcdb75bd000 r-xp 00000000 08:05 526473                     /home/encaps/Downloads/jdk1.8.0_231/jre/lib/amd64/libzip.so
7fcdb75bd000-7fcdb77bc000 ---p 0001b000 08:05 526473                     /home/encaps/Downloads/jdk1.8.0_231/jre/lib/amd64/libzip.so
7fcdb77bc000-7fcdb77bd000 r--p 0001a000 08:05 526473                     /home/encaps/Downloads/jdk1.8.0_231/jre/lib/amd64/libzip.so
7fcdb77bd000-7fcdb77be000 rw-p 0001b000 08:05 526473                     /home/encaps/Downloads/jdk1.8.0_231/jre/lib/amd64/libzip.so
7fcdb77be000-7fcdb77c9000 r-xp 00000000 08:05 6689914                    /lib/x86_64-linux-gnu/libnss_files-2.27.so
7fcdb77c9000-7fcdb79c8000 ---p 0000b000 08:05 6689914                    /lib/x86_64-linux-gnu/libnss_files-2.27.so
7fcdb79c8000-7fcdb79c9000 r--p 0000a000 08:05 6689914                    /lib/x86_64-linux-gnu/libnss_files-2.27.so
7fcdb79c9000-7fcdb79ca000 rw-p 0000b000 08:05 6689914                    /lib/x86_64-linux-gnu/libnss_files-2.27.so
7fcdb79ca000-7fcdb79d0000 rw-p 00000000 00:00 0 
7fcdb79d0000-7fcdb79e7000 r-xp 00000000 08:05 6689908                    /lib/x86_64-linux-gnu/libnsl-2.27.so
7fcdb79e7000-7fcdb7be6000 ---p 00017000 08:05 6689908                    /lib/x86_64-linux-gnu/libnsl-2.27.so
7fcdb7be6000-7fcdb7be7000 r--p 00016000 08:05 6689908                    /lib/x86_64-linux-gnu/libnsl-2.27.so
7fcdb7be7000-7fcdb7be8000 rw-p 00017000 08:05 6689908                    /lib/x86_64-linux-gnu/libnsl-2.27.so
7fcdb7be8000-7fcdb7bea000 rw-p 00000000 00:00 0 
7fcdb7bea000-7fcdb7bf5000 r-xp 00000000 08:05 6689925                    /lib/x86_64-linux-gnu/libnss_nis-2.27.so
7fcdb7bf5000-7fcdb7df4000 ---p 0000b000 08:05 6689925                    /lib/x86_64-linux-gnu/libnss_nis-2.27.so
7fcdb7df4000-7fcdb7df5000 r--p 0000a000 08:05 6689925                    /lib/x86_64-linux-gnu/libnss_nis-2.27.so
7fcdb7df5000-7fcdb7df6000 rw-p 0000b000 08:05 6689925                    /lib/x86_64-linux-gnu/libnss_nis-2.27.so
7fcdb7df6000-7fcdb7dfe000 r-xp 00000000 08:05 6689910                    /lib/x86_64-linux-gnu/libnss_compat-2.27.so
7fcdb7dfe000-7fcdb7ffe000 ---p 00008000 08:05 6689910                    /lib/x86_64-linux-gnu/libnss_compat-2.27.so
7fcdb7ffe000-7fcdb7fff000 r--p 00008000 08:05 6689910                    /lib/x86_64-linux-gnu/libnss_compat-2.27.so
7fcdb7fff000-7fcdb8000000 rw-p 00009000 08:05 6689910                    /lib/x86_64-linux-gnu/libnss_compat-2.27.so
7fcdb8000000-7fcdb8b55000 rw-p 00000000 00:00 0 
7fcdb8b55000-7fcdbc000000 ---p 00000000 00:00 0 
7fcdbc000000-7fcdbc001000 r--s 00001000 08:05 3015538                    /home/encaps/.m2/repository/org/springframework/boot/spring-boot-starter/2.3.1.RELEASE/spring-boot-starter-2.3.1.RELEASE.jar
7fcdbc001000-7fcdbc004000 r--s 0002d000 08:05 3939155                    /home/encaps/.m2/repository/org/jboss/jandex/2.1.3.Final/jandex-2.1.3.Final.jar
7fcdbc004000-7fcdbc00e000 r--s 000b4000 08:05 788082                     /home/encaps/.m2/repository/org/javassist/javassist/3.24.0-GA/javassist-3.24.0-GA.jar
7fcdbc00e000-7fcdbc0d4000 rw-p 00000000 00:00 0 
7fcdbc0d4000-7fcdbc0d5000 ---p 00000000 00:00 0 
7fcdbc0d5000-7fcdbc1d5000 rw-p 00000000 00:00 0 
7fcdbc1d5000-7fcdbc201000 r-xp 00000000 08:05 526464                     /home/encaps/Downloads/jdk1.8.0_231/jre/lib/amd64/libjava.so
7fcdbc201000-7fcdbc401000 ---p 0002c000 08:05 526464                     /home/encaps/Downloads/jdk1.8.0_231/jre/lib/amd64/libjava.so
7fcdbc401000-7fcdbc402000 r--p 0002c000 08:05 526464                     /home/encaps/Downloads/jdk1.8.0_231/jre/lib/amd64/libjava.so
7fcdbc402000-7fcdbc404000 rw-p 0002d000 08:05 526464                     /home/encaps/Downloads/jdk1.8.0_231/jre/lib/amd64/libjava.so
7fcdbc404000-7fcdbc411000 r-xp 00000000 08:05 526455                     /home/encaps/Downloads/jdk1.8.0_231/jre/lib/amd64/libverify.so
7fcdbc411000-7fcdbc610000 ---p 0000d000 08:05 526455                     /home/encaps/Downloads/jdk1.8.0_231/jre/lib/amd64/libverify.so
7fcdbc610000-7fcdbc612000 r--p 0000c000 08:05 526455                     /home/encaps/Downloads/jdk1.8.0_231/jre/lib/amd64/libverify.so
7fcdbc612000-7fcdbc613000 rw-p 0000e000 08:05 526455                     /home/encaps/Downloads/jdk1.8.0_231/jre/lib/amd64/libverify.so
7fcdbc613000-7fcdbc61a000 r-xp 00000000 08:05 6689965                    /lib/x86_64-linux-gnu/librt-2.27.so
7fcdbc61a000-7fcdbc819000 ---p 00007000 08:05 6689965                    /lib/x86_64-linux-gnu/librt-2.27.so
7fcdbc819000-7fcdbc81a000 r--p 00006000 08:05 6689965                    /lib/x86_64-linux-gnu/librt-2.27.so
7fcdbc81a000-7fcdbc81b000 rw-p 00007000 08:05 6689965                    /lib/x86_64-linux-gnu/librt-2.27.so
7fcdbc81b000-7fcdbc9b8000 r-xp 00000000 08:05 6689887                    /lib/x86_64-linux-gnu/libm-2.27.so
7fcdbc9b8000-7fcdbcbb7000 ---p 0019d000 08:05 6689887                    /lib/x86_64-linux-gnu/libm-2.27.so
7fcdbcbb7000-7fcdbcbb8000 r--p 0019c000 08:05 6689887                    /lib/x86_64-linux-gnu/libm-2.27.so
7fcdbcbb8000-7fcdbcbb9000 rw-p 0019d000 08:05 6689887                    /lib/x86_64-linux-gnu/libm-2.27.so
7fcdbcbb9000-7fcdbd8a2000 r-xp 00000000 08:05 526471                     /home/encaps/Downloads/jdk1.8.0_231/jre/lib/amd64/server/libjvm.so
7fcdbd8a2000-7fcdbdaa1000 ---p 00ce9000 08:05 526471                     /home/encaps/Downloads/jdk1.8.0_231/jre/lib/amd64/server/libjvm.so
7fcdbdaa1000-7fcdbdb37000 r--p 00ce8000 08:05 526471                     /home/encaps/Downloads/jdk1.8.0_231/jre/lib/amd64/server/libjvm.so
7fcdbdb37000-7fcdbdb68000 rw-p 00d7e000 08:05 526471                     /home/encaps/Downloads/jdk1.8.0_231/jre/lib/amd64/server/libjvm.so
7fcdbdb68000-7fcdbdba3000 rw-p 00000000 00:00 0 
7fcdbdba3000-7fcdbdd8a000 r-xp 00000000 08:05 6689824                    /lib/x86_64-linux-gnu/libc-2.27.so
7fcdbdd8a000-7fcdbdf8a000 ---p 001e7000 08:05 6689824                    /lib/x86_64-linux-gnu/libc-2.27.so
7fcdbdf8a000-7fcdbdf8e000 r--p 001e7000 08:05 6689824                    /lib/x86_64-linux-gnu/libc-2.27.so
7fcdbdf8e000-7fcdbdf90000 rw-p 001eb000 08:05 6689824                    /lib/x86_64-linux-gnu/libc-2.27.so
7fcdbdf90000-7fcdbdf94000 rw-p 00000000 00:00 0 
7fcdbdf94000-7fcdbdf97000 r-xp 00000000 08:05 6689847                    /lib/x86_64-linux-gnu/libdl-2.27.so
7fcdbdf97000-7fcdbe196000 ---p 00003000 08:05 6689847                    /lib/x86_64-linux-gnu/libdl-2.27.so
7fcdbe196000-7fcdbe197000 r--p 00002000 08:05 6689847                    /lib/x86_64-linux-gnu/libdl-2.27.so
7fcdbe197000-7fcdbe198000 rw-p 00003000 08:05 6689847                    /lib/x86_64-linux-gnu/libdl-2.27.so
7fcdbe198000-7fcdbe1af000 r-xp 00000000 08:05 525448                     /home/encaps/Downloads/jdk1.8.0_231/lib/amd64/jli/libjli.so
7fcdbe1af000-7fcdbe3ae000 ---p 00017000 08:05 525448                     /home/encaps/Downloads/jdk1.8.0_231/lib/amd64/jli/libjli.so
7fcdbe3ae000-7fcdbe3af000 r--p 00016000 08:05 525448                     /home/encaps/Downloads/jdk1.8.0_231/lib/amd64/jli/libjli.so
7fcdbe3af000-7fcdbe3b0000 rw-p 00017000 08:05 525448                     /home/encaps/Downloads/jdk1.8.0_231/lib/amd64/jli/libjli.so
7fcdbe3b0000-7fcdbe3ca000 r-xp 00000000 08:05 6689957                    /lib/x86_64-linux-gnu/libpthread-2.27.so
7fcdbe3ca000-7fcdbe5c9000 ---p 0001a000 08:05 6689957                    /lib/x86_64-linux-gnu/libpthread-2.27.so
7fcdbe5c9000-7fcdbe5ca000 r--p 00019000 08:05 6689957                    /lib/x86_64-linux-gnu/libpthread-2.27.so
7fcdbe5ca000-7fcdbe5cb000 rw-p 0001a000 08:05 6689957                    /lib/x86_64-linux-gnu/libpthread-2.27.so
7fcdbe5cb000-7fcdbe5cf000 rw-p 00000000 00:00 0 
7fcdbe5cf000-7fcdbe5f6000 r-xp 00000000 08:05 6689796                    /lib/x86_64-linux-gnu/ld-2.27.so
7fcdbe5f6000-7fcdbe5f8000 r--s 0000f000 08:05 786747                     /home/encaps/.m2/repository/com/fasterxml/classmate/1.5.1/classmate-1.5.1.jar
7fcdbe5f8000-7fcdbe5fa000 r--s 0000d000 08:05 786745                     /home/encaps/.m2/repository/org/jboss/logging/jboss-logging/3.4.1.Final/jboss-logging-3.4.1.Final.jar
7fcdbe5fa000-7fcdbe600000 r--s 00023000 08:05 788076                     /home/encaps/.m2/repository/jakarta/persistence/jakarta.persistence-api/2.2.3/jakarta.persistence-api-2.2.3.jar
7fcdbe600000-7fcdbe60a000 r--s 0005a000 08:05 3015518                    /home/encaps/.m2/repository/org/springframework/spring-jdbc/5.2.7.RELEASE/spring-jdbc-5.2.7.RELEASE.jar
7fcdbe60a000-7fcdbe60e000 r--s 00023000 08:05 3810793                    /home/encaps/.m2/repository/com/zaxxer/HikariCP/3.4.5/HikariCP-3.4.5.jar
7fcdbe60e000-7fcdbe6d9000 rw-p 00000000 00:00 0 
7fcdbe6d9000-7fcdbe6da000 ---p 00000000 00:00 0 
7fcdbe6da000-7fcdbe6dd000 ---p 00000000 00:00 0 
7fcdbe6dd000-7fcdbe7de000 rw-p 00000000 00:00 0 
7fcdbe7de000-7fcdbe7df000 r--s 00001000 08:05 3015536                    /home/encaps/.m2/repository/org/springframework/boot/spring-boot-starter-web/2.3.1.RELEASE/spring-boot-starter-web-2.3.1.RELEASE.jar
7fcdbe7df000-7fcdbe7e0000 r--s 00003000 08:05 788078                     /home/encaps/.m2/repository/jakarta/transaction/jakarta.transaction-api/1.3.3/jakarta.transaction-api-1.3.3.jar
7fcdbe7e0000-7fcdbe7e1000 r--s 00001000 08:05 3015516                    /home/encaps/.m2/repository/org/springframework/boot/spring-boot-starter-jdbc/2.3.1.RELEASE/spring-boot-starter-jdbc-2.3.1.RELEASE.jar
7fcdbe7e1000-7fcdbe7ea000 r--s 00052000 08:05 2759798                    /home/encaps/.m2/repository/org/springframework/spring-aop/5.2.7.RELEASE/spring-aop-5.2.7.RELEASE.jar
7fcdbe7ea000-7fcdbe7eb000 r--s 00001000 08:05 3015514                    /home/encaps/.m2/repository/org/springframework/boot/spring-boot-starter-aop/2.3.1.RELEASE/spring-boot-starter-aop-2.3.1.RELEASE.jar
7fcdbe7eb000-7fcdbe7ec000 r--s 00001000 08:05 3015512                    /home/encaps/.m2/repository/org/springframework/boot/spring-boot-starter-data-jpa/2.3.1.RELEASE/spring-boot-starter-data-jpa-2.3.1.RELEASE.jar
7fcdbe7ec000-7fcdbe7f4000 rw-s 00000000 08:05 1839807                    /tmp/hsperfdata_encaps/10291
7fcdbe7f4000-7fcdbe7f5000 rw-p 00000000 00:00 0 
7fcdbe7f5000-7fcdbe7f6000 r--p 00000000 00:00 0 
7fcdbe7f6000-7fcdbe7f7000 r--p 00027000 08:05 6689796                    /lib/x86_64-linux-gnu/ld-2.27.so
7fcdbe7f7000-7fcdbe7f8000 rw-p 00028000 08:05 6689796                    /lib/x86_64-linux-gnu/ld-2.27.so
7fcdbe7f8000-7fcdbe7f9000 rw-p 00000000 00:00 0 
7ffd21c5f000-7ffd21c82000 rw-p 00000000 00:00 0                          [stack]
7ffd21d0a000-7ffd21d0d000 r--p 00000000 00:00 0                          [vvar]
7ffd21d0d000-7ffd21d0e000 r-xp 00000000 00:00 0                          [vdso]
ffffffffff600000-ffffffffff601000 --xp 00000000 00:00 0                  [vsyscall]

VM Arguments:
jvm_args: -Dfile.encoding=UTF-8 
java_command: encaps.utils.OCR
java_class_path (initial): /home/encaps/git/demo/demo_yacht/target/classes:/home/encaps/.m2/repository/org/springframework/boot/spring-boot-starter-data-jpa/2.3.1.RELEASE/spring-boot-starter-data-jpa-2.3.1.RELEASE.jar:/home/encaps/.m2/repository/org/springframework/boot/spring-boot-starter-aop/2.3.1.RELEASE/spring-boot-starter-aop-2.3.1.RELEASE.jar:/home/encaps/.m2/repository/org/springframework/spring-aop/5.2.7.RELEASE/spring-aop-5.2.7.RELEASE.jar:/home/encaps/.m2/repository/org/aspectj/aspectjweaver/1.9.5/aspectjweaver-1.9.5.jar:/home/encaps/.m2/repository/org/springframework/boot/spring-boot-starter-jdbc/2.3.1.RELEASE/spring-boot-starter-jdbc-2.3.1.RELEASE.jar:/home/encaps/.m2/repository/com/zaxxer/HikariCP/3.4.5/HikariCP-3.4.5.jar:/home/encaps/.m2/repository/org/springframework/spring-jdbc/5.2.7.RELEASE/spring-jdbc-5.2.7.RELEASE.jar:/home/encaps/.m2/repository/jakarta/transaction/jakarta.transaction-api/1.3.3/jakarta.transaction-api-1.3.3.jar:/home/encaps/.m2/repository/jakarta/persistence/jakarta.persistence-api/2.2.3/jakarta.persistence-api-2.2.3.jar:/home/encaps/.m2/repository/org/hibernate/hibernate-core/5.4.17.Final/hibernate-core-5.4.17.Final.jar:/home/encaps/.m2/repository/org/jboss/logging/jboss-logging/3.4.1.Final/jboss-logging-3.4.1.Final.jar:/home/encaps/.m2/repository/org/javassist/javassist/3.24.0-GA/javassist-3.24.0-GA.jar:/home/encaps/.m2/repository/antlr/antlr/2.7.7/antlr-2.7.7.jar:/home/encaps/.m2/repository/org/jboss/jandex/2.1.3.Final/jandex-2.1.3.Final.jar:/home/encaps/.m2/repository/com/fasterxml/classmate/1.5.1/classmate-1.5.1.jar:/home/encaps/.m2/repository/org/dom4j/dom4j/2.1.3/dom4j-2.1.3.jar:/home/encaps/.m2/repository/org/hibernate/common/hibernate-commons-annotations/5.1.0.Final/hibernate-commons-annotations-5.1.0.Final.jar:/home/encaps/.m2/repository/org/glassfish/jaxb/jaxb-runtime/2.3.3/jaxb-runtime-2.3.3.jar:/home/encaps/.m2/repository/org/glassfish/jaxb/txw2/2.3.3/txw2-2.3.3.jar:/home/encaps/.m2/repository/com/sun/istack/istack-
Launcher Type: SUN_STANDARD

Environment Variables:
JAVA_HOME=/home/encaps/Downloads/jdk1.8.0_231
PATH=/usr/local/sbin:/usr/local/bin:/usr/sbin:/usr/bin:/sbin:/bin:/usr/games:/usr/local/games:/snap/bin:/home/encaps/Downloads/jdk1.8.0_231/bin
USERNAME=encaps
SHELL=/bin/bash
DISPLAY=:0

Signal Handlers:
SIGSEGV: [libjvm.so+0xad4d90], sa_mask[0]=11111111011111111101111111111110, sa_flags=SA_RESTART|SA_SIGINFO
SIGBUS: [libjvm.so+0xad4d90], sa_mask[0]=11111111011111111101111111111110, sa_flags=SA_RESTART|SA_SIGINFO
SIGFPE: [libjvm.so+0x90bc10], sa_mask[0]=11111111011111111101111111111110, sa_flags=SA_RESTART|SA_SIGINFO
SIGPIPE: [libjvm.so+0x90bc10], sa_mask[0]=11111111011111111101111111111110, sa_flags=SA_RESTART|SA_SIGINFO
SIGXFSZ: [libjvm.so+0x90bc10], sa_mask[0]=11111111011111111101111111111110, sa_flags=SA_RESTART|SA_SIGINFO
SIGILL: [libjvm.so+0x90bc10], sa_mask[0]=11111111011111111101111111111110, sa_flags=SA_RESTART|SA_SIGINFO
SIGUSR1: SIG_DFL, sa_mask[0]=00000000000000000000000000000000, sa_flags=none
SIGUSR2: [libjvm.so+0x90bae0], sa_mask[0]=00100000000000000000000000000000, sa_flags=SA_RESTART|SA_SIGINFO
SIGHUP: [libjvm.so+0x90c100], sa_mask[0]=11111111011111111101111111111110, sa_flags=SA_RESTART|SA_SIGINFO
SIGINT: [libjvm.so+0x90c100], sa_mask[0]=11111111011111111101111111111110, sa_flags=SA_RESTART|SA_SIGINFO
SIGTERM: [libjvm.so+0x90c100], sa_mask[0]=11111111011111111101111111111110, sa_flags=SA_RESTART|SA_SIGINFO
SIGQUIT: [libjvm.so+0x90c100], sa_mask[0]=11111111011111111101111111111110, sa_flags=SA_RESTART|SA_SIGINFO


---------------  S Y S T E M  ---------------

OS:DISTRIB_ID=Ubuntu
DISTRIB_RELEASE=18.04
DISTRIB_CODENAME=bionic
DISTRIB_DESCRIPTION="Ubuntu 18.04.4 LTS"

uname:Linux 5.3.0-61-generic #55~18.04.1-Ubuntu SMP Mon Jun 22 16:40:20 UTC 2020 x86_64
libc:glibc 2.27 NPTL 2.27 
rlimit: STACK 8192k, CORE 0k, NPROC 31279, NOFILE 4096, AS infinity
load average:3.39 3.40 2.64

/proc/meminfo:
MemTotal:        8056436 kB
MemFree:          126144 kB
MemAvailable:     256788 kB
Buffers:           27468 kB
Cached:           947092 kB
SwapCached:        27176 kB
Active:          6485596 kB
Inactive:        1018744 kB
Active(anon):    6284608 kB
Inactive(anon):   900848 kB
Active(file):     200988 kB
Inactive(file):   117896 kB
Unevictable:       24300 kB
Mlocked:             208 kB
SwapTotal:       2097148 kB
SwapFree:              4 kB
Dirty:              1536 kB
Writeback:             0 kB
AnonPages:       6527148 kB
Mapped:           696892 kB
Shmem:            655408 kB
KReclaimable:      62064 kB
Slab:             155064 kB
SReclaimable:      62064 kB
SUnreclaim:        93000 kB
KernelStack:       29504 kB
PageTables:       135840 kB
NFS_Unstable:          0 kB
Bounce:                0 kB
WritebackTmp:          0 kB
CommitLimit:     6125364 kB
Committed_AS:   24273896 kB
VmallocTotal:   34359738367 kB
VmallocUsed:       54236 kB
VmallocChunk:          0 kB
Percpu:             1440 kB
HardwareCorrupted:     0 kB
AnonHugePages:      4096 kB
ShmemHugePages:        0 kB
ShmemPmdMapped:        0 kB
CmaTotal:              0 kB
CmaFree:               0 kB
HugePages_Total:       0
HugePages_Free:        0
HugePages_Rsvd:        0
HugePages_Surp:        0
Hugepagesize:       2048 kB
Hugetlb:               0 kB
DirectMap4k:      646964 kB
DirectMap2M:     7645184 kB
DirectMap1G:     1048576 kB

container (cgroup) information:
container_type: cgroupv1
cpu_cpuset_cpus: 0-3
cpu_memory_nodes: 0
active_processor_count: 4
cpu_quota: -1
cpu_period: 100000
cpu_shares: -1
memory_limit_in_bytes: -1
memory_and_swap_limit_in_bytes: -2
memory_soft_limit_in_bytes: -1
memory_usage_in_bytes: 7709175808
memory_max_usage_in_bytes: 3122987008


CPU:total 4 (initial active 4) (2 cores per cpu, 2 threads per core) family 6 model 60 stepping 3, cmov, cx8, fxsr, mmx, sse, sse2, sse3, ssse3, sse4.1, sse4.2, popcnt, avx, avx2, aes, clmul, erms, lzcnt, ht, tsc, tscinvbit, bmi1, bmi2

/proc/cpuinfo:
processor	: 0
vendor_id	: GenuineIntel
cpu family	: 6
model		: 60
model name	: Intel(R) Core(TM) i5-4210M CPU @ 2.60GHz
stepping	: 3
microcode	: 0x28
cpu MHz		: 3029.757
cache size	: 3072 KB
physical id	: 0
siblings	: 4
core id		: 0
cpu cores	: 2
apicid		: 0
initial apicid	: 0
fpu		: yes
fpu_exception	: yes
cpuid level	: 13
wp		: yes
flags		: fpu vme de pse tsc msr pae mce cx8 apic sep mtrr pge mca cmov pat pse36 clflush dts acpi mmx fxsr sse sse2 ss ht tm pbe syscall nx pdpe1gb rdtscp lm constant_tsc arch_perfmon pebs bts rep_good nopl xtopology nonstop_tsc cpuid aperfmperf pni pclmulqdq dtes64 monitor ds_cpl vmx est tm2 ssse3 sdbg fma cx16 xtpr pdcm pcid sse4_1 sse4_2 movbe popcnt tsc_deadline_timer aes xsave avx f16c rdrand lahf_lm abm cpuid_fault epb invpcid_single pti ssbd ibrs ibpb stibp tpr_shadow vnmi flexpriority ept vpid ept_ad fsgsbase tsc_adjust bmi1 avx2 smep bmi2 erms invpcid xsaveopt dtherm ida arat pln pts md_clear flush_l1d
bugs		: cpu_meltdown spectre_v1 spectre_v2 spec_store_bypass l1tf mds swapgs itlb_multihit srbds
bogomips	: 5187.78
clflush size	: 64
cache_alignment	: 64
address sizes	: 39 bits physical, 48 bits virtual
power management:

processor	: 1
vendor_id	: GenuineIntel
cpu family	: 6
model		: 60
model name	: Intel(R) Core(TM) i5-4210M CPU @ 2.60GHz
stepping	: 3
microcode	: 0x28
cpu MHz		: 3012.256
cache size	: 3072 KB
physical id	: 0
siblings	: 4
core id		: 1
cpu cores	: 2
apicid		: 2
initial apicid	: 2
fpu		: yes
fpu_exception	: yes
cpuid level	: 13
wp		: yes
flags		: fpu vme de pse tsc msr pae mce cx8 apic sep mtrr pge mca cmov pat pse36 clflush dts acpi mmx fxsr sse sse2 ss ht tm pbe syscall nx pdpe1gb rdtscp lm constant_tsc arch_perfmon pebs bts rep_good nopl xtopology nonstop_tsc cpuid aperfmperf pni pclmulqdq dtes64 monitor ds_cpl vmx est tm2 ssse3 sdbg fma cx16 xtpr pdcm pcid sse4_1 sse4_2 movbe popcnt tsc_deadline_timer aes xsave avx f16c rdrand lahf_lm abm cpuid_fault epb invpcid_single pti ssbd ibrs ibpb stibp tpr_shadow vnmi flexpriority ept vpid ept_ad fsgsbase tsc_adjust bmi1 avx2 smep bmi2 erms invpcid xsaveopt dtherm ida arat pln pts md_clear flush_l1d
bugs		: cpu_meltdown spectre_v1 spectre_v2 spec_store_bypass l1tf mds swapgs itlb_multihit srbds
bogomips	: 5187.78
clflush size	: 64
cache_alignment	: 64
address sizes	: 39 bits physical, 48 bits virtual
power management:

processor	: 2
vendor_id	: GenuineIntel
cpu family	: 6
model		: 60
model name	: Intel(R) Core(TM) i5-4210M CPU @ 2.60GHz
stepping	: 3
microcode	: 0x28
cpu MHz		: 2982.445
cache size	: 3072 KB
physical id	: 0
siblings	: 4
core id		: 0
cpu cores	: 2
apicid		: 1
initial apicid	: 1
fpu		: yes
fpu_exception	: yes
cpuid level	: 13
wp		: yes
flags		: fpu vme de pse tsc msr pae mce cx8 apic sep mtrr pge mca cmov pat pse36 clflush dts acpi mmx fxsr sse sse2 ss ht tm pbe syscall nx pdpe1gb rdtscp lm constant_tsc arch_perfmon pebs bts rep_good nopl xtopology nonstop_tsc cpuid aperfmperf pni pclmulqdq dtes64 monitor ds_cpl vmx est tm2 ssse3 sdbg fma cx16 xtpr pdcm pcid sse4_1 sse4_2 movbe popcnt tsc_deadline_timer aes xsave avx f16c rdrand lahf_lm abm cpuid_fault epb invpcid_single pti ssbd ibrs ibpb stibp tpr_shadow vnmi flexpriority ept vpid ept_ad fsgsbase tsc_adjust bmi1 avx2 smep bmi2 erms invpcid xsaveopt dtherm ida arat pln pts md_clear flush_l1d
bugs		: cpu_meltdown spectre_v1 spectre_v2 spec_store_bypass l1tf mds swapgs itlb_multihit srbds
bogomips	: 5187.78
clflush size	: 64
cache_alignment	: 64
address sizes	: 39 bits physical, 48 bits virtual
power management:

processor	: 3
vendor_id	: GenuineIntel
cpu family	: 6
model		: 60
model name	: Intel(R) Core(TM) i5-4210M CPU @ 2.60GHz
stepping	: 3
microcode	: 0x28
cpu MHz		: 3054.884
cache size	: 3072 KB
physical id	: 0
siblings	: 4
core id		: 1
cpu cores	: 2
apicid		: 3
initial apicid	: 3
fpu		: yes
fpu_exception	: yes
cpuid level	: 13
wp		: yes
flags		: fpu vme de pse tsc msr pae mce cx8 apic sep mtrr pge mca cmov pat pse36 clflush dts acpi mmx fxsr sse sse2 ss ht tm pbe syscall nx pdpe1gb rdtscp lm constant_tsc arch_perfmon pebs bts rep_good nopl xtopology nonstop_tsc cpuid aperfmperf pni pclmulqdq dtes64 monitor ds_cpl vmx est tm2 ssse3 sdbg fma cx16 xtpr pdcm pcid sse4_1 sse4_2 movbe popcnt tsc_deadline_timer aes xsave avx f16c rdrand lahf_lm abm cpuid_fault epb invpcid_single pti ssbd ibrs ibpb stibp tpr_shadow vnmi flexpriority ept vpid ept_ad fsgsbase tsc_adjust bmi1 avx2 smep bmi2 erms invpcid xsaveopt dtherm ida arat pln pts md_clear flush_l1d
bugs		: cpu_meltdown spectre_v1 spectre_v2 spec_store_bypass l1tf mds swapgs itlb_multihit srbds
bogomips	: 5187.78
clflush size	: 64
cache_alignment	: 64
address sizes	: 39 bits physical, 48 bits virtual
power management:



Memory: 4k page, physical 8056436k(116804k free), swap 2097148k(0k free)

vm_info: Java HotSpot(TM) 64-Bit Server VM (25.231-b11) for linux-amd64 JRE (1.8.0_231-b11), built on Oct  5 2019 03:00:41 by "java_re" with gcc 7.3.0

time: Sun Jul  5 23:07:03 2020
timezone: EEST
elapsed time: 1 seconds (0d 0h 0m 1s)

