#
# A fatal error has been detected by the Java Runtime Environment:
#
#  SIGSEGV (0xb) at pc=0x00007fa3bcd91c27, pid=11220, tid=0x00007fa3f52c9700
#
# JRE version: Java(TM) SE Runtime Environment (8.0_231-b11) (build 1.8.0_231-b11)
# Java VM: Java HotSpot(TM) 64-Bit Server VM (25.231-b11 mixed mode linux-amd64 compressed oops)
# Problematic frame:
# C  [libtesseract.so+0xa1c27]  tesseract::Tesseract::recog_all_words(PAGE_RES*, ETEXT_DESC*, TBOX const*, char const*, int)+0x437
#
# Failed to write core dump. Core dumps have been disabled. To enable core dumping, try "ulimit -c unlimited" before starting Java again
#
# If you would like to submit a bug report, please visit:
#   http://bugreport.java.com/bugreport/crash.jsp
# The crash happened outside the Java Virtual Machine in native code.
# See problematic frame for where to report the bug.
#

---------------  T H R E A D  ---------------

Current thread (0x00007fa3ec010000):  JavaThread "main" [_thread_in_native, id=11224, stack(0x00007fa3f51ca000,0x00007fa3f52ca000)]

siginfo: si_signo: 11 (SIGSEGV), si_code: 1 (SEGV_MAPERR), si_addr: 0x000000000000000c

Registers:
RAX=0x0000000000000000, RBX=0x00007fa3ec943160, RCX=0x0000000000000000, RDX=0x00007fa3ec964d58
RSP=0x00007fa3f52c7670, RBP=0x00007fa3f52c76c0, RSI=0x0000000000000000, RDI=0x00007fa3f52c7780
R8 =0x0000000000000000, R9 =0x0000000000000000, R10=0x00007fa3f47fd430, R11=0x0000000000000000
R12=0x00007fa3ec670990, R13=0x0000000000000000, R14=0x0000000000000000, R15=0x00007fa3ec670990
RIP=0x00007fa3bcd91c27, EFLAGS=0x0000000000010246, CSGSFS=0x002b000000000033, ERR=0x0000000000000004
  TRAPNO=0x000000000000000e

Top of Stack: (sp=0x00007fa3f52c7670)
0x00007fa3f52c7670:   0000000000000000 0000000000000000
0x00007fa3f52c7680:   0000000000000000 00007fa3ec9a4de0
0x00007fa3f52c7690:   00007fa3ec9e49f0 00007fa3ec9de1c0
0x00007fa3f52c76a0:   0000000000000001 00007fa3f52c76d0
0x00007fa3f52c76b0:   00007fa3ec9a4de0 00007fa3bcf2299e
0x00007fa3f52c76c0:   00007fa3ec670990 0000000000000000
0x00007fa3f52c76d0:   0000000000000000 0000000000000000
0x00007fa3f52c76e0:   00007fa3ec978780 00007fa3ec99a310
0x00007fa3f52c76f0:   00007fa3ec9de1c0 00007fa3ec474520
0x00007fa3f52c7700:   00007fa3ec99a310 00007fa3ec9de1c0
0x00007fa3f52c7710:   00007fa3ec670998 00007fa3ec9de1c0
0x00007fa3f52c7720:   00007fa3ec9de1c0 00007fa3ec9de1c0
0x00007fa3f52c7730:   0000000000000000 00007fa3ec9de1c0
0x00007fa3f52c7740:   00007fa3ec9de100 00007fa3ec9de1e8
0x00007fa3f52c7750:   00007fa3ec9a4de0 00007fa3ec99a310
0x00007fa3f52c7760:   00007fa3ec9954f0 00007fa3ec960000
0x00007fa3f52c7770:   00007fa3ec99a310 00007fa3ec670900
0x00007fa3f52c7780:   00007fa3ec99a330 00007fa3ec474520
0x00007fa3f52c7790:   00007fa3ec9759f0 00007fa3ec0a7070
0x00007fa3f52c77a0:   0000000000000000 00007fa3ec978780
0x00007fa3f52c77b0:   00007fa3ec964e01 c5766db04ab8c000
0x00007fa3f52c77c0:   00007fa3f52c77f0 00007fa3ec93f840
0x00007fa3f52c77d0:   00007fa3f52c7860 0000000000000000
0x00007fa3f52c77e0:   0000000000000000 0000000000000001
0x00007fa3f52c77f0:   00007fa3ec670990 00007fa3bcd7b160
0x00007fa3f52c7800:   00007fa3ec93f840 00007fa3dd226b2c
0x00007fa3f52c7810:   00007fa3f52c79e8 00007fa3f52c7a30
0x00007fa3f52c7820:   00007fa3f52c7801 c5766db04ab8c000
0x00007fa3f52c7830:   0000000000000008 00007fa3ec93f840
0x00007fa3f52c7840:   00007fa3f52c79f0 0000000000000008
0x00007fa3f52c7850:   0000000000000001 00007fa3f52c79d0
0x00007fa3f52c7860:   00007fa3f52c78b0 00007fa3bcd7c3ff 

Instructions: (pc=0x00007fa3bcd91c27)
0x00007fa3bcd91c07:   00 31 f6 48 89 ef e8 ce f9 18 00 8b 83 a0 15 00
0x00007fa3bcd91c17:   00 85 c0 0f 8f c0 00 00 00 48 8b 83 40 0a 00 00
0x00007fa3bcd91c27:   80 78 0c 00 0f 85 a7 02 00 00 8b 83 58 47 02 00
0x00007fa3bcd91c37:   85 c0 0f 8e b1 00 00 00 31 d2 45 31 ff eb 2c 66 

Register to memory mapping:

RAX=0x0000000000000000 is an unknown value
RBX=0x00007fa3ec943160 is an unknown value
RCX=0x0000000000000000 is an unknown value
RDX=0x00007fa3ec964d58 is an unknown value
RSP=0x00007fa3f52c7670 is pointing into the stack for thread: 0x00007fa3ec010000
RBP=0x00007fa3f52c76c0 is pointing into the stack for thread: 0x00007fa3ec010000
RSI=0x0000000000000000 is an unknown value
RDI=0x00007fa3f52c7780 is pointing into the stack for thread: 0x00007fa3ec010000
R8 =0x0000000000000000 is an unknown value
R9 =0x0000000000000000 is an unknown value
R10=0x00007fa3f47fd430: <offset 0x16a430> in /lib/x86_64-linux-gnu/libc.so.6 at 0x00007fa3f4693000
R11=0x0000000000000000 is an unknown value
R12=0x00007fa3ec670990 is an unknown value
R13=0x0000000000000000 is an unknown value
R14=0x0000000000000000 is an unknown value
R15=0x00007fa3ec670990 is an unknown value


Stack: [0x00007fa3f51ca000,0x00007fa3f52ca000],  sp=0x00007fa3f52c7670,  free space=1013k
Native frames: (J=compiled Java code, j=interpreted, Vv=VM code, C=native code)
C  [libtesseract.so+0xa1c27]  tesseract::Tesseract::recog_all_words(PAGE_RES*, ETEXT_DESC*, TBOX const*, char const*, int)+0x437
C  0x0000000000000000

Java frames: (J=compiled Java code, j=interpreted, Vv=VM code)
j  com.sun.jna.Native.invokePointer(Lcom/sun/jna/Function;JI[Ljava/lang/Object;)J+0
j  com.sun.jna.Function.invokePointer(I[Ljava/lang/Object;)Lcom/sun/jna/Pointer;+7
j  com.sun.jna.Function.invoke([Ljava/lang/Object;Ljava/lang/Class;ZI)Ljava/lang/Object;+385
j  com.sun.jna.Function.invoke(Ljava/lang/reflect/Method;[Ljava/lang/Class;Ljava/lang/Class;[Ljava/lang/Object;Ljava/util/Map;)Ljava/lang/Object;+271
j  com.sun.jna.Library$Handler.invoke(Ljava/lang/Object;Ljava/lang/reflect/Method;[Ljava/lang/Object;)Ljava/lang/Object;+390
j  com.sun.proxy.$Proxy0.TessBaseAPIGetUTF8Text(Lnet/sourceforge/tess4j/ITessAPI$TessBaseAPI;)Lcom/sun/jna/Pointer;+16
j  net.sourceforge.tess4j.Tesseract.getOCRText(Ljava/lang/String;I)Ljava/lang/String;+269
j  net.sourceforge.tess4j.Tesseract.doOCR(Ljavax/imageio/IIOImage;Ljava/lang/String;Ljava/awt/Rectangle;I)Ljava/lang/String;+18
j  net.sourceforge.tess4j.Tesseract.doOCR(Ljava/io/File;Ljava/awt/Rectangle;)Ljava/lang/String;+126
j  encaps.utils.OCR.ocr(Ljava/lang/String;)Ljava/lang/String;+33
j  encaps.utils.OCR.main([Ljava/lang/String;)V+2
v  ~StubRoutines::call_stub

---------------  P R O C E S S  ---------------

Java Threads: ( => current thread )
  0x00007fa3ec711800 JavaThread "process reaper" daemon [_thread_blocked, id=11247, stack(0x00007fa3bd4be000,0x00007fa3bd4f7000)]
  0x00007fa3ec6d8800 JavaThread "Java2D Disposer" daemon [_thread_blocked, id=11245, stack(0x00007fa3bd710000,0x00007fa3bd811000)]
  0x00007fa3b0001000 JavaThread "Attach Listener" daemon [_thread_blocked, id=11243, stack(0x00007fa3bee56000,0x00007fa3bef57000)]
  0x00007fa3ec0c6800 JavaThread "Service Thread" daemon [_thread_blocked, id=11240, stack(0x00007fa3bf530000,0x00007fa3bf631000)]
  0x00007fa3ec0c3800 JavaThread "C1 CompilerThread2" daemon [_thread_blocked, id=11239, stack(0x00007fa3cc07f000,0x00007fa3cc17f000)]
  0x00007fa3ec0c2000 JavaThread "C2 CompilerThread1" daemon [_thread_blocked, id=11238, stack(0x00007fa3cc180000,0x00007fa3cc280000)]
  0x00007fa3ec0bf000 JavaThread "C2 CompilerThread0" daemon [_thread_blocked, id=11237, stack(0x00007fa3dc0f2000,0x00007fa3dc1f2000)]
  0x00007fa3ec0bd800 JavaThread "Signal Dispatcher" daemon [_thread_blocked, id=11236, stack(0x00007fa3dc1f2000,0x00007fa3dc2f3000)]
  0x00007fa3ec08c800 JavaThread "Finalizer" daemon [_thread_blocked, id=11235, stack(0x00007fa3dc2f3000,0x00007fa3dc3f4000)]
  0x00007fa3ec088000 JavaThread "Reference Handler" daemon [_thread_blocked, id=11234, stack(0x00007fa3dc3f4000,0x00007fa3dc4f5000)]
=>0x00007fa3ec010000 JavaThread "main" [_thread_in_native, id=11224, stack(0x00007fa3f51ca000,0x00007fa3f52ca000)]

Other Threads:
  0x00007fa3ec07e000 VMThread [stack: 0x00007fa3dc4f6000,0x00007fa3dc5f6000] [id=11233]
  0x00007fa3ec0c9800 WatcherThread [stack: 0x00007fa3bf430000,0x00007fa3bf530000] [id=11241]

VM state:not at safepoint (normal execution)

VM Mutex/Monitor currently owned by a thread: None

heap address: 0x0000000085000000, size: 1968 MB, Compressed Oops mode: 32-bit
Narrow klass base: 0x0000000000000000, Narrow klass shift: 3
Compressed class space size: 1073741824 Address: 0x0000000100000000

Heap:
 PSYoungGen      total 36864K, used 9836K [0x00000000d7000000, 0x00000000db800000, 0x0000000100000000)
  eden space 31744K, 14% used [0x00000000d7000000,0x00000000d749fa78,0x00000000d8f00000)
  from space 5120K, 99% used [0x00000000d8f00000,0x00000000d93fb6b8,0x00000000d9400000)
  to   space 5120K, 0% used [0x00000000db300000,0x00000000db300000,0x00000000db800000)
 ParOldGen       total 84992K, used 10820K [0x0000000085000000, 0x000000008a300000, 0x00000000d7000000)
  object space 84992K, 12% used [0x0000000085000000,0x0000000085a91220,0x000000008a300000)
 Metaspace       used 8416K, capacity 8546K, committed 8704K, reserved 1056768K
  class space    used 925K, capacity 997K, committed 1024K, reserved 1048576K

Card table byte_map: [0x00007fa3f1ace000,0x00007fa3f1ea7000] byte_map_base: 0x00007fa3f16a6000

Marking Bits: (ParMarkBitMap*) 0x00007fa3f4675de0
 Begin Bits: [0x00007fa3cc280000, 0x00007fa3ce140000)
 End Bits:   [0x00007fa3ce140000, 0x00007fa3d0000000)

Polling page: 0x00007fa3f52e5000

CodeCache: size=245760Kb used=2810Kb max_used=2811Kb free=242949Kb
 bounds [0x00007fa3dd000000, 0x00007fa3dd2d0000, 0x00007fa3ec000000]
 total_blobs=998 nmethods=643 adapters=269
 compilation: enabled

Compilation events (10 events):
Event: 0.661 Thread 0x00007fa3ec0c3800  640       3       java.lang.ref.Finalizer::access$000 (4 bytes)
Event: 0.661 Thread 0x00007fa3ec0c3800 nmethod 640 0x00007fa3dd2bd9d0 code [0x00007fa3dd2bdb20, 0x00007fa3dd2bdc50]
Event: 0.661 Thread 0x00007fa3ec0c3800  636   !   3       java.util.zip.ZipFile$ZipFileInflaterInputStream::close (67 bytes)
Event: 0.661 Thread 0x00007fa3ec0c3800 nmethod 636 0x00007fa3dd2bcc50 code [0x00007fa3dd2bce20, 0x00007fa3dd2bd618]
Event: 0.661 Thread 0x00007fa3ec0c3800  641       3       java.lang.ref.Finalizer::access$100 (6 bytes)
Event: 0.661 Thread 0x00007fa3ec0c3800 nmethod 641 0x00007fa3dd2bc8d0 code [0x00007fa3dd2bca40, 0x00007fa3dd2bcba8]
Event: 0.661 Thread 0x00007fa3ec0c3800  642   !   3       java.lang.ref.Finalizer::runFinalizer (62 bytes)
Event: 0.662 Thread 0x00007fa3ec0c3800 nmethod 642 0x00007fa3dd2bbc10 code [0x00007fa3dd2bbdc0, 0x00007fa3dd2bc638]
Event: 0.662 Thread 0x00007fa3ec0c3800  643       3       java.lang.ref.Finalizer::hasBeenFinalized (14 bytes)
Event: 0.662 Thread 0x00007fa3ec0c3800 nmethod 643 0x00007fa3dd2bb890 code [0x00007fa3dd2bba00, 0x00007fa3dd2bbbb0]

GC Heap History (2 events):
Event: 0.633 GC heap before
{Heap before GC invocations=1 (full 0):
 PSYoungGen      total 36864K, used 30117K [0x00000000d7000000, 0x00000000d9900000, 0x0000000100000000)
  eden space 31744K, 94% used [0x00000000d7000000,0x00000000d8d69440,0x00000000d8f00000)
  from space 5120K, 0% used [0x00000000d9400000,0x00000000d9400000,0x00000000d9900000)
  to   space 5120K, 0% used [0x00000000d8f00000,0x00000000d8f00000,0x00000000d9400000)
 ParOldGen       total 84992K, used 0K [0x0000000085000000, 0x000000008a300000, 0x00000000d7000000)
  object space 84992K, 0% used [0x0000000085000000,0x0000000085000000,0x000000008a300000)
 Metaspace       used 8385K, capacity 8546K, committed 8704K, reserved 1056768K
  class space    used 923K, capacity 997K, committed 1024K, reserved 1048576K
Event: 0.644 GC heap after
Heap after GC invocations=1 (full 0):
 PSYoungGen      total 36864K, used 5101K [0x00000000d7000000, 0x00000000db800000, 0x0000000100000000)
  eden space 31744K, 0% used [0x00000000d7000000,0x00000000d7000000,0x00000000d8f00000)
  from space 5120K, 99% used [0x00000000d8f00000,0x00000000d93fb6b8,0x00000000d9400000)
  to   space 5120K, 0% used [0x00000000db300000,0x00000000db300000,0x00000000db800000)
 ParOldGen       total 84992K, used 10820K [0x0000000085000000, 0x000000008a300000, 0x00000000d7000000)
  object space 84992K, 12% used [0x0000000085000000,0x0000000085a91220,0x000000008a300000)
 Metaspace       used 8385K, capacity 8546K, committed 8704K, reserved 1056768K
  class space    used 923K, capacity 997K, committed 1024K, reserved 1048576K
}

Deoptimization events (2 events):
Event: 0.193 Thread 0x00007fa3ec010000 Uncommon trap: reason=unstable_if action=reinterpret pc=0x00007fa3dd12b5f4 method=java.lang.String.indexOf(II)I @ 49
Event: 0.324 Thread 0x00007fa3ec010000 Uncommon trap: reason=unstable_if action=reinterpret pc=0x00007fa3dd1a57e8 method=sun.misc.MetaIndex.mayContain(Ljava/lang/String;)Z @ 38

Classes redefined (0 events):
No events

Internal exceptions (10 events):
Event: 0.028 Thread 0x00007fa3ec010000 Exception <a 'java/lang/NoSuchMethodError': Method sun.misc.Unsafe.prefetchRead(Ljava/lang/Object;J)V name or signature does not match> (0x00000000d7007fa0) thrown at [/HUDSON/workspace/8-2-build-linux-amd64/jdk8u231/13620/hotspot/src/share/vm/prims/jni.c
Event: 0.159 Thread 0x00007fa3ec010000 Exception <a 'java/security/PrivilegedActionException'> (0x00000000d73b4908) thrown at [/HUDSON/workspace/8-2-build-linux-amd64/jdk8u231/13620/hotspot/src/share/vm/prims/jvm.cpp, line 1502]
Event: 0.159 Thread 0x00007fa3ec010000 Exception <a 'java/security/PrivilegedActionException'> (0x00000000d73b4b18) thrown at [/HUDSON/workspace/8-2-build-linux-amd64/jdk8u231/13620/hotspot/src/share/vm/prims/jvm.cpp, line 1502]
Event: 0.159 Thread 0x00007fa3ec010000 Exception <a 'java/security/PrivilegedActionException'> (0x00000000d73b72f8) thrown at [/HUDSON/workspace/8-2-build-linux-amd64/jdk8u231/13620/hotspot/src/share/vm/prims/jvm.cpp, line 1502]
Event: 0.159 Thread 0x00007fa3ec010000 Exception <a 'java/security/PrivilegedActionException'> (0x00000000d73b7508) thrown at [/HUDSON/workspace/8-2-build-linux-amd64/jdk8u231/13620/hotspot/src/share/vm/prims/jvm.cpp, line 1502]
Event: 0.198 Thread 0x00007fa3ec010000 Exception <a 'java/io/FileNotFoundException'> (0x00000000d75d57c8) thrown at [/HUDSON/workspace/8-2-build-linux-amd64/jdk8u231/13620/hotspot/src/share/vm/prims/jni.cpp, line 710]
Event: 0.299 Thread 0x00007fa3ec010000 Exception <a 'java/lang/NoSuchFieldError': method resolution failed> (0x00000000d7987a18) thrown at [/HUDSON/workspace/8-2-build-linux-amd64/jdk8u231/13620/hotspot/src/share/vm/prims/methodHandles.cpp, line 1167]
Event: 0.301 Thread 0x00007fa3ec010000 Exception <a 'java/lang/NoSuchFieldError': method resolution failed> (0x00000000d79953e0) thrown at [/HUDSON/workspace/8-2-build-linux-amd64/jdk8u231/13620/hotspot/src/share/vm/prims/methodHandles.cpp, line 1167]
Event: 0.319 Thread 0x00007fa3ec010000 Exception <a 'java/io/FileNotFoundException'> (0x00000000d7a0dde8) thrown at [/HUDSON/workspace/8-2-build-linux-amd64/jdk8u231/13620/hotspot/src/share/vm/prims/jni.cpp, line 710]
Event: 0.319 Thread 0x00007fa3ec010000 Exception <a 'java/io/FileNotFoundException'> (0x00000000d7a0e7b8) thrown at [/HUDSON/workspace/8-2-build-linux-amd64/jdk8u231/13620/hotspot/src/share/vm/prims/jni.cpp, line 710]

Events (10 events):
Event: 0.610 loading class javax/imageio/IIOImage
Event: 0.610 loading class javax/imageio/IIOImage done
Event: 0.633 Executing VM operation: ParallelGCFailedAllocation
Event: 0.644 Executing VM operation: ParallelGCFailedAllocation done
Event: 0.665 loading class java/nio/DirectByteBuffer$Deallocator
Event: 0.665 loading class java/nio/DirectByteBuffer$Deallocator done
Event: 0.666 loading class java/lang/StrictMath
Event: 0.666 loading class java/lang/StrictMath done
Event: 0.666 loading class com/sun/jna/Native$Buffers
Event: 0.666 loading class com/sun/jna/Native$Buffers done


Dynamic libraries:
00400000-00401000 r-xp 00000000 08:05 526140                             /home/encaps/Downloads/jdk1.8.0_231/bin/java
00600000-00601000 r--p 00000000 08:05 526140                             /home/encaps/Downloads/jdk1.8.0_231/bin/java
00601000-00602000 rw-p 00001000 08:05 526140                             /home/encaps/Downloads/jdk1.8.0_231/bin/java
011db000-011fc000 rw-p 00000000 00:00 0                                  [heap]
85000000-8a300000 rw-p 00000000 00:00 0 
8a300000-d7000000 ---p 00000000 00:00 0 
d7000000-db800000 rw-p 00000000 00:00 0 
db800000-100000000 ---p 00000000 00:00 0 
100000000-100100000 rw-p 00000000 00:00 0 
100100000-140000000 ---p 00000000 00:00 0 
7fa390000000-7fa390021000 rw-p 00000000 00:00 0 
7fa390021000-7fa394000000 ---p 00000000 00:00 0 
7fa396282000-7fa39659e000 rw-p 00000000 00:00 0 
7fa3968ba000-7fa396bd6000 rw-p 00000000 00:00 0 
7fa396bd6000-7fa396be1000 r-xp 00000000 08:05 1319363                    /usr/lib/x86_64-linux-gnu/libjbig.so.0
7fa396be1000-7fa396de0000 ---p 0000b000 08:05 1319363                    /usr/lib/x86_64-linux-gnu/libjbig.so.0
7fa396de0000-7fa396de1000 r--p 0000a000 08:05 1319363                    /usr/lib/x86_64-linux-gnu/libjbig.so.0
7fa396de1000-7fa396de4000 rw-p 0000b000 08:05 1319363                    /usr/lib/x86_64-linux-gnu/libjbig.so.0
7fa396de4000-7fa396e08000 r-xp 00000000 08:05 6689884                    /lib/x86_64-linux-gnu/liblzma.so.5.2.2
7fa396e08000-7fa397008000 ---p 00024000 08:05 6689884                    /lib/x86_64-linux-gnu/liblzma.so.5.2.2
7fa397008000-7fa397009000 r--p 00024000 08:05 6689884                    /lib/x86_64-linux-gnu/liblzma.so.5.2.2
7fa397009000-7fa39700a000 rw-p 00025000 08:05 6689884                    /lib/x86_64-linux-gnu/liblzma.so.5.2.2
7fa39700a000-7fa39705e000 r-xp 00000000 08:05 1323028                    /usr/lib/x86_64-linux-gnu/libopenjp2.so.2.3.0
7fa39705e000-7fa39725e000 ---p 00054000 08:05 1323028                    /usr/lib/x86_64-linux-gnu/libopenjp2.so.2.3.0
7fa39725e000-7fa39725f000 r--p 00054000 08:05 1323028                    /usr/lib/x86_64-linux-gnu/libopenjp2.so.2.3.0
7fa39725f000-7fa397260000 rw-p 00055000 08:05 1323028                    /usr/lib/x86_64-linux-gnu/libopenjp2.so.2.3.0
7fa397260000-7fa3972c6000 r-xp 00000000 08:05 1319838                    /usr/lib/x86_64-linux-gnu/libwebp.so.6.0.2
7fa3972c6000-7fa3974c5000 ---p 00066000 08:05 1319838                    /usr/lib/x86_64-linux-gnu/libwebp.so.6.0.2
7fa3974c5000-7fa3974c6000 r--p 00065000 08:05 1319838                    /usr/lib/x86_64-linux-gnu/libwebp.so.6.0.2
7fa3974c6000-7fa3974c7000 rw-p 00066000 08:05 1319838                    /usr/lib/x86_64-linux-gnu/libwebp.so.6.0.2
7fa3974c7000-7fa3974c9000 rw-p 00000000 00:00 0 
7fa3974c9000-7fa39753c000 r-xp 00000000 08:05 1317585                    /usr/lib/x86_64-linux-gnu/libtiff.so.5.3.0
7fa39753c000-7fa39773b000 ---p 00073000 08:05 1317585                    /usr/lib/x86_64-linux-gnu/libtiff.so.5.3.0
7fa39773b000-7fa39773f000 r--p 00072000 08:05 1317585                    /usr/lib/x86_64-linux-gnu/libtiff.so.5.3.0
7fa39773f000-7fa397740000 rw-p 00076000 08:05 1317585                    /usr/lib/x86_64-linux-gnu/libtiff.so.5.3.0
7fa397740000-7fa397748000 r-xp 00000000 08:05 1314230                    /usr/lib/x86_64-linux-gnu/libgif.so.7.0.0
7fa397748000-7fa397947000 ---p 00008000 08:05 1314230                    /usr/lib/x86_64-linux-gnu/libgif.so.7.0.0
7fa397947000-7fa397948000 r--p 00007000 08:05 1314230                    /usr/lib/x86_64-linux-gnu/libgif.so.7.0.0
7fa397948000-7fa397949000 rw-p 00008000 08:05 1314230                    /usr/lib/x86_64-linux-gnu/libgif.so.7.0.0
7fa397949000-7fa3979b0000 r-xp 00000000 08:05 1310759                    /usr/lib/x86_64-linux-gnu/libjpeg.so.8.1.2
7fa3979b0000-7fa397baf000 ---p 00067000 08:05 1310759                    /usr/lib/x86_64-linux-gnu/libjpeg.so.8.1.2
7fa397baf000-7fa397bb0000 r--p 00066000 08:05 1310759                    /usr/lib/x86_64-linux-gnu/libjpeg.so.8.1.2
7fa397bb0000-7fa397bb1000 rw-p 00067000 08:05 1310759                    /usr/lib/x86_64-linux-gnu/libjpeg.so.8.1.2
7fa397bb1000-7fa397be2000 r-xp 00000000 08:05 1319566                    /usr/lib/x86_64-linux-gnu/libpng16.so.16.34.0
7fa397be2000-7fa397de1000 ---p 00031000 08:05 1319566                    /usr/lib/x86_64-linux-gnu/libpng16.so.16.34.0
7fa397de1000-7fa397de2000 r--p 00030000 08:05 1319566                    /usr/lib/x86_64-linux-gnu/libpng16.so.16.34.0
7fa397de2000-7fa397de3000 rw-p 00031000 08:05 1319566                    /usr/lib/x86_64-linux-gnu/libpng16.so.16.34.0
7fa397de3000-7fa397dff000 r-xp 00000000 08:05 6689996                    /lib/x86_64-linux-gnu/libz.so.1.2.11
7fa397dff000-7fa397ffe000 ---p 0001c000 08:05 6689996                    /lib/x86_64-linux-gnu/libz.so.1.2.11
7fa397ffe000-7fa397fff000 r--p 0001b000 08:05 6689996                    /lib/x86_64-linux-gnu/libz.so.1.2.11
7fa397fff000-7fa398000000 rw-p 0001c000 08:05 6689996                    /lib/x86_64-linux-gnu/libz.so.1.2.11
7fa398000000-7fa398021000 rw-p 00000000 00:00 0 
7fa398021000-7fa39c000000 ---p 00000000 00:00 0 
7fa39c000000-7fa39c021000 rw-p 00000000 00:00 0 
7fa39c021000-7fa3a0000000 ---p 00000000 00:00 0 
7fa3a0000000-7fa3a0021000 rw-p 00000000 00:00 0 
7fa3a0021000-7fa3a4000000 ---p 00000000 00:00 0 
7fa3a4000000-7fa3a4021000 rw-p 00000000 00:00 0 
7fa3a4021000-7fa3a8000000 ---p 00000000 00:00 0 
7fa3a8000000-7fa3a815f000 rw-p 00000000 00:00 0 
7fa3a815f000-7fa3ac000000 ---p 00000000 00:00 0 
7fa3ac000000-7fa3ac1c0000 rw-p 00000000 00:00 0 
7fa3ac1c0000-7fa3b0000000 ---p 00000000 00:00 0 
7fa3b0000000-7fa3b0021000 rw-p 00000000 00:00 0 
7fa3b0021000-7fa3b4000000 ---p 00000000 00:00 0 
7fa3b4000000-7fa3b4298000 rw-p 00000000 00:00 0 
7fa3b4298000-7fa3b8000000 ---p 00000000 00:00 0 
7fa3b8000000-7fa3b8021000 rw-p 00000000 00:00 0 
7fa3b8021000-7fa3bc000000 ---p 00000000 00:00 0 
7fa3bc0be000-7fa3bc0ec000 r-xp 00000000 08:05 1315488                    /usr/lib/x86_64-linux-gnu/libgomp.so.1.0.0
7fa3bc0ec000-7fa3bc2eb000 ---p 0002e000 08:05 1315488                    /usr/lib/x86_64-linux-gnu/libgomp.so.1.0.0
7fa3bc2eb000-7fa3bc2ec000 r--p 0002d000 08:05 1315488                    /usr/lib/x86_64-linux-gnu/libgomp.so.1.0.0
7fa3bc2ec000-7fa3bc2ed000 rw-p 0002e000 08:05 1315488                    /usr/lib/x86_64-linux-gnu/libgomp.so.1.0.0
7fa3bc2ed000-7fa3bc304000 r-xp 00000000 08:05 6692361                    /lib/x86_64-linux-gnu/libgcc_s.so.1
7fa3bc304000-7fa3bc503000 ---p 00017000 08:05 6692361                    /lib/x86_64-linux-gnu/libgcc_s.so.1
7fa3bc503000-7fa3bc504000 r--p 00016000 08:05 6692361                    /lib/x86_64-linux-gnu/libgcc_s.so.1
7fa3bc504000-7fa3bc505000 rw-p 00017000 08:05 6692361                    /lib/x86_64-linux-gnu/libgcc_s.so.1
7fa3bc505000-7fa3bc67e000 r-xp 00000000 08:05 1313412                    /usr/lib/x86_64-linux-gnu/libstdc++.so.6.0.25
7fa3bc67e000-7fa3bc87e000 ---p 00179000 08:05 1313412                    /usr/lib/x86_64-linux-gnu/libstdc++.so.6.0.25
7fa3bc87e000-7fa3bc888000 r--p 00179000 08:05 1313412                    /usr/lib/x86_64-linux-gnu/libstdc++.so.6.0.25
7fa3bc888000-7fa3bc88a000 rw-p 00183000 08:05 1313412                    /usr/lib/x86_64-linux-gnu/libstdc++.so.6.0.25
7fa3bc88a000-7fa3bc88e000 rw-p 00000000 00:00 0 
7fa3bc88e000-7fa3bcaea000 r-xp 00000000 08:05 1315373                    /usr/lib/x86_64-linux-gnu/liblept.so.5.0.2
7fa3bcaea000-7fa3bcce9000 ---p 0025c000 08:05 1315373                    /usr/lib/x86_64-linux-gnu/liblept.so.5.0.2
7fa3bcce9000-7fa3bccea000 r--p 0025b000 08:05 1315373                    /usr/lib/x86_64-linux-gnu/liblept.so.5.0.2
7fa3bccea000-7fa3bccf0000 rw-p 0025c000 08:05 1315373                    /usr/lib/x86_64-linux-gnu/liblept.so.5.0.2
7fa3bccf0000-7fa3bcffd000 r-xp 00000000 08:05 1315545                    /usr/lib/x86_64-linux-gnu/libtesseract.so.4.0.0
7fa3bcffd000-7fa3bd1fc000 ---p 0030d000 08:05 1315545                    /usr/lib/x86_64-linux-gnu/libtesseract.so.4.0.0
7fa3bd1fc000-7fa3bd201000 r--p 0030c000 08:05 1315545                    /usr/lib/x86_64-linux-gnu/libtesseract.so.4.0.0
7fa3bd201000-7fa3bd202000 rw-p 00311000 08:05 1315545                    /usr/lib/x86_64-linux-gnu/libtesseract.so.4.0.0
7fa3bd202000-7fa3bd4a6000 rw-p 00000000 00:00 0 
7fa3bd4be000-7fa3bd4c1000 ---p 00000000 00:00 0 
7fa3bd4c1000-7fa3bd4f7000 rw-p 00000000 00:00 0 
7fa3bd4f7000-7fa3bd50f000 r-xp 00000000 08:05 3543678                    /home/encaps/.cache/JNA/temp/jna393039869685821086.tmp (deleted)
7fa3bd50f000-7fa3bd70f000 ---p 00018000 08:05 3543678                    /home/encaps/.cache/JNA/temp/jna393039869685821086.tmp (deleted)
7fa3bd70f000-7fa3bd710000 rw-p 00018000 08:05 3543678                    /home/encaps/.cache/JNA/temp/jna393039869685821086.tmp (deleted)
7fa3bd710000-7fa3bd713000 ---p 00000000 00:00 0 
7fa3bd713000-7fa3bd811000 rw-p 00000000 00:00 0 
7fa3bd811000-7fa3bd82d000 r--s 00393000 08:05 526402                     /home/encaps/Downloads/jdk1.8.0_231/jre/lib/ext/cldrdata.jar
7fa3bd82d000-7fa3bd840000 r-xp 00000000 08:05 6684930                    /lib/x86_64-linux-gnu/libbsd.so.0.8.7
7fa3bd840000-7fa3bda3f000 ---p 00013000 08:05 6684930                    /lib/x86_64-linux-gnu/libbsd.so.0.8.7
7fa3bda3f000-7fa3bda40000 r--p 00012000 08:05 6684930                    /lib/x86_64-linux-gnu/libbsd.so.0.8.7
7fa3bda40000-7fa3bda41000 rw-p 00013000 08:05 6684930                    /lib/x86_64-linux-gnu/libbsd.so.0.8.7
7fa3bda41000-7fa3bda42000 rw-p 00000000 00:00 0 
7fa3bda42000-7fa3bda47000 r-xp 00000000 08:05 1318707                    /usr/lib/x86_64-linux-gnu/libXdmcp.so.6.0.0
7fa3bda47000-7fa3bdc46000 ---p 00005000 08:05 1318707                    /usr/lib/x86_64-linux-gnu/libXdmcp.so.6.0.0
7fa3bdc46000-7fa3bdc47000 r--p 00004000 08:05 1318707                    /usr/lib/x86_64-linux-gnu/libXdmcp.so.6.0.0
7fa3bdc47000-7fa3bdc48000 rw-p 00005000 08:05 1318707                    /usr/lib/x86_64-linux-gnu/libXdmcp.so.6.0.0
7fa3bdc48000-7fa3bdc4a000 r-xp 00000000 08:05 1318696                    /usr/lib/x86_64-linux-gnu/libXau.so.6.0.0
7fa3bdc4a000-7fa3bde4a000 ---p 00002000 08:05 1318696                    /usr/lib/x86_64-linux-gnu/libXau.so.6.0.0
7fa3bde4a000-7fa3bde4b000 r--p 00002000 08:05 1318696                    /usr/lib/x86_64-linux-gnu/libXau.so.6.0.0
7fa3bde4b000-7fa3bde4c000 rw-p 00003000 08:05 1318696                    /usr/lib/x86_64-linux-gnu/libXau.so.6.0.0
7fa3bde4c000-7fa3bde72000 r-xp 00000000 08:05 1319909                    /usr/lib/x86_64-linux-gnu/libxcb.so.1.1.0
7fa3bde72000-7fa3be072000 ---p 00026000 08:05 1319909                    /usr/lib/x86_64-linux-gnu/libxcb.so.1.1.0
7fa3be072000-7fa3be073000 r--p 00026000 08:05 1319909                    /usr/lib/x86_64-linux-gnu/libxcb.so.1.1.0
7fa3be073000-7fa3be074000 rw-p 00027000 08:05 1319909                    /usr/lib/x86_64-linux-gnu/libxcb.so.1.1.0
7fa3be074000-7fa3be083000 r-xp 00000000 08:05 1318717                    /usr/lib/x86_64-linux-gnu/libXi.so.6.1.0
7fa3be083000-7fa3be282000 ---p 0000f000 08:05 1318717                    /usr/lib/x86_64-linux-gnu/libXi.so.6.1.0
7fa3be282000-7fa3be283000 r--p 0000e000 08:05 1318717                    /usr/lib/x86_64-linux-gnu/libXi.so.6.1.0
7fa3be283000-7fa3be284000 rw-p 0000f000 08:05 1318717                    /usr/lib/x86_64-linux-gnu/libXi.so.6.1.0
7fa3be284000-7fa3be289000 r-xp 00000000 08:05 1318735                    /usr/lib/x86_64-linux-gnu/libXtst.so.6.1.0
7fa3be289000-7fa3be488000 ---p 00005000 08:05 1318735                    /usr/lib/x86_64-linux-gnu/libXtst.so.6.1.0
7fa3be488000-7fa3be489000 r--p 00004000 08:05 1318735                    /usr/lib/x86_64-linux-gnu/libXtst.so.6.1.0
7fa3be489000-7fa3be48a000 rw-p 00005000 08:05 1318735                    /usr/lib/x86_64-linux-gnu/libXtst.so.6.1.0
7fa3be48a000-7fa3be493000 r-xp 00000000 08:05 1318729                    /usr/lib/x86_64-linux-gnu/libXrender.so.1.3.0
7fa3be493000-7fa3be692000 ---p 00009000 08:05 1318729                    /usr/lib/x86_64-linux-gnu/libXrender.so.1.3.0
7fa3be692000-7fa3be693000 r--p 00008000 08:05 1318729                    /usr/lib/x86_64-linux-gnu/libXrender.so.1.3.0
7fa3be693000-7fa3be694000 rw-p 00009000 08:05 1318729                    /usr/lib/x86_64-linux-gnu/libXrender.so.1.3.0
7fa3be694000-7fa3be7c7000 r-xp 00000000 08:05 1318692                    /usr/lib/x86_64-linux-gnu/libX11.so.6.3.0
7fa3be7c7000-7fa3be9c7000 ---p 00133000 08:05 1318692                    /usr/lib/x86_64-linux-gnu/libX11.so.6.3.0
7fa3be9c7000-7fa3be9c8000 r--p 00133000 08:05 1318692                    /usr/lib/x86_64-linux-gnu/libX11.so.6.3.0
7fa3be9c8000-7fa3be9cc000 rw-p 00134000 08:05 1318692                    /usr/lib/x86_64-linux-gnu/libX11.so.6.3.0
7fa3be9cc000-7fa3be9dd000 r-xp 00000000 08:05 1318709                    /usr/lib/x86_64-linux-gnu/libXext.so.6.4.0
7fa3be9dd000-7fa3bebdc000 ---p 00011000 08:05 1318709                    /usr/lib/x86_64-linux-gnu/libXext.so.6.4.0
7fa3bebdc000-7fa3bebdd000 r--p 00010000 08:05 1318709                    /usr/lib/x86_64-linux-gnu/libXext.so.6.4.0
7fa3bebdd000-7fa3bebde000 rw-p 00011000 08:05 1318709                    /usr/lib/x86_64-linux-gnu/libXext.so.6.4.0
7fa3bebe8000-7fa3bebec000 r--s 000a4000 08:05 526408                     /home/encaps/Downloads/jdk1.8.0_231/jre/lib/jsse.jar
7fa3bebec000-7fa3bebf6000 r--s 00116000 08:05 526394                     /home/encaps/Downloads/jdk1.8.0_231/jre/lib/ext/localedata.jar
7fa3bebf6000-7fa3bec51000 r-xp 00000000 08:05 526474                     /home/encaps/Downloads/jdk1.8.0_231/jre/lib/amd64/libawt_xawt.so
7fa3bec51000-7fa3bee50000 ---p 0005b000 08:05 526474                     /home/encaps/Downloads/jdk1.8.0_231/jre/lib/amd64/libawt_xawt.so
7fa3bee50000-7fa3bee51000 r--p 0005a000 08:05 526474                     /home/encaps/Downloads/jdk1.8.0_231/jre/lib/amd64/libawt_xawt.so
7fa3bee51000-7fa3bee54000 rw-p 0005b000 08:05 526474                     /home/encaps/Downloads/jdk1.8.0_231/jre/lib/amd64/libawt_xawt.so
7fa3bee54000-7fa3bee56000 rw-p 00000000 00:00 0 
7fa3bee56000-7fa3bee59000 ---p 00000000 00:00 0 
7fa3bee59000-7fa3bef57000 rw-p 00000000 00:00 0 
7fa3bef57000-7fa3beff7000 r-xp 00000000 08:05 526456                     /home/encaps/Downloads/jdk1.8.0_231/jre/lib/amd64/libawt.so
7fa3beff7000-7fa3bf1f6000 ---p 000a0000 08:05 526456                     /home/encaps/Downloads/jdk1.8.0_231/jre/lib/amd64/libawt.so
7fa3bf1f6000-7fa3bf1f7000 r--p 0009f000 08:05 526456                     /home/encaps/Downloads/jdk1.8.0_231/jre/lib/amd64/libawt.so
7fa3bf1f7000-7fa3bf202000 rw-p 000a0000 08:05 526456                     /home/encaps/Downloads/jdk1.8.0_231/jre/lib/amd64/libawt.so
7fa3bf202000-7fa3bf227000 rw-p 00000000 00:00 0 
7fa3bf227000-7fa3bf229000 r--s 00004000 08:05 4332193                    /home/encaps/.m2/repository/org/slf4j/log4j-over-slf4j/1.7.30/log4j-over-slf4j-1.7.30.jar
7fa3bf229000-7fa3bf22b000 r--s 00003000 08:05 4332191                    /home/encaps/.m2/repository/org/slf4j/jcl-over-slf4j/1.7.30/jcl-over-slf4j-1.7.30.jar
7fa3bf22b000-7fa3bf22d000 r--s 00000000 08:05 3541690                    /home/encaps/.m2/repository/org/slf4j/jul-to-slf4j/1.7.30/jul-to-slf4j-1.7.30.jar
7fa3bf22d000-7fa3bf238000 r--s 00069000 08:05 657606                     /home/encaps/.m2/repository/ch/qos/logback/logback-core/1.2.3/logback-core-1.2.3.jar
7fa3bf238000-7fa3bf23e000 r--s 00041000 08:05 657604                     /home/encaps/.m2/repository/ch/qos/logback/logback-classic/1.2.3/logback-classic-1.2.3.jar
7fa3bf23e000-7fa3bf242000 r--s 00020000 08:05 4332189                    /home/encaps/.m2/repository/org/jboss/jboss-vfs/3.2.15.Final/jboss-vfs-3.2.15.Final.jar
7fa3bf242000-7fa3bf248000 r--s 0036c000 08:05 4332187                    /home/encaps/.m2/repository/net/sourceforge/lept4j/lept4j/1.13.0/lept4j-1.13.0.jar
7fa3bf248000-7fa3bf24c000 r--s 00022000 08:05 4332185                    /home/encaps/.m2/repository/org/apache/pdfbox/jbig2-imageio/3.0.3/jbig2-imageio-3.0.3.jar
7fa3bf24c000-7fa3bf251000 r--s 0003a000 08:05 4332183                    /home/encaps/.m2/repository/org/apache/pdfbox/pdfbox-debugger/2.0.18/pdfbox-debugger-2.0.18.jar
7fa3bf251000-7fa3bf253000 r--s 00012000 08:05 4332181                    /home/encaps/.m2/repository/org/apache/pdfbox/pdfbox-tools/2.0.18/pdfbox-tools-2.0.18.jar
7fa3bf253000-7fa3bf255000 r--s 0000e000 08:05 2634094                    /home/encaps/.m2/repository/commons-logging/commons-logging/1.2/commons-logging-1.2.jar
7fa3bf255000-7fa3bf25c000 r--s 00177000 08:05 4332211                    /home/encaps/.m2/repository/org/apache/pdfbox/fontbox/2.0.18/fontbox-2.0.18.jar
7fa3bf25c000-7fa3bf274000 r--s 0027e000 08:05 4332177                    /home/encaps/.m2/repository/org/apache/pdfbox/pdfbox/2.0.18/pdfbox-2.0.18.jar
7fa3bf274000-7fa3bf280000 r--s 00108000 08:05 4332175                    /home/encaps/.m2/repository/com/lowagie/itext/2.1.7/itext-2.1.7.jar
7fa3bf280000-7fa3bf28a000 r--s 00081000 08:05 4332173                    /home/encaps/.m2/repository/org/apache/xmlgraphics/xmlgraphics-commons/1.4/xmlgraphics-commons-1.4.jar
7fa3bf28a000-7fa3bf298000 r--s 0007f000 08:05 4332171                    /home/encaps/.m2/repository/commons-collections/commons-collections/3.2.1/commons-collections-3.2.1.jar
7fa3bf298000-7fa3bf29d000 r--s 00035000 08:05 4332169                    /home/encaps/.m2/repository/commons-beanutils/commons-beanutils/1.9.2/commons-beanutils-1.9.2.jar
7fa3bf29d000-7fa3bf2a6000 r--s 0006f000 08:05 1840062                    /home/encaps/.m2/repository/log4j/log4j/1.2.17/log4j-1.2.17.jar
7fa3bf2a6000-7fa3bf2ab000 r--s 00028000 08:05 4332167                    /home/encaps/.m2/repository/org/ghost4j/ghost4j/1.0.1/ghost4j-1.0.1.jar
7fa3bf2ab000-7fa3bf2b6000 r--s 0008f000 08:05 4332165                    /home/encaps/.m2/repository/com/github/jai-imageio/jai-imageio-core/1.4.0/jai-imageio-core-1.4.0.jar
7fa3bf2b6000-7fa3bf2ba000 r--s 0016c000 08:05 4332150                    /home/encaps/.m2/repository/net/java/dev/jna/jna/5.5.0/jna-5.5.0.jar
7fa3bf2ba000-7fa3bf2bd000 r--s 0085e000 08:05 4332151                    /home/encaps/.m2/repository/net/sourceforge/tess4j/tess4j/4.5.1/tess4j-4.5.1.jar
7fa3bf2bd000-7fa3bf2c3000 r--s 0003e000 08:05 1838152                    /home/encaps/.m2/repository/commons-io/commons-io/2.7/commons-io-2.7.jar
7fa3bf2c3000-7fa3bf2ca000 r--s 0005a000 08:05 2240455                    /home/encaps/.m2/repository/org/jsoup/jsoup/1.13.1/jsoup-1.13.1.jar
7fa3bf2ca000-7fa3bf2cb000 r--s 00014000 08:05 2233392                    /home/encaps/.m2/repository/com/squareup/okio/okio/1.14.0/okio-1.14.0.jar
7fa3bf2cb000-7fa3bf2d1000 r--s 00064000 08:05 3015817                    /home/encaps/.m2/repository/com/squareup/okhttp3/okhttp/3.14.9/okhttp-3.14.9.jar
7fa3bf2d1000-7fa3bf2d2000 r--s 00000000 08:05 4069012                    /home/encaps/.m2/repository/org/codehaus/mojo/animal-sniffer-annotations/1.14/animal-sniffer-annotations-1.14.jar
7fa3bf2d2000-7fa3bf2d4000 r--s 00001000 08:05 4069010                    /home/encaps/.m2/repository/com/google/j2objc/j2objc-annotations/1.1/j2objc-annotations-1.1.jar
7fa3bf2d4000-7fa3bf2d6000 r--s 00002000 08:05 4069008                    /home/encaps/.m2/repository/com/google/errorprone/error_prone_annotations/2.1.3/error_prone_annotations-2.1.3.jar
7fa3bf2d6000-7fa3bf2d8000 r--s 00006000 08:05 3808734                    /home/encaps/.m2/repository/org/checkerframework/checker-compat-qual/2.0.0/checker-compat-qual-2.0.0.jar
7fa3bf2d8000-7fa3bf2db000 r--s 00006000 08:05 3539015                    /home/encaps/.m2/repository/com/google/code/findbugs/jsr305/1.3.9/jsr305-1.3.9.jar
7fa3bf2db000-7fa3bf30d000 r--s 0026b000 08:05 3408825                    /home/encaps/.m2/repository/com/google/guava/guava/25.0-jre/guava-25.0-jre.jar
7fa3bf30d000-7fa3bf30f000 r--s 0000c000 08:05 1709398                    /home/encaps/.m2/repository/org/apache/commons/commons-exec/1.3/commons-exec-1.3.jar
7fa3bf30f000-7fa3bf35a000 r--s 00307000 08:05 3015522                    /home/encaps/.m2/repository/net/bytebuddy/byte-buddy/1.10.11/byte-buddy-1.10.11.jar
7fa3bf35a000-7fa3bf360000 r--s 0004c000 08:05 2635149                    /home/encaps/.m2/repository/org/seleniumhq/selenium/selenium-remote-driver/3.141.59/selenium-remote-driver-3.141.59.jar
7fa3bf360000-7fa3bf366000 r--s 00027000 08:05 2492973                    /home/encaps/.m2/repository/org/seleniumhq/selenium/selenium-api/3.141.59/selenium-api-3.141.59.jar
7fa3bf366000-7fa3bf368000 r--s 00002000 08:05 3278206                    /home/encaps/.m2/repository/org/seleniumhq/selenium/selenium-chrome-driver/3.141.59/selenium-chrome-driver-3.141.59.jar
7fa3bf368000-7fa3bf384000 r--s 00145000 08:05 3015574                    /home/encaps/.m2/repository/org/springframework/spring-core/5.2.7.RELEASE/spring-core-5.2.7.RELEASE.jar
7fa3bf384000-7fa3bf386000 r--s 0000a000 08:05 2764053                    /home/encaps/.m2/repository/jakarta/activation/jakarta.activation-api/1.2.2/jakarta.activation-api-1.2.2.jar
7fa3bf386000-7fa3bf39e000 r--s 0019f000 08:05 1971716                    /home/encaps/.m2/repository/org/projectlombok/lombok/1.18.12/lombok-1.18.12.jar
7fa3bf39e000-7fa3bf3b8000 r--s 0022d000 08:05 3545990                    /home/encaps/.m2/repository/mysql/mysql-connector-java/8.0.20/mysql-connector-java-8.0.20.jar
7fa3bf3b8000-7fa3bf3e2000 r--s 0013d000 08:05 3015564                    /home/encaps/.m2/repository/org/springframework/boot/spring-boot-autoconfigure/2.3.1.RELEASE/spring-boot-autoconfigure-2.3.1.RELEASE.jar
7fa3bf3e2000-7fa3bf3fb000 r--s 000f9000 08:05 3015562                    /home/encaps/.m2/repository/org/springframework/boot/spring-boot/2.3.1.RELEASE/spring-boot-2.3.1.RELEASE.jar
7fa3bf3fb000-7fa3bf401000 r--s 00031000 08:05 3015560                    /home/encaps/.m2/repository/org/springframework/boot/spring-boot-devtools/2.3.1.RELEASE/spring-boot-devtools-2.3.1.RELEASE.jar
7fa3bf401000-7fa3bf413000 r--s 000d8000 08:05 3015556                    /home/encaps/.m2/repository/org/springframework/spring-webmvc/5.2.7.RELEASE/spring-webmvc-5.2.7.RELEASE.jar
7fa3bf413000-7fa3bf42f000 r--s 00144000 08:05 3015554                    /home/encaps/.m2/repository/org/springframework/spring-web/5.2.7.RELEASE/spring-web-5.2.7.RELEASE.jar
7fa3bf42f000-7fa3bf430000 ---p 00000000 00:00 0 
7fa3bf430000-7fa3bf530000 rw-p 00000000 00:00 0 
7fa3bf530000-7fa3bf533000 ---p 00000000 00:00 0 
7fa3bf533000-7fa3bf631000 rw-p 00000000 00:00 0 
7fa3bf631000-7fa3c0000000 r--p 00000000 08:05 1317555                    /usr/lib/locale/locale-archive
7fa3c0000000-7fa3c0021000 rw-p 00000000 00:00 0 
7fa3c0021000-7fa3c4000000 ---p 00000000 00:00 0 
7fa3c4000000-7fa3c4021000 rw-p 00000000 00:00 0 
7fa3c4021000-7fa3c8000000 ---p 00000000 00:00 0 
7fa3c8000000-7fa3c8021000 rw-p 00000000 00:00 0 
7fa3c8021000-7fa3cc000000 ---p 00000000 00:00 0 
7fa3cc000000-7fa3cc001000 r--s 00005000 08:05 3015576                    /home/encaps/.m2/repository/org/springframework/spring-jcl/5.2.7.RELEASE/spring-jcl-5.2.7.RELEASE.jar
7fa3cc001000-7fa3cc005000 r--s 00019000 08:05 2764051                    /home/encaps/.m2/repository/jakarta/xml/bind/jakarta.xml.bind-api/2.3.3/jakarta.xml.bind-api-2.3.3.jar
7fa3cc005000-7fa3cc00a000 r--s 00040000 08:05 3015558                    /home/encaps/.m2/repository/org/springframework/spring-expression/5.2.7.RELEASE/spring-expression-5.2.7.RELEASE.jar
7fa3cc00a000-7fa3cc010000 r--s 0003c000 08:05 3015552                    /home/encaps/.m2/repository/org/apache/tomcat/embed/tomcat-embed-websocket/9.0.36/tomcat-embed-websocket-9.0.36.jar
7fa3cc010000-7fa3cc015000 r--s 00036000 08:05 2764037                    /home/encaps/.m2/repository/org/glassfish/jakarta.el/3.0.3/jakarta.el-3.0.3.jar
7fa3cc015000-7fa3cc040000 r--s 0030d000 08:05 3015550                    /home/encaps/.m2/repository/org/apache/tomcat/embed/tomcat-embed-core/9.0.36/tomcat-embed-core-9.0.36.jar
7fa3cc040000-7fa3cc041000 r--s 00001000 08:05 3015548                    /home/encaps/.m2/repository/org/springframework/boot/spring-boot-starter-tomcat/2.3.1.RELEASE/spring-boot-starter-tomcat-2.3.1.RELEASE.jar
7fa3cc041000-7fa3cc043000 r--s 00001000 08:05 2764031                    /home/encaps/.m2/repository/com/fasterxml/jackson/module/jackson-module-parameter-names/2.11.0/jackson-module-parameter-names-2.11.0.jar
7fa3cc043000-7fa3cc047000 r--s 00018000 08:05 2764029                    /home/encaps/.m2/repository/com/fasterxml/jackson/datatype/jackson-datatype-jsr310/2.11.0/jackson-datatype-jsr310-2.11.0.jar
7fa3cc047000-7fa3cc049000 r--s 00007000 08:05 2764027                    /home/encaps/.m2/repository/com/fasterxml/jackson/datatype/jackson-datatype-jdk8/2.11.0/jackson-datatype-jdk8-2.11.0.jar
7fa3cc049000-7fa3cc04d000 r--s 00052000 08:05 2764025                    /home/encaps/.m2/repository/com/fasterxml/jackson/core/jackson-core/2.11.0/jackson-core-2.11.0.jar
7fa3cc04d000-7fa3cc050000 r--s 0000e000 08:05 2764023                    /home/encaps/.m2/repository/com/fasterxml/jackson/core/jackson-annotations/2.11.0/jackson-annotations-2.11.0.jar
7fa3cc050000-7fa3cc066000 r--s 00145000 08:05 2634924                    /home/encaps/.m2/repository/com/fasterxml/jackson/core/jackson-databind/2.11.0/jackson-databind-2.11.0.jar
7fa3cc066000-7fa3cc067000 r--s 00001000 08:05 3015546                    /home/encaps/.m2/repository/org/springframework/boot/spring-boot-starter-json/2.3.1.RELEASE/spring-boot-starter-json-2.3.1.RELEASE.jar
7fa3cc067000-7fa3cc06e000 r--s 00045000 08:05 2372594                    /home/encaps/.m2/repository/org/yaml/snakeyaml/1.26/snakeyaml-1.26.jar
7fa3cc06e000-7fa3cc070000 r--s 00005000 08:05 657614                     /home/encaps/.m2/repository/jakarta/annotation/jakarta.annotation-api/1.3.5/jakarta.annotation-api-1.3.5.jar
7fa3cc070000-7fa3cc076000 r--s 00042000 08:05 3015544                    /home/encaps/.m2/repository/org/apache/logging/log4j/log4j-api/2.13.3/log4j-api-2.13.3.jar
7fa3cc076000-7fa3cc078000 r--s 00003000 08:05 3015542                    /home/encaps/.m2/repository/org/apache/logging/log4j/log4j-to-slf4j/2.13.3/log4j-to-slf4j-2.13.3.jar
7fa3cc078000-7fa3cc079000 r--s 00001000 08:05 3015540                    /home/encaps/.m2/repository/org/springframework/boot/spring-boot-starter-logging/2.3.1.RELEASE/spring-boot-starter-logging-2.3.1.RELEASE.jar
7fa3cc079000-7fa3cc07a000 r--s 00001000 08:05 3015538                    /home/encaps/.m2/repository/org/springframework/boot/spring-boot-starter/2.3.1.RELEASE/spring-boot-starter-2.3.1.RELEASE.jar
7fa3cc07a000-7fa3cc07c000 r--s 0000a000 08:05 3015534                    /home/encaps/.m2/repository/org/springframework/spring-aspects/5.2.7.RELEASE/spring-aspects-5.2.7.RELEASE.jar
7fa3cc07c000-7fa3cc07e000 r--s 00009000 08:05 3541732                    /home/encaps/.m2/repository/org/slf4j/slf4j-api/1.7.30/slf4j-api-1.7.30.jar
7fa3cc07e000-7fa3cc07f000 ---p 00000000 00:00 0 
7fa3cc07f000-7fa3cc082000 ---p 00000000 00:00 0 
7fa3cc082000-7fa3cc17f000 rw-p 00000000 00:00 0 
7fa3cc17f000-7fa3cc180000 ---p 00000000 00:00 0 
7fa3cc180000-7fa3cc183000 ---p 00000000 00:00 0 
7fa3cc183000-7fa3d0000000 rw-p 00000000 00:00 0 
7fa3d0000000-7fa3d0021000 rw-p 00000000 00:00 0 
7fa3d0021000-7fa3d4000000 ---p 00000000 00:00 0 
7fa3d4000000-7fa3d4021000 rw-p 00000000 00:00 0 
7fa3d4021000-7fa3d8000000 ---p 00000000 00:00 0 
7fa3d8000000-7fa3d8021000 rw-p 00000000 00:00 0 
7fa3d8021000-7fa3dc000000 ---p 00000000 00:00 0 
7fa3dc000000-7fa3dc00d000 r--s 0009c000 08:05 3015532                    /home/encaps/.m2/repository/org/springframework/spring-beans/5.2.7.RELEASE/spring-beans-5.2.7.RELEASE.jar
7fa3dc00d000-7fa3dc016000 r--s 00044000 08:05 3015530                    /home/encaps/.m2/repository/org/springframework/spring-tx/5.2.7.RELEASE/spring-tx-5.2.7.RELEASE.jar
7fa3dc016000-7fa3dc031000 r--s 00111000 08:05 1971698                    /home/encaps/.m2/repository/org/springframework/spring-context/5.2.7.RELEASE/spring-context-5.2.7.RELEASE.jar
7fa3dc031000-7fa3dc036000 r--s 0002d000 08:05 3015528                    /home/encaps/.m2/repository/org/springframework/spring-orm/5.2.7.RELEASE/spring-orm-5.2.7.RELEASE.jar
7fa3dc036000-7fa3dc04e000 r--s 00111000 08:05 3015526                    /home/encaps/.m2/repository/org/springframework/data/spring-data-commons/2.3.1.RELEASE/spring-data-commons-2.3.1.RELEASE.jar
7fa3dc04e000-7fa3dc056000 r--s 00052000 08:05 3015524                    /home/encaps/.m2/repository/org/springframework/data/spring-data-jpa/2.3.1.RELEASE/spring-data-jpa-2.3.1.RELEASE.jar
7fa3dc056000-7fa3dc06b000 r--s 000e8000 08:05 4067418                    /home/encaps/.m2/repository/org/glassfish/jaxb/jaxb-runtime/2.3.3/jaxb-runtime-2.3.3.jar
7fa3dc06b000-7fa3dc0f1000 r--s 00670000 08:05 3015520                    /home/encaps/.m2/repository/org/hibernate/hibernate-core/5.4.17.Final/hibernate-core-5.4.17.Final.jar
7fa3dc0f1000-7fa3dc0f2000 ---p 00000000 00:00 0 
7fa3dc0f2000-7fa3dc0f5000 ---p 00000000 00:00 0 
7fa3dc0f5000-7fa3dc1f2000 rw-p 00000000 00:00 0 
7fa3dc1f2000-7fa3dc1f5000 ---p 00000000 00:00 0 
7fa3dc1f5000-7fa3dc2f3000 rw-p 00000000 00:00 0 
7fa3dc2f3000-7fa3dc2f6000 ---p 00000000 00:00 0 
7fa3dc2f6000-7fa3dc3f4000 rw-p 00000000 00:00 0 
7fa3dc3f4000-7fa3dc3f7000 ---p 00000000 00:00 0 
7fa3dc3f7000-7fa3dc4f5000 rw-p 00000000 00:00 0 
7fa3dc4f5000-7fa3dc4f6000 ---p 00000000 00:00 0 
7fa3dc4f6000-7fa3dd000000 rw-p 00000000 00:00 0 
7fa3dd000000-7fa3dd2d0000 rwxp 00000000 00:00 0 
7fa3dd2d0000-7fa3ec000000 ---p 00000000 00:00 0 
7fa3ec000000-7fa3ecab1000 rw-p 00000000 00:00 0 
7fa3ecab1000-7fa3f0000000 ---p 00000000 00:00 0 
7fa3f0000000-7fa3f0002000 r--s 0000f000 08:05 4723736                    /home/encaps/.m2/repository/com/sun/activation/jakarta.activation/1.2.2/jakarta.activation-1.2.2.jar
7fa3f0002000-7fa3f0004000 r--s 00006000 08:05 4461405                    /home/encaps/.m2/repository/com/sun/istack/istack-commons-runtime/3.0.11/istack-commons-runtime-3.0.11.jar
7fa3f0004000-7fa3f0006000 r--s 00010000 08:05 4333430                    /home/encaps/.m2/repository/org/glassfish/jaxb/txw2/2.3.3/txw2-2.3.3.jar
7fa3f0006000-7fa3f0009000 r--s 00010000 08:05 788090                     /home/encaps/.m2/repository/org/hibernate/common/hibernate-commons-annotations/5.1.0.Final/hibernate-commons-annotations-5.1.0.Final.jar
7fa3f0009000-7fa3f000e000 r--s 0004b000 08:05 3939151                    /home/encaps/.m2/repository/org/dom4j/dom4j/2.1.3/dom4j-2.1.3.jar
7fa3f000e000-7fa3f0011000 r--s 0002d000 08:05 3939155                    /home/encaps/.m2/repository/org/jboss/jandex/2.1.3.Final/jandex-2.1.3.Final.jar
7fa3f0011000-7fa3f0016000 r--s 00068000 08:05 788084                     /home/encaps/.m2/repository/antlr/antlr/2.7.7/antlr-2.7.7.jar
7fa3f0016000-7fa3f0020000 r--s 000b4000 08:05 788082                     /home/encaps/.m2/repository/org/javassist/javassist/3.24.0-GA/javassist-3.24.0-GA.jar
7fa3f0020000-7fa3f0039000 r--s 001da000 08:05 3541710                    /home/encaps/.m2/repository/org/aspectj/aspectjweaver/1.9.5/aspectjweaver-1.9.5.jar
7fa3f0039000-7fa3f0612000 rw-p 00000000 00:00 0 
7fa3f0612000-7fa3f07ec000 r--s 03d89000 08:05 526199                     /home/encaps/Downloads/jdk1.8.0_231/jre/lib/rt.jar
7fa3f07ec000-7fa3f0fe2000 rw-p 00000000 00:00 0 
7fa3f0fe2000-7fa3f1062000 ---p 00000000 00:00 0 
7fa3f1062000-7fa3f143a000 rw-p 00000000 00:00 0 
7fa3f143a000-7fa3f143b000 ---p 00000000 00:00 0 
7fa3f143b000-7fa3f153b000 rw-p 00000000 00:00 0 
7fa3f153b000-7fa3f153c000 ---p 00000000 00:00 0 
7fa3f153c000-7fa3f163c000 rw-p 00000000 00:00 0 
7fa3f163c000-7fa3f163d000 ---p 00000000 00:00 0 
7fa3f163d000-7fa3f173d000 rw-p 00000000 00:00 0 
7fa3f173d000-7fa3f173e000 ---p 00000000 00:00 0 
7fa3f173e000-7fa3f1868000 rw-p 00000000 00:00 0 
7fa3f1868000-7fa3f1ace000 ---p 00000000 00:00 0 
7fa3f1ace000-7fa3f1af8000 rw-p 00000000 00:00 0 
7fa3f1af8000-7fa3f1d5e000 ---p 00000000 00:00 0 
7fa3f1d5e000-7fa3f1d82000 rw-p 00000000 00:00 0 
7fa3f1d82000-7fa3f1ea6000 ---p 00000000 00:00 0 
7fa3f1ea6000-7fa3f1eb3000 rw-p 00000000 00:00 0 
7fa3f1eb3000-7fa3f2267000 ---p 00000000 00:00 0 
7fa3f2267000-7fa3f2282000 r-xp 00000000 08:05 526473                     /home/encaps/Downloads/jdk1.8.0_231/jre/lib/amd64/libzip.so
7fa3f2282000-7fa3f2481000 ---p 0001b000 08:05 526473                     /home/encaps/Downloads/jdk1.8.0_231/jre/lib/amd64/libzip.so
7fa3f2481000-7fa3f2482000 r--p 0001a000 08:05 526473                     /home/encaps/Downloads/jdk1.8.0_231/jre/lib/amd64/libzip.so
7fa3f2482000-7fa3f2483000 rw-p 0001b000 08:05 526473                     /home/encaps/Downloads/jdk1.8.0_231/jre/lib/amd64/libzip.so
7fa3f2483000-7fa3f248e000 r-xp 00000000 08:05 6689914                    /lib/x86_64-linux-gnu/libnss_files-2.27.so
7fa3f248e000-7fa3f268d000 ---p 0000b000 08:05 6689914                    /lib/x86_64-linux-gnu/libnss_files-2.27.so
7fa3f268d000-7fa3f268e000 r--p 0000a000 08:05 6689914                    /lib/x86_64-linux-gnu/libnss_files-2.27.so
7fa3f268e000-7fa3f268f000 rw-p 0000b000 08:05 6689914                    /lib/x86_64-linux-gnu/libnss_files-2.27.so
7fa3f268f000-7fa3f2695000 rw-p 00000000 00:00 0 
7fa3f2695000-7fa3f26ac000 r-xp 00000000 08:05 6689908                    /lib/x86_64-linux-gnu/libnsl-2.27.so
7fa3f26ac000-7fa3f28ab000 ---p 00017000 08:05 6689908                    /lib/x86_64-linux-gnu/libnsl-2.27.so
7fa3f28ab000-7fa3f28ac000 r--p 00016000 08:05 6689908                    /lib/x86_64-linux-gnu/libnsl-2.27.so
7fa3f28ac000-7fa3f28ad000 rw-p 00017000 08:05 6689908                    /lib/x86_64-linux-gnu/libnsl-2.27.so
7fa3f28ad000-7fa3f28af000 rw-p 00000000 00:00 0 
7fa3f28af000-7fa3f28ba000 r-xp 00000000 08:05 6689925                    /lib/x86_64-linux-gnu/libnss_nis-2.27.so
7fa3f28ba000-7fa3f2ab9000 ---p 0000b000 08:05 6689925                    /lib/x86_64-linux-gnu/libnss_nis-2.27.so
7fa3f2ab9000-7fa3f2aba000 r--p 0000a000 08:05 6689925                    /lib/x86_64-linux-gnu/libnss_nis-2.27.so
7fa3f2aba000-7fa3f2abb000 rw-p 0000b000 08:05 6689925                    /lib/x86_64-linux-gnu/libnss_nis-2.27.so
7fa3f2abb000-7fa3f2ac3000 r-xp 00000000 08:05 6689910                    /lib/x86_64-linux-gnu/libnss_compat-2.27.so
7fa3f2ac3000-7fa3f2cc3000 ---p 00008000 08:05 6689910                    /lib/x86_64-linux-gnu/libnss_compat-2.27.so
7fa3f2cc3000-7fa3f2cc4000 r--p 00008000 08:05 6689910                    /lib/x86_64-linux-gnu/libnss_compat-2.27.so
7fa3f2cc4000-7fa3f2cc5000 rw-p 00009000 08:05 6689910                    /lib/x86_64-linux-gnu/libnss_compat-2.27.so
7fa3f2cc5000-7fa3f2cf1000 r-xp 00000000 08:05 526464                     /home/encaps/Downloads/jdk1.8.0_231/jre/lib/amd64/libjava.so
7fa3f2cf1000-7fa3f2ef1000 ---p 0002c000 08:05 526464                     /home/encaps/Downloads/jdk1.8.0_231/jre/lib/amd64/libjava.so
7fa3f2ef1000-7fa3f2ef2000 r--p 0002c000 08:05 526464                     /home/encaps/Downloads/jdk1.8.0_231/jre/lib/amd64/libjava.so
7fa3f2ef2000-7fa3f2ef4000 rw-p 0002d000 08:05 526464                     /home/encaps/Downloads/jdk1.8.0_231/jre/lib/amd64/libjava.so
7fa3f2ef4000-7fa3f2f01000 r-xp 00000000 08:05 526455                     /home/encaps/Downloads/jdk1.8.0_231/jre/lib/amd64/libverify.so
7fa3f2f01000-7fa3f3100000 ---p 0000d000 08:05 526455                     /home/encaps/Downloads/jdk1.8.0_231/jre/lib/amd64/libverify.so
7fa3f3100000-7fa3f3102000 r--p 0000c000 08:05 526455                     /home/encaps/Downloads/jdk1.8.0_231/jre/lib/amd64/libverify.so
7fa3f3102000-7fa3f3103000 rw-p 0000e000 08:05 526455                     /home/encaps/Downloads/jdk1.8.0_231/jre/lib/amd64/libverify.so
7fa3f3103000-7fa3f310a000 r-xp 00000000 08:05 6689965                    /lib/x86_64-linux-gnu/librt-2.27.so
7fa3f310a000-7fa3f3309000 ---p 00007000 08:05 6689965                    /lib/x86_64-linux-gnu/librt-2.27.so
7fa3f3309000-7fa3f330a000 r--p 00006000 08:05 6689965                    /lib/x86_64-linux-gnu/librt-2.27.so
7fa3f330a000-7fa3f330b000 rw-p 00007000 08:05 6689965                    /lib/x86_64-linux-gnu/librt-2.27.so
7fa3f330b000-7fa3f34a8000 r-xp 00000000 08:05 6689887                    /lib/x86_64-linux-gnu/libm-2.27.so
7fa3f34a8000-7fa3f36a7000 ---p 0019d000 08:05 6689887                    /lib/x86_64-linux-gnu/libm-2.27.so
7fa3f36a7000-7fa3f36a8000 r--p 0019c000 08:05 6689887                    /lib/x86_64-linux-gnu/libm-2.27.so
7fa3f36a8000-7fa3f36a9000 rw-p 0019d000 08:05 6689887                    /lib/x86_64-linux-gnu/libm-2.27.so
7fa3f36a9000-7fa3f4392000 r-xp 00000000 08:05 526471                     /home/encaps/Downloads/jdk1.8.0_231/jre/lib/amd64/server/libjvm.so
7fa3f4392000-7fa3f4591000 ---p 00ce9000 08:05 526471                     /home/encaps/Downloads/jdk1.8.0_231/jre/lib/amd64/server/libjvm.so
7fa3f4591000-7fa3f4627000 r--p 00ce8000 08:05 526471                     /home/encaps/Downloads/jdk1.8.0_231/jre/lib/amd64/server/libjvm.so
7fa3f4627000-7fa3f4658000 rw-p 00d7e000 08:05 526471                     /home/encaps/Downloads/jdk1.8.0_231/jre/lib/amd64/server/libjvm.so
7fa3f4658000-7fa3f4693000 rw-p 00000000 00:00 0 
7fa3f4693000-7fa3f487a000 r-xp 00000000 08:05 6689824                    /lib/x86_64-linux-gnu/libc-2.27.so
7fa3f487a000-7fa3f4a7a000 ---p 001e7000 08:05 6689824                    /lib/x86_64-linux-gnu/libc-2.27.so
7fa3f4a7a000-7fa3f4a7e000 r--p 001e7000 08:05 6689824                    /lib/x86_64-linux-gnu/libc-2.27.so
7fa3f4a7e000-7fa3f4a80000 rw-p 001eb000 08:05 6689824                    /lib/x86_64-linux-gnu/libc-2.27.so
7fa3f4a80000-7fa3f4a84000 rw-p 00000000 00:00 0 
7fa3f4a84000-7fa3f4a87000 r-xp 00000000 08:05 6689847                    /lib/x86_64-linux-gnu/libdl-2.27.so
7fa3f4a87000-7fa3f4c86000 ---p 00003000 08:05 6689847                    /lib/x86_64-linux-gnu/libdl-2.27.so
7fa3f4c86000-7fa3f4c87000 r--p 00002000 08:05 6689847                    /lib/x86_64-linux-gnu/libdl-2.27.so
7fa3f4c87000-7fa3f4c88000 rw-p 00003000 08:05 6689847                    /lib/x86_64-linux-gnu/libdl-2.27.so
7fa3f4c88000-7fa3f4c9f000 r-xp 00000000 08:05 525448                     /home/encaps/Downloads/jdk1.8.0_231/lib/amd64/jli/libjli.so
7fa3f4c9f000-7fa3f4e9e000 ---p 00017000 08:05 525448                     /home/encaps/Downloads/jdk1.8.0_231/lib/amd64/jli/libjli.so
7fa3f4e9e000-7fa3f4e9f000 r--p 00016000 08:05 525448                     /home/encaps/Downloads/jdk1.8.0_231/lib/amd64/jli/libjli.so
7fa3f4e9f000-7fa3f4ea0000 rw-p 00017000 08:05 525448                     /home/encaps/Downloads/jdk1.8.0_231/lib/amd64/jli/libjli.so
7fa3f4ea0000-7fa3f4eba000 r-xp 00000000 08:05 6689957                    /lib/x86_64-linux-gnu/libpthread-2.27.so
7fa3f4eba000-7fa3f50b9000 ---p 0001a000 08:05 6689957                    /lib/x86_64-linux-gnu/libpthread-2.27.so
7fa3f50b9000-7fa3f50ba000 r--p 00019000 08:05 6689957                    /lib/x86_64-linux-gnu/libpthread-2.27.so
7fa3f50ba000-7fa3f50bb000 rw-p 0001a000 08:05 6689957                    /lib/x86_64-linux-gnu/libpthread-2.27.so
7fa3f50bb000-7fa3f50bf000 rw-p 00000000 00:00 0 
7fa3f50bf000-7fa3f50e6000 r-xp 00000000 08:05 6689796                    /lib/x86_64-linux-gnu/ld-2.27.so
7fa3f50e6000-7fa3f50e8000 r--s 0000f000 08:05 786747                     /home/encaps/.m2/repository/com/fasterxml/classmate/1.5.1/classmate-1.5.1.jar
7fa3f50e8000-7fa3f50ea000 r--s 0000d000 08:05 786745                     /home/encaps/.m2/repository/org/jboss/logging/jboss-logging/3.4.1.Final/jboss-logging-3.4.1.Final.jar
7fa3f50ea000-7fa3f50f0000 r--s 00023000 08:05 788076                     /home/encaps/.m2/repository/jakarta/persistence/jakarta.persistence-api/2.2.3/jakarta.persistence-api-2.2.3.jar
7fa3f50f0000-7fa3f50fa000 r--s 0005a000 08:05 3015518                    /home/encaps/.m2/repository/org/springframework/spring-jdbc/5.2.7.RELEASE/spring-jdbc-5.2.7.RELEASE.jar
7fa3f50fa000-7fa3f50fe000 r--s 00023000 08:05 3810793                    /home/encaps/.m2/repository/com/zaxxer/HikariCP/3.4.5/HikariCP-3.4.5.jar
7fa3f50fe000-7fa3f51c9000 rw-p 00000000 00:00 0 
7fa3f51c9000-7fa3f51ca000 ---p 00000000 00:00 0 
7fa3f51ca000-7fa3f51cd000 ---p 00000000 00:00 0 
7fa3f51cd000-7fa3f52ce000 rw-p 00000000 00:00 0 
7fa3f52ce000-7fa3f52cf000 r--s 00001000 08:05 3015536                    /home/encaps/.m2/repository/org/springframework/boot/spring-boot-starter-web/2.3.1.RELEASE/spring-boot-starter-web-2.3.1.RELEASE.jar
7fa3f52cf000-7fa3f52d0000 r--s 00003000 08:05 788078                     /home/encaps/.m2/repository/jakarta/transaction/jakarta.transaction-api/1.3.3/jakarta.transaction-api-1.3.3.jar
7fa3f52d0000-7fa3f52d1000 r--s 00001000 08:05 3015516                    /home/encaps/.m2/repository/org/springframework/boot/spring-boot-starter-jdbc/2.3.1.RELEASE/spring-boot-starter-jdbc-2.3.1.RELEASE.jar
7fa3f52d1000-7fa3f52da000 r--s 00052000 08:05 2759798                    /home/encaps/.m2/repository/org/springframework/spring-aop/5.2.7.RELEASE/spring-aop-5.2.7.RELEASE.jar
7fa3f52da000-7fa3f52db000 r--s 00001000 08:05 3015514                    /home/encaps/.m2/repository/org/springframework/boot/spring-boot-starter-aop/2.3.1.RELEASE/spring-boot-starter-aop-2.3.1.RELEASE.jar
7fa3f52db000-7fa3f52dc000 r--s 00001000 08:05 3015512                    /home/encaps/.m2/repository/org/springframework/boot/spring-boot-starter-data-jpa/2.3.1.RELEASE/spring-boot-starter-data-jpa-2.3.1.RELEASE.jar
7fa3f52dc000-7fa3f52e4000 rw-s 00000000 08:05 1839807                    /tmp/hsperfdata_encaps/11220
7fa3f52e4000-7fa3f52e5000 rw-p 00000000 00:00 0 
7fa3f52e5000-7fa3f52e6000 r--p 00000000 00:00 0 
7fa3f52e6000-7fa3f52e7000 r--p 00027000 08:05 6689796                    /lib/x86_64-linux-gnu/ld-2.27.so
7fa3f52e7000-7fa3f52e8000 rw-p 00028000 08:05 6689796                    /lib/x86_64-linux-gnu/ld-2.27.so
7fa3f52e8000-7fa3f52e9000 rw-p 00000000 00:00 0 
7ffe1c206000-7ffe1c229000 rw-p 00000000 00:00 0                          [stack]
7ffe1c369000-7ffe1c36c000 r--p 00000000 00:00 0                          [vvar]
7ffe1c36c000-7ffe1c36d000 r-xp 00000000 00:00 0                          [vdso]
ffffffffff600000-ffffffffff601000 --xp 00000000 00:00 0                  [vsyscall]

VM Arguments:
jvm_args: -Dfile.encoding=UTF-8 
java_command: encaps.utils.OCR
java_class_path (initial): /home/encaps/git/demo/demo_yacht/target/classes:/home/encaps/.m2/repository/org/springframework/boot/spring-boot-starter-data-jpa/2.3.1.RELEASE/spring-boot-starter-data-jpa-2.3.1.RELEASE.jar:/home/encaps/.m2/repository/org/springframework/boot/spring-boot-starter-aop/2.3.1.RELEASE/spring-boot-starter-aop-2.3.1.RELEASE.jar:/home/encaps/.m2/repository/org/springframework/spring-aop/5.2.7.RELEASE/spring-aop-5.2.7.RELEASE.jar:/home/encaps/.m2/repository/org/aspectj/aspectjweaver/1.9.5/aspectjweaver-1.9.5.jar:/home/encaps/.m2/repository/org/springframework/boot/spring-boot-starter-jdbc/2.3.1.RELEASE/spring-boot-starter-jdbc-2.3.1.RELEASE.jar:/home/encaps/.m2/repository/com/zaxxer/HikariCP/3.4.5/HikariCP-3.4.5.jar:/home/encaps/.m2/repository/org/springframework/spring-jdbc/5.2.7.RELEASE/spring-jdbc-5.2.7.RELEASE.jar:/home/encaps/.m2/repository/jakarta/transaction/jakarta.transaction-api/1.3.3/jakarta.transaction-api-1.3.3.jar:/home/encaps/.m2/repository/jakarta/persistence/jakarta.persistence-api/2.2.3/jakarta.persistence-api-2.2.3.jar:/home/encaps/.m2/repository/org/hibernate/hibernate-core/5.4.17.Final/hibernate-core-5.4.17.Final.jar:/home/encaps/.m2/repository/org/jboss/logging/jboss-logging/3.4.1.Final/jboss-logging-3.4.1.Final.jar:/home/encaps/.m2/repository/org/javassist/javassist/3.24.0-GA/javassist-3.24.0-GA.jar:/home/encaps/.m2/repository/antlr/antlr/2.7.7/antlr-2.7.7.jar:/home/encaps/.m2/repository/org/jboss/jandex/2.1.3.Final/jandex-2.1.3.Final.jar:/home/encaps/.m2/repository/com/fasterxml/classmate/1.5.1/classmate-1.5.1.jar:/home/encaps/.m2/repository/org/dom4j/dom4j/2.1.3/dom4j-2.1.3.jar:/home/encaps/.m2/repository/org/hibernate/common/hibernate-commons-annotations/5.1.0.Final/hibernate-commons-annotations-5.1.0.Final.jar:/home/encaps/.m2/repository/org/glassfish/jaxb/jaxb-runtime/2.3.3/jaxb-runtime-2.3.3.jar:/home/encaps/.m2/repository/org/glassfish/jaxb/txw2/2.3.3/txw2-2.3.3.jar:/home/encaps/.m2/repository/com/sun/istack/istack-
Launcher Type: SUN_STANDARD

Environment Variables:
JAVA_HOME=/home/encaps/Downloads/jdk1.8.0_231
PATH=/usr/local/sbin:/usr/local/bin:/usr/sbin:/usr/bin:/sbin:/bin:/usr/games:/usr/local/games:/snap/bin:/home/encaps/Downloads/jdk1.8.0_231/bin
USERNAME=encaps
SHELL=/bin/bash
DISPLAY=:0

Signal Handlers:
SIGSEGV: [libjvm.so+0xad4d90], sa_mask[0]=11111111011111111101111111111110, sa_flags=SA_RESTART|SA_SIGINFO
SIGBUS: [libjvm.so+0xad4d90], sa_mask[0]=11111111011111111101111111111110, sa_flags=SA_RESTART|SA_SIGINFO
SIGFPE: [libjvm.so+0x90bc10], sa_mask[0]=11111111011111111101111111111110, sa_flags=SA_RESTART|SA_SIGINFO
SIGPIPE: [libjvm.so+0x90bc10], sa_mask[0]=11111111011111111101111111111110, sa_flags=SA_RESTART|SA_SIGINFO
SIGXFSZ: [libjvm.so+0x90bc10], sa_mask[0]=11111111011111111101111111111110, sa_flags=SA_RESTART|SA_SIGINFO
SIGILL: [libjvm.so+0x90bc10], sa_mask[0]=11111111011111111101111111111110, sa_flags=SA_RESTART|SA_SIGINFO
SIGUSR1: SIG_DFL, sa_mask[0]=00000000000000000000000000000000, sa_flags=none
SIGUSR2: [libjvm.so+0x90bae0], sa_mask[0]=00100000000000000000000000000000, sa_flags=SA_RESTART|SA_SIGINFO
SIGHUP: [libjvm.so+0x90c100], sa_mask[0]=11111111011111111101111111111110, sa_flags=SA_RESTART|SA_SIGINFO
SIGINT: [libjvm.so+0x90c100], sa_mask[0]=11111111011111111101111111111110, sa_flags=SA_RESTART|SA_SIGINFO
SIGTERM: [libjvm.so+0x90c100], sa_mask[0]=11111111011111111101111111111110, sa_flags=SA_RESTART|SA_SIGINFO
SIGQUIT: [libjvm.so+0x90c100], sa_mask[0]=11111111011111111101111111111110, sa_flags=SA_RESTART|SA_SIGINFO


---------------  S Y S T E M  ---------------

OS:DISTRIB_ID=Ubuntu
DISTRIB_RELEASE=18.04
DISTRIB_CODENAME=bionic
DISTRIB_DESCRIPTION="Ubuntu 18.04.4 LTS"

uname:Linux 5.3.0-61-generic #55~18.04.1-Ubuntu SMP Mon Jun 22 16:40:20 UTC 2020 x86_64
libc:glibc 2.27 NPTL 2.27 
rlimit: STACK 8192k, CORE 0k, NPROC 31279, NOFILE 4096, AS infinity
load average:2.72 3.12 2.91

/proc/meminfo:
MemTotal:        8056436 kB
MemFree:          117336 kB
MemAvailable:     407064 kB
Buffers:           33992 kB
Cached:          1089012 kB
SwapCached:        34400 kB
Active:          6483480 kB
Inactive:        1054628 kB
Active(anon):    6166060 kB
Inactive(anon):   894064 kB
Active(file):     317420 kB
Inactive(file):   160564 kB
Unevictable:        4240 kB
Mlocked:             208 kB
SwapTotal:       2097148 kB
SwapFree:            184 kB
Dirty:               716 kB
Writeback:             0 kB
AnonPages:       6384908 kB
Mapped:           683456 kB
Shmem:            644848 kB
KReclaimable:      62028 kB
Slab:             154480 kB
SReclaimable:      62028 kB
SUnreclaim:        92452 kB
KernelStack:       28816 kB
PageTables:       132604 kB
NFS_Unstable:          0 kB
Bounce:                0 kB
WritebackTmp:          0 kB
CommitLimit:     6125364 kB
Committed_AS:   23680184 kB
VmallocTotal:   34359738367 kB
VmallocUsed:       53468 kB
VmallocChunk:          0 kB
Percpu:             1440 kB
HardwareCorrupted:     0 kB
AnonHugePages:      4096 kB
ShmemHugePages:        0 kB
ShmemPmdMapped:        0 kB
CmaTotal:              0 kB
CmaFree:               0 kB
HugePages_Total:       0
HugePages_Free:        0
HugePages_Rsvd:        0
HugePages_Surp:        0
Hugepagesize:       2048 kB
Hugetlb:               0 kB
DirectMap4k:      646964 kB
DirectMap2M:     7645184 kB
DirectMap1G:     1048576 kB

container (cgroup) information:
container_type: cgroupv1
cpu_cpuset_cpus: 0-3
cpu_memory_nodes: 0
active_processor_count: 4
cpu_quota: -1
cpu_period: 100000
cpu_shares: -1
memory_limit_in_bytes: -1
memory_and_swap_limit_in_bytes: -2
memory_soft_limit_in_bytes: -1
memory_usage_in_bytes: 7723282432
memory_max_usage_in_bytes: 3122987008


CPU:total 4 (initial active 4) (2 cores per cpu, 2 threads per core) family 6 model 60 stepping 3, cmov, cx8, fxsr, mmx, sse, sse2, sse3, ssse3, sse4.1, sse4.2, popcnt, avx, avx2, aes, clmul, erms, lzcnt, ht, tsc, tscinvbit, bmi1, bmi2

/proc/cpuinfo:
processor	: 0
vendor_id	: GenuineIntel
cpu family	: 6
model		: 60
model name	: Intel(R) Core(TM) i5-4210M CPU @ 2.60GHz
stepping	: 3
microcode	: 0x28
cpu MHz		: 2311.022
cache size	: 3072 KB
physical id	: 0
siblings	: 4
core id		: 0
cpu cores	: 2
apicid		: 0
initial apicid	: 0
fpu		: yes
fpu_exception	: yes
cpuid level	: 13
wp		: yes
flags		: fpu vme de pse tsc msr pae mce cx8 apic sep mtrr pge mca cmov pat pse36 clflush dts acpi mmx fxsr sse sse2 ss ht tm pbe syscall nx pdpe1gb rdtscp lm constant_tsc arch_perfmon pebs bts rep_good nopl xtopology nonstop_tsc cpuid aperfmperf pni pclmulqdq dtes64 monitor ds_cpl vmx est tm2 ssse3 sdbg fma cx16 xtpr pdcm pcid sse4_1 sse4_2 movbe popcnt tsc_deadline_timer aes xsave avx f16c rdrand lahf_lm abm cpuid_fault epb invpcid_single pti ssbd ibrs ibpb stibp tpr_shadow vnmi flexpriority ept vpid ept_ad fsgsbase tsc_adjust bmi1 avx2 smep bmi2 erms invpcid xsaveopt dtherm ida arat pln pts md_clear flush_l1d
bugs		: cpu_meltdown spectre_v1 spectre_v2 spec_store_bypass l1tf mds swapgs itlb_multihit srbds
bogomips	: 5187.78
clflush size	: 64
cache_alignment	: 64
address sizes	: 39 bits physical, 48 bits virtual
power management:

processor	: 1
vendor_id	: GenuineIntel
cpu family	: 6
model		: 60
model name	: Intel(R) Core(TM) i5-4210M CPU @ 2.60GHz
stepping	: 3
microcode	: 0x28
cpu MHz		: 2597.405
cache size	: 3072 KB
physical id	: 0
siblings	: 4
core id		: 1
cpu cores	: 2
apicid		: 2
initial apicid	: 2
fpu		: yes
fpu_exception	: yes
cpuid level	: 13
wp		: yes
flags		: fpu vme de pse tsc msr pae mce cx8 apic sep mtrr pge mca cmov pat pse36 clflush dts acpi mmx fxsr sse sse2 ss ht tm pbe syscall nx pdpe1gb rdtscp lm constant_tsc arch_perfmon pebs bts rep_good nopl xtopology nonstop_tsc cpuid aperfmperf pni pclmulqdq dtes64 monitor ds_cpl vmx est tm2 ssse3 sdbg fma cx16 xtpr pdcm pcid sse4_1 sse4_2 movbe popcnt tsc_deadline_timer aes xsave avx f16c rdrand lahf_lm abm cpuid_fault epb invpcid_single pti ssbd ibrs ibpb stibp tpr_shadow vnmi flexpriority ept vpid ept_ad fsgsbase tsc_adjust bmi1 avx2 smep bmi2 erms invpcid xsaveopt dtherm ida arat pln pts md_clear flush_l1d
bugs		: cpu_meltdown spectre_v1 spectre_v2 spec_store_bypass l1tf mds swapgs itlb_multihit srbds
bogomips	: 5187.78
clflush size	: 64
cache_alignment	: 64
address sizes	: 39 bits physical, 48 bits virtual
power management:

processor	: 2
vendor_id	: GenuineIntel
cpu family	: 6
model		: 60
model name	: Intel(R) Core(TM) i5-4210M CPU @ 2.60GHz
stepping	: 3
microcode	: 0x28
cpu MHz		: 2351.663
cache size	: 3072 KB
physical id	: 0
siblings	: 4
core id		: 0
cpu cores	: 2
apicid		: 1
initial apicid	: 1
fpu		: yes
fpu_exception	: yes
cpuid level	: 13
wp		: yes
flags		: fpu vme de pse tsc msr pae mce cx8 apic sep mtrr pge mca cmov pat pse36 clflush dts acpi mmx fxsr sse sse2 ss ht tm pbe syscall nx pdpe1gb rdtscp lm constant_tsc arch_perfmon pebs bts rep_good nopl xtopology nonstop_tsc cpuid aperfmperf pni pclmulqdq dtes64 monitor ds_cpl vmx est tm2 ssse3 sdbg fma cx16 xtpr pdcm pcid sse4_1 sse4_2 movbe popcnt tsc_deadline_timer aes xsave avx f16c rdrand lahf_lm abm cpuid_fault epb invpcid_single pti ssbd ibrs ibpb stibp tpr_shadow vnmi flexpriority ept vpid ept_ad fsgsbase tsc_adjust bmi1 avx2 smep bmi2 erms invpcid xsaveopt dtherm ida arat pln pts md_clear flush_l1d
bugs		: cpu_meltdown spectre_v1 spectre_v2 spec_store_bypass l1tf mds swapgs itlb_multihit srbds
bogomips	: 5187.78
clflush size	: 64
cache_alignment	: 64
address sizes	: 39 bits physical, 48 bits virtual
power management:

processor	: 3
vendor_id	: GenuineIntel
cpu family	: 6
model		: 60
model name	: Intel(R) Core(TM) i5-4210M CPU @ 2.60GHz
stepping	: 3
microcode	: 0x28
cpu MHz		: 2695.680
cache size	: 3072 KB
physical id	: 0
siblings	: 4
core id		: 1
cpu cores	: 2
apicid		: 3
initial apicid	: 3
fpu		: yes
fpu_exception	: yes
cpuid level	: 13
wp		: yes
flags		: fpu vme de pse tsc msr pae mce cx8 apic sep mtrr pge mca cmov pat pse36 clflush dts acpi mmx fxsr sse sse2 ss ht tm pbe syscall nx pdpe1gb rdtscp lm constant_tsc arch_perfmon pebs bts rep_good nopl xtopology nonstop_tsc cpuid aperfmperf pni pclmulqdq dtes64 monitor ds_cpl vmx est tm2 ssse3 sdbg fma cx16 xtpr pdcm pcid sse4_1 sse4_2 movbe popcnt tsc_deadline_timer aes xsave avx f16c rdrand lahf_lm abm cpuid_fault epb invpcid_single pti ssbd ibrs ibpb stibp tpr_shadow vnmi flexpriority ept vpid ept_ad fsgsbase tsc_adjust bmi1 avx2 smep bmi2 erms invpcid xsaveopt dtherm ida arat pln pts md_clear flush_l1d
bugs		: cpu_meltdown spectre_v1 spectre_v2 spec_store_bypass l1tf mds swapgs itlb_multihit srbds
bogomips	: 5187.78
clflush size	: 64
cache_alignment	: 64
address sizes	: 39 bits physical, 48 bits virtual
power management:



Memory: 4k page, physical 8056436k(117076k free), swap 2097148k(184k free)

vm_info: Java HotSpot(TM) 64-Bit Server VM (25.231-b11) for linux-amd64 JRE (1.8.0_231-b11), built on Oct  5 2019 03:00:41 by "java_re" with gcc 7.3.0

time: Sun Jul  5 23:17:50 2020
timezone: EEST
elapsed time: 0 seconds (0d 0h 0m 0s)

