#
# A fatal error has been detected by the Java Runtime Environment:
#
#  SIGSEGV (0xb) at pc=0x00007f573887ac27, pid=10244, tid=0x00007f5770cbb700
#
# JRE version: Java(TM) SE Runtime Environment (8.0_231-b11) (build 1.8.0_231-b11)
# Java VM: Java HotSpot(TM) 64-Bit Server VM (25.231-b11 mixed mode linux-amd64 compressed oops)
# Problematic frame:
# C  [libtesseract.so+0xa1c27]  tesseract::Tesseract::recog_all_words(PAGE_RES*, ETEXT_DESC*, TBOX const*, char const*, int)+0x437
#
# Failed to write core dump. Core dumps have been disabled. To enable core dumping, try "ulimit -c unlimited" before starting Java again
#
# If you would like to submit a bug report, please visit:
#   http://bugreport.java.com/bugreport/crash.jsp
# The crash happened outside the Java Virtual Machine in native code.
# See problematic frame for where to report the bug.
#

---------------  T H R E A D  ---------------

Current thread (0x00007f5768010000):  JavaThread "main" [_thread_in_native, id=10246, stack(0x00007f5770bbc000,0x00007f5770cbc000)]

siginfo: si_signo: 11 (SIGSEGV), si_code: 1 (SEGV_MAPERR), si_addr: 0x000000000000000c

Registers:
RAX=0x0000000000000000, RBX=0x00007f57689199d0, RCX=0x0000000000000000, RDX=0x00007f576893b5c8
RSP=0x00007f5770cb9670, RBP=0x00007f5770cb96c0, RSI=0x0000000000000000, RDI=0x00007f5770cb9780
R8 =0x0000000000000000, R9 =0x0000000000000000, R10=0x00007f57701ef430, R11=0x0000000000000000
R12=0x00007f57689694e0, R13=0x0000000000000000, R14=0x0000000000000000, R15=0x00007f57689694e0
RIP=0x00007f573887ac27, EFLAGS=0x0000000000010246, CSGSFS=0x002b000000000033, ERR=0x0000000000000004
  TRAPNO=0x000000000000000e

Top of Stack: (sp=0x00007f5770cb9670)
0x00007f5770cb9670:   0000000000000000 0000000000000000
0x00007f5770cb9680:   0000000000000000 00007f5768b3efe0
0x00007f5770cb9690:   00007f5768b6d230 00007f576896bfd0
0x00007f5770cb96a0:   0000000000000001 00007f5770cb96d0
0x00007f5770cb96b0:   00007f5768b3efe0 00007f5738a0b99e
0x00007f5770cb96c0:   00007f57689694e0 0000000000000000
0x00007f5770cb96d0:   0000000000000000 0000000000000000
0x00007f5770cb96e0:   00007f5768b55850 00007f5768b54dc0
0x00007f5770cb96f0:   00007f576896bfd0 00007f576894ee90
0x00007f5770cb9700:   00007f5768b54dc0 00007f576896bfd0
0x00007f5770cb9710:   00007f57689694e8 00007f576896bfd0
0x00007f5770cb9720:   00007f576896bfd0 00007f576896bfd0
0x00007f5770cb9730:   0000000000000000 00007f576896bfd0
0x00007f5770cb9740:   00007f576896bf00 00007f576896bff8
0x00007f5770cb9750:   00007f5768b3efe0 00007f5768b54dc0
0x00007f5770cb9760:   00007f5768b56720 00007f5768930000
0x00007f5770cb9770:   00007f5768b54dc0 00007f5768969500
0x00007f5770cb9780:   00007f5768b54de0 00007f576894ee90
0x00007f5770cb9790:   00007f57689682d0 00007f576890ef60
0x00007f5770cb97a0:   0000000000000000 00007f5768b55850
0x00007f5770cb97b0:   00007f576893b701 8ec57b89ff363b00
0x00007f5770cb97c0:   00007f5770cb97f0 00007f576890fea0
0x00007f5770cb97d0:   00007f5770cb9860 0000000000000000
0x00007f5770cb97e0:   0000000000000000 0000000000000001
0x00007f5770cb97f0:   00007f57689694e0 00007f5738864160
0x00007f5770cb9800:   00007f576890fea0 00007f5759246f6c
0x00007f5770cb9810:   0000000000000000 0000000000000000
0x00007f5770cb9820:   0000000000000001 8ec57b89ff363b00
0x00007f5770cb9830:   0000005b0000006e 00007f576890fea0
0x00007f5770cb9840:   00007f5770cb99f0 0000000000000008
0x00007f5770cb9850:   0000000000000001 00007f5770cb99d0
0x00007f5770cb9860:   00007f5770cb98b0 00007f57388653ff 

Instructions: (pc=0x00007f573887ac27)
0x00007f573887ac07:   00 31 f6 48 89 ef e8 ce f9 18 00 8b 83 a0 15 00
0x00007f573887ac17:   00 85 c0 0f 8f c0 00 00 00 48 8b 83 40 0a 00 00
0x00007f573887ac27:   80 78 0c 00 0f 85 a7 02 00 00 8b 83 58 47 02 00
0x00007f573887ac37:   85 c0 0f 8e b1 00 00 00 31 d2 45 31 ff eb 2c 66 

Register to memory mapping:

RAX=0x0000000000000000 is an unknown value
RBX=0x00007f57689199d0 is an unknown value
RCX=0x0000000000000000 is an unknown value
RDX=0x00007f576893b5c8 is an unknown value
RSP=0x00007f5770cb9670 is pointing into the stack for thread: 0x00007f5768010000
RBP=0x00007f5770cb96c0 is pointing into the stack for thread: 0x00007f5768010000
RSI=0x0000000000000000 is an unknown value
RDI=0x00007f5770cb9780 is pointing into the stack for thread: 0x00007f5768010000
R8 =0x0000000000000000 is an unknown value
R9 =0x0000000000000000 is an unknown value
R10=0x00007f57701ef430: <offset 0x16a430> in /lib/x86_64-linux-gnu/libc.so.6 at 0x00007f5770085000
R11=0x0000000000000000 is an unknown value
R12=0x00007f57689694e0 is an unknown value
R13=0x0000000000000000 is an unknown value
R14=0x0000000000000000 is an unknown value
R15=0x00007f57689694e0 is an unknown value


Stack: [0x00007f5770bbc000,0x00007f5770cbc000],  sp=0x00007f5770cb9670,  free space=1013k
Native frames: (J=compiled Java code, j=interpreted, Vv=VM code, C=native code)
C  [libtesseract.so+0xa1c27]  tesseract::Tesseract::recog_all_words(PAGE_RES*, ETEXT_DESC*, TBOX const*, char const*, int)+0x437
C  0x0000000000000000

Java frames: (J=compiled Java code, j=interpreted, Vv=VM code)
j  com.sun.jna.Native.invokePointer(Lcom/sun/jna/Function;JI[Ljava/lang/Object;)J+0
j  com.sun.jna.Function.invokePointer(I[Ljava/lang/Object;)Lcom/sun/jna/Pointer;+7
j  com.sun.jna.Function.invoke([Ljava/lang/Object;Ljava/lang/Class;ZI)Ljava/lang/Object;+385
j  com.sun.jna.Function.invoke(Ljava/lang/reflect/Method;[Ljava/lang/Class;Ljava/lang/Class;[Ljava/lang/Object;Ljava/util/Map;)Ljava/lang/Object;+271
j  com.sun.jna.Library$Handler.invoke(Ljava/lang/Object;Ljava/lang/reflect/Method;[Ljava/lang/Object;)Ljava/lang/Object;+390
j  com.sun.proxy.$Proxy0.TessBaseAPIGetUTF8Text(Lnet/sourceforge/tess4j/ITessAPI$TessBaseAPI;)Lcom/sun/jna/Pointer;+16
j  net.sourceforge.tess4j.Tesseract.getOCRText(Ljava/lang/String;I)Ljava/lang/String;+269
j  net.sourceforge.tess4j.Tesseract.doOCR(Ljavax/imageio/IIOImage;Ljava/lang/String;Ljava/awt/Rectangle;I)Ljava/lang/String;+18
j  net.sourceforge.tess4j.Tesseract.doOCR(Ljava/io/File;Ljava/awt/Rectangle;)Ljava/lang/String;+126
j  net.sourceforge.tess4j.Tesseract.doOCR(Ljava/io/File;)Ljava/lang/String;+3
j  encaps.utils.OCR.main([Ljava/lang/String;)V+30
v  ~StubRoutines::call_stub

---------------  P R O C E S S  ---------------

Java Threads: ( => current thread )
  0x00007f57686e4000 JavaThread "process reaper" daemon [_thread_blocked, id=10274, stack(0x00007f5738fa7000,0x00007f5738fe0000)]
  0x00007f57686a6000 JavaThread "Java2D Disposer" daemon [_thread_blocked, id=10272, stack(0x00007f57391f9000,0x00007f57392fa000)]
  0x00007f57680c6800 JavaThread "Service Thread" daemon [_thread_blocked, id=10265, stack(0x00007f573b02b000,0x00007f573b12c000)]
  0x00007f57680c3800 JavaThread "C1 CompilerThread2" daemon [_thread_blocked, id=10264, stack(0x00007f573b12d000,0x00007f573b22d000)]
  0x00007f57680c2000 JavaThread "C2 CompilerThread1" daemon [_thread_blocked, id=10263, stack(0x00007f573b22e000,0x00007f573b32e000)]
  0x00007f57680bf000 JavaThread "C2 CompilerThread0" daemon [_thread_blocked, id=10262, stack(0x00007f573b32f000,0x00007f573b42f000)]
  0x00007f57680bd800 JavaThread "Signal Dispatcher" daemon [_thread_blocked, id=10261, stack(0x00007f573b42f000,0x00007f573b530000)]
  0x00007f576808c800 JavaThread "Finalizer" daemon [_thread_blocked, id=10257, stack(0x00007f573beff000,0x00007f573c000000)]
  0x00007f5768088000 JavaThread "Reference Handler" daemon [_thread_blocked, id=10256, stack(0x00007f575007e000,0x00007f575017f000)]
=>0x00007f5768010000 JavaThread "main" [_thread_in_native, id=10246, stack(0x00007f5770bbc000,0x00007f5770cbc000)]

Other Threads:
  0x00007f576807e000 VMThread [stack: 0x00007f5750180000,0x00007f5750280000] [id=10255]
  0x00007f57680c9800 WatcherThread [stack: 0x00007f573af2b000,0x00007f573b02b000] [id=10266]

VM state:not at safepoint (normal execution)

VM Mutex/Monitor currently owned by a thread: None

heap address: 0x0000000085000000, size: 1968 MB, Compressed Oops mode: 32-bit
Narrow klass base: 0x0000000000000000, Narrow klass shift: 3
Compressed class space size: 1073741824 Address: 0x0000000100000000

Heap:
 PSYoungGen      total 36864K, used 9835K [0x00000000d7000000, 0x00000000db800000, 0x0000000100000000)
  eden space 31744K, 14% used [0x00000000d7000000,0x00000000d74a2cd8,0x00000000d8f00000)
  from space 5120K, 99% used [0x00000000d8f00000,0x00000000d93f81c8,0x00000000d9400000)
  to   space 5120K, 0% used [0x00000000db300000,0x00000000db300000,0x00000000db800000)
 ParOldGen       total 84992K, used 10688K [0x0000000085000000, 0x000000008a300000, 0x00000000d7000000)
  object space 84992K, 12% used [0x0000000085000000,0x0000000085a703f8,0x000000008a300000)
 Metaspace       used 8314K, capacity 8482K, committed 8704K, reserved 1056768K
  class space    used 918K, capacity 997K, committed 1024K, reserved 1048576K

Card table byte_map: [0x00007f576d4c0000,0x00007f576d899000] byte_map_base: 0x00007f576d098000

Marking Bits: (ParMarkBitMap*) 0x00007f5770067de0
 Begin Bits: [0x00007f5750280000, 0x00007f5752140000)
 End Bits:   [0x00007f5752140000, 0x00007f5754000000)

Polling page: 0x00007f5770cd7000

CodeCache: size=245760Kb used=2702Kb max_used=2702Kb free=243058Kb
 bounds [0x00007f5759000000, 0x00007f57592b0000, 0x00007f5768000000]
 total_blobs=976 nmethods=621 adapters=269
 compilation: enabled

Compilation events (10 events):
Event: 0.980 Thread 0x00007f57680c3800  617       3       java.lang.ref.Finalizer::access$100 (6 bytes)
Event: 0.980 Thread 0x00007f57680c3800 nmethod 617 0x00007f57592a27d0 code [0x00007f57592a2940, 0x00007f57592a2aa8]
Event: 0.980 Thread 0x00007f57680c3800  618   !   3       java.lang.ref.Finalizer::runFinalizer (62 bytes)
Event: 0.981 Thread 0x00007f57680c3800 nmethod 618 0x00007f57592a2b50 code [0x00007f57592a2d00, 0x00007f57592a3578]
Event: 0.981 Thread 0x00007f57680c3800  619       3       java.lang.ref.Finalizer::hasBeenFinalized (14 bytes)
Event: 0.981 Thread 0x00007f57680c3800 nmethod 619 0x00007f57592a3810 code [0x00007f57592a3980, 0x00007f57592a3b30]
Event: 0.981 Thread 0x00007f57680c3800  620   !   3       java.lang.ref.Finalizer::remove (94 bytes)
Event: 0.982 Thread 0x00007f57680c3800 nmethod 620 0x00007f57592a3b90 code [0x00007f57592a3d20, 0x00007f57592a41f0]
Event: 0.994 Thread 0x00007f57680c3800  621       3       java.util.Properties::getProperty (46 bytes)
Event: 0.995 Thread 0x00007f57680c3800 nmethod 621 0x00007f57592a4350 code [0x00007f57592a44e0, 0x00007f57592a49f8]

GC Heap History (2 events):
Event: 0.950 GC heap before
{Heap before GC invocations=1 (full 0):
 PSYoungGen      total 36864K, used 28659K [0x00000000d7000000, 0x00000000d9900000, 0x0000000100000000)
  eden space 31744K, 90% used [0x00000000d7000000,0x00000000d8bfcdf8,0x00000000d8f00000)
  from space 5120K, 0% used [0x00000000d9400000,0x00000000d9400000,0x00000000d9900000)
  to   space 5120K, 0% used [0x00000000d8f00000,0x00000000d8f00000,0x00000000d9400000)
 ParOldGen       total 84992K, used 0K [0x0000000085000000, 0x000000008a300000, 0x00000000d7000000)
  object space 84992K, 0% used [0x0000000085000000,0x0000000085000000,0x000000008a300000)
 Metaspace       used 8283K, capacity 8482K, committed 8704K, reserved 1056768K
  class space    used 917K, capacity 997K, committed 1024K, reserved 1048576K
Event: 0.967 GC heap after
Heap after GC invocations=1 (full 0):
 PSYoungGen      total 36864K, used 5088K [0x00000000d7000000, 0x00000000db800000, 0x0000000100000000)
  eden space 31744K, 0% used [0x00000000d7000000,0x00000000d7000000,0x00000000d8f00000)
  from space 5120K, 99% used [0x00000000d8f00000,0x00000000d93f81c8,0x00000000d9400000)
  to   space 5120K, 0% used [0x00000000db300000,0x00000000db300000,0x00000000db800000)
 ParOldGen       total 84992K, used 10688K [0x0000000085000000, 0x000000008a300000, 0x00000000d7000000)
  object space 84992K, 12% used [0x0000000085000000,0x0000000085a703f8,0x000000008a300000)
 Metaspace       used 8283K, capacity 8482K, committed 8704K, reserved 1056768K
  class space    used 917K, capacity 997K, committed 1024K, reserved 1048576K
}

Deoptimization events (1 events):
Event: 0.348 Thread 0x00007f5768010000 Uncommon trap: reason=unstable_if action=reinterpret pc=0x00007f575912bab4 method=java.lang.String.indexOf(II)I @ 49

Classes redefined (0 events):
No events

Internal exceptions (10 events):
Event: 0.037 Thread 0x00007f5768010000 Exception <a 'java/lang/NoSuchMethodError': Method sun.misc.Unsafe.prefetchRead(Ljava/lang/Object;J)V name or signature does not match> (0x00000000d7007fa0) thrown at [/HUDSON/workspace/8-2-build-linux-amd64/jdk8u231/13620/hotspot/src/share/vm/prims/jni.c
Event: 0.270 Thread 0x00007f5768010000 Exception <a 'java/security/PrivilegedActionException'> (0x00000000d73b3a98) thrown at [/HUDSON/workspace/8-2-build-linux-amd64/jdk8u231/13620/hotspot/src/share/vm/prims/jvm.cpp, line 1502]
Event: 0.270 Thread 0x00007f5768010000 Exception <a 'java/security/PrivilegedActionException'> (0x00000000d73b3ca8) thrown at [/HUDSON/workspace/8-2-build-linux-amd64/jdk8u231/13620/hotspot/src/share/vm/prims/jvm.cpp, line 1502]
Event: 0.272 Thread 0x00007f5768010000 Exception <a 'java/security/PrivilegedActionException'> (0x00000000d73b6488) thrown at [/HUDSON/workspace/8-2-build-linux-amd64/jdk8u231/13620/hotspot/src/share/vm/prims/jvm.cpp, line 1502]
Event: 0.272 Thread 0x00007f5768010000 Exception <a 'java/security/PrivilegedActionException'> (0x00000000d73b6698) thrown at [/HUDSON/workspace/8-2-build-linux-amd64/jdk8u231/13620/hotspot/src/share/vm/prims/jvm.cpp, line 1502]
Event: 0.360 Thread 0x00007f5768010000 Exception <a 'java/io/FileNotFoundException'> (0x00000000d75d4988) thrown at [/HUDSON/workspace/8-2-build-linux-amd64/jdk8u231/13620/hotspot/src/share/vm/prims/jni.cpp, line 710]
Event: 0.538 Thread 0x00007f5768010000 Exception <a 'java/lang/NoSuchFieldError': method resolution failed> (0x00000000d791a910) thrown at [/HUDSON/workspace/8-2-build-linux-amd64/jdk8u231/13620/hotspot/src/share/vm/prims/methodHandles.cpp, line 1167]
Event: 0.550 Thread 0x00007f5768010000 Exception <a 'java/lang/NoSuchFieldError': method resolution failed> (0x00000000d7928030) thrown at [/HUDSON/workspace/8-2-build-linux-amd64/jdk8u231/13620/hotspot/src/share/vm/prims/methodHandles.cpp, line 1167]
Event: 0.589 Thread 0x00007f5768010000 Exception <a 'java/io/FileNotFoundException'> (0x00000000d79a0a88) thrown at [/HUDSON/workspace/8-2-build-linux-amd64/jdk8u231/13620/hotspot/src/share/vm/prims/jni.cpp, line 710]
Event: 0.589 Thread 0x00007f5768010000 Exception <a 'java/io/FileNotFoundException'> (0x00000000d79a1458) thrown at [/HUDSON/workspace/8-2-build-linux-amd64/jdk8u231/13620/hotspot/src/share/vm/prims/jni.cpp, line 710]

Events (10 events):
Event: 0.948 Thread 0x00007f5768010000 DEOPT PACKING pc=0x00007f57592993da sp=0x00007f5770cba510
Event: 0.948 Thread 0x00007f5768010000 DEOPT UNPACKING pc=0x00007f5759047784 sp=0x00007f5770cba270 mode 0
Event: 0.950 Executing VM operation: ParallelGCFailedAllocation
Event: 0.967 Executing VM operation: ParallelGCFailedAllocation done
Event: 0.986 loading class java/nio/DirectByteBuffer$Deallocator
Event: 0.986 loading class java/nio/DirectByteBuffer$Deallocator done
Event: 0.987 loading class java/lang/StrictMath
Event: 0.987 loading class java/lang/StrictMath done
Event: 0.987 loading class com/sun/jna/Native$Buffers
Event: 0.987 loading class com/sun/jna/Native$Buffers done


Dynamic libraries:
00400000-00401000 r-xp 00000000 08:05 526140                             /home/encaps/Downloads/jdk1.8.0_231/bin/java
00600000-00601000 r--p 00000000 08:05 526140                             /home/encaps/Downloads/jdk1.8.0_231/bin/java
00601000-00602000 rw-p 00001000 08:05 526140                             /home/encaps/Downloads/jdk1.8.0_231/bin/java
01648000-01669000 rw-p 00000000 00:00 0                                  [heap]
85000000-8a300000 rw-p 00000000 00:00 0 
8a300000-d7000000 ---p 00000000 00:00 0 
d7000000-db800000 rw-p 00000000 00:00 0 
db800000-100000000 ---p 00000000 00:00 0 
100000000-100100000 rw-p 00000000 00:00 0 
100100000-140000000 ---p 00000000 00:00 0 
7f5711cca000-7f5711fe6000 rw-p 00000000 00:00 0 
7f5712302000-7f571261e000 rw-p 00000000 00:00 0 
7f571261e000-7f5712629000 r-xp 00000000 08:05 1319363                    /usr/lib/x86_64-linux-gnu/libjbig.so.0
7f5712629000-7f5712828000 ---p 0000b000 08:05 1319363                    /usr/lib/x86_64-linux-gnu/libjbig.so.0
7f5712828000-7f5712829000 r--p 0000a000 08:05 1319363                    /usr/lib/x86_64-linux-gnu/libjbig.so.0
7f5712829000-7f571282c000 rw-p 0000b000 08:05 1319363                    /usr/lib/x86_64-linux-gnu/libjbig.so.0
7f571282c000-7f5712850000 r-xp 00000000 08:05 6689884                    /lib/x86_64-linux-gnu/liblzma.so.5.2.2
7f5712850000-7f5712a50000 ---p 00024000 08:05 6689884                    /lib/x86_64-linux-gnu/liblzma.so.5.2.2
7f5712a50000-7f5712a51000 r--p 00024000 08:05 6689884                    /lib/x86_64-linux-gnu/liblzma.so.5.2.2
7f5712a51000-7f5712a52000 rw-p 00025000 08:05 6689884                    /lib/x86_64-linux-gnu/liblzma.so.5.2.2
7f5712a52000-7f5712aa6000 r-xp 00000000 08:05 1323028                    /usr/lib/x86_64-linux-gnu/libopenjp2.so.2.3.0
7f5712aa6000-7f5712ca6000 ---p 00054000 08:05 1323028                    /usr/lib/x86_64-linux-gnu/libopenjp2.so.2.3.0
7f5712ca6000-7f5712ca7000 r--p 00054000 08:05 1323028                    /usr/lib/x86_64-linux-gnu/libopenjp2.so.2.3.0
7f5712ca7000-7f5712ca8000 rw-p 00055000 08:05 1323028                    /usr/lib/x86_64-linux-gnu/libopenjp2.so.2.3.0
7f5712ca8000-7f5712d0e000 r-xp 00000000 08:05 1319838                    /usr/lib/x86_64-linux-gnu/libwebp.so.6.0.2
7f5712d0e000-7f5712f0d000 ---p 00066000 08:05 1319838                    /usr/lib/x86_64-linux-gnu/libwebp.so.6.0.2
7f5712f0d000-7f5712f0e000 r--p 00065000 08:05 1319838                    /usr/lib/x86_64-linux-gnu/libwebp.so.6.0.2
7f5712f0e000-7f5712f0f000 rw-p 00066000 08:05 1319838                    /usr/lib/x86_64-linux-gnu/libwebp.so.6.0.2
7f5712f0f000-7f5712f11000 rw-p 00000000 00:00 0 
7f5712f11000-7f5712f84000 r-xp 00000000 08:05 1317585                    /usr/lib/x86_64-linux-gnu/libtiff.so.5.3.0
7f5712f84000-7f5713183000 ---p 00073000 08:05 1317585                    /usr/lib/x86_64-linux-gnu/libtiff.so.5.3.0
7f5713183000-7f5713187000 r--p 00072000 08:05 1317585                    /usr/lib/x86_64-linux-gnu/libtiff.so.5.3.0
7f5713187000-7f5713188000 rw-p 00076000 08:05 1317585                    /usr/lib/x86_64-linux-gnu/libtiff.so.5.3.0
7f5713188000-7f5713190000 r-xp 00000000 08:05 1314230                    /usr/lib/x86_64-linux-gnu/libgif.so.7.0.0
7f5713190000-7f571338f000 ---p 00008000 08:05 1314230                    /usr/lib/x86_64-linux-gnu/libgif.so.7.0.0
7f571338f000-7f5713390000 r--p 00007000 08:05 1314230                    /usr/lib/x86_64-linux-gnu/libgif.so.7.0.0
7f5713390000-7f5713391000 rw-p 00008000 08:05 1314230                    /usr/lib/x86_64-linux-gnu/libgif.so.7.0.0
7f5713391000-7f57133f8000 r-xp 00000000 08:05 1310759                    /usr/lib/x86_64-linux-gnu/libjpeg.so.8.1.2
7f57133f8000-7f57135f7000 ---p 00067000 08:05 1310759                    /usr/lib/x86_64-linux-gnu/libjpeg.so.8.1.2
7f57135f7000-7f57135f8000 r--p 00066000 08:05 1310759                    /usr/lib/x86_64-linux-gnu/libjpeg.so.8.1.2
7f57135f8000-7f57135f9000 rw-p 00067000 08:05 1310759                    /usr/lib/x86_64-linux-gnu/libjpeg.so.8.1.2
7f57135f9000-7f571362a000 r-xp 00000000 08:05 1319566                    /usr/lib/x86_64-linux-gnu/libpng16.so.16.34.0
7f571362a000-7f5713829000 ---p 00031000 08:05 1319566                    /usr/lib/x86_64-linux-gnu/libpng16.so.16.34.0
7f5713829000-7f571382a000 r--p 00030000 08:05 1319566                    /usr/lib/x86_64-linux-gnu/libpng16.so.16.34.0
7f571382a000-7f571382b000 rw-p 00031000 08:05 1319566                    /usr/lib/x86_64-linux-gnu/libpng16.so.16.34.0
7f571382b000-7f5713847000 r-xp 00000000 08:05 6689996                    /lib/x86_64-linux-gnu/libz.so.1.2.11
7f5713847000-7f5713a46000 ---p 0001c000 08:05 6689996                    /lib/x86_64-linux-gnu/libz.so.1.2.11
7f5713a46000-7f5713a47000 r--p 0001b000 08:05 6689996                    /lib/x86_64-linux-gnu/libz.so.1.2.11
7f5713a47000-7f5713a48000 rw-p 0001c000 08:05 6689996                    /lib/x86_64-linux-gnu/libz.so.1.2.11
7f5713a48000-7f5713a76000 r-xp 00000000 08:05 1315488                    /usr/lib/x86_64-linux-gnu/libgomp.so.1.0.0
7f5713a76000-7f5713c75000 ---p 0002e000 08:05 1315488                    /usr/lib/x86_64-linux-gnu/libgomp.so.1.0.0
7f5713c75000-7f5713c76000 r--p 0002d000 08:05 1315488                    /usr/lib/x86_64-linux-gnu/libgomp.so.1.0.0
7f5713c76000-7f5713c77000 rw-p 0002e000 08:05 1315488                    /usr/lib/x86_64-linux-gnu/libgomp.so.1.0.0
7f5713c77000-7f5713df0000 r-xp 00000000 08:05 1313412                    /usr/lib/x86_64-linux-gnu/libstdc++.so.6.0.25
7f5713df0000-7f5713ff0000 ---p 00179000 08:05 1313412                    /usr/lib/x86_64-linux-gnu/libstdc++.so.6.0.25
7f5713ff0000-7f5713ffa000 r--p 00179000 08:05 1313412                    /usr/lib/x86_64-linux-gnu/libstdc++.so.6.0.25
7f5713ffa000-7f5713ffc000 rw-p 00183000 08:05 1313412                    /usr/lib/x86_64-linux-gnu/libstdc++.so.6.0.25
7f5713ffc000-7f5714000000 rw-p 00000000 00:00 0 
7f5714000000-7f5714021000 rw-p 00000000 00:00 0 
7f5714021000-7f5718000000 ---p 00000000 00:00 0 
7f5718000000-7f5718021000 rw-p 00000000 00:00 0 
7f5718021000-7f571c000000 ---p 00000000 00:00 0 
7f571c000000-7f571c021000 rw-p 00000000 00:00 0 
7f571c021000-7f5720000000 ---p 00000000 00:00 0 
7f5720000000-7f5720021000 rw-p 00000000 00:00 0 
7f5720021000-7f5724000000 ---p 00000000 00:00 0 
7f5724000000-7f572419c000 rw-p 00000000 00:00 0 
7f572419c000-7f5728000000 ---p 00000000 00:00 0 
7f5728000000-7f57282ec000 rw-p 00000000 00:00 0 
7f57282ec000-7f572c000000 ---p 00000000 00:00 0 
7f572c000000-7f572c021000 rw-p 00000000 00:00 0 
7f572c021000-7f5730000000 ---p 00000000 00:00 0 
7f5730000000-7f5730152000 rw-p 00000000 00:00 0 
7f5730152000-7f5734000000 ---p 00000000 00:00 0 
7f5734000000-7f5734021000 rw-p 00000000 00:00 0 
7f5734021000-7f5738000000 ---p 00000000 00:00 0 
7f573815f000-7f5738176000 r-xp 00000000 08:05 6692361                    /lib/x86_64-linux-gnu/libgcc_s.so.1
7f5738176000-7f5738375000 ---p 00017000 08:05 6692361                    /lib/x86_64-linux-gnu/libgcc_s.so.1
7f5738375000-7f5738376000 r--p 00016000 08:05 6692361                    /lib/x86_64-linux-gnu/libgcc_s.so.1
7f5738376000-7f5738377000 rw-p 00017000 08:05 6692361                    /lib/x86_64-linux-gnu/libgcc_s.so.1
7f5738377000-7f57385d3000 r-xp 00000000 08:05 1315373                    /usr/lib/x86_64-linux-gnu/liblept.so.5.0.2
7f57385d3000-7f57387d2000 ---p 0025c000 08:05 1315373                    /usr/lib/x86_64-linux-gnu/liblept.so.5.0.2
7f57387d2000-7f57387d3000 r--p 0025b000 08:05 1315373                    /usr/lib/x86_64-linux-gnu/liblept.so.5.0.2
7f57387d3000-7f57387d9000 rw-p 0025c000 08:05 1315373                    /usr/lib/x86_64-linux-gnu/liblept.so.5.0.2
7f57387d9000-7f5738ae6000 r-xp 00000000 08:05 1315545                    /usr/lib/x86_64-linux-gnu/libtesseract.so.4.0.0
7f5738ae6000-7f5738ce5000 ---p 0030d000 08:05 1315545                    /usr/lib/x86_64-linux-gnu/libtesseract.so.4.0.0
7f5738ce5000-7f5738cea000 r--p 0030c000 08:05 1315545                    /usr/lib/x86_64-linux-gnu/libtesseract.so.4.0.0
7f5738cea000-7f5738ceb000 rw-p 00311000 08:05 1315545                    /usr/lib/x86_64-linux-gnu/libtesseract.so.4.0.0
7f5738ceb000-7f5738f8f000 rw-p 00000000 00:00 0 
7f5738fa7000-7f5738faa000 ---p 00000000 00:00 0 
7f5738faa000-7f5738fe0000 rw-p 00000000 00:00 0 
7f5738fe0000-7f5738ff8000 r-xp 00000000 08:05 3543678                    /home/encaps/.cache/JNA/temp/jna8908714714361063643.tmp (deleted)
7f5738ff8000-7f57391f8000 ---p 00018000 08:05 3543678                    /home/encaps/.cache/JNA/temp/jna8908714714361063643.tmp (deleted)
7f57391f8000-7f57391f9000 rw-p 00018000 08:05 3543678                    /home/encaps/.cache/JNA/temp/jna8908714714361063643.tmp (deleted)
7f57391f9000-7f57391fc000 ---p 00000000 00:00 0 
7f57391fc000-7f57392fa000 rw-p 00000000 00:00 0 
7f57392fa000-7f573930d000 r-xp 00000000 08:05 6684930                    /lib/x86_64-linux-gnu/libbsd.so.0.8.7
7f573930d000-7f573950c000 ---p 00013000 08:05 6684930                    /lib/x86_64-linux-gnu/libbsd.so.0.8.7
7f573950c000-7f573950d000 r--p 00012000 08:05 6684930                    /lib/x86_64-linux-gnu/libbsd.so.0.8.7
7f573950d000-7f573950e000 rw-p 00013000 08:05 6684930                    /lib/x86_64-linux-gnu/libbsd.so.0.8.7
7f573950e000-7f573950f000 rw-p 00000000 00:00 0 
7f573950f000-7f5739514000 r-xp 00000000 08:05 1318707                    /usr/lib/x86_64-linux-gnu/libXdmcp.so.6.0.0
7f5739514000-7f5739713000 ---p 00005000 08:05 1318707                    /usr/lib/x86_64-linux-gnu/libXdmcp.so.6.0.0
7f5739713000-7f5739714000 r--p 00004000 08:05 1318707                    /usr/lib/x86_64-linux-gnu/libXdmcp.so.6.0.0
7f5739714000-7f5739715000 rw-p 00005000 08:05 1318707                    /usr/lib/x86_64-linux-gnu/libXdmcp.so.6.0.0
7f5739715000-7f5739717000 r-xp 00000000 08:05 1318696                    /usr/lib/x86_64-linux-gnu/libXau.so.6.0.0
7f5739717000-7f5739917000 ---p 00002000 08:05 1318696                    /usr/lib/x86_64-linux-gnu/libXau.so.6.0.0
7f5739917000-7f5739918000 r--p 00002000 08:05 1318696                    /usr/lib/x86_64-linux-gnu/libXau.so.6.0.0
7f5739918000-7f5739919000 rw-p 00003000 08:05 1318696                    /usr/lib/x86_64-linux-gnu/libXau.so.6.0.0
7f5739919000-7f573993f000 r-xp 00000000 08:05 1319909                    /usr/lib/x86_64-linux-gnu/libxcb.so.1.1.0
7f573993f000-7f5739b3f000 ---p 00026000 08:05 1319909                    /usr/lib/x86_64-linux-gnu/libxcb.so.1.1.0
7f5739b3f000-7f5739b40000 r--p 00026000 08:05 1319909                    /usr/lib/x86_64-linux-gnu/libxcb.so.1.1.0
7f5739b40000-7f5739b41000 rw-p 00027000 08:05 1319909                    /usr/lib/x86_64-linux-gnu/libxcb.so.1.1.0
7f5739b41000-7f5739b50000 r-xp 00000000 08:05 1318717                    /usr/lib/x86_64-linux-gnu/libXi.so.6.1.0
7f5739b50000-7f5739d4f000 ---p 0000f000 08:05 1318717                    /usr/lib/x86_64-linux-gnu/libXi.so.6.1.0
7f5739d4f000-7f5739d50000 r--p 0000e000 08:05 1318717                    /usr/lib/x86_64-linux-gnu/libXi.so.6.1.0
7f5739d50000-7f5739d51000 rw-p 0000f000 08:05 1318717                    /usr/lib/x86_64-linux-gnu/libXi.so.6.1.0
7f5739d51000-7f5739d56000 r-xp 00000000 08:05 1318735                    /usr/lib/x86_64-linux-gnu/libXtst.so.6.1.0
7f5739d56000-7f5739f55000 ---p 00005000 08:05 1318735                    /usr/lib/x86_64-linux-gnu/libXtst.so.6.1.0
7f5739f55000-7f5739f56000 r--p 00004000 08:05 1318735                    /usr/lib/x86_64-linux-gnu/libXtst.so.6.1.0
7f5739f56000-7f5739f57000 rw-p 00005000 08:05 1318735                    /usr/lib/x86_64-linux-gnu/libXtst.so.6.1.0
7f5739f57000-7f5739f60000 r-xp 00000000 08:05 1318729                    /usr/lib/x86_64-linux-gnu/libXrender.so.1.3.0
7f5739f60000-7f573a15f000 ---p 00009000 08:05 1318729                    /usr/lib/x86_64-linux-gnu/libXrender.so.1.3.0
7f573a15f000-7f573a160000 r--p 00008000 08:05 1318729                    /usr/lib/x86_64-linux-gnu/libXrender.so.1.3.0
7f573a160000-7f573a161000 rw-p 00009000 08:05 1318729                    /usr/lib/x86_64-linux-gnu/libXrender.so.1.3.0
7f573a161000-7f573a294000 r-xp 00000000 08:05 1318692                    /usr/lib/x86_64-linux-gnu/libX11.so.6.3.0
7f573a294000-7f573a494000 ---p 00133000 08:05 1318692                    /usr/lib/x86_64-linux-gnu/libX11.so.6.3.0
7f573a494000-7f573a495000 r--p 00133000 08:05 1318692                    /usr/lib/x86_64-linux-gnu/libX11.so.6.3.0
7f573a495000-7f573a499000 rw-p 00134000 08:05 1318692                    /usr/lib/x86_64-linux-gnu/libX11.so.6.3.0
7f573a499000-7f573a4aa000 r-xp 00000000 08:05 1318709                    /usr/lib/x86_64-linux-gnu/libXext.so.6.4.0
7f573a4aa000-7f573a6a9000 ---p 00011000 08:05 1318709                    /usr/lib/x86_64-linux-gnu/libXext.so.6.4.0
7f573a6a9000-7f573a6aa000 r--p 00010000 08:05 1318709                    /usr/lib/x86_64-linux-gnu/libXext.so.6.4.0
7f573a6aa000-7f573a6ab000 rw-p 00011000 08:05 1318709                    /usr/lib/x86_64-linux-gnu/libXext.so.6.4.0
7f573a6bf000-7f573a6c3000 r--s 000a4000 08:05 526408                     /home/encaps/Downloads/jdk1.8.0_231/jre/lib/jsse.jar
7f573a6c3000-7f573a71e000 r-xp 00000000 08:05 526474                     /home/encaps/Downloads/jdk1.8.0_231/jre/lib/amd64/libawt_xawt.so
7f573a71e000-7f573a91d000 ---p 0005b000 08:05 526474                     /home/encaps/Downloads/jdk1.8.0_231/jre/lib/amd64/libawt_xawt.so
7f573a91d000-7f573a91e000 r--p 0005a000 08:05 526474                     /home/encaps/Downloads/jdk1.8.0_231/jre/lib/amd64/libawt_xawt.so
7f573a91e000-7f573a921000 rw-p 0005b000 08:05 526474                     /home/encaps/Downloads/jdk1.8.0_231/jre/lib/amd64/libawt_xawt.so
7f573a921000-7f573a923000 rw-p 00000000 00:00 0 
7f573a923000-7f573a9c3000 r-xp 00000000 08:05 526456                     /home/encaps/Downloads/jdk1.8.0_231/jre/lib/amd64/libawt.so
7f573a9c3000-7f573abc2000 ---p 000a0000 08:05 526456                     /home/encaps/Downloads/jdk1.8.0_231/jre/lib/amd64/libawt.so
7f573abc2000-7f573abc3000 r--p 0009f000 08:05 526456                     /home/encaps/Downloads/jdk1.8.0_231/jre/lib/amd64/libawt.so
7f573abc3000-7f573abce000 rw-p 000a0000 08:05 526456                     /home/encaps/Downloads/jdk1.8.0_231/jre/lib/amd64/libawt.so
7f573abce000-7f573abf3000 rw-p 00000000 00:00 0 
7f573abf3000-7f573ac0f000 r--s 00393000 08:05 526402                     /home/encaps/Downloads/jdk1.8.0_231/jre/lib/ext/cldrdata.jar
7f573ac0f000-7f573ac19000 r--s 00116000 08:05 526394                     /home/encaps/Downloads/jdk1.8.0_231/jre/lib/ext/localedata.jar
7f573ac19000-7f573ac1b000 r--s 00004000 08:05 4332193                    /home/encaps/.m2/repository/org/slf4j/log4j-over-slf4j/1.7.30/log4j-over-slf4j-1.7.30.jar
7f573ac1b000-7f573ac1d000 r--s 00003000 08:05 4332191                    /home/encaps/.m2/repository/org/slf4j/jcl-over-slf4j/1.7.30/jcl-over-slf4j-1.7.30.jar
7f573ac1d000-7f573ac1f000 r--s 00000000 08:05 3541690                    /home/encaps/.m2/repository/org/slf4j/jul-to-slf4j/1.7.30/jul-to-slf4j-1.7.30.jar
7f573ac1f000-7f573ac2a000 r--s 00069000 08:05 657606                     /home/encaps/.m2/repository/ch/qos/logback/logback-core/1.2.3/logback-core-1.2.3.jar
7f573ac2a000-7f573ac30000 r--s 00041000 08:05 657604                     /home/encaps/.m2/repository/ch/qos/logback/logback-classic/1.2.3/logback-classic-1.2.3.jar
7f573ac30000-7f573ac34000 r--s 00020000 08:05 4332189                    /home/encaps/.m2/repository/org/jboss/jboss-vfs/3.2.15.Final/jboss-vfs-3.2.15.Final.jar
7f573ac34000-7f573ac3a000 r--s 0036c000 08:05 4332187                    /home/encaps/.m2/repository/net/sourceforge/lept4j/lept4j/1.13.0/lept4j-1.13.0.jar
7f573ac3a000-7f573ac3e000 r--s 00022000 08:05 4332185                    /home/encaps/.m2/repository/org/apache/pdfbox/jbig2-imageio/3.0.3/jbig2-imageio-3.0.3.jar
7f573ac3e000-7f573ac43000 r--s 0003a000 08:05 4332183                    /home/encaps/.m2/repository/org/apache/pdfbox/pdfbox-debugger/2.0.18/pdfbox-debugger-2.0.18.jar
7f573ac43000-7f573ac45000 r--s 00012000 08:05 4332181                    /home/encaps/.m2/repository/org/apache/pdfbox/pdfbox-tools/2.0.18/pdfbox-tools-2.0.18.jar
7f573ac45000-7f573ac47000 r--s 0000e000 08:05 2634094                    /home/encaps/.m2/repository/commons-logging/commons-logging/1.2/commons-logging-1.2.jar
7f573ac47000-7f573ac4e000 r--s 00177000 08:05 4332211                    /home/encaps/.m2/repository/org/apache/pdfbox/fontbox/2.0.18/fontbox-2.0.18.jar
7f573ac4e000-7f573ac66000 r--s 0027e000 08:05 4332177                    /home/encaps/.m2/repository/org/apache/pdfbox/pdfbox/2.0.18/pdfbox-2.0.18.jar
7f573ac66000-7f573ac72000 r--s 00108000 08:05 4332175                    /home/encaps/.m2/repository/com/lowagie/itext/2.1.7/itext-2.1.7.jar
7f573ac72000-7f573ac7c000 r--s 00081000 08:05 4332173                    /home/encaps/.m2/repository/org/apache/xmlgraphics/xmlgraphics-commons/1.4/xmlgraphics-commons-1.4.jar
7f573ac7c000-7f573ac8a000 r--s 0007f000 08:05 4332171                    /home/encaps/.m2/repository/commons-collections/commons-collections/3.2.1/commons-collections-3.2.1.jar
7f573ac8a000-7f573ac8f000 r--s 00035000 08:05 4332169                    /home/encaps/.m2/repository/commons-beanutils/commons-beanutils/1.9.2/commons-beanutils-1.9.2.jar
7f573ac8f000-7f573ac98000 r--s 0006f000 08:05 1840062                    /home/encaps/.m2/repository/log4j/log4j/1.2.17/log4j-1.2.17.jar
7f573ac98000-7f573ac9d000 r--s 00028000 08:05 4332167                    /home/encaps/.m2/repository/org/ghost4j/ghost4j/1.0.1/ghost4j-1.0.1.jar
7f573ac9d000-7f573aca8000 r--s 0008f000 08:05 4332165                    /home/encaps/.m2/repository/com/github/jai-imageio/jai-imageio-core/1.4.0/jai-imageio-core-1.4.0.jar
7f573aca8000-7f573acac000 r--s 0016c000 08:05 4332150                    /home/encaps/.m2/repository/net/java/dev/jna/jna/5.5.0/jna-5.5.0.jar
7f573acac000-7f573acaf000 r--s 0085e000 08:05 4332151                    /home/encaps/.m2/repository/net/sourceforge/tess4j/tess4j/4.5.1/tess4j-4.5.1.jar
7f573acaf000-7f573acb5000 r--s 0003e000 08:05 1838152                    /home/encaps/.m2/repository/commons-io/commons-io/2.7/commons-io-2.7.jar
7f573acb5000-7f573acbc000 r--s 0005a000 08:05 2240455                    /home/encaps/.m2/repository/org/jsoup/jsoup/1.13.1/jsoup-1.13.1.jar
7f573acbc000-7f573acbd000 r--s 00014000 08:05 2233392                    /home/encaps/.m2/repository/com/squareup/okio/okio/1.14.0/okio-1.14.0.jar
7f573acbd000-7f573acc3000 r--s 00064000 08:05 3015817                    /home/encaps/.m2/repository/com/squareup/okhttp3/okhttp/3.14.9/okhttp-3.14.9.jar
7f573acc3000-7f573acc4000 r--s 00000000 08:05 4069012                    /home/encaps/.m2/repository/org/codehaus/mojo/animal-sniffer-annotations/1.14/animal-sniffer-annotations-1.14.jar
7f573acc4000-7f573acc6000 r--s 00001000 08:05 4069010                    /home/encaps/.m2/repository/com/google/j2objc/j2objc-annotations/1.1/j2objc-annotations-1.1.jar
7f573acc6000-7f573acc8000 r--s 00002000 08:05 4069008                    /home/encaps/.m2/repository/com/google/errorprone/error_prone_annotations/2.1.3/error_prone_annotations-2.1.3.jar
7f573acc8000-7f573acca000 r--s 00006000 08:05 3808734                    /home/encaps/.m2/repository/org/checkerframework/checker-compat-qual/2.0.0/checker-compat-qual-2.0.0.jar
7f573acca000-7f573accd000 r--s 00006000 08:05 3539015                    /home/encaps/.m2/repository/com/google/code/findbugs/jsr305/1.3.9/jsr305-1.3.9.jar
7f573accd000-7f573acff000 r--s 0026b000 08:05 3408825                    /home/encaps/.m2/repository/com/google/guava/guava/25.0-jre/guava-25.0-jre.jar
7f573acff000-7f573ad01000 r--s 0000c000 08:05 1709398                    /home/encaps/.m2/repository/org/apache/commons/commons-exec/1.3/commons-exec-1.3.jar
7f573ad01000-7f573ad4c000 r--s 00307000 08:05 3015522                    /home/encaps/.m2/repository/net/bytebuddy/byte-buddy/1.10.11/byte-buddy-1.10.11.jar
7f573ad4c000-7f573ad52000 r--s 0004c000 08:05 2635149                    /home/encaps/.m2/repository/org/seleniumhq/selenium/selenium-remote-driver/3.141.59/selenium-remote-driver-3.141.59.jar
7f573ad52000-7f573ad58000 r--s 00027000 08:05 2492973                    /home/encaps/.m2/repository/org/seleniumhq/selenium/selenium-api/3.141.59/selenium-api-3.141.59.jar
7f573ad58000-7f573ad5a000 r--s 00002000 08:05 3278206                    /home/encaps/.m2/repository/org/seleniumhq/selenium/selenium-chrome-driver/3.141.59/selenium-chrome-driver-3.141.59.jar
7f573ad5a000-7f573ad5b000 r--s 00005000 08:05 3015576                    /home/encaps/.m2/repository/org/springframework/spring-jcl/5.2.7.RELEASE/spring-jcl-5.2.7.RELEASE.jar
7f573ad5b000-7f573ad77000 r--s 00145000 08:05 3015574                    /home/encaps/.m2/repository/org/springframework/spring-core/5.2.7.RELEASE/spring-core-5.2.7.RELEASE.jar
7f573ad77000-7f573ad79000 r--s 0000a000 08:05 2764053                    /home/encaps/.m2/repository/jakarta/activation/jakarta.activation-api/1.2.2/jakarta.activation-api-1.2.2.jar
7f573ad79000-7f573ad7d000 r--s 00019000 08:05 2764051                    /home/encaps/.m2/repository/jakarta/xml/bind/jakarta.xml.bind-api/2.3.3/jakarta.xml.bind-api-2.3.3.jar
7f573ad7d000-7f573ad95000 r--s 0019f000 08:05 1971716                    /home/encaps/.m2/repository/org/projectlombok/lombok/1.18.12/lombok-1.18.12.jar
7f573ad95000-7f573adaf000 r--s 0022d000 08:05 3545990                    /home/encaps/.m2/repository/mysql/mysql-connector-java/8.0.20/mysql-connector-java-8.0.20.jar
7f573adaf000-7f573add9000 r--s 0013d000 08:05 3015564                    /home/encaps/.m2/repository/org/springframework/boot/spring-boot-autoconfigure/2.3.1.RELEASE/spring-boot-autoconfigure-2.3.1.RELEASE.jar
7f573add9000-7f573adf2000 r--s 000f9000 08:05 3015562                    /home/encaps/.m2/repository/org/springframework/boot/spring-boot/2.3.1.RELEASE/spring-boot-2.3.1.RELEASE.jar
7f573adf2000-7f573adf8000 r--s 00031000 08:05 3015560                    /home/encaps/.m2/repository/org/springframework/boot/spring-boot-devtools/2.3.1.RELEASE/spring-boot-devtools-2.3.1.RELEASE.jar
7f573adf8000-7f573adfd000 r--s 00040000 08:05 3015558                    /home/encaps/.m2/repository/org/springframework/spring-expression/5.2.7.RELEASE/spring-expression-5.2.7.RELEASE.jar
7f573adfd000-7f573ae0f000 r--s 000d8000 08:05 3015556                    /home/encaps/.m2/repository/org/springframework/spring-webmvc/5.2.7.RELEASE/spring-webmvc-5.2.7.RELEASE.jar
7f573ae0f000-7f573ae2b000 r--s 00144000 08:05 3015554                    /home/encaps/.m2/repository/org/springframework/spring-web/5.2.7.RELEASE/spring-web-5.2.7.RELEASE.jar
7f573ae2b000-7f573ae31000 r--s 0003c000 08:05 3015552                    /home/encaps/.m2/repository/org/apache/tomcat/embed/tomcat-embed-websocket/9.0.36/tomcat-embed-websocket-9.0.36.jar
7f573ae31000-7f573ae36000 r--s 00036000 08:05 2764037                    /home/encaps/.m2/repository/org/glassfish/jakarta.el/3.0.3/jakarta.el-3.0.3.jar
7f573ae36000-7f573ae61000 r--s 0030d000 08:05 3015550                    /home/encaps/.m2/repository/org/apache/tomcat/embed/tomcat-embed-core/9.0.36/tomcat-embed-core-9.0.36.jar
7f573ae61000-7f573ae62000 r--s 00001000 08:05 3015548                    /home/encaps/.m2/repository/org/springframework/boot/spring-boot-starter-tomcat/2.3.1.RELEASE/spring-boot-starter-tomcat-2.3.1.RELEASE.jar
7f573ae62000-7f573ae64000 r--s 00001000 08:05 2764031                    /home/encaps/.m2/repository/com/fasterxml/jackson/module/jackson-module-parameter-names/2.11.0/jackson-module-parameter-names-2.11.0.jar
7f573ae64000-7f573ae68000 r--s 00018000 08:05 2764029                    /home/encaps/.m2/repository/com/fasterxml/jackson/datatype/jackson-datatype-jsr310/2.11.0/jackson-datatype-jsr310-2.11.0.jar
7f573ae68000-7f573ae6a000 r--s 00007000 08:05 2764027                    /home/encaps/.m2/repository/com/fasterxml/jackson/datatype/jackson-datatype-jdk8/2.11.0/jackson-datatype-jdk8-2.11.0.jar
7f573ae6a000-7f573ae6e000 r--s 00052000 08:05 2764025                    /home/encaps/.m2/repository/com/fasterxml/jackson/core/jackson-core/2.11.0/jackson-core-2.11.0.jar
7f573ae6e000-7f573ae71000 r--s 0000e000 08:05 2764023                    /home/encaps/.m2/repository/com/fasterxml/jackson/core/jackson-annotations/2.11.0/jackson-annotations-2.11.0.jar
7f573ae71000-7f573ae87000 r--s 00145000 08:05 2634924                    /home/encaps/.m2/repository/com/fasterxml/jackson/core/jackson-databind/2.11.0/jackson-databind-2.11.0.jar
7f573ae87000-7f573ae88000 r--s 00001000 08:05 3015546                    /home/encaps/.m2/repository/org/springframework/boot/spring-boot-starter-json/2.3.1.RELEASE/spring-boot-starter-json-2.3.1.RELEASE.jar
7f573ae88000-7f573ae8f000 r--s 00045000 08:05 2372594                    /home/encaps/.m2/repository/org/yaml/snakeyaml/1.26/snakeyaml-1.26.jar
7f573ae8f000-7f573ae91000 r--s 00005000 08:05 657614                     /home/encaps/.m2/repository/jakarta/annotation/jakarta.annotation-api/1.3.5/jakarta.annotation-api-1.3.5.jar
7f573ae91000-7f573ae97000 r--s 00042000 08:05 3015544                    /home/encaps/.m2/repository/org/apache/logging/log4j/log4j-api/2.13.3/log4j-api-2.13.3.jar
7f573ae97000-7f573aea4000 r--s 0009c000 08:05 3015532                    /home/encaps/.m2/repository/org/springframework/spring-beans/5.2.7.RELEASE/spring-beans-5.2.7.RELEASE.jar
7f573aea4000-7f573af2a000 r--s 00670000 08:05 3015520                    /home/encaps/.m2/repository/org/hibernate/hibernate-core/5.4.17.Final/hibernate-core-5.4.17.Final.jar
7f573af2a000-7f573af2b000 ---p 00000000 00:00 0 
7f573af2b000-7f573b02b000 rw-p 00000000 00:00 0 
7f573b02b000-7f573b02e000 ---p 00000000 00:00 0 
7f573b02e000-7f573b12c000 rw-p 00000000 00:00 0 
7f573b12c000-7f573b12d000 ---p 00000000 00:00 0 
7f573b12d000-7f573b130000 ---p 00000000 00:00 0 
7f573b130000-7f573b22d000 rw-p 00000000 00:00 0 
7f573b22d000-7f573b22e000 ---p 00000000 00:00 0 
7f573b22e000-7f573b231000 ---p 00000000 00:00 0 
7f573b231000-7f573b32e000 rw-p 00000000 00:00 0 
7f573b32e000-7f573b32f000 ---p 00000000 00:00 0 
7f573b32f000-7f573b332000 ---p 00000000 00:00 0 
7f573b332000-7f573b42f000 rw-p 00000000 00:00 0 
7f573b42f000-7f573b432000 ---p 00000000 00:00 0 
7f573b432000-7f573b530000 rw-p 00000000 00:00 0 
7f573b530000-7f573beff000 r--p 00000000 08:05 1317555                    /usr/lib/locale/locale-archive
7f573beff000-7f573bf02000 ---p 00000000 00:00 0 
7f573bf02000-7f573c000000 rw-p 00000000 00:00 0 
7f573c000000-7f573c021000 rw-p 00000000 00:00 0 
7f573c021000-7f5740000000 ---p 00000000 00:00 0 
7f5740000000-7f5740021000 rw-p 00000000 00:00 0 
7f5740021000-7f5744000000 ---p 00000000 00:00 0 
7f5744000000-7f5744021000 rw-p 00000000 00:00 0 
7f5744021000-7f5748000000 ---p 00000000 00:00 0 
7f5748000000-7f5748021000 rw-p 00000000 00:00 0 
7f5748021000-7f574c000000 ---p 00000000 00:00 0 
7f574c000000-7f574c021000 rw-p 00000000 00:00 0 
7f574c021000-7f5750000000 ---p 00000000 00:00 0 
7f5750000000-7f5750002000 r--s 00003000 08:05 3015542                    /home/encaps/.m2/repository/org/apache/logging/log4j/log4j-to-slf4j/2.13.3/log4j-to-slf4j-2.13.3.jar
7f5750002000-7f5750004000 r--s 0000a000 08:05 3015534                    /home/encaps/.m2/repository/org/springframework/spring-aspects/5.2.7.RELEASE/spring-aspects-5.2.7.RELEASE.jar
7f5750004000-7f5750006000 r--s 00009000 08:05 3541732                    /home/encaps/.m2/repository/org/slf4j/slf4j-api/1.7.30/slf4j-api-1.7.30.jar
7f5750006000-7f575000f000 r--s 00044000 08:05 3015530                    /home/encaps/.m2/repository/org/springframework/spring-tx/5.2.7.RELEASE/spring-tx-5.2.7.RELEASE.jar
7f575000f000-7f575002a000 r--s 00111000 08:05 1971698                    /home/encaps/.m2/repository/org/springframework/spring-context/5.2.7.RELEASE/spring-context-5.2.7.RELEASE.jar
7f575002a000-7f575002f000 r--s 0002d000 08:05 3015528                    /home/encaps/.m2/repository/org/springframework/spring-orm/5.2.7.RELEASE/spring-orm-5.2.7.RELEASE.jar
7f575002f000-7f5750047000 r--s 00111000 08:05 3015526                    /home/encaps/.m2/repository/org/springframework/data/spring-data-commons/2.3.1.RELEASE/spring-data-commons-2.3.1.RELEASE.jar
7f5750047000-7f575004f000 r--s 00052000 08:05 3015524                    /home/encaps/.m2/repository/org/springframework/data/spring-data-jpa/2.3.1.RELEASE/spring-data-jpa-2.3.1.RELEASE.jar
7f575004f000-7f5750051000 r--s 0000f000 08:05 4723736                    /home/encaps/.m2/repository/com/sun/activation/jakarta.activation/1.2.2/jakarta.activation-1.2.2.jar
7f5750051000-7f5750053000 r--s 00006000 08:05 4461405                    /home/encaps/.m2/repository/com/sun/istack/istack-commons-runtime/3.0.11/istack-commons-runtime-3.0.11.jar
7f5750053000-7f5750055000 r--s 00010000 08:05 4333430                    /home/encaps/.m2/repository/org/glassfish/jaxb/txw2/2.3.3/txw2-2.3.3.jar
7f5750055000-7f575006a000 r--s 000e8000 08:05 4067418                    /home/encaps/.m2/repository/org/glassfish/jaxb/jaxb-runtime/2.3.3/jaxb-runtime-2.3.3.jar
7f575006a000-7f575006f000 r--s 0004b000 08:05 3939151                    /home/encaps/.m2/repository/org/dom4j/dom4j/2.1.3/dom4j-2.1.3.jar
7f575006f000-7f5750074000 r--s 00068000 08:05 788084                     /home/encaps/.m2/repository/antlr/antlr/2.7.7/antlr-2.7.7.jar
7f5750074000-7f575007e000 r--s 000b4000 08:05 788082                     /home/encaps/.m2/repository/org/javassist/javassist/3.24.0-GA/javassist-3.24.0-GA.jar
7f575007e000-7f5750081000 ---p 00000000 00:00 0 
7f5750081000-7f575017f000 rw-p 00000000 00:00 0 
7f575017f000-7f5750180000 ---p 00000000 00:00 0 
7f5750180000-7f5754000000 rw-p 00000000 00:00 0 
7f5754000000-7f5754021000 rw-p 00000000 00:00 0 
7f5754021000-7f5758000000 ---p 00000000 00:00 0 
7f5758000000-7f5758001000 r--s 00001000 08:05 3015540                    /home/encaps/.m2/repository/org/springframework/boot/spring-boot-starter-logging/2.3.1.RELEASE/spring-boot-starter-logging-2.3.1.RELEASE.jar
7f5758001000-7f5758004000 r--s 00010000 08:05 788090                     /home/encaps/.m2/repository/org/hibernate/common/hibernate-commons-annotations/5.1.0.Final/hibernate-commons-annotations-5.1.0.Final.jar
7f5758004000-7f575801d000 r--s 001da000 08:05 3541710                    /home/encaps/.m2/repository/org/aspectj/aspectjweaver/1.9.5/aspectjweaver-1.9.5.jar
7f575801d000-7f5759000000 rw-p 00000000 00:00 0 
7f5759000000-7f57592b0000 rwxp 00000000 00:00 0 
7f57592b0000-7f5768000000 ---p 00000000 00:00 0 
7f5768000000-7f5768b79000 rw-p 00000000 00:00 0 
7f5768b79000-7f576c000000 ---p 00000000 00:00 0 
7f576c000000-7f576c001000 r--s 00001000 08:05 3015538                    /home/encaps/.m2/repository/org/springframework/boot/spring-boot-starter/2.3.1.RELEASE/spring-boot-starter-2.3.1.RELEASE.jar
7f576c001000-7f576c004000 r--s 0002d000 08:05 3939155                    /home/encaps/.m2/repository/org/jboss/jandex/2.1.3.Final/jandex-2.1.3.Final.jar
7f576c004000-7f576c1de000 r--s 03d89000 08:05 526199                     /home/encaps/Downloads/jdk1.8.0_231/jre/lib/rt.jar
7f576c1de000-7f576c9d4000 rw-p 00000000 00:00 0 
7f576c9d4000-7f576ca54000 ---p 00000000 00:00 0 
7f576ca54000-7f576ce2c000 rw-p 00000000 00:00 0 
7f576ce2c000-7f576ce2d000 ---p 00000000 00:00 0 
7f576ce2d000-7f576cf2d000 rw-p 00000000 00:00 0 
7f576cf2d000-7f576cf2e000 ---p 00000000 00:00 0 
7f576cf2e000-7f576d02e000 rw-p 00000000 00:00 0 
7f576d02e000-7f576d02f000 ---p 00000000 00:00 0 
7f576d02f000-7f576d12f000 rw-p 00000000 00:00 0 
7f576d12f000-7f576d130000 ---p 00000000 00:00 0 
7f576d130000-7f576d25a000 rw-p 00000000 00:00 0 
7f576d25a000-7f576d4c0000 ---p 00000000 00:00 0 
7f576d4c0000-7f576d4ea000 rw-p 00000000 00:00 0 
7f576d4ea000-7f576d750000 ---p 00000000 00:00 0 
7f576d750000-7f576d774000 rw-p 00000000 00:00 0 
7f576d774000-7f576d898000 ---p 00000000 00:00 0 
7f576d898000-7f576d8a4000 rw-p 00000000 00:00 0 
7f576d8a4000-7f576dc59000 ---p 00000000 00:00 0 
7f576dc59000-7f576dc74000 r-xp 00000000 08:05 526473                     /home/encaps/Downloads/jdk1.8.0_231/jre/lib/amd64/libzip.so
7f576dc74000-7f576de73000 ---p 0001b000 08:05 526473                     /home/encaps/Downloads/jdk1.8.0_231/jre/lib/amd64/libzip.so
7f576de73000-7f576de74000 r--p 0001a000 08:05 526473                     /home/encaps/Downloads/jdk1.8.0_231/jre/lib/amd64/libzip.so
7f576de74000-7f576de75000 rw-p 0001b000 08:05 526473                     /home/encaps/Downloads/jdk1.8.0_231/jre/lib/amd64/libzip.so
7f576de75000-7f576de80000 r-xp 00000000 08:05 6689914                    /lib/x86_64-linux-gnu/libnss_files-2.27.so
7f576de80000-7f576e07f000 ---p 0000b000 08:05 6689914                    /lib/x86_64-linux-gnu/libnss_files-2.27.so
7f576e07f000-7f576e080000 r--p 0000a000 08:05 6689914                    /lib/x86_64-linux-gnu/libnss_files-2.27.so
7f576e080000-7f576e081000 rw-p 0000b000 08:05 6689914                    /lib/x86_64-linux-gnu/libnss_files-2.27.so
7f576e081000-7f576e087000 rw-p 00000000 00:00 0 
7f576e087000-7f576e09e000 r-xp 00000000 08:05 6689908                    /lib/x86_64-linux-gnu/libnsl-2.27.so
7f576e09e000-7f576e29d000 ---p 00017000 08:05 6689908                    /lib/x86_64-linux-gnu/libnsl-2.27.so
7f576e29d000-7f576e29e000 r--p 00016000 08:05 6689908                    /lib/x86_64-linux-gnu/libnsl-2.27.so
7f576e29e000-7f576e29f000 rw-p 00017000 08:05 6689908                    /lib/x86_64-linux-gnu/libnsl-2.27.so
7f576e29f000-7f576e2a1000 rw-p 00000000 00:00 0 
7f576e2a1000-7f576e2ac000 r-xp 00000000 08:05 6689925                    /lib/x86_64-linux-gnu/libnss_nis-2.27.so
7f576e2ac000-7f576e4ab000 ---p 0000b000 08:05 6689925                    /lib/x86_64-linux-gnu/libnss_nis-2.27.so
7f576e4ab000-7f576e4ac000 r--p 0000a000 08:05 6689925                    /lib/x86_64-linux-gnu/libnss_nis-2.27.so
7f576e4ac000-7f576e4ad000 rw-p 0000b000 08:05 6689925                    /lib/x86_64-linux-gnu/libnss_nis-2.27.so
7f576e4ad000-7f576e4b5000 r-xp 00000000 08:05 6689910                    /lib/x86_64-linux-gnu/libnss_compat-2.27.so
7f576e4b5000-7f576e6b5000 ---p 00008000 08:05 6689910                    /lib/x86_64-linux-gnu/libnss_compat-2.27.so
7f576e6b5000-7f576e6b6000 r--p 00008000 08:05 6689910                    /lib/x86_64-linux-gnu/libnss_compat-2.27.so
7f576e6b6000-7f576e6b7000 rw-p 00009000 08:05 6689910                    /lib/x86_64-linux-gnu/libnss_compat-2.27.so
7f576e6b7000-7f576e6e3000 r-xp 00000000 08:05 526464                     /home/encaps/Downloads/jdk1.8.0_231/jre/lib/amd64/libjava.so
7f576e6e3000-7f576e8e3000 ---p 0002c000 08:05 526464                     /home/encaps/Downloads/jdk1.8.0_231/jre/lib/amd64/libjava.so
7f576e8e3000-7f576e8e4000 r--p 0002c000 08:05 526464                     /home/encaps/Downloads/jdk1.8.0_231/jre/lib/amd64/libjava.so
7f576e8e4000-7f576e8e6000 rw-p 0002d000 08:05 526464                     /home/encaps/Downloads/jdk1.8.0_231/jre/lib/amd64/libjava.so
7f576e8e6000-7f576e8f3000 r-xp 00000000 08:05 526455                     /home/encaps/Downloads/jdk1.8.0_231/jre/lib/amd64/libverify.so
7f576e8f3000-7f576eaf2000 ---p 0000d000 08:05 526455                     /home/encaps/Downloads/jdk1.8.0_231/jre/lib/amd64/libverify.so
7f576eaf2000-7f576eaf4000 r--p 0000c000 08:05 526455                     /home/encaps/Downloads/jdk1.8.0_231/jre/lib/amd64/libverify.so
7f576eaf4000-7f576eaf5000 rw-p 0000e000 08:05 526455                     /home/encaps/Downloads/jdk1.8.0_231/jre/lib/amd64/libverify.so
7f576eaf5000-7f576eafc000 r-xp 00000000 08:05 6689965                    /lib/x86_64-linux-gnu/librt-2.27.so
7f576eafc000-7f576ecfb000 ---p 00007000 08:05 6689965                    /lib/x86_64-linux-gnu/librt-2.27.so
7f576ecfb000-7f576ecfc000 r--p 00006000 08:05 6689965                    /lib/x86_64-linux-gnu/librt-2.27.so
7f576ecfc000-7f576ecfd000 rw-p 00007000 08:05 6689965                    /lib/x86_64-linux-gnu/librt-2.27.so
7f576ecfd000-7f576ee9a000 r-xp 00000000 08:05 6689887                    /lib/x86_64-linux-gnu/libm-2.27.so
7f576ee9a000-7f576f099000 ---p 0019d000 08:05 6689887                    /lib/x86_64-linux-gnu/libm-2.27.so
7f576f099000-7f576f09a000 r--p 0019c000 08:05 6689887                    /lib/x86_64-linux-gnu/libm-2.27.so
7f576f09a000-7f576f09b000 rw-p 0019d000 08:05 6689887                    /lib/x86_64-linux-gnu/libm-2.27.so
7f576f09b000-7f576fd84000 r-xp 00000000 08:05 526471                     /home/encaps/Downloads/jdk1.8.0_231/jre/lib/amd64/server/libjvm.so
7f576fd84000-7f576ff83000 ---p 00ce9000 08:05 526471                     /home/encaps/Downloads/jdk1.8.0_231/jre/lib/amd64/server/libjvm.so
7f576ff83000-7f5770019000 r--p 00ce8000 08:05 526471                     /home/encaps/Downloads/jdk1.8.0_231/jre/lib/amd64/server/libjvm.so
7f5770019000-7f577004a000 rw-p 00d7e000 08:05 526471                     /home/encaps/Downloads/jdk1.8.0_231/jre/lib/amd64/server/libjvm.so
7f577004a000-7f5770085000 rw-p 00000000 00:00 0 
7f5770085000-7f577026c000 r-xp 00000000 08:05 6689824                    /lib/x86_64-linux-gnu/libc-2.27.so
7f577026c000-7f577046c000 ---p 001e7000 08:05 6689824                    /lib/x86_64-linux-gnu/libc-2.27.so
7f577046c000-7f5770470000 r--p 001e7000 08:05 6689824                    /lib/x86_64-linux-gnu/libc-2.27.so
7f5770470000-7f5770472000 rw-p 001eb000 08:05 6689824                    /lib/x86_64-linux-gnu/libc-2.27.so
7f5770472000-7f5770476000 rw-p 00000000 00:00 0 
7f5770476000-7f5770479000 r-xp 00000000 08:05 6689847                    /lib/x86_64-linux-gnu/libdl-2.27.so
7f5770479000-7f5770678000 ---p 00003000 08:05 6689847                    /lib/x86_64-linux-gnu/libdl-2.27.so
7f5770678000-7f5770679000 r--p 00002000 08:05 6689847                    /lib/x86_64-linux-gnu/libdl-2.27.so
7f5770679000-7f577067a000 rw-p 00003000 08:05 6689847                    /lib/x86_64-linux-gnu/libdl-2.27.so
7f577067a000-7f5770691000 r-xp 00000000 08:05 525448                     /home/encaps/Downloads/jdk1.8.0_231/lib/amd64/jli/libjli.so
7f5770691000-7f5770890000 ---p 00017000 08:05 525448                     /home/encaps/Downloads/jdk1.8.0_231/lib/amd64/jli/libjli.so
7f5770890000-7f5770891000 r--p 00016000 08:05 525448                     /home/encaps/Downloads/jdk1.8.0_231/lib/amd64/jli/libjli.so
7f5770891000-7f5770892000 rw-p 00017000 08:05 525448                     /home/encaps/Downloads/jdk1.8.0_231/lib/amd64/jli/libjli.so
7f5770892000-7f57708ac000 r-xp 00000000 08:05 6689957                    /lib/x86_64-linux-gnu/libpthread-2.27.so
7f57708ac000-7f5770aab000 ---p 0001a000 08:05 6689957                    /lib/x86_64-linux-gnu/libpthread-2.27.so
7f5770aab000-7f5770aac000 r--p 00019000 08:05 6689957                    /lib/x86_64-linux-gnu/libpthread-2.27.so
7f5770aac000-7f5770aad000 rw-p 0001a000 08:05 6689957                    /lib/x86_64-linux-gnu/libpthread-2.27.so
7f5770aad000-7f5770ab1000 rw-p 00000000 00:00 0 
7f5770ab1000-7f5770ad8000 r-xp 00000000 08:05 6689796                    /lib/x86_64-linux-gnu/ld-2.27.so
7f5770ad8000-7f5770ada000 r--s 0000f000 08:05 786747                     /home/encaps/.m2/repository/com/fasterxml/classmate/1.5.1/classmate-1.5.1.jar
7f5770ada000-7f5770adc000 r--s 0000d000 08:05 786745                     /home/encaps/.m2/repository/org/jboss/logging/jboss-logging/3.4.1.Final/jboss-logging-3.4.1.Final.jar
7f5770adc000-7f5770ae2000 r--s 00023000 08:05 788076                     /home/encaps/.m2/repository/jakarta/persistence/jakarta.persistence-api/2.2.3/jakarta.persistence-api-2.2.3.jar
7f5770ae2000-7f5770aec000 r--s 0005a000 08:05 3015518                    /home/encaps/.m2/repository/org/springframework/spring-jdbc/5.2.7.RELEASE/spring-jdbc-5.2.7.RELEASE.jar
7f5770aec000-7f5770af0000 r--s 00023000 08:05 3810793                    /home/encaps/.m2/repository/com/zaxxer/HikariCP/3.4.5/HikariCP-3.4.5.jar
7f5770af0000-7f5770bbb000 rw-p 00000000 00:00 0 
7f5770bbb000-7f5770bbc000 ---p 00000000 00:00 0 
7f5770bbc000-7f5770bbf000 ---p 00000000 00:00 0 
7f5770bbf000-7f5770cc0000 rw-p 00000000 00:00 0 
7f5770cc0000-7f5770cc1000 r--s 00001000 08:05 3015536                    /home/encaps/.m2/repository/org/springframework/boot/spring-boot-starter-web/2.3.1.RELEASE/spring-boot-starter-web-2.3.1.RELEASE.jar
7f5770cc1000-7f5770cc2000 r--s 00003000 08:05 788078                     /home/encaps/.m2/repository/jakarta/transaction/jakarta.transaction-api/1.3.3/jakarta.transaction-api-1.3.3.jar
7f5770cc2000-7f5770cc3000 r--s 00001000 08:05 3015516                    /home/encaps/.m2/repository/org/springframework/boot/spring-boot-starter-jdbc/2.3.1.RELEASE/spring-boot-starter-jdbc-2.3.1.RELEASE.jar
7f5770cc3000-7f5770ccc000 r--s 00052000 08:05 2759798                    /home/encaps/.m2/repository/org/springframework/spring-aop/5.2.7.RELEASE/spring-aop-5.2.7.RELEASE.jar
7f5770ccc000-7f5770ccd000 r--s 00001000 08:05 3015514                    /home/encaps/.m2/repository/org/springframework/boot/spring-boot-starter-aop/2.3.1.RELEASE/spring-boot-starter-aop-2.3.1.RELEASE.jar
7f5770ccd000-7f5770cce000 r--s 00001000 08:05 3015512                    /home/encaps/.m2/repository/org/springframework/boot/spring-boot-starter-data-jpa/2.3.1.RELEASE/spring-boot-starter-data-jpa-2.3.1.RELEASE.jar
7f5770cce000-7f5770cd6000 rw-s 00000000 08:05 1839807                    /tmp/hsperfdata_encaps/10244
7f5770cd6000-7f5770cd7000 rw-p 00000000 00:00 0 
7f5770cd7000-7f5770cd8000 r--p 00000000 00:00 0 
7f5770cd8000-7f5770cd9000 r--p 00027000 08:05 6689796                    /lib/x86_64-linux-gnu/ld-2.27.so
7f5770cd9000-7f5770cda000 rw-p 00028000 08:05 6689796                    /lib/x86_64-linux-gnu/ld-2.27.so
7f5770cda000-7f5770cdb000 rw-p 00000000 00:00 0 
7ffc55674000-7ffc55697000 rw-p 00000000 00:00 0                          [stack]
7ffc55773000-7ffc55776000 r--p 00000000 00:00 0                          [vvar]
7ffc55776000-7ffc55777000 r-xp 00000000 00:00 0                          [vdso]
ffffffffff600000-ffffffffff601000 --xp 00000000 00:00 0                  [vsyscall]

VM Arguments:
jvm_args: -Dfile.encoding=UTF-8 
java_command: encaps.utils.OCR
java_class_path (initial): /home/encaps/git/demo/demo_yacht/target/classes:/home/encaps/.m2/repository/org/springframework/boot/spring-boot-starter-data-jpa/2.3.1.RELEASE/spring-boot-starter-data-jpa-2.3.1.RELEASE.jar:/home/encaps/.m2/repository/org/springframework/boot/spring-boot-starter-aop/2.3.1.RELEASE/spring-boot-starter-aop-2.3.1.RELEASE.jar:/home/encaps/.m2/repository/org/springframework/spring-aop/5.2.7.RELEASE/spring-aop-5.2.7.RELEASE.jar:/home/encaps/.m2/repository/org/aspectj/aspectjweaver/1.9.5/aspectjweaver-1.9.5.jar:/home/encaps/.m2/repository/org/springframework/boot/spring-boot-starter-jdbc/2.3.1.RELEASE/spring-boot-starter-jdbc-2.3.1.RELEASE.jar:/home/encaps/.m2/repository/com/zaxxer/HikariCP/3.4.5/HikariCP-3.4.5.jar:/home/encaps/.m2/repository/org/springframework/spring-jdbc/5.2.7.RELEASE/spring-jdbc-5.2.7.RELEASE.jar:/home/encaps/.m2/repository/jakarta/transaction/jakarta.transaction-api/1.3.3/jakarta.transaction-api-1.3.3.jar:/home/encaps/.m2/repository/jakarta/persistence/jakarta.persistence-api/2.2.3/jakarta.persistence-api-2.2.3.jar:/home/encaps/.m2/repository/org/hibernate/hibernate-core/5.4.17.Final/hibernate-core-5.4.17.Final.jar:/home/encaps/.m2/repository/org/jboss/logging/jboss-logging/3.4.1.Final/jboss-logging-3.4.1.Final.jar:/home/encaps/.m2/repository/org/javassist/javassist/3.24.0-GA/javassist-3.24.0-GA.jar:/home/encaps/.m2/repository/antlr/antlr/2.7.7/antlr-2.7.7.jar:/home/encaps/.m2/repository/org/jboss/jandex/2.1.3.Final/jandex-2.1.3.Final.jar:/home/encaps/.m2/repository/com/fasterxml/classmate/1.5.1/classmate-1.5.1.jar:/home/encaps/.m2/repository/org/dom4j/dom4j/2.1.3/dom4j-2.1.3.jar:/home/encaps/.m2/repository/org/hibernate/common/hibernate-commons-annotations/5.1.0.Final/hibernate-commons-annotations-5.1.0.Final.jar:/home/encaps/.m2/repository/org/glassfish/jaxb/jaxb-runtime/2.3.3/jaxb-runtime-2.3.3.jar:/home/encaps/.m2/repository/org/glassfish/jaxb/txw2/2.3.3/txw2-2.3.3.jar:/home/encaps/.m2/repository/com/sun/istack/istack-
Launcher Type: SUN_STANDARD

Environment Variables:
JAVA_HOME=/home/encaps/Downloads/jdk1.8.0_231
PATH=/usr/local/sbin:/usr/local/bin:/usr/sbin:/usr/bin:/sbin:/bin:/usr/games:/usr/local/games:/snap/bin:/home/encaps/Downloads/jdk1.8.0_231/bin
USERNAME=encaps
SHELL=/bin/bash
DISPLAY=:0

Signal Handlers:
SIGSEGV: [libjvm.so+0xad4d90], sa_mask[0]=11111111011111111101111111111110, sa_flags=SA_RESTART|SA_SIGINFO
SIGBUS: [libjvm.so+0xad4d90], sa_mask[0]=11111111011111111101111111111110, sa_flags=SA_RESTART|SA_SIGINFO
SIGFPE: [libjvm.so+0x90bc10], sa_mask[0]=11111111011111111101111111111110, sa_flags=SA_RESTART|SA_SIGINFO
SIGPIPE: [libjvm.so+0x90bc10], sa_mask[0]=11111111011111111101111111111110, sa_flags=SA_RESTART|SA_SIGINFO
SIGXFSZ: [libjvm.so+0x90bc10], sa_mask[0]=11111111011111111101111111111110, sa_flags=SA_RESTART|SA_SIGINFO
SIGILL: [libjvm.so+0x90bc10], sa_mask[0]=11111111011111111101111111111110, sa_flags=SA_RESTART|SA_SIGINFO
SIGUSR1: SIG_DFL, sa_mask[0]=00000000000000000000000000000000, sa_flags=none
SIGUSR2: [libjvm.so+0x90bae0], sa_mask[0]=00100000000000000000000000000000, sa_flags=SA_RESTART|SA_SIGINFO
SIGHUP: [libjvm.so+0x90c100], sa_mask[0]=11111111011111111101111111111110, sa_flags=SA_RESTART|SA_SIGINFO
SIGINT: [libjvm.so+0x90c100], sa_mask[0]=11111111011111111101111111111110, sa_flags=SA_RESTART|SA_SIGINFO
SIGTERM: [libjvm.so+0x90c100], sa_mask[0]=11111111011111111101111111111110, sa_flags=SA_RESTART|SA_SIGINFO
SIGQUIT: [libjvm.so+0x90c100], sa_mask[0]=11111111011111111101111111111110, sa_flags=SA_RESTART|SA_SIGINFO


---------------  S Y S T E M  ---------------

OS:DISTRIB_ID=Ubuntu
DISTRIB_RELEASE=18.04
DISTRIB_CODENAME=bionic
DISTRIB_DESCRIPTION="Ubuntu 18.04.4 LTS"

uname:Linux 5.3.0-61-generic #55~18.04.1-Ubuntu SMP Mon Jun 22 16:40:20 UTC 2020 x86_64
libc:glibc 2.27 NPTL 2.27 
rlimit: STACK 8192k, CORE 0k, NPROC 31279, NOFILE 4096, AS infinity
load average:3.84 3.47 2.64

/proc/meminfo:
MemTotal:        8056436 kB
MemFree:          116276 kB
MemAvailable:     271508 kB
Buffers:           29284 kB
Cached:           981568 kB
SwapCached:        11852 kB
Active:          6476940 kB
Inactive:        1042488 kB
Active(anon):    6269964 kB
Inactive(anon):   895760 kB
Active(file):     206976 kB
Inactive(file):   146728 kB
Unevictable:       20340 kB
Mlocked:             208 kB
SwapTotal:       2097148 kB
SwapFree:              4 kB
Dirty:              2340 kB
Writeback:             0 kB
AnonPages:       6518068 kB
Mapped:           708180 kB
Shmem:            656508 kB
KReclaimable:      62076 kB
Slab:             155080 kB
SReclaimable:      62076 kB
SUnreclaim:        93004 kB
KernelStack:       29536 kB
PageTables:       136000 kB
NFS_Unstable:          0 kB
Bounce:                0 kB
WritebackTmp:          0 kB
CommitLimit:     6125364 kB
Committed_AS:   24285824 kB
VmallocTotal:   34359738367 kB
VmallocUsed:       54236 kB
VmallocChunk:          0 kB
Percpu:             1440 kB
HardwareCorrupted:     0 kB
AnonHugePages:      4096 kB
ShmemHugePages:        0 kB
ShmemPmdMapped:        0 kB
CmaTotal:              0 kB
CmaFree:               0 kB
HugePages_Total:       0
HugePages_Free:        0
HugePages_Rsvd:        0
HugePages_Surp:        0
Hugepagesize:       2048 kB
Hugetlb:               0 kB
DirectMap4k:      646964 kB
DirectMap2M:     7645184 kB
DirectMap1G:     1048576 kB

container (cgroup) information:
container_type: cgroupv1
cpu_cpuset_cpus: 0-3
cpu_memory_nodes: 0
active_processor_count: 4
cpu_quota: -1
cpu_period: 100000
cpu_shares: -1
memory_limit_in_bytes: -1
memory_and_swap_limit_in_bytes: -2
memory_soft_limit_in_bytes: -1
memory_usage_in_bytes: 7721205760
memory_max_usage_in_bytes: 3122987008


CPU:total 4 (initial active 4) (2 cores per cpu, 2 threads per core) family 6 model 60 stepping 3, cmov, cx8, fxsr, mmx, sse, sse2, sse3, ssse3, sse4.1, sse4.2, popcnt, avx, avx2, aes, clmul, erms, lzcnt, ht, tsc, tscinvbit, bmi1, bmi2

/proc/cpuinfo:
processor	: 0
vendor_id	: GenuineIntel
cpu family	: 6
model		: 60
model name	: Intel(R) Core(TM) i5-4210M CPU @ 2.60GHz
stepping	: 3
microcode	: 0x28
cpu MHz		: 3092.718
cache size	: 3072 KB
physical id	: 0
siblings	: 4
core id		: 0
cpu cores	: 2
apicid		: 0
initial apicid	: 0
fpu		: yes
fpu_exception	: yes
cpuid level	: 13
wp		: yes
flags		: fpu vme de pse tsc msr pae mce cx8 apic sep mtrr pge mca cmov pat pse36 clflush dts acpi mmx fxsr sse sse2 ss ht tm pbe syscall nx pdpe1gb rdtscp lm constant_tsc arch_perfmon pebs bts rep_good nopl xtopology nonstop_tsc cpuid aperfmperf pni pclmulqdq dtes64 monitor ds_cpl vmx est tm2 ssse3 sdbg fma cx16 xtpr pdcm pcid sse4_1 sse4_2 movbe popcnt tsc_deadline_timer aes xsave avx f16c rdrand lahf_lm abm cpuid_fault epb invpcid_single pti ssbd ibrs ibpb stibp tpr_shadow vnmi flexpriority ept vpid ept_ad fsgsbase tsc_adjust bmi1 avx2 smep bmi2 erms invpcid xsaveopt dtherm ida arat pln pts md_clear flush_l1d
bugs		: cpu_meltdown spectre_v1 spectre_v2 spec_store_bypass l1tf mds swapgs itlb_multihit srbds
bogomips	: 5187.78
clflush size	: 64
cache_alignment	: 64
address sizes	: 39 bits physical, 48 bits virtual
power management:

processor	: 1
vendor_id	: GenuineIntel
cpu family	: 6
model		: 60
model name	: Intel(R) Core(TM) i5-4210M CPU @ 2.60GHz
stepping	: 3
microcode	: 0x28
cpu MHz		: 3092.723
cache size	: 3072 KB
physical id	: 0
siblings	: 4
core id		: 1
cpu cores	: 2
apicid		: 2
initial apicid	: 2
fpu		: yes
fpu_exception	: yes
cpuid level	: 13
wp		: yes
flags		: fpu vme de pse tsc msr pae mce cx8 apic sep mtrr pge mca cmov pat pse36 clflush dts acpi mmx fxsr sse sse2 ss ht tm pbe syscall nx pdpe1gb rdtscp lm constant_tsc arch_perfmon pebs bts rep_good nopl xtopology nonstop_tsc cpuid aperfmperf pni pclmulqdq dtes64 monitor ds_cpl vmx est tm2 ssse3 sdbg fma cx16 xtpr pdcm pcid sse4_1 sse4_2 movbe popcnt tsc_deadline_timer aes xsave avx f16c rdrand lahf_lm abm cpuid_fault epb invpcid_single pti ssbd ibrs ibpb stibp tpr_shadow vnmi flexpriority ept vpid ept_ad fsgsbase tsc_adjust bmi1 avx2 smep bmi2 erms invpcid xsaveopt dtherm ida arat pln pts md_clear flush_l1d
bugs		: cpu_meltdown spectre_v1 spectre_v2 spec_store_bypass l1tf mds swapgs itlb_multihit srbds
bogomips	: 5187.78
clflush size	: 64
cache_alignment	: 64
address sizes	: 39 bits physical, 48 bits virtual
power management:

processor	: 2
vendor_id	: GenuineIntel
cpu family	: 6
model		: 60
model name	: Intel(R) Core(TM) i5-4210M CPU @ 2.60GHz
stepping	: 3
microcode	: 0x28
cpu MHz		: 3092.718
cache size	: 3072 KB
physical id	: 0
siblings	: 4
core id		: 0
cpu cores	: 2
apicid		: 1
initial apicid	: 1
fpu		: yes
fpu_exception	: yes
cpuid level	: 13
wp		: yes
flags		: fpu vme de pse tsc msr pae mce cx8 apic sep mtrr pge mca cmov pat pse36 clflush dts acpi mmx fxsr sse sse2 ss ht tm pbe syscall nx pdpe1gb rdtscp lm constant_tsc arch_perfmon pebs bts rep_good nopl xtopology nonstop_tsc cpuid aperfmperf pni pclmulqdq dtes64 monitor ds_cpl vmx est tm2 ssse3 sdbg fma cx16 xtpr pdcm pcid sse4_1 sse4_2 movbe popcnt tsc_deadline_timer aes xsave avx f16c rdrand lahf_lm abm cpuid_fault epb invpcid_single pti ssbd ibrs ibpb stibp tpr_shadow vnmi flexpriority ept vpid ept_ad fsgsbase tsc_adjust bmi1 avx2 smep bmi2 erms invpcid xsaveopt dtherm ida arat pln pts md_clear flush_l1d
bugs		: cpu_meltdown spectre_v1 spectre_v2 spec_store_bypass l1tf mds swapgs itlb_multihit srbds
bogomips	: 5187.78
clflush size	: 64
cache_alignment	: 64
address sizes	: 39 bits physical, 48 bits virtual
power management:

processor	: 3
vendor_id	: GenuineIntel
cpu family	: 6
model		: 60
model name	: Intel(R) Core(TM) i5-4210M CPU @ 2.60GHz
stepping	: 3
microcode	: 0x28
cpu MHz		: 3092.722
cache size	: 3072 KB
physical id	: 0
siblings	: 4
core id		: 1
cpu cores	: 2
apicid		: 3
initial apicid	: 3
fpu		: yes
fpu_exception	: yes
cpuid level	: 13
wp		: yes
flags		: fpu vme de pse tsc msr pae mce cx8 apic sep mtrr pge mca cmov pat pse36 clflush dts acpi mmx fxsr sse sse2 ss ht tm pbe syscall nx pdpe1gb rdtscp lm constant_tsc arch_perfmon pebs bts rep_good nopl xtopology nonstop_tsc cpuid aperfmperf pni pclmulqdq dtes64 monitor ds_cpl vmx est tm2 ssse3 sdbg fma cx16 xtpr pdcm pcid sse4_1 sse4_2 movbe popcnt tsc_deadline_timer aes xsave avx f16c rdrand lahf_lm abm cpuid_fault epb invpcid_single pti ssbd ibrs ibpb stibp tpr_shadow vnmi flexpriority ept vpid ept_ad fsgsbase tsc_adjust bmi1 avx2 smep bmi2 erms invpcid xsaveopt dtherm ida arat pln pts md_clear flush_l1d
bugs		: cpu_meltdown spectre_v1 spectre_v2 spec_store_bypass l1tf mds swapgs itlb_multihit srbds
bogomips	: 5187.78
clflush size	: 64
cache_alignment	: 64
address sizes	: 39 bits physical, 48 bits virtual
power management:



Memory: 4k page, physical 8056436k(116048k free), swap 2097148k(4k free)

vm_info: Java HotSpot(TM) 64-Bit Server VM (25.231-b11) for linux-amd64 JRE (1.8.0_231-b11), built on Oct  5 2019 03:00:41 by "java_re" with gcc 7.3.0

time: Sun Jul  5 23:06:40 2020
timezone: EEST
elapsed time: 1 seconds (0d 0h 0m 1s)

