#
# A fatal error has been detected by the Java Runtime Environment:
#
#  SIGSEGV (0xb) at pc=0x00007efbf8cb2450, pid=10322, tid=0x00007efc2d03a700
#
# JRE version: Java(TM) SE Runtime Environment (8.0_231-b11) (build 1.8.0_231-b11)
# Java VM: Java HotSpot(TM) 64-Bit Server VM (25.231-b11 mixed mode linux-amd64 compressed oops)
# Problematic frame:
# C  [libtesseract.so+0x25b450]  STRING::string() const+0x0
#
# Failed to write core dump. Core dumps have been disabled. To enable core dumping, try "ulimit -c unlimited" before starting Java again
#
# If you would like to submit a bug report, please visit:
#   http://bugreport.java.com/bugreport/crash.jsp
# The crash happened outside the Java Virtual Machine in native code.
# See problematic frame for where to report the bug.
#

---------------  T H R E A D  ---------------

Current thread (0x00007efc24010000):  JavaThread "main" [_thread_in_native, id=10324, stack(0x00007efc2cf3b000,0x00007efc2d03b000)]

siginfo: si_signo: 11 (SIGSEGV), si_code: 1 (SEGV_MAPERR), si_addr: 0x0000000000000000

Registers:
RAX=0x0000000000000000, RBX=0x00007efc248ff3a0, RCX=0x0000000000000004, RDX=0x00007efc2d038701
RSP=0x00007efc2d037cd8, RBP=0x00007efc2d0387f0, RSI=0x00007efc2d038010, RDI=0x0000000000000000
R8 =0x00007efc24b0d367, R9 =0x00007efc24924810, R10=0x00007efbce36e6b8, R11=0x0000000000000202
R12=0x0000000000000000, R13=0x0000000000000000, R14=0x0000000000000001, R15=0x00007efc24924810
RIP=0x00007efbf8cb2450, EFLAGS=0x0000000000010246, CSGSFS=0x002b000000000033, ERR=0x0000000000000004
  TRAPNO=0x000000000000000e

Top of Stack: (sp=0x00007efc2d037cd8)
0x00007efc2d037cd8:   00007efbf8ae01d3 00007efc24010000
0x00007efc2d037ce8:   00007efc2d038010 0000000100000000
0x00007efc2d037cf8:   0000000000000000 00007efc2d037d90
0x00007efc2d037d08:   00007efc24010000 00007efc2d037d50
0x00007efc2d037d18:   00007efc285ef570 00007efc2d037e30
0x00007efc2d037d28:   00007efc24010000 00007efc2d037d80
0x00007efc2d037d38:   00007efc2bb0d8f1 0000000000000001
0x00007efc2d037d48:   00007efc24010b00 0000000000000000
0x00007efc2d037d58:   0000000000000000 0000000000000001
0x00007efc2d037d68:   00007efc2d037e30 0000000000000000
0x00007efc2d037d78:   00007efc285ef570 00007efc2d037da0
0x00007efc2d037d88:   00007efc2aa4b351 00000000d731dae8
0x00007efc2d037d98:   00007efc285ef570 00007efc2d039a50
0x00007efc2d037da8:   00007efc15018c06 00007efc2d037dd0
0x00007efc2d037db8:   00007efc2b8a7d71 00007efc2c39be78
0x00007efc2d037dc8:   00007efc2d037dc8 0000000000000000
0x00007efc2d037dd8:   00007efc2d037e30 00007efc2867f870
0x00007efc2d037de8:   0000000000000000 00007efc285ef570
0x00007efc2d037df8:   0000000000000000 00007efc2d037e28
0x00007efc2d037e08:   00007efc2d037e88 00007efc15008040
0x00007efc2d037e18:   00000000d731dae8 00007efc15011d1b
0x00007efc2d037e28:   00000000d8f4da78 00000000d731dae8
0x00007efc2d037e38:   0000000000000001 0000000000000000
0x00007efc2d037e48:   00007efc2d037e38 00007efc285ef4dc
0x00007efc2d037e58:   00007efc2d037e98 00007efc2867f870
0x00007efc2d037e68:   0000000000000000 00007efc285ef4e8
0x00007efc2d037e78:   0000000000000000 00007efc2d037e98
0x00007efc2d037e88:   00007efc2d037ee0 00007efc15008040
0x00007efc2d037e98:   00000000d731dae8 00007efc2d037ea0
0x00007efc2d037ea8:   00007efc285ee9b0 00007efc2d037f00
0x00007efc2d037eb8:   00007efc2867f870 0000000000000000
0x00007efc2d037ec8:   00007efc285ee9d8 0000000000000000 

Instructions: (pc=0x00007efbf8cb2450)
0x00007efbf8cb2430:   48 83 c6 08 e8 27 fa ff ff 39 44 24 04 0f 94 c2
0x00007efbf8cb2440:   eb c1 e8 89 28 e2 ff 90 0f 1f 84 00 00 00 00 00
0x00007efbf8cb2450:   48 8b 07 8b 50 04 85 d2 74 16 c7 40 04 ff ff ff
0x00007efbf8cb2460:   ff 48 83 c0 08 c3 66 2e 0f 1f 84 00 00 00 00 00 

Register to memory mapping:

RAX=0x0000000000000000 is an unknown value
RBX=0x00007efc248ff3a0 is an unknown value
RCX=0x0000000000000004 is an unknown value
RDX=0x00007efc2d038701 is pointing into the stack for thread: 0x00007efc24010000
RSP=0x00007efc2d037cd8 is pointing into the stack for thread: 0x00007efc24010000
RBP=0x00007efc2d0387f0 is pointing into the stack for thread: 0x00007efc24010000
RSI=0x00007efc2d038010 is pointing into the stack for thread: 0x00007efc24010000
RDI=0x0000000000000000 is an unknown value
R8 =0x00007efc24b0d367 is an unknown value
R9 =0x00007efc24924810 is an unknown value
R10=0x00007efbce36e6b8 is an unknown value
R11=0x0000000000000202 is an unknown value
R12=0x0000000000000000 is an unknown value
R13=0x0000000000000000 is an unknown value
R14=0x0000000000000001 is an unknown value
R15=0x00007efc24924810 is an unknown value


Stack: [0x00007efc2cf3b000,0x00007efc2d03b000],  sp=0x00007efc2d037cd8,  free space=1011k
Native frames: (J=compiled Java code, j=interpreted, Vv=VM code, C=native code)
C  [libtesseract.so+0x25b450]  STRING::string() const+0x0
C  [libtesseract.so+0x8aee6]  tesseract::TessBaseAPI::Recognize(ETEXT_DESC*)+0x36
C  [libtesseract.so+0x8c3ff]  tesseract::TessBaseAPI::GetUTF8Text()+0x10f
C  0x00007efc2d039350

Java frames: (J=compiled Java code, j=interpreted, Vv=VM code)
j  com.sun.jna.Native.invokePointer(Lcom/sun/jna/Function;JI[Ljava/lang/Object;)J+0
j  com.sun.jna.Function.invokePointer(I[Ljava/lang/Object;)Lcom/sun/jna/Pointer;+7
j  com.sun.jna.Function.invoke([Ljava/lang/Object;Ljava/lang/Class;ZI)Ljava/lang/Object;+385
j  com.sun.jna.Function.invoke(Ljava/lang/reflect/Method;[Ljava/lang/Class;Ljava/lang/Class;[Ljava/lang/Object;Ljava/util/Map;)Ljava/lang/Object;+271
j  com.sun.jna.Library$Handler.invoke(Ljava/lang/Object;Ljava/lang/reflect/Method;[Ljava/lang/Object;)Ljava/lang/Object;+390
j  com.sun.proxy.$Proxy0.TessBaseAPIGetUTF8Text(Lnet/sourceforge/tess4j/ITessAPI$TessBaseAPI;)Lcom/sun/jna/Pointer;+16
j  net.sourceforge.tess4j.Tesseract.getOCRText(Ljava/lang/String;I)Ljava/lang/String;+269
j  net.sourceforge.tess4j.Tesseract.doOCR(Ljavax/imageio/IIOImage;Ljava/lang/String;Ljava/awt/Rectangle;I)Ljava/lang/String;+18
j  net.sourceforge.tess4j.Tesseract.doOCR(Ljava/io/File;Ljava/awt/Rectangle;)Ljava/lang/String;+126
j  net.sourceforge.tess4j.Tesseract.doOCR(Ljava/io/File;)Ljava/lang/String;+3
j  encaps.utils.OCR.main([Ljava/lang/String;)V+34
v  ~StubRoutines::call_stub

---------------  P R O C E S S  ---------------

Java Threads: ( => current thread )
  0x00007efc246d4000 JavaThread "process reaper" daemon [_thread_blocked, id=10346, stack(0x00007efbf9225000,0x00007efbf925e000)]
  0x00007efbe8001000 JavaThread "Attach Listener" daemon [_thread_blocked, id=10344, stack(0x00007efbf9477000,0x00007efbf9578000)]
  0x00007efc24695800 JavaThread "Java2D Disposer" daemon [_thread_blocked, id=10342, stack(0x00007efbf9578000,0x00007efbf9679000)]
  0x00007efc240c6800 JavaThread "Service Thread" daemon [_thread_blocked, id=10340, stack(0x00007efbfb42f000,0x00007efbfb530000)]
  0x00007efc240c3800 JavaThread "C1 CompilerThread2" daemon [_thread_blocked, id=10339, stack(0x00007efbfb531000,0x00007efbfb631000)]
  0x00007efc240c2000 JavaThread "C2 CompilerThread1" daemon [_thread_blocked, id=10337, stack(0x00007efc1000c000,0x00007efc1010c000)]
  0x00007efc240bf000 JavaThread "C2 CompilerThread0" daemon [_thread_blocked, id=10336, stack(0x00007efc1010d000,0x00007efc1020d000)]
  0x00007efc240bd800 JavaThread "Signal Dispatcher" daemon [_thread_blocked, id=10335, stack(0x00007efc1020d000,0x00007efc1030e000)]
  0x00007efc2408c800 JavaThread "Finalizer" daemon [_thread_blocked, id=10334, stack(0x00007efc1030e000,0x00007efc1040f000)]
  0x00007efc24088000 JavaThread "Reference Handler" daemon [_thread_blocked, id=10333, stack(0x00007efc1040f000,0x00007efc10510000)]
=>0x00007efc24010000 JavaThread "main" [_thread_in_native, id=10324, stack(0x00007efc2cf3b000,0x00007efc2d03b000)]

Other Threads:
  0x00007efc2407e000 VMThread [stack: 0x00007efc10511000,0x00007efc10611000] [id=10332]
  0x00007efc240c9800 WatcherThread [stack: 0x00007efbfb32f000,0x00007efbfb42f000] [id=10341]

VM state:not at safepoint (normal execution)

VM Mutex/Monitor currently owned by a thread: None

heap address: 0x0000000085000000, size: 1968 MB, Compressed Oops mode: 32-bit
Narrow klass base: 0x0000000000000000, Narrow klass shift: 3
Compressed class space size: 1073741824 Address: 0x0000000100000000

Heap:
 PSYoungGen      total 36864K, used 9822K [0x00000000d7000000, 0x00000000db800000, 0x0000000100000000)
  eden space 31744K, 14% used [0x00000000d7000000,0x00000000d749fa10,0x00000000d8f00000)
  from space 5120K, 99% used [0x00000000d8f00000,0x00000000d93f81c8,0x00000000d9400000)
  to   space 5120K, 0% used [0x00000000db300000,0x00000000db300000,0x00000000db800000)
 ParOldGen       total 84992K, used 14035K [0x0000000085000000, 0x000000008a300000, 0x00000000d7000000)
  object space 84992K, 16% used [0x0000000085000000,0x0000000085db4e78,0x000000008a300000)
 Metaspace       used 8436K, capacity 8606K, committed 8704K, reserved 1056768K
  class space    used 925K, capacity 997K, committed 1024K, reserved 1048576K

Card table byte_map: [0x00007efc2983f000,0x00007efc29c18000] byte_map_base: 0x00007efc29417000

Marking Bits: (ParMarkBitMap*) 0x00007efc2c3e6de0
 Begin Bits: [0x00007efc11280000, 0x00007efc13140000)
 End Bits:   [0x00007efc13140000, 0x00007efc15000000)

Polling page: 0x00007efc2d056000

CodeCache: size=245760Kb used=2915Kb max_used=2931Kb free=242844Kb
 bounds [0x00007efc15000000, 0x00007efc152e0000, 0x00007efc24000000]
 total_blobs=1007 nmethods=652 adapters=269
 compilation: enabled

Compilation events (10 events):
Event: 0.816 Thread 0x00007efc240c3800  651       2       java.util.zip.ZipCoder::getBytes (192 bytes)
Event: 0.817 Thread 0x00007efc240c3800 nmethod 651 0x00007efc152d35d0 code [0x00007efc152d3860, 0x00007efc152d4658]
Event: 0.817 Thread 0x00007efc240c3800  652       2       java.util.zip.ZipCoder::encoder (35 bytes)
Event: 0.818 Thread 0x00007efc240c3800 nmethod 652 0x00007efc152d5110 code [0x00007efc152d5280, 0x00007efc152d5488]
Event: 0.831 Thread 0x00007efc240c2000 nmethod 633 0x00007efc152d9990 code [0x00007efc152d9b60, 0x00007efc152db338]
Event: 0.831 Thread 0x00007efc240c2000  649       4       java.nio.charset.CharsetEncoder::reset (11 bytes)
Event: 0.831 Thread 0x00007efc240c2000 nmethod 649 0x00007efc152ba350 code [0x00007efc152ba4a0, 0x00007efc152ba4f8]
Event: 0.831 Thread 0x00007efc240c2000  650       4       java.nio.charset.CharsetEncoder::implReset (1 bytes)
Event: 0.831 Thread 0x00007efc240c2000 nmethod 650 0x00007efc152ab850 code [0x00007efc152ab9a0, 0x00007efc152ab9f8]
Event: 0.835 Thread 0x00007efc240bf000 nmethod 648 0x00007efc152dbd50 code [0x00007efc152dc020, 0x00007efc152dd1c0]

GC Heap History (2 events):
Event: 0.775 GC heap before
{Heap before GC invocations=1 (full 0):
 PSYoungGen      total 36864K, used 29942K [0x00000000d7000000, 0x00000000d9900000, 0x0000000100000000)
  eden space 31744K, 94% used [0x00000000d7000000,0x00000000d8d3d968,0x00000000d8f00000)
  from space 5120K, 0% used [0x00000000d9400000,0x00000000d9400000,0x00000000d9900000)
  to   space 5120K, 0% used [0x00000000d8f00000,0x00000000d8f00000,0x00000000d9400000)
 ParOldGen       total 84992K, used 0K [0x0000000085000000, 0x000000008a300000, 0x00000000d7000000)
  object space 84992K, 0% used [0x0000000085000000,0x0000000085000000,0x000000008a300000)
 Metaspace       used 8405K, capacity 8542K, committed 8704K, reserved 1056768K
  class space    used 923K, capacity 997K, committed 1024K, reserved 1048576K
Event: 0.784 GC heap after
Heap after GC invocations=1 (full 0):
 PSYoungGen      total 36864K, used 5088K [0x00000000d7000000, 0x00000000db800000, 0x0000000100000000)
  eden space 31744K, 0% used [0x00000000d7000000,0x00000000d7000000,0x00000000d8f00000)
  from space 5120K, 99% used [0x00000000d8f00000,0x00000000d93f81c8,0x00000000d9400000)
  to   space 5120K, 0% used [0x00000000db300000,0x00000000db300000,0x00000000db800000)
 ParOldGen       total 84992K, used 14035K [0x0000000085000000, 0x000000008a300000, 0x00000000d7000000)
  object space 84992K, 16% used [0x0000000085000000,0x0000000085db4e78,0x000000008a300000)
 Metaspace       used 8405K, capacity 8542K, committed 8704K, reserved 1056768K
  class space    used 923K, capacity 997K, committed 1024K, reserved 1048576K
}

Deoptimization events (2 events):
Event: 0.250 Thread 0x00007efc24010000 Uncommon trap: reason=unstable_if action=reinterpret pc=0x00007efc1511ff74 method=java.lang.String.indexOf(II)I @ 49
Event: 0.369 Thread 0x00007efc24010000 Uncommon trap: reason=unstable_if action=reinterpret pc=0x00007efc1518ab88 method=sun.misc.MetaIndex.mayContain(Ljava/lang/String;)Z @ 38

Classes redefined (0 events):
No events

Internal exceptions (10 events):
Event: 0.033 Thread 0x00007efc24010000 Exception <a 'java/lang/NoSuchMethodError': Method sun.misc.Unsafe.prefetchRead(Ljava/lang/Object;J)V name or signature does not match> (0x00000000d7007fa0) thrown at [/HUDSON/workspace/8-2-build-linux-amd64/jdk8u231/13620/hotspot/src/share/vm/prims/jni.c
Event: 0.210 Thread 0x00007efc24010000 Exception <a 'java/security/PrivilegedActionException'> (0x00000000d73b39f8) thrown at [/HUDSON/workspace/8-2-build-linux-amd64/jdk8u231/13620/hotspot/src/share/vm/prims/jvm.cpp, line 1502]
Event: 0.210 Thread 0x00007efc24010000 Exception <a 'java/security/PrivilegedActionException'> (0x00000000d73b3c08) thrown at [/HUDSON/workspace/8-2-build-linux-amd64/jdk8u231/13620/hotspot/src/share/vm/prims/jvm.cpp, line 1502]
Event: 0.210 Thread 0x00007efc24010000 Exception <a 'java/security/PrivilegedActionException'> (0x00000000d73b63e8) thrown at [/HUDSON/workspace/8-2-build-linux-amd64/jdk8u231/13620/hotspot/src/share/vm/prims/jvm.cpp, line 1502]
Event: 0.210 Thread 0x00007efc24010000 Exception <a 'java/security/PrivilegedActionException'> (0x00000000d73b65f8) thrown at [/HUDSON/workspace/8-2-build-linux-amd64/jdk8u231/13620/hotspot/src/share/vm/prims/jvm.cpp, line 1502]
Event: 0.255 Thread 0x00007efc24010000 Exception <a 'java/io/FileNotFoundException'> (0x00000000d75d4a30) thrown at [/HUDSON/workspace/8-2-build-linux-amd64/jdk8u231/13620/hotspot/src/share/vm/prims/jni.cpp, line 710]
Event: 0.428 Thread 0x00007efc24010000 Exception <a 'java/lang/NoSuchFieldError': method resolution failed> (0x00000000d791a510) thrown at [/HUDSON/workspace/8-2-build-linux-amd64/jdk8u231/13620/hotspot/src/share/vm/prims/methodHandles.cpp, line 1167]
Event: 0.430 Thread 0x00007efc24010000 Exception <a 'java/lang/NoSuchFieldError': method resolution failed> (0x00000000d7927c00) thrown at [/HUDSON/workspace/8-2-build-linux-amd64/jdk8u231/13620/hotspot/src/share/vm/prims/methodHandles.cpp, line 1167]
Event: 0.449 Thread 0x00007efc24010000 Exception <a 'java/io/FileNotFoundException'> (0x00000000d79a0598) thrown at [/HUDSON/workspace/8-2-build-linux-amd64/jdk8u231/13620/hotspot/src/share/vm/prims/jni.cpp, line 710]
Event: 0.450 Thread 0x00007efc24010000 Exception <a 'java/io/FileNotFoundException'> (0x00000000d79a0f68) thrown at [/HUDSON/workspace/8-2-build-linux-amd64/jdk8u231/13620/hotspot/src/share/vm/prims/jni.cpp, line 710]

Events (10 events):
Event: 0.741 loading class javax/imageio/IIOImage
Event: 0.741 loading class javax/imageio/IIOImage done
Event: 0.775 Executing VM operation: ParallelGCFailedAllocation
Event: 0.784 Executing VM operation: ParallelGCFailedAllocation done
Event: 0.809 loading class java/nio/DirectByteBuffer$Deallocator
Event: 0.810 loading class java/nio/DirectByteBuffer$Deallocator done
Event: 0.811 loading class java/lang/StrictMath
Event: 0.811 loading class java/lang/StrictMath done
Event: 0.811 loading class com/sun/jna/Native$Buffers
Event: 0.811 loading class com/sun/jna/Native$Buffers done


Dynamic libraries:
00400000-00401000 r-xp 00000000 08:05 526140                             /home/encaps/Downloads/jdk1.8.0_231/bin/java
00600000-00601000 r--p 00000000 08:05 526140                             /home/encaps/Downloads/jdk1.8.0_231/bin/java
00601000-00602000 rw-p 00001000 08:05 526140                             /home/encaps/Downloads/jdk1.8.0_231/bin/java
016da000-016fb000 rw-p 00000000 00:00 0                                  [heap]
85000000-8a300000 rw-p 00000000 00:00 0 
8a300000-d7000000 ---p 00000000 00:00 0 
d7000000-db800000 rw-p 00000000 00:00 0 
db800000-100000000 ---p 00000000 00:00 0 
100000000-100100000 rw-p 00000000 00:00 0 
100100000-140000000 ---p 00000000 00:00 0 
7efbc8000000-7efbc8021000 rw-p 00000000 00:00 0 
7efbc8021000-7efbcc000000 ---p 00000000 00:00 0 
7efbce053000-7efbce36f000 rw-p 00000000 00:00 0 
7efbce68b000-7efbce9a7000 rw-p 00000000 00:00 0 
7efbce9a7000-7efbce9b2000 r-xp 00000000 08:05 1319363                    /usr/lib/x86_64-linux-gnu/libjbig.so.0
7efbce9b2000-7efbcebb1000 ---p 0000b000 08:05 1319363                    /usr/lib/x86_64-linux-gnu/libjbig.so.0
7efbcebb1000-7efbcebb2000 r--p 0000a000 08:05 1319363                    /usr/lib/x86_64-linux-gnu/libjbig.so.0
7efbcebb2000-7efbcebb5000 rw-p 0000b000 08:05 1319363                    /usr/lib/x86_64-linux-gnu/libjbig.so.0
7efbcebb5000-7efbcebd9000 r-xp 00000000 08:05 6689884                    /lib/x86_64-linux-gnu/liblzma.so.5.2.2
7efbcebd9000-7efbcedd9000 ---p 00024000 08:05 6689884                    /lib/x86_64-linux-gnu/liblzma.so.5.2.2
7efbcedd9000-7efbcedda000 r--p 00024000 08:05 6689884                    /lib/x86_64-linux-gnu/liblzma.so.5.2.2
7efbcedda000-7efbceddb000 rw-p 00025000 08:05 6689884                    /lib/x86_64-linux-gnu/liblzma.so.5.2.2
7efbceddb000-7efbcee2f000 r-xp 00000000 08:05 1323028                    /usr/lib/x86_64-linux-gnu/libopenjp2.so.2.3.0
7efbcee2f000-7efbcf02f000 ---p 00054000 08:05 1323028                    /usr/lib/x86_64-linux-gnu/libopenjp2.so.2.3.0
7efbcf02f000-7efbcf030000 r--p 00054000 08:05 1323028                    /usr/lib/x86_64-linux-gnu/libopenjp2.so.2.3.0
7efbcf030000-7efbcf031000 rw-p 00055000 08:05 1323028                    /usr/lib/x86_64-linux-gnu/libopenjp2.so.2.3.0
7efbcf031000-7efbcf097000 r-xp 00000000 08:05 1319838                    /usr/lib/x86_64-linux-gnu/libwebp.so.6.0.2
7efbcf097000-7efbcf296000 ---p 00066000 08:05 1319838                    /usr/lib/x86_64-linux-gnu/libwebp.so.6.0.2
7efbcf296000-7efbcf297000 r--p 00065000 08:05 1319838                    /usr/lib/x86_64-linux-gnu/libwebp.so.6.0.2
7efbcf297000-7efbcf298000 rw-p 00066000 08:05 1319838                    /usr/lib/x86_64-linux-gnu/libwebp.so.6.0.2
7efbcf298000-7efbcf29a000 rw-p 00000000 00:00 0 
7efbcf29a000-7efbcf30d000 r-xp 00000000 08:05 1317585                    /usr/lib/x86_64-linux-gnu/libtiff.so.5.3.0
7efbcf30d000-7efbcf50c000 ---p 00073000 08:05 1317585                    /usr/lib/x86_64-linux-gnu/libtiff.so.5.3.0
7efbcf50c000-7efbcf510000 r--p 00072000 08:05 1317585                    /usr/lib/x86_64-linux-gnu/libtiff.so.5.3.0
7efbcf510000-7efbcf511000 rw-p 00076000 08:05 1317585                    /usr/lib/x86_64-linux-gnu/libtiff.so.5.3.0
7efbcf511000-7efbcf519000 r-xp 00000000 08:05 1314230                    /usr/lib/x86_64-linux-gnu/libgif.so.7.0.0
7efbcf519000-7efbcf718000 ---p 00008000 08:05 1314230                    /usr/lib/x86_64-linux-gnu/libgif.so.7.0.0
7efbcf718000-7efbcf719000 r--p 00007000 08:05 1314230                    /usr/lib/x86_64-linux-gnu/libgif.so.7.0.0
7efbcf719000-7efbcf71a000 rw-p 00008000 08:05 1314230                    /usr/lib/x86_64-linux-gnu/libgif.so.7.0.0
7efbcf71a000-7efbcf781000 r-xp 00000000 08:05 1310759                    /usr/lib/x86_64-linux-gnu/libjpeg.so.8.1.2
7efbcf781000-7efbcf980000 ---p 00067000 08:05 1310759                    /usr/lib/x86_64-linux-gnu/libjpeg.so.8.1.2
7efbcf980000-7efbcf981000 r--p 00066000 08:05 1310759                    /usr/lib/x86_64-linux-gnu/libjpeg.so.8.1.2
7efbcf981000-7efbcf982000 rw-p 00067000 08:05 1310759                    /usr/lib/x86_64-linux-gnu/libjpeg.so.8.1.2
7efbcf982000-7efbcf9b3000 r-xp 00000000 08:05 1319566                    /usr/lib/x86_64-linux-gnu/libpng16.so.16.34.0
7efbcf9b3000-7efbcfbb2000 ---p 00031000 08:05 1319566                    /usr/lib/x86_64-linux-gnu/libpng16.so.16.34.0
7efbcfbb2000-7efbcfbb3000 r--p 00030000 08:05 1319566                    /usr/lib/x86_64-linux-gnu/libpng16.so.16.34.0
7efbcfbb3000-7efbcfbb4000 rw-p 00031000 08:05 1319566                    /usr/lib/x86_64-linux-gnu/libpng16.so.16.34.0
7efbcfbb4000-7efbcfbd0000 r-xp 00000000 08:05 6689996                    /lib/x86_64-linux-gnu/libz.so.1.2.11
7efbcfbd0000-7efbcfdcf000 ---p 0001c000 08:05 6689996                    /lib/x86_64-linux-gnu/libz.so.1.2.11
7efbcfdcf000-7efbcfdd0000 r--p 0001b000 08:05 6689996                    /lib/x86_64-linux-gnu/libz.so.1.2.11
7efbcfdd0000-7efbcfdd1000 rw-p 0001c000 08:05 6689996                    /lib/x86_64-linux-gnu/libz.so.1.2.11
7efbcfdd1000-7efbcfdff000 r-xp 00000000 08:05 1315488                    /usr/lib/x86_64-linux-gnu/libgomp.so.1.0.0
7efbcfdff000-7efbcfffe000 ---p 0002e000 08:05 1315488                    /usr/lib/x86_64-linux-gnu/libgomp.so.1.0.0
7efbcfffe000-7efbcffff000 r--p 0002d000 08:05 1315488                    /usr/lib/x86_64-linux-gnu/libgomp.so.1.0.0
7efbcffff000-7efbd0000000 rw-p 0002e000 08:05 1315488                    /usr/lib/x86_64-linux-gnu/libgomp.so.1.0.0
7efbd0000000-7efbd0021000 rw-p 00000000 00:00 0 
7efbd0021000-7efbd4000000 ---p 00000000 00:00 0 
7efbd4000000-7efbd4021000 rw-p 00000000 00:00 0 
7efbd4021000-7efbd8000000 ---p 00000000 00:00 0 
7efbd8000000-7efbd8021000 rw-p 00000000 00:00 0 
7efbd8021000-7efbdc000000 ---p 00000000 00:00 0 
7efbdc000000-7efbdc021000 rw-p 00000000 00:00 0 
7efbdc021000-7efbe0000000 ---p 00000000 00:00 0 
7efbe0000000-7efbe022e000 rw-p 00000000 00:00 0 
7efbe022e000-7efbe4000000 ---p 00000000 00:00 0 
7efbe4000000-7efbe42b8000 rw-p 00000000 00:00 0 
7efbe42b8000-7efbe8000000 ---p 00000000 00:00 0 
7efbe8000000-7efbe8021000 rw-p 00000000 00:00 0 
7efbe8021000-7efbec000000 ---p 00000000 00:00 0 
7efbec000000-7efbec25c000 rw-p 00000000 00:00 0 
7efbec25c000-7efbf0000000 ---p 00000000 00:00 0 
7efbf0000000-7efbf0021000 rw-p 00000000 00:00 0 
7efbf0021000-7efbf4000000 ---p 00000000 00:00 0 
7efbf4000000-7efbf4021000 rw-p 00000000 00:00 0 
7efbf4021000-7efbf8000000 ---p 00000000 00:00 0 
7efbf8054000-7efbf806b000 r-xp 00000000 08:05 6692361                    /lib/x86_64-linux-gnu/libgcc_s.so.1
7efbf806b000-7efbf826a000 ---p 00017000 08:05 6692361                    /lib/x86_64-linux-gnu/libgcc_s.so.1
7efbf826a000-7efbf826b000 r--p 00016000 08:05 6692361                    /lib/x86_64-linux-gnu/libgcc_s.so.1
7efbf826b000-7efbf826c000 rw-p 00017000 08:05 6692361                    /lib/x86_64-linux-gnu/libgcc_s.so.1
7efbf826c000-7efbf83e5000 r-xp 00000000 08:05 1313412                    /usr/lib/x86_64-linux-gnu/libstdc++.so.6.0.25
7efbf83e5000-7efbf85e5000 ---p 00179000 08:05 1313412                    /usr/lib/x86_64-linux-gnu/libstdc++.so.6.0.25
7efbf85e5000-7efbf85ef000 r--p 00179000 08:05 1313412                    /usr/lib/x86_64-linux-gnu/libstdc++.so.6.0.25
7efbf85ef000-7efbf85f1000 rw-p 00183000 08:05 1313412                    /usr/lib/x86_64-linux-gnu/libstdc++.so.6.0.25
7efbf85f1000-7efbf85f5000 rw-p 00000000 00:00 0 
7efbf85f5000-7efbf8851000 r-xp 00000000 08:05 1315373                    /usr/lib/x86_64-linux-gnu/liblept.so.5.0.2
7efbf8851000-7efbf8a50000 ---p 0025c000 08:05 1315373                    /usr/lib/x86_64-linux-gnu/liblept.so.5.0.2
7efbf8a50000-7efbf8a51000 r--p 0025b000 08:05 1315373                    /usr/lib/x86_64-linux-gnu/liblept.so.5.0.2
7efbf8a51000-7efbf8a57000 rw-p 0025c000 08:05 1315373                    /usr/lib/x86_64-linux-gnu/liblept.so.5.0.2
7efbf8a57000-7efbf8d64000 r-xp 00000000 08:05 1315545                    /usr/lib/x86_64-linux-gnu/libtesseract.so.4.0.0
7efbf8d64000-7efbf8f63000 ---p 0030d000 08:05 1315545                    /usr/lib/x86_64-linux-gnu/libtesseract.so.4.0.0
7efbf8f63000-7efbf8f68000 r--p 0030c000 08:05 1315545                    /usr/lib/x86_64-linux-gnu/libtesseract.so.4.0.0
7efbf8f68000-7efbf8f69000 rw-p 00311000 08:05 1315545                    /usr/lib/x86_64-linux-gnu/libtesseract.so.4.0.0
7efbf8f69000-7efbf920d000 rw-p 00000000 00:00 0 
7efbf9225000-7efbf9228000 ---p 00000000 00:00 0 
7efbf9228000-7efbf925e000 rw-p 00000000 00:00 0 
7efbf925e000-7efbf9276000 r-xp 00000000 08:05 3543678                    /home/encaps/.cache/JNA/temp/jna7261507773863918997.tmp (deleted)
7efbf9276000-7efbf9476000 ---p 00018000 08:05 3543678                    /home/encaps/.cache/JNA/temp/jna7261507773863918997.tmp (deleted)
7efbf9476000-7efbf9477000 rw-p 00018000 08:05 3543678                    /home/encaps/.cache/JNA/temp/jna7261507773863918997.tmp (deleted)
7efbf9477000-7efbf947a000 ---p 00000000 00:00 0 
7efbf947a000-7efbf9578000 rw-p 00000000 00:00 0 
7efbf9578000-7efbf957b000 ---p 00000000 00:00 0 
7efbf957b000-7efbf9679000 rw-p 00000000 00:00 0 
7efbf9679000-7efbf968c000 r-xp 00000000 08:05 6684930                    /lib/x86_64-linux-gnu/libbsd.so.0.8.7
7efbf968c000-7efbf988b000 ---p 00013000 08:05 6684930                    /lib/x86_64-linux-gnu/libbsd.so.0.8.7
7efbf988b000-7efbf988c000 r--p 00012000 08:05 6684930                    /lib/x86_64-linux-gnu/libbsd.so.0.8.7
7efbf988c000-7efbf988d000 rw-p 00013000 08:05 6684930                    /lib/x86_64-linux-gnu/libbsd.so.0.8.7
7efbf988d000-7efbf988e000 rw-p 00000000 00:00 0 
7efbf988e000-7efbf9893000 r-xp 00000000 08:05 1318707                    /usr/lib/x86_64-linux-gnu/libXdmcp.so.6.0.0
7efbf9893000-7efbf9a92000 ---p 00005000 08:05 1318707                    /usr/lib/x86_64-linux-gnu/libXdmcp.so.6.0.0
7efbf9a92000-7efbf9a93000 r--p 00004000 08:05 1318707                    /usr/lib/x86_64-linux-gnu/libXdmcp.so.6.0.0
7efbf9a93000-7efbf9a94000 rw-p 00005000 08:05 1318707                    /usr/lib/x86_64-linux-gnu/libXdmcp.so.6.0.0
7efbf9a94000-7efbf9a96000 r-xp 00000000 08:05 1318696                    /usr/lib/x86_64-linux-gnu/libXau.so.6.0.0
7efbf9a96000-7efbf9c96000 ---p 00002000 08:05 1318696                    /usr/lib/x86_64-linux-gnu/libXau.so.6.0.0
7efbf9c96000-7efbf9c97000 r--p 00002000 08:05 1318696                    /usr/lib/x86_64-linux-gnu/libXau.so.6.0.0
7efbf9c97000-7efbf9c98000 rw-p 00003000 08:05 1318696                    /usr/lib/x86_64-linux-gnu/libXau.so.6.0.0
7efbf9c98000-7efbf9cbe000 r-xp 00000000 08:05 1319909                    /usr/lib/x86_64-linux-gnu/libxcb.so.1.1.0
7efbf9cbe000-7efbf9ebe000 ---p 00026000 08:05 1319909                    /usr/lib/x86_64-linux-gnu/libxcb.so.1.1.0
7efbf9ebe000-7efbf9ebf000 r--p 00026000 08:05 1319909                    /usr/lib/x86_64-linux-gnu/libxcb.so.1.1.0
7efbf9ebf000-7efbf9ec0000 rw-p 00027000 08:05 1319909                    /usr/lib/x86_64-linux-gnu/libxcb.so.1.1.0
7efbf9ec0000-7efbf9ecf000 r-xp 00000000 08:05 1318717                    /usr/lib/x86_64-linux-gnu/libXi.so.6.1.0
7efbf9ecf000-7efbfa0ce000 ---p 0000f000 08:05 1318717                    /usr/lib/x86_64-linux-gnu/libXi.so.6.1.0
7efbfa0ce000-7efbfa0cf000 r--p 0000e000 08:05 1318717                    /usr/lib/x86_64-linux-gnu/libXi.so.6.1.0
7efbfa0cf000-7efbfa0d0000 rw-p 0000f000 08:05 1318717                    /usr/lib/x86_64-linux-gnu/libXi.so.6.1.0
7efbfa0d0000-7efbfa0d5000 r-xp 00000000 08:05 1318735                    /usr/lib/x86_64-linux-gnu/libXtst.so.6.1.0
7efbfa0d5000-7efbfa2d4000 ---p 00005000 08:05 1318735                    /usr/lib/x86_64-linux-gnu/libXtst.so.6.1.0
7efbfa2d4000-7efbfa2d5000 r--p 00004000 08:05 1318735                    /usr/lib/x86_64-linux-gnu/libXtst.so.6.1.0
7efbfa2d5000-7efbfa2d6000 rw-p 00005000 08:05 1318735                    /usr/lib/x86_64-linux-gnu/libXtst.so.6.1.0
7efbfa2d6000-7efbfa2df000 r-xp 00000000 08:05 1318729                    /usr/lib/x86_64-linux-gnu/libXrender.so.1.3.0
7efbfa2df000-7efbfa4de000 ---p 00009000 08:05 1318729                    /usr/lib/x86_64-linux-gnu/libXrender.so.1.3.0
7efbfa4de000-7efbfa4df000 r--p 00008000 08:05 1318729                    /usr/lib/x86_64-linux-gnu/libXrender.so.1.3.0
7efbfa4df000-7efbfa4e0000 rw-p 00009000 08:05 1318729                    /usr/lib/x86_64-linux-gnu/libXrender.so.1.3.0
7efbfa4e0000-7efbfa613000 r-xp 00000000 08:05 1318692                    /usr/lib/x86_64-linux-gnu/libX11.so.6.3.0
7efbfa613000-7efbfa813000 ---p 00133000 08:05 1318692                    /usr/lib/x86_64-linux-gnu/libX11.so.6.3.0
7efbfa813000-7efbfa814000 r--p 00133000 08:05 1318692                    /usr/lib/x86_64-linux-gnu/libX11.so.6.3.0
7efbfa814000-7efbfa818000 rw-p 00134000 08:05 1318692                    /usr/lib/x86_64-linux-gnu/libX11.so.6.3.0
7efbfa818000-7efbfa829000 r-xp 00000000 08:05 1318709                    /usr/lib/x86_64-linux-gnu/libXext.so.6.4.0
7efbfa829000-7efbfaa28000 ---p 00011000 08:05 1318709                    /usr/lib/x86_64-linux-gnu/libXext.so.6.4.0
7efbfaa28000-7efbfaa29000 r--p 00010000 08:05 1318709                    /usr/lib/x86_64-linux-gnu/libXext.so.6.4.0
7efbfaa29000-7efbfaa2a000 rw-p 00011000 08:05 1318709                    /usr/lib/x86_64-linux-gnu/libXext.so.6.4.0
7efbfaa3e000-7efbfaa42000 r--s 000a4000 08:05 526408                     /home/encaps/Downloads/jdk1.8.0_231/jre/lib/jsse.jar
7efbfaa42000-7efbfaa9d000 r-xp 00000000 08:05 526474                     /home/encaps/Downloads/jdk1.8.0_231/jre/lib/amd64/libawt_xawt.so
7efbfaa9d000-7efbfac9c000 ---p 0005b000 08:05 526474                     /home/encaps/Downloads/jdk1.8.0_231/jre/lib/amd64/libawt_xawt.so
7efbfac9c000-7efbfac9d000 r--p 0005a000 08:05 526474                     /home/encaps/Downloads/jdk1.8.0_231/jre/lib/amd64/libawt_xawt.so
7efbfac9d000-7efbfaca0000 rw-p 0005b000 08:05 526474                     /home/encaps/Downloads/jdk1.8.0_231/jre/lib/amd64/libawt_xawt.so
7efbfaca0000-7efbfaca2000 rw-p 00000000 00:00 0 
7efbfaca2000-7efbfad42000 r-xp 00000000 08:05 526456                     /home/encaps/Downloads/jdk1.8.0_231/jre/lib/amd64/libawt.so
7efbfad42000-7efbfaf41000 ---p 000a0000 08:05 526456                     /home/encaps/Downloads/jdk1.8.0_231/jre/lib/amd64/libawt.so
7efbfaf41000-7efbfaf42000 r--p 0009f000 08:05 526456                     /home/encaps/Downloads/jdk1.8.0_231/jre/lib/amd64/libawt.so
7efbfaf42000-7efbfaf4d000 rw-p 000a0000 08:05 526456                     /home/encaps/Downloads/jdk1.8.0_231/jre/lib/amd64/libawt.so
7efbfaf4d000-7efbfaf72000 rw-p 00000000 00:00 0 
7efbfaf72000-7efbfaf8e000 r--s 00393000 08:05 526402                     /home/encaps/Downloads/jdk1.8.0_231/jre/lib/ext/cldrdata.jar
7efbfaf8e000-7efbfaf98000 r--s 00116000 08:05 526394                     /home/encaps/Downloads/jdk1.8.0_231/jre/lib/ext/localedata.jar
7efbfaf98000-7efbfaf9a000 r--s 00004000 08:05 4332193                    /home/encaps/.m2/repository/org/slf4j/log4j-over-slf4j/1.7.30/log4j-over-slf4j-1.7.30.jar
7efbfaf9a000-7efbfaf9c000 r--s 00003000 08:05 4332191                    /home/encaps/.m2/repository/org/slf4j/jcl-over-slf4j/1.7.30/jcl-over-slf4j-1.7.30.jar
7efbfaf9c000-7efbfaf9e000 r--s 00000000 08:05 3541690                    /home/encaps/.m2/repository/org/slf4j/jul-to-slf4j/1.7.30/jul-to-slf4j-1.7.30.jar
7efbfaf9e000-7efbfafa9000 r--s 00069000 08:05 657606                     /home/encaps/.m2/repository/ch/qos/logback/logback-core/1.2.3/logback-core-1.2.3.jar
7efbfafa9000-7efbfafaf000 r--s 00041000 08:05 657604                     /home/encaps/.m2/repository/ch/qos/logback/logback-classic/1.2.3/logback-classic-1.2.3.jar
7efbfafaf000-7efbfafb3000 r--s 00020000 08:05 4332189                    /home/encaps/.m2/repository/org/jboss/jboss-vfs/3.2.15.Final/jboss-vfs-3.2.15.Final.jar
7efbfafb3000-7efbfafb9000 r--s 0036c000 08:05 4332187                    /home/encaps/.m2/repository/net/sourceforge/lept4j/lept4j/1.13.0/lept4j-1.13.0.jar
7efbfafb9000-7efbfafbd000 r--s 00022000 08:05 4332185                    /home/encaps/.m2/repository/org/apache/pdfbox/jbig2-imageio/3.0.3/jbig2-imageio-3.0.3.jar
7efbfafbd000-7efbfafc2000 r--s 0003a000 08:05 4332183                    /home/encaps/.m2/repository/org/apache/pdfbox/pdfbox-debugger/2.0.18/pdfbox-debugger-2.0.18.jar
7efbfafc2000-7efbfafc4000 r--s 00012000 08:05 4332181                    /home/encaps/.m2/repository/org/apache/pdfbox/pdfbox-tools/2.0.18/pdfbox-tools-2.0.18.jar
7efbfafc4000-7efbfafc6000 r--s 0000e000 08:05 2634094                    /home/encaps/.m2/repository/commons-logging/commons-logging/1.2/commons-logging-1.2.jar
7efbfafc6000-7efbfafcd000 r--s 00177000 08:05 4332211                    /home/encaps/.m2/repository/org/apache/pdfbox/fontbox/2.0.18/fontbox-2.0.18.jar
7efbfafcd000-7efbfafe5000 r--s 0027e000 08:05 4332177                    /home/encaps/.m2/repository/org/apache/pdfbox/pdfbox/2.0.18/pdfbox-2.0.18.jar
7efbfafe5000-7efbfaff1000 r--s 00108000 08:05 4332175                    /home/encaps/.m2/repository/com/lowagie/itext/2.1.7/itext-2.1.7.jar
7efbfaff1000-7efbfaffb000 r--s 00081000 08:05 4332173                    /home/encaps/.m2/repository/org/apache/xmlgraphics/xmlgraphics-commons/1.4/xmlgraphics-commons-1.4.jar
7efbfaffb000-7efbfb009000 r--s 0007f000 08:05 4332171                    /home/encaps/.m2/repository/commons-collections/commons-collections/3.2.1/commons-collections-3.2.1.jar
7efbfb009000-7efbfb00e000 r--s 00035000 08:05 4332169                    /home/encaps/.m2/repository/commons-beanutils/commons-beanutils/1.9.2/commons-beanutils-1.9.2.jar
7efbfb00e000-7efbfb017000 r--s 0006f000 08:05 1840062                    /home/encaps/.m2/repository/log4j/log4j/1.2.17/log4j-1.2.17.jar
7efbfb017000-7efbfb01c000 r--s 00028000 08:05 4332167                    /home/encaps/.m2/repository/org/ghost4j/ghost4j/1.0.1/ghost4j-1.0.1.jar
7efbfb01c000-7efbfb027000 r--s 0008f000 08:05 4332165                    /home/encaps/.m2/repository/com/github/jai-imageio/jai-imageio-core/1.4.0/jai-imageio-core-1.4.0.jar
7efbfb027000-7efbfb02b000 r--s 0016c000 08:05 4332150                    /home/encaps/.m2/repository/net/java/dev/jna/jna/5.5.0/jna-5.5.0.jar
7efbfb02b000-7efbfb02e000 r--s 0085e000 08:05 4332151                    /home/encaps/.m2/repository/net/sourceforge/tess4j/tess4j/4.5.1/tess4j-4.5.1.jar
7efbfb02e000-7efbfb034000 r--s 0003e000 08:05 1838152                    /home/encaps/.m2/repository/commons-io/commons-io/2.7/commons-io-2.7.jar
7efbfb034000-7efbfb03b000 r--s 0005a000 08:05 2240455                    /home/encaps/.m2/repository/org/jsoup/jsoup/1.13.1/jsoup-1.13.1.jar
7efbfb03b000-7efbfb03c000 r--s 00014000 08:05 2233392                    /home/encaps/.m2/repository/com/squareup/okio/okio/1.14.0/okio-1.14.0.jar
7efbfb03c000-7efbfb042000 r--s 00064000 08:05 3015817                    /home/encaps/.m2/repository/com/squareup/okhttp3/okhttp/3.14.9/okhttp-3.14.9.jar
7efbfb042000-7efbfb043000 r--s 00000000 08:05 4069012                    /home/encaps/.m2/repository/org/codehaus/mojo/animal-sniffer-annotations/1.14/animal-sniffer-annotations-1.14.jar
7efbfb043000-7efbfb045000 r--s 00001000 08:05 4069010                    /home/encaps/.m2/repository/com/google/j2objc/j2objc-annotations/1.1/j2objc-annotations-1.1.jar
7efbfb045000-7efbfb047000 r--s 00002000 08:05 4069008                    /home/encaps/.m2/repository/com/google/errorprone/error_prone_annotations/2.1.3/error_prone_annotations-2.1.3.jar
7efbfb047000-7efbfb049000 r--s 00006000 08:05 3808734                    /home/encaps/.m2/repository/org/checkerframework/checker-compat-qual/2.0.0/checker-compat-qual-2.0.0.jar
7efbfb049000-7efbfb04c000 r--s 00006000 08:05 3539015                    /home/encaps/.m2/repository/com/google/code/findbugs/jsr305/1.3.9/jsr305-1.3.9.jar
7efbfb04c000-7efbfb07e000 r--s 0026b000 08:05 3408825                    /home/encaps/.m2/repository/com/google/guava/guava/25.0-jre/guava-25.0-jre.jar
7efbfb07e000-7efbfb080000 r--s 0000c000 08:05 1709398                    /home/encaps/.m2/repository/org/apache/commons/commons-exec/1.3/commons-exec-1.3.jar
7efbfb080000-7efbfb0cb000 r--s 00307000 08:05 3015522                    /home/encaps/.m2/repository/net/bytebuddy/byte-buddy/1.10.11/byte-buddy-1.10.11.jar
7efbfb0cb000-7efbfb0d1000 r--s 0004c000 08:05 2635149                    /home/encaps/.m2/repository/org/seleniumhq/selenium/selenium-remote-driver/3.141.59/selenium-remote-driver-3.141.59.jar
7efbfb0d1000-7efbfb0d7000 r--s 00027000 08:05 2492973                    /home/encaps/.m2/repository/org/seleniumhq/selenium/selenium-api/3.141.59/selenium-api-3.141.59.jar
7efbfb0d7000-7efbfb0d9000 r--s 00002000 08:05 3278206                    /home/encaps/.m2/repository/org/seleniumhq/selenium/selenium-chrome-driver/3.141.59/selenium-chrome-driver-3.141.59.jar
7efbfb0d9000-7efbfb0da000 r--s 00005000 08:05 3015576                    /home/encaps/.m2/repository/org/springframework/spring-jcl/5.2.7.RELEASE/spring-jcl-5.2.7.RELEASE.jar
7efbfb0da000-7efbfb0f6000 r--s 00145000 08:05 3015574                    /home/encaps/.m2/repository/org/springframework/spring-core/5.2.7.RELEASE/spring-core-5.2.7.RELEASE.jar
7efbfb0f6000-7efbfb0f8000 r--s 0000a000 08:05 2764053                    /home/encaps/.m2/repository/jakarta/activation/jakarta.activation-api/1.2.2/jakarta.activation-api-1.2.2.jar
7efbfb0f8000-7efbfb0fc000 r--s 00019000 08:05 2764051                    /home/encaps/.m2/repository/jakarta/xml/bind/jakarta.xml.bind-api/2.3.3/jakarta.xml.bind-api-2.3.3.jar
7efbfb0fc000-7efbfb114000 r--s 0019f000 08:05 1971716                    /home/encaps/.m2/repository/org/projectlombok/lombok/1.18.12/lombok-1.18.12.jar
7efbfb114000-7efbfb12e000 r--s 0022d000 08:05 3545990                    /home/encaps/.m2/repository/mysql/mysql-connector-java/8.0.20/mysql-connector-java-8.0.20.jar
7efbfb12e000-7efbfb158000 r--s 0013d000 08:05 3015564                    /home/encaps/.m2/repository/org/springframework/boot/spring-boot-autoconfigure/2.3.1.RELEASE/spring-boot-autoconfigure-2.3.1.RELEASE.jar
7efbfb158000-7efbfb171000 r--s 000f9000 08:05 3015562                    /home/encaps/.m2/repository/org/springframework/boot/spring-boot/2.3.1.RELEASE/spring-boot-2.3.1.RELEASE.jar
7efbfb171000-7efbfb177000 r--s 00031000 08:05 3015560                    /home/encaps/.m2/repository/org/springframework/boot/spring-boot-devtools/2.3.1.RELEASE/spring-boot-devtools-2.3.1.RELEASE.jar
7efbfb177000-7efbfb17c000 r--s 00040000 08:05 3015558                    /home/encaps/.m2/repository/org/springframework/spring-expression/5.2.7.RELEASE/spring-expression-5.2.7.RELEASE.jar
7efbfb17c000-7efbfb18e000 r--s 000d8000 08:05 3015556                    /home/encaps/.m2/repository/org/springframework/spring-webmvc/5.2.7.RELEASE/spring-webmvc-5.2.7.RELEASE.jar
7efbfb18e000-7efbfb1aa000 r--s 00144000 08:05 3015554                    /home/encaps/.m2/repository/org/springframework/spring-web/5.2.7.RELEASE/spring-web-5.2.7.RELEASE.jar
7efbfb1aa000-7efbfb1b0000 r--s 0003c000 08:05 3015552                    /home/encaps/.m2/repository/org/apache/tomcat/embed/tomcat-embed-websocket/9.0.36/tomcat-embed-websocket-9.0.36.jar
7efbfb1b0000-7efbfb1b5000 r--s 00036000 08:05 2764037                    /home/encaps/.m2/repository/org/glassfish/jakarta.el/3.0.3/jakarta.el-3.0.3.jar
7efbfb1b5000-7efbfb1e0000 r--s 0030d000 08:05 3015550                    /home/encaps/.m2/repository/org/apache/tomcat/embed/tomcat-embed-core/9.0.36/tomcat-embed-core-9.0.36.jar
7efbfb1e0000-7efbfb1e1000 r--s 00001000 08:05 3015548                    /home/encaps/.m2/repository/org/springframework/boot/spring-boot-starter-tomcat/2.3.1.RELEASE/spring-boot-starter-tomcat-2.3.1.RELEASE.jar
7efbfb1e1000-7efbfb1e3000 r--s 00001000 08:05 2764031                    /home/encaps/.m2/repository/com/fasterxml/jackson/module/jackson-module-parameter-names/2.11.0/jackson-module-parameter-names-2.11.0.jar
7efbfb1e3000-7efbfb1e7000 r--s 00018000 08:05 2764029                    /home/encaps/.m2/repository/com/fasterxml/jackson/datatype/jackson-datatype-jsr310/2.11.0/jackson-datatype-jsr310-2.11.0.jar
7efbfb1e7000-7efbfb1e9000 r--s 00007000 08:05 2764027                    /home/encaps/.m2/repository/com/fasterxml/jackson/datatype/jackson-datatype-jdk8/2.11.0/jackson-datatype-jdk8-2.11.0.jar
7efbfb1e9000-7efbfb1ed000 r--s 00052000 08:05 2764025                    /home/encaps/.m2/repository/com/fasterxml/jackson/core/jackson-core/2.11.0/jackson-core-2.11.0.jar
7efbfb1ed000-7efbfb1f0000 r--s 0000e000 08:05 2764023                    /home/encaps/.m2/repository/com/fasterxml/jackson/core/jackson-annotations/2.11.0/jackson-annotations-2.11.0.jar
7efbfb1f0000-7efbfb206000 r--s 00145000 08:05 2634924                    /home/encaps/.m2/repository/com/fasterxml/jackson/core/jackson-databind/2.11.0/jackson-databind-2.11.0.jar
7efbfb206000-7efbfb207000 r--s 00001000 08:05 3015546                    /home/encaps/.m2/repository/org/springframework/boot/spring-boot-starter-json/2.3.1.RELEASE/spring-boot-starter-json-2.3.1.RELEASE.jar
7efbfb207000-7efbfb20e000 r--s 00045000 08:05 2372594                    /home/encaps/.m2/repository/org/yaml/snakeyaml/1.26/snakeyaml-1.26.jar
7efbfb20e000-7efbfb210000 r--s 00005000 08:05 657614                     /home/encaps/.m2/repository/jakarta/annotation/jakarta.annotation-api/1.3.5/jakarta.annotation-api-1.3.5.jar
7efbfb210000-7efbfb216000 r--s 00042000 08:05 3015544                    /home/encaps/.m2/repository/org/apache/logging/log4j/log4j-api/2.13.3/log4j-api-2.13.3.jar
7efbfb216000-7efbfb218000 r--s 00003000 08:05 3015542                    /home/encaps/.m2/repository/org/apache/logging/log4j/log4j-to-slf4j/2.13.3/log4j-to-slf4j-2.13.3.jar
7efbfb218000-7efbfb219000 r--s 00001000 08:05 3015540                    /home/encaps/.m2/repository/org/springframework/boot/spring-boot-starter-logging/2.3.1.RELEASE/spring-boot-starter-logging-2.3.1.RELEASE.jar
7efbfb219000-7efbfb21a000 r--s 00001000 08:05 3015538                    /home/encaps/.m2/repository/org/springframework/boot/spring-boot-starter/2.3.1.RELEASE/spring-boot-starter-2.3.1.RELEASE.jar
7efbfb21a000-7efbfb21c000 r--s 0000a000 08:05 3015534                    /home/encaps/.m2/repository/org/springframework/spring-aspects/5.2.7.RELEASE/spring-aspects-5.2.7.RELEASE.jar
7efbfb21c000-7efbfb21e000 r--s 00009000 08:05 3541732                    /home/encaps/.m2/repository/org/slf4j/slf4j-api/1.7.30/slf4j-api-1.7.30.jar
7efbfb21e000-7efbfb22b000 r--s 0009c000 08:05 3015532                    /home/encaps/.m2/repository/org/springframework/spring-beans/5.2.7.RELEASE/spring-beans-5.2.7.RELEASE.jar
7efbfb22b000-7efbfb234000 r--s 00044000 08:05 3015530                    /home/encaps/.m2/repository/org/springframework/spring-tx/5.2.7.RELEASE/spring-tx-5.2.7.RELEASE.jar
7efbfb234000-7efbfb24f000 r--s 00111000 08:05 1971698                    /home/encaps/.m2/repository/org/springframework/spring-context/5.2.7.RELEASE/spring-context-5.2.7.RELEASE.jar
7efbfb24f000-7efbfb254000 r--s 0002d000 08:05 3015528                    /home/encaps/.m2/repository/org/springframework/spring-orm/5.2.7.RELEASE/spring-orm-5.2.7.RELEASE.jar
7efbfb254000-7efbfb26c000 r--s 00111000 08:05 3015526                    /home/encaps/.m2/repository/org/springframework/data/spring-data-commons/2.3.1.RELEASE/spring-data-commons-2.3.1.RELEASE.jar
7efbfb26c000-7efbfb274000 r--s 00052000 08:05 3015524                    /home/encaps/.m2/repository/org/springframework/data/spring-data-jpa/2.3.1.RELEASE/spring-data-jpa-2.3.1.RELEASE.jar
7efbfb274000-7efbfb276000 r--s 0000f000 08:05 4723736                    /home/encaps/.m2/repository/com/sun/activation/jakarta.activation/1.2.2/jakarta.activation-1.2.2.jar
7efbfb276000-7efbfb278000 r--s 00006000 08:05 4461405                    /home/encaps/.m2/repository/com/sun/istack/istack-commons-runtime/3.0.11/istack-commons-runtime-3.0.11.jar
7efbfb278000-7efbfb27a000 r--s 00010000 08:05 4333430                    /home/encaps/.m2/repository/org/glassfish/jaxb/txw2/2.3.3/txw2-2.3.3.jar
7efbfb27a000-7efbfb28f000 r--s 000e8000 08:05 4067418                    /home/encaps/.m2/repository/org/glassfish/jaxb/jaxb-runtime/2.3.3/jaxb-runtime-2.3.3.jar
7efbfb28f000-7efbfb315000 r--s 00670000 08:05 3015520                    /home/encaps/.m2/repository/org/hibernate/hibernate-core/5.4.17.Final/hibernate-core-5.4.17.Final.jar
7efbfb315000-7efbfb32e000 r--s 001da000 08:05 3541710                    /home/encaps/.m2/repository/org/aspectj/aspectjweaver/1.9.5/aspectjweaver-1.9.5.jar
7efbfb32e000-7efbfb32f000 ---p 00000000 00:00 0 
7efbfb32f000-7efbfb42f000 rw-p 00000000 00:00 0 
7efbfb42f000-7efbfb432000 ---p 00000000 00:00 0 
7efbfb432000-7efbfb530000 rw-p 00000000 00:00 0 
7efbfb530000-7efbfb531000 ---p 00000000 00:00 0 
7efbfb531000-7efbfb534000 ---p 00000000 00:00 0 
7efbfb534000-7efbfb631000 rw-p 00000000 00:00 0 
7efbfb631000-7efbfc000000 r--p 00000000 08:05 1317555                    /usr/lib/locale/locale-archive
7efbfc000000-7efbfc021000 rw-p 00000000 00:00 0 
7efbfc021000-7efc00000000 ---p 00000000 00:00 0 
7efc00000000-7efc00021000 rw-p 00000000 00:00 0 
7efc00021000-7efc04000000 ---p 00000000 00:00 0 
7efc04000000-7efc04021000 rw-p 00000000 00:00 0 
7efc04021000-7efc08000000 ---p 00000000 00:00 0 
7efc08000000-7efc08021000 rw-p 00000000 00:00 0 
7efc08021000-7efc0c000000 ---p 00000000 00:00 0 
7efc0c000000-7efc0c021000 rw-p 00000000 00:00 0 
7efc0c021000-7efc10000000 ---p 00000000 00:00 0 
7efc10000000-7efc10003000 r--s 00010000 08:05 788090                     /home/encaps/.m2/repository/org/hibernate/common/hibernate-commons-annotations/5.1.0.Final/hibernate-commons-annotations-5.1.0.Final.jar
7efc10003000-7efc10008000 r--s 0004b000 08:05 3939151                    /home/encaps/.m2/repository/org/dom4j/dom4j/2.1.3/dom4j-2.1.3.jar
7efc10008000-7efc1000b000 r--s 0002d000 08:05 3939155                    /home/encaps/.m2/repository/org/jboss/jandex/2.1.3.Final/jandex-2.1.3.Final.jar
7efc1000b000-7efc1000c000 ---p 00000000 00:00 0 
7efc1000c000-7efc1000f000 ---p 00000000 00:00 0 
7efc1000f000-7efc1010c000 rw-p 00000000 00:00 0 
7efc1010c000-7efc1010d000 ---p 00000000 00:00 0 
7efc1010d000-7efc10110000 ---p 00000000 00:00 0 
7efc10110000-7efc1020d000 rw-p 00000000 00:00 0 
7efc1020d000-7efc10210000 ---p 00000000 00:00 0 
7efc10210000-7efc1030e000 rw-p 00000000 00:00 0 
7efc1030e000-7efc10311000 ---p 00000000 00:00 0 
7efc10311000-7efc1040f000 rw-p 00000000 00:00 0 
7efc1040f000-7efc10412000 ---p 00000000 00:00 0 
7efc10412000-7efc10510000 rw-p 00000000 00:00 0 
7efc10510000-7efc10511000 ---p 00000000 00:00 0 
7efc10511000-7efc15000000 rw-p 00000000 00:00 0 
7efc15000000-7efc152e0000 rwxp 00000000 00:00 0 
7efc152e0000-7efc24000000 ---p 00000000 00:00 0 
7efc24000000-7efc24b0e000 rw-p 00000000 00:00 0 
7efc24b0e000-7efc28000000 ---p 00000000 00:00 0 
7efc28000000-7efc28005000 r--s 00068000 08:05 788084                     /home/encaps/.m2/repository/antlr/antlr/2.7.7/antlr-2.7.7.jar
7efc28005000-7efc2800f000 r--s 000b4000 08:05 788082                     /home/encaps/.m2/repository/org/javassist/javassist/3.24.0-GA/javassist-3.24.0-GA.jar
7efc2800f000-7efc28383000 rw-p 00000000 00:00 0 
7efc28383000-7efc2855d000 r--s 03d89000 08:05 526199                     /home/encaps/Downloads/jdk1.8.0_231/jre/lib/rt.jar
7efc2855d000-7efc28d53000 rw-p 00000000 00:00 0 
7efc28d53000-7efc28dd3000 ---p 00000000 00:00 0 
7efc28dd3000-7efc291ab000 rw-p 00000000 00:00 0 
7efc291ab000-7efc291ac000 ---p 00000000 00:00 0 
7efc291ac000-7efc292ac000 rw-p 00000000 00:00 0 
7efc292ac000-7efc292ad000 ---p 00000000 00:00 0 
7efc292ad000-7efc293ad000 rw-p 00000000 00:00 0 
7efc293ad000-7efc293ae000 ---p 00000000 00:00 0 
7efc293ae000-7efc294ae000 rw-p 00000000 00:00 0 
7efc294ae000-7efc294af000 ---p 00000000 00:00 0 
7efc294af000-7efc295d9000 rw-p 00000000 00:00 0 
7efc295d9000-7efc2983f000 ---p 00000000 00:00 0 
7efc2983f000-7efc29869000 rw-p 00000000 00:00 0 
7efc29869000-7efc29acf000 ---p 00000000 00:00 0 
7efc29acf000-7efc29af3000 rw-p 00000000 00:00 0 
7efc29af3000-7efc29c17000 ---p 00000000 00:00 0 
7efc29c17000-7efc29c24000 rw-p 00000000 00:00 0 
7efc29c24000-7efc29fd8000 ---p 00000000 00:00 0 
7efc29fd8000-7efc29ff3000 r-xp 00000000 08:05 526473                     /home/encaps/Downloads/jdk1.8.0_231/jre/lib/amd64/libzip.so
7efc29ff3000-7efc2a1f2000 ---p 0001b000 08:05 526473                     /home/encaps/Downloads/jdk1.8.0_231/jre/lib/amd64/libzip.so
7efc2a1f2000-7efc2a1f3000 r--p 0001a000 08:05 526473                     /home/encaps/Downloads/jdk1.8.0_231/jre/lib/amd64/libzip.so
7efc2a1f3000-7efc2a1f4000 rw-p 0001b000 08:05 526473                     /home/encaps/Downloads/jdk1.8.0_231/jre/lib/amd64/libzip.so
7efc2a1f4000-7efc2a1ff000 r-xp 00000000 08:05 6689914                    /lib/x86_64-linux-gnu/libnss_files-2.27.so
7efc2a1ff000-7efc2a3fe000 ---p 0000b000 08:05 6689914                    /lib/x86_64-linux-gnu/libnss_files-2.27.so
7efc2a3fe000-7efc2a3ff000 r--p 0000a000 08:05 6689914                    /lib/x86_64-linux-gnu/libnss_files-2.27.so
7efc2a3ff000-7efc2a400000 rw-p 0000b000 08:05 6689914                    /lib/x86_64-linux-gnu/libnss_files-2.27.so
7efc2a400000-7efc2a406000 rw-p 00000000 00:00 0 
7efc2a406000-7efc2a41d000 r-xp 00000000 08:05 6689908                    /lib/x86_64-linux-gnu/libnsl-2.27.so
7efc2a41d000-7efc2a61c000 ---p 00017000 08:05 6689908                    /lib/x86_64-linux-gnu/libnsl-2.27.so
7efc2a61c000-7efc2a61d000 r--p 00016000 08:05 6689908                    /lib/x86_64-linux-gnu/libnsl-2.27.so
7efc2a61d000-7efc2a61e000 rw-p 00017000 08:05 6689908                    /lib/x86_64-linux-gnu/libnsl-2.27.so
7efc2a61e000-7efc2a620000 rw-p 00000000 00:00 0 
7efc2a620000-7efc2a62b000 r-xp 00000000 08:05 6689925                    /lib/x86_64-linux-gnu/libnss_nis-2.27.so
7efc2a62b000-7efc2a82a000 ---p 0000b000 08:05 6689925                    /lib/x86_64-linux-gnu/libnss_nis-2.27.so
7efc2a82a000-7efc2a82b000 r--p 0000a000 08:05 6689925                    /lib/x86_64-linux-gnu/libnss_nis-2.27.so
7efc2a82b000-7efc2a82c000 rw-p 0000b000 08:05 6689925                    /lib/x86_64-linux-gnu/libnss_nis-2.27.so
7efc2a82c000-7efc2a834000 r-xp 00000000 08:05 6689910                    /lib/x86_64-linux-gnu/libnss_compat-2.27.so
7efc2a834000-7efc2aa34000 ---p 00008000 08:05 6689910                    /lib/x86_64-linux-gnu/libnss_compat-2.27.so
7efc2aa34000-7efc2aa35000 r--p 00008000 08:05 6689910                    /lib/x86_64-linux-gnu/libnss_compat-2.27.so
7efc2aa35000-7efc2aa36000 rw-p 00009000 08:05 6689910                    /lib/x86_64-linux-gnu/libnss_compat-2.27.so
7efc2aa36000-7efc2aa62000 r-xp 00000000 08:05 526464                     /home/encaps/Downloads/jdk1.8.0_231/jre/lib/amd64/libjava.so
7efc2aa62000-7efc2ac62000 ---p 0002c000 08:05 526464                     /home/encaps/Downloads/jdk1.8.0_231/jre/lib/amd64/libjava.so
7efc2ac62000-7efc2ac63000 r--p 0002c000 08:05 526464                     /home/encaps/Downloads/jdk1.8.0_231/jre/lib/amd64/libjava.so
7efc2ac63000-7efc2ac65000 rw-p 0002d000 08:05 526464                     /home/encaps/Downloads/jdk1.8.0_231/jre/lib/amd64/libjava.so
7efc2ac65000-7efc2ac72000 r-xp 00000000 08:05 526455                     /home/encaps/Downloads/jdk1.8.0_231/jre/lib/amd64/libverify.so
7efc2ac72000-7efc2ae71000 ---p 0000d000 08:05 526455                     /home/encaps/Downloads/jdk1.8.0_231/jre/lib/amd64/libverify.so
7efc2ae71000-7efc2ae73000 r--p 0000c000 08:05 526455                     /home/encaps/Downloads/jdk1.8.0_231/jre/lib/amd64/libverify.so
7efc2ae73000-7efc2ae74000 rw-p 0000e000 08:05 526455                     /home/encaps/Downloads/jdk1.8.0_231/jre/lib/amd64/libverify.so
7efc2ae74000-7efc2ae7b000 r-xp 00000000 08:05 6689965                    /lib/x86_64-linux-gnu/librt-2.27.so
7efc2ae7b000-7efc2b07a000 ---p 00007000 08:05 6689965                    /lib/x86_64-linux-gnu/librt-2.27.so
7efc2b07a000-7efc2b07b000 r--p 00006000 08:05 6689965                    /lib/x86_64-linux-gnu/librt-2.27.so
7efc2b07b000-7efc2b07c000 rw-p 00007000 08:05 6689965                    /lib/x86_64-linux-gnu/librt-2.27.so
7efc2b07c000-7efc2b219000 r-xp 00000000 08:05 6689887                    /lib/x86_64-linux-gnu/libm-2.27.so
7efc2b219000-7efc2b418000 ---p 0019d000 08:05 6689887                    /lib/x86_64-linux-gnu/libm-2.27.so
7efc2b418000-7efc2b419000 r--p 0019c000 08:05 6689887                    /lib/x86_64-linux-gnu/libm-2.27.so
7efc2b419000-7efc2b41a000 rw-p 0019d000 08:05 6689887                    /lib/x86_64-linux-gnu/libm-2.27.so
7efc2b41a000-7efc2c103000 r-xp 00000000 08:05 526471                     /home/encaps/Downloads/jdk1.8.0_231/jre/lib/amd64/server/libjvm.so
7efc2c103000-7efc2c302000 ---p 00ce9000 08:05 526471                     /home/encaps/Downloads/jdk1.8.0_231/jre/lib/amd64/server/libjvm.so
7efc2c302000-7efc2c398000 r--p 00ce8000 08:05 526471                     /home/encaps/Downloads/jdk1.8.0_231/jre/lib/amd64/server/libjvm.so
7efc2c398000-7efc2c3c9000 rw-p 00d7e000 08:05 526471                     /home/encaps/Downloads/jdk1.8.0_231/jre/lib/amd64/server/libjvm.so
7efc2c3c9000-7efc2c404000 rw-p 00000000 00:00 0 
7efc2c404000-7efc2c5eb000 r-xp 00000000 08:05 6689824                    /lib/x86_64-linux-gnu/libc-2.27.so
7efc2c5eb000-7efc2c7eb000 ---p 001e7000 08:05 6689824                    /lib/x86_64-linux-gnu/libc-2.27.so
7efc2c7eb000-7efc2c7ef000 r--p 001e7000 08:05 6689824                    /lib/x86_64-linux-gnu/libc-2.27.so
7efc2c7ef000-7efc2c7f1000 rw-p 001eb000 08:05 6689824                    /lib/x86_64-linux-gnu/libc-2.27.so
7efc2c7f1000-7efc2c7f5000 rw-p 00000000 00:00 0 
7efc2c7f5000-7efc2c7f8000 r-xp 00000000 08:05 6689847                    /lib/x86_64-linux-gnu/libdl-2.27.so
7efc2c7f8000-7efc2c9f7000 ---p 00003000 08:05 6689847                    /lib/x86_64-linux-gnu/libdl-2.27.so
7efc2c9f7000-7efc2c9f8000 r--p 00002000 08:05 6689847                    /lib/x86_64-linux-gnu/libdl-2.27.so
7efc2c9f8000-7efc2c9f9000 rw-p 00003000 08:05 6689847                    /lib/x86_64-linux-gnu/libdl-2.27.so
7efc2c9f9000-7efc2ca10000 r-xp 00000000 08:05 525448                     /home/encaps/Downloads/jdk1.8.0_231/lib/amd64/jli/libjli.so
7efc2ca10000-7efc2cc0f000 ---p 00017000 08:05 525448                     /home/encaps/Downloads/jdk1.8.0_231/lib/amd64/jli/libjli.so
7efc2cc0f000-7efc2cc10000 r--p 00016000 08:05 525448                     /home/encaps/Downloads/jdk1.8.0_231/lib/amd64/jli/libjli.so
7efc2cc10000-7efc2cc11000 rw-p 00017000 08:05 525448                     /home/encaps/Downloads/jdk1.8.0_231/lib/amd64/jli/libjli.so
7efc2cc11000-7efc2cc2b000 r-xp 00000000 08:05 6689957                    /lib/x86_64-linux-gnu/libpthread-2.27.so
7efc2cc2b000-7efc2ce2a000 ---p 0001a000 08:05 6689957                    /lib/x86_64-linux-gnu/libpthread-2.27.so
7efc2ce2a000-7efc2ce2b000 r--p 00019000 08:05 6689957                    /lib/x86_64-linux-gnu/libpthread-2.27.so
7efc2ce2b000-7efc2ce2c000 rw-p 0001a000 08:05 6689957                    /lib/x86_64-linux-gnu/libpthread-2.27.so
7efc2ce2c000-7efc2ce30000 rw-p 00000000 00:00 0 
7efc2ce30000-7efc2ce57000 r-xp 00000000 08:05 6689796                    /lib/x86_64-linux-gnu/ld-2.27.so
7efc2ce57000-7efc2ce59000 r--s 0000f000 08:05 786747                     /home/encaps/.m2/repository/com/fasterxml/classmate/1.5.1/classmate-1.5.1.jar
7efc2ce59000-7efc2ce5b000 r--s 0000d000 08:05 786745                     /home/encaps/.m2/repository/org/jboss/logging/jboss-logging/3.4.1.Final/jboss-logging-3.4.1.Final.jar
7efc2ce5b000-7efc2ce61000 r--s 00023000 08:05 788076                     /home/encaps/.m2/repository/jakarta/persistence/jakarta.persistence-api/2.2.3/jakarta.persistence-api-2.2.3.jar
7efc2ce61000-7efc2ce6b000 r--s 0005a000 08:05 3015518                    /home/encaps/.m2/repository/org/springframework/spring-jdbc/5.2.7.RELEASE/spring-jdbc-5.2.7.RELEASE.jar
7efc2ce6b000-7efc2ce6f000 r--s 00023000 08:05 3810793                    /home/encaps/.m2/repository/com/zaxxer/HikariCP/3.4.5/HikariCP-3.4.5.jar
7efc2ce6f000-7efc2cf3a000 rw-p 00000000 00:00 0 
7efc2cf3a000-7efc2cf3b000 ---p 00000000 00:00 0 
7efc2cf3b000-7efc2cf3e000 ---p 00000000 00:00 0 
7efc2cf3e000-7efc2d03f000 rw-p 00000000 00:00 0 
7efc2d03f000-7efc2d040000 r--s 00001000 08:05 3015536                    /home/encaps/.m2/repository/org/springframework/boot/spring-boot-starter-web/2.3.1.RELEASE/spring-boot-starter-web-2.3.1.RELEASE.jar
7efc2d040000-7efc2d041000 r--s 00003000 08:05 788078                     /home/encaps/.m2/repository/jakarta/transaction/jakarta.transaction-api/1.3.3/jakarta.transaction-api-1.3.3.jar
7efc2d041000-7efc2d042000 r--s 00001000 08:05 3015516                    /home/encaps/.m2/repository/org/springframework/boot/spring-boot-starter-jdbc/2.3.1.RELEASE/spring-boot-starter-jdbc-2.3.1.RELEASE.jar
7efc2d042000-7efc2d04b000 r--s 00052000 08:05 2759798                    /home/encaps/.m2/repository/org/springframework/spring-aop/5.2.7.RELEASE/spring-aop-5.2.7.RELEASE.jar
7efc2d04b000-7efc2d04c000 r--s 00001000 08:05 3015514                    /home/encaps/.m2/repository/org/springframework/boot/spring-boot-starter-aop/2.3.1.RELEASE/spring-boot-starter-aop-2.3.1.RELEASE.jar
7efc2d04c000-7efc2d04d000 r--s 00001000 08:05 3015512                    /home/encaps/.m2/repository/org/springframework/boot/spring-boot-starter-data-jpa/2.3.1.RELEASE/spring-boot-starter-data-jpa-2.3.1.RELEASE.jar
7efc2d04d000-7efc2d055000 rw-s 00000000 08:05 1839807                    /tmp/hsperfdata_encaps/10322
7efc2d055000-7efc2d056000 rw-p 00000000 00:00 0 
7efc2d056000-7efc2d057000 r--p 00000000 00:00 0 
7efc2d057000-7efc2d058000 r--p 00027000 08:05 6689796                    /lib/x86_64-linux-gnu/ld-2.27.so
7efc2d058000-7efc2d059000 rw-p 00028000 08:05 6689796                    /lib/x86_64-linux-gnu/ld-2.27.so
7efc2d059000-7efc2d05a000 rw-p 00000000 00:00 0 
7ffd451f5000-7ffd45218000 rw-p 00000000 00:00 0                          [stack]
7ffd453d7000-7ffd453da000 r--p 00000000 00:00 0                          [vvar]
7ffd453da000-7ffd453db000 r-xp 00000000 00:00 0                          [vdso]
ffffffffff600000-ffffffffff601000 --xp 00000000 00:00 0                  [vsyscall]

VM Arguments:
jvm_args: -Dfile.encoding=UTF-8 
java_command: encaps.utils.OCR
java_class_path (initial): /home/encaps/git/demo/demo_yacht/target/classes:/home/encaps/.m2/repository/org/springframework/boot/spring-boot-starter-data-jpa/2.3.1.RELEASE/spring-boot-starter-data-jpa-2.3.1.RELEASE.jar:/home/encaps/.m2/repository/org/springframework/boot/spring-boot-starter-aop/2.3.1.RELEASE/spring-boot-starter-aop-2.3.1.RELEASE.jar:/home/encaps/.m2/repository/org/springframework/spring-aop/5.2.7.RELEASE/spring-aop-5.2.7.RELEASE.jar:/home/encaps/.m2/repository/org/aspectj/aspectjweaver/1.9.5/aspectjweaver-1.9.5.jar:/home/encaps/.m2/repository/org/springframework/boot/spring-boot-starter-jdbc/2.3.1.RELEASE/spring-boot-starter-jdbc-2.3.1.RELEASE.jar:/home/encaps/.m2/repository/com/zaxxer/HikariCP/3.4.5/HikariCP-3.4.5.jar:/home/encaps/.m2/repository/org/springframework/spring-jdbc/5.2.7.RELEASE/spring-jdbc-5.2.7.RELEASE.jar:/home/encaps/.m2/repository/jakarta/transaction/jakarta.transaction-api/1.3.3/jakarta.transaction-api-1.3.3.jar:/home/encaps/.m2/repository/jakarta/persistence/jakarta.persistence-api/2.2.3/jakarta.persistence-api-2.2.3.jar:/home/encaps/.m2/repository/org/hibernate/hibernate-core/5.4.17.Final/hibernate-core-5.4.17.Final.jar:/home/encaps/.m2/repository/org/jboss/logging/jboss-logging/3.4.1.Final/jboss-logging-3.4.1.Final.jar:/home/encaps/.m2/repository/org/javassist/javassist/3.24.0-GA/javassist-3.24.0-GA.jar:/home/encaps/.m2/repository/antlr/antlr/2.7.7/antlr-2.7.7.jar:/home/encaps/.m2/repository/org/jboss/jandex/2.1.3.Final/jandex-2.1.3.Final.jar:/home/encaps/.m2/repository/com/fasterxml/classmate/1.5.1/classmate-1.5.1.jar:/home/encaps/.m2/repository/org/dom4j/dom4j/2.1.3/dom4j-2.1.3.jar:/home/encaps/.m2/repository/org/hibernate/common/hibernate-commons-annotations/5.1.0.Final/hibernate-commons-annotations-5.1.0.Final.jar:/home/encaps/.m2/repository/org/glassfish/jaxb/jaxb-runtime/2.3.3/jaxb-runtime-2.3.3.jar:/home/encaps/.m2/repository/org/glassfish/jaxb/txw2/2.3.3/txw2-2.3.3.jar:/home/encaps/.m2/repository/com/sun/istack/istack-
Launcher Type: SUN_STANDARD

Environment Variables:
JAVA_HOME=/home/encaps/Downloads/jdk1.8.0_231
PATH=/usr/local/sbin:/usr/local/bin:/usr/sbin:/usr/bin:/sbin:/bin:/usr/games:/usr/local/games:/snap/bin:/home/encaps/Downloads/jdk1.8.0_231/bin
USERNAME=encaps
SHELL=/bin/bash
DISPLAY=:0

Signal Handlers:
SIGSEGV: [libjvm.so+0xad4d90], sa_mask[0]=11111111011111111101111111111110, sa_flags=SA_RESTART|SA_SIGINFO
SIGBUS: [libjvm.so+0xad4d90], sa_mask[0]=11111111011111111101111111111110, sa_flags=SA_RESTART|SA_SIGINFO
SIGFPE: [libjvm.so+0x90bc10], sa_mask[0]=11111111011111111101111111111110, sa_flags=SA_RESTART|SA_SIGINFO
SIGPIPE: [libjvm.so+0x90bc10], sa_mask[0]=11111111011111111101111111111110, sa_flags=SA_RESTART|SA_SIGINFO
SIGXFSZ: [libjvm.so+0x90bc10], sa_mask[0]=11111111011111111101111111111110, sa_flags=SA_RESTART|SA_SIGINFO
SIGILL: [libjvm.so+0x90bc10], sa_mask[0]=11111111011111111101111111111110, sa_flags=SA_RESTART|SA_SIGINFO
SIGUSR1: SIG_DFL, sa_mask[0]=00000000000000000000000000000000, sa_flags=none
SIGUSR2: [libjvm.so+0x90bae0], sa_mask[0]=00100000000000000000000000000000, sa_flags=SA_RESTART|SA_SIGINFO
SIGHUP: [libjvm.so+0x90c100], sa_mask[0]=11111111011111111101111111111110, sa_flags=SA_RESTART|SA_SIGINFO
SIGINT: [libjvm.so+0x90c100], sa_mask[0]=11111111011111111101111111111110, sa_flags=SA_RESTART|SA_SIGINFO
SIGTERM: [libjvm.so+0x90c100], sa_mask[0]=11111111011111111101111111111110, sa_flags=SA_RESTART|SA_SIGINFO
SIGQUIT: [libjvm.so+0x90c100], sa_mask[0]=11111111011111111101111111111110, sa_flags=SA_RESTART|SA_SIGINFO


---------------  S Y S T E M  ---------------

OS:DISTRIB_ID=Ubuntu
DISTRIB_RELEASE=18.04
DISTRIB_CODENAME=bionic
DISTRIB_DESCRIPTION="Ubuntu 18.04.4 LTS"

uname:Linux 5.3.0-61-generic #55~18.04.1-Ubuntu SMP Mon Jun 22 16:40:20 UTC 2020 x86_64
libc:glibc 2.27 NPTL 2.27 
rlimit: STACK 8192k, CORE 0k, NPROC 31279, NOFILE 4096, AS infinity
load average:3.40 3.41 2.65

/proc/meminfo:
MemTotal:        8056436 kB
MemFree:          136904 kB
MemAvailable:     258024 kB
Buffers:           26492 kB
Cached:           940244 kB
SwapCached:        23000 kB
Active:          6504004 kB
Inactive:         997816 kB
Active(anon):    6295572 kB
Inactive(anon):   896880 kB
Active(file):     208432 kB
Inactive(file):   100936 kB
Unevictable:       16368 kB
Mlocked:             208 kB
SwapTotal:       2097148 kB
SwapFree:             68 kB
Dirty:              1780 kB
Writeback:             0 kB
AnonPages:       6529180 kB
Mapped:           692092 kB
Shmem:            657052 kB
KReclaimable:      62048 kB
Slab:             155048 kB
SReclaimable:      62048 kB
SUnreclaim:        93000 kB
KernelStack:       29512 kB
PageTables:       135856 kB
NFS_Unstable:          0 kB
Bounce:                0 kB
WritebackTmp:          0 kB
CommitLimit:     6125364 kB
Committed_AS:   24278176 kB
VmallocTotal:   34359738367 kB
VmallocUsed:       54236 kB
VmallocChunk:          0 kB
Percpu:             1440 kB
HardwareCorrupted:     0 kB
AnonHugePages:      4096 kB
ShmemHugePages:        0 kB
ShmemPmdMapped:        0 kB
CmaTotal:              0 kB
CmaFree:               0 kB
HugePages_Total:       0
HugePages_Free:        0
HugePages_Rsvd:        0
HugePages_Surp:        0
Hugepagesize:       2048 kB
Hugetlb:               0 kB
DirectMap4k:      646964 kB
DirectMap2M:     7645184 kB
DirectMap1G:     1048576 kB

container (cgroup) information:
container_type: cgroupv1
cpu_cpuset_cpus: 0-3
cpu_memory_nodes: 0
active_processor_count: 4
cpu_quota: -1
cpu_period: 100000
cpu_shares: -1
memory_limit_in_bytes: -1
memory_and_swap_limit_in_bytes: -2
memory_soft_limit_in_bytes: -1
memory_usage_in_bytes: 7699091456
memory_max_usage_in_bytes: 3122987008


CPU:total 4 (initial active 4) (2 cores per cpu, 2 threads per core) family 6 model 60 stepping 3, cmov, cx8, fxsr, mmx, sse, sse2, sse3, ssse3, sse4.1, sse4.2, popcnt, avx, avx2, aes, clmul, erms, lzcnt, ht, tsc, tscinvbit, bmi1, bmi2

/proc/cpuinfo:
processor	: 0
vendor_id	: GenuineIntel
cpu family	: 6
model		: 60
model name	: Intel(R) Core(TM) i5-4210M CPU @ 2.60GHz
stepping	: 3
microcode	: 0x28
cpu MHz		: 3092.736
cache size	: 3072 KB
physical id	: 0
siblings	: 4
core id		: 0
cpu cores	: 2
apicid		: 0
initial apicid	: 0
fpu		: yes
fpu_exception	: yes
cpuid level	: 13
wp		: yes
flags		: fpu vme de pse tsc msr pae mce cx8 apic sep mtrr pge mca cmov pat pse36 clflush dts acpi mmx fxsr sse sse2 ss ht tm pbe syscall nx pdpe1gb rdtscp lm constant_tsc arch_perfmon pebs bts rep_good nopl xtopology nonstop_tsc cpuid aperfmperf pni pclmulqdq dtes64 monitor ds_cpl vmx est tm2 ssse3 sdbg fma cx16 xtpr pdcm pcid sse4_1 sse4_2 movbe popcnt tsc_deadline_timer aes xsave avx f16c rdrand lahf_lm abm cpuid_fault epb invpcid_single pti ssbd ibrs ibpb stibp tpr_shadow vnmi flexpriority ept vpid ept_ad fsgsbase tsc_adjust bmi1 avx2 smep bmi2 erms invpcid xsaveopt dtherm ida arat pln pts md_clear flush_l1d
bugs		: cpu_meltdown spectre_v1 spectre_v2 spec_store_bypass l1tf mds swapgs itlb_multihit srbds
bogomips	: 5187.78
clflush size	: 64
cache_alignment	: 64
address sizes	: 39 bits physical, 48 bits virtual
power management:

processor	: 1
vendor_id	: GenuineIntel
cpu family	: 6
model		: 60
model name	: Intel(R) Core(TM) i5-4210M CPU @ 2.60GHz
stepping	: 3
microcode	: 0x28
cpu MHz		: 3158.226
cache size	: 3072 KB
physical id	: 0
siblings	: 4
core id		: 1
cpu cores	: 2
apicid		: 2
initial apicid	: 2
fpu		: yes
fpu_exception	: yes
cpuid level	: 13
wp		: yes
flags		: fpu vme de pse tsc msr pae mce cx8 apic sep mtrr pge mca cmov pat pse36 clflush dts acpi mmx fxsr sse sse2 ss ht tm pbe syscall nx pdpe1gb rdtscp lm constant_tsc arch_perfmon pebs bts rep_good nopl xtopology nonstop_tsc cpuid aperfmperf pni pclmulqdq dtes64 monitor ds_cpl vmx est tm2 ssse3 sdbg fma cx16 xtpr pdcm pcid sse4_1 sse4_2 movbe popcnt tsc_deadline_timer aes xsave avx f16c rdrand lahf_lm abm cpuid_fault epb invpcid_single pti ssbd ibrs ibpb stibp tpr_shadow vnmi flexpriority ept vpid ept_ad fsgsbase tsc_adjust bmi1 avx2 smep bmi2 erms invpcid xsaveopt dtherm ida arat pln pts md_clear flush_l1d
bugs		: cpu_meltdown spectre_v1 spectre_v2 spec_store_bypass l1tf mds swapgs itlb_multihit srbds
bogomips	: 5187.78
clflush size	: 64
cache_alignment	: 64
address sizes	: 39 bits physical, 48 bits virtual
power management:

processor	: 2
vendor_id	: GenuineIntel
cpu family	: 6
model		: 60
model name	: Intel(R) Core(TM) i5-4210M CPU @ 2.60GHz
stepping	: 3
microcode	: 0x28
cpu MHz		: 3092.751
cache size	: 3072 KB
physical id	: 0
siblings	: 4
core id		: 0
cpu cores	: 2
apicid		: 1
initial apicid	: 1
fpu		: yes
fpu_exception	: yes
cpuid level	: 13
wp		: yes
flags		: fpu vme de pse tsc msr pae mce cx8 apic sep mtrr pge mca cmov pat pse36 clflush dts acpi mmx fxsr sse sse2 ss ht tm pbe syscall nx pdpe1gb rdtscp lm constant_tsc arch_perfmon pebs bts rep_good nopl xtopology nonstop_tsc cpuid aperfmperf pni pclmulqdq dtes64 monitor ds_cpl vmx est tm2 ssse3 sdbg fma cx16 xtpr pdcm pcid sse4_1 sse4_2 movbe popcnt tsc_deadline_timer aes xsave avx f16c rdrand lahf_lm abm cpuid_fault epb invpcid_single pti ssbd ibrs ibpb stibp tpr_shadow vnmi flexpriority ept vpid ept_ad fsgsbase tsc_adjust bmi1 avx2 smep bmi2 erms invpcid xsaveopt dtherm ida arat pln pts md_clear flush_l1d
bugs		: cpu_meltdown spectre_v1 spectre_v2 spec_store_bypass l1tf mds swapgs itlb_multihit srbds
bogomips	: 5187.78
clflush size	: 64
cache_alignment	: 64
address sizes	: 39 bits physical, 48 bits virtual
power management:

processor	: 3
vendor_id	: GenuineIntel
cpu family	: 6
model		: 60
model name	: Intel(R) Core(TM) i5-4210M CPU @ 2.60GHz
stepping	: 3
microcode	: 0x28
cpu MHz		: 3162.948
cache size	: 3072 KB
physical id	: 0
siblings	: 4
core id		: 1
cpu cores	: 2
apicid		: 3
initial apicid	: 3
fpu		: yes
fpu_exception	: yes
cpuid level	: 13
wp		: yes
flags		: fpu vme de pse tsc msr pae mce cx8 apic sep mtrr pge mca cmov pat pse36 clflush dts acpi mmx fxsr sse sse2 ss ht tm pbe syscall nx pdpe1gb rdtscp lm constant_tsc arch_perfmon pebs bts rep_good nopl xtopology nonstop_tsc cpuid aperfmperf pni pclmulqdq dtes64 monitor ds_cpl vmx est tm2 ssse3 sdbg fma cx16 xtpr pdcm pcid sse4_1 sse4_2 movbe popcnt tsc_deadline_timer aes xsave avx f16c rdrand lahf_lm abm cpuid_fault epb invpcid_single pti ssbd ibrs ibpb stibp tpr_shadow vnmi flexpriority ept vpid ept_ad fsgsbase tsc_adjust bmi1 avx2 smep bmi2 erms invpcid xsaveopt dtherm ida arat pln pts md_clear flush_l1d
bugs		: cpu_meltdown spectre_v1 spectre_v2 spec_store_bypass l1tf mds swapgs itlb_multihit srbds
bogomips	: 5187.78
clflush size	: 64
cache_alignment	: 64
address sizes	: 39 bits physical, 48 bits virtual
power management:



Memory: 4k page, physical 8056436k(136904k free), swap 2097148k(68k free)

vm_info: Java HotSpot(TM) 64-Bit Server VM (25.231-b11) for linux-amd64 JRE (1.8.0_231-b11), built on Oct  5 2019 03:00:41 by "java_re" with gcc 7.3.0

time: Sun Jul  5 23:07:12 2020
timezone: EEST
elapsed time: 0 seconds (0d 0h 0m 0s)

